#
# There is insufficient memory for the Java Runtime Environment to continue.
# Native memory allocation (malloc) failed to allocate 158334976 bytes for committing reserved memory.
# Possible reasons:
#   The system is out of physical RAM or swap space
#   In 32 bit mode, the process size limit was hit
# Possible solutions:
#   Reduce memory load on the system
#   Increase physical memory or swap space
#   Check if swap backing store is full
#   Use 64 bit Java on a 64 bit OS
#   Decrease Java heap size (-Xmx/-Xms)
#   Decrease number of Java threads
#   Decrease Java thread stack sizes (-Xss)
#   Set larger code cache with -XX:ReservedCodeCacheSize=
# This output file may be truncated or incomplete.
#
#  Out of Memory Error (os_linux.cpp:2827), pid=17934, tid=140214513018624
#
# JRE version: OpenJDK Runtime Environment (7.0_95) (build 1.7.0_95-b00)
# Java VM: OpenJDK 64-Bit Server VM (24.95-b01 mixed mode linux-amd64 compressed oops)
# Derivative: IcedTea 2.6.4
# Distribution: Ubuntu 14.04 LTS, package 7u95-2.6.4-0ubuntu0.14.04.2
# Failed to write core dump. Core dumps have been disabled. To enable core dumping, try "ulimit -c unlimited" before starting Java again
#

---------------  T H R E A D  ---------------

Current thread (0x00007f8638076000):  VMThread [stack: 0x00007f863c2da000,0x00007f863c3db000] [id=17944]

Stack: [0x00007f863c2da000,0x00007f863c3db000],  sp=0x00007f863c3d9490,  free space=1021k
Native frames: (J=compiled Java code, j=interpreted, Vv=VM code, C=native code)
V  [libjvm.so+0x953e15]
V  [libjvm.so+0x48fd94]
V  [libjvm.so+0x7cf87b]
V  [libjvm.so+0x7ca33f]
V  [libjvm.so+0x83dacb]
V  [libjvm.so+0x82d86b]
V  [libjvm.so+0x82da2b]
V  [libjvm.so+0x82e958]
V  [libjvm.so+0x8355b4]
V  [libjvm.so+0x83bc0d]
V  [libjvm.so+0x7f2083]
V  [libjvm.so+0x955814]
V  [libjvm.so+0x959917]
V  [libjvm.so+0x9583d8]
V  [libjvm.so+0x958839]
V  [libjvm.so+0x958c82]
V  [libjvm.so+0x7cc742]

VM_Operation (0x00007f864159fd10): ParallelGCFailedAllocation, mode: safepoint, requested by thread 0x00007f863800a800


---------------  P R O C E S S  ---------------

Java Threads: ( => current thread )
  0x00007f86380af800 JavaThread "Service Thread" daemon [_thread_blocked, id=17950, stack(0x00007f86344d9000,0x00007f86345da000)]
  0x00007f86380ad000 JavaThread "C2 CompilerThread1" daemon [_thread_blocked, id=17949, stack(0x00007f86345da000,0x00007f86346db000)]
  0x00007f86380aa000 JavaThread "C2 CompilerThread0" daemon [_thread_blocked, id=17948, stack(0x00007f86346db000,0x00007f86347dc000)]
  0x00007f86380a8000 JavaThread "Signal Dispatcher" daemon [_thread_blocked, id=17947, stack(0x00007f86347dc000,0x00007f86348dd000)]
  0x00007f863807c000 JavaThread "Finalizer" daemon [_thread_blocked, id=17946, stack(0x00007f863c0d8000,0x00007f863c1d9000)]
  0x00007f863807a000 JavaThread "Reference Handler" daemon [_thread_blocked, id=17945, stack(0x00007f863c1d9000,0x00007f863c2da000)]
  0x00007f863800a800 JavaThread "main" [_thread_blocked, id=17939, stack(0x00007f86414a1000,0x00007f86415a2000)]

Other Threads:
=>0x00007f8638076000 VMThread [stack: 0x00007f863c2da000,0x00007f863c3db000] [id=17944]
  0x00007f86380ba000 WatcherThread [stack: 0x00007f86343d8000,0x00007f86344d9000] [id=17951]

VM state:at safepoint (normal execution)

VM Mutex/Monitor currently owned by a thread:  ([mutex/lock_event])
[0x00007f8638006350] ExpandHeap_lock - owner thread: 0x00007f8638076000
[0x00007f86380069d0] Threads_lock - owner thread: 0x00007f8638076000
[0x00007f8638006ed0] Heap_lock - owner thread: 0x00007f863800a800

Heap
 PSYoungGen      total 233472K, used 6231K [0x00000000eaa80000, 0x0000000100000000, 0x0000000100000000)
  eden space 117248K, 0% used [0x00000000eaa80000,0x00000000eaa80000,0x00000000f1d00000)
  from space 116224K, 5% used [0x00000000f1d00000,0x00000000f2315f70,0x00000000f8e80000)
  to   space 116224K, 0% used [0x00000000f8e80000,0x00000000f8e80000,0x0000000100000000)
 ParOldGen       total 371712K, used 371625K [0x00000000c0000000, 0x00000000d6b00000, 0x00000000eaa80000)
  object space 371712K, 99% used [0x00000000c0000000,0x00000000d6aea448,0x00000000d6b00000)
 PSPermGen       total 21504K, used 6168K [0x00000000b5a00000, 0x00000000b6f00000, 0x00000000c0000000)
  object space 21504K, 28% used [0x00000000b5a00000,0x00000000b6006098,0x00000000b6f00000)

Card table byte_map: [0x00007f863de82000,0x00007f863e0d6000] byte_map_base: 0x00007f863d8d5000

Polling page: 0x00007f86415bf000

Code Cache  [0x00007f8635000000, 0x00007f8635400000, 0x00007f8638000000)
 total_blobs=1268 nmethods=1040 adapters=181 free_code_cache=45388Kb largest_free_block=46153792

Compilation events (10 events):
Event: 15.751 Thread 0x00007f86380ad000 1114             com.android.dx.ssa.back.FirstFitLocalCombiningAllocator::ssaSetToSpecs (57 bytes)
Event: 15.762 Thread 0x00007f86380ad000 nmethod 1114 0x00007f863535fd50 code [0x00007f863535ff20, 0x00007f8635360788]
Event: 15.832 Thread 0x00007f86380aa000 1115             com.android.dx.ssa.SsaMethod$1::visitMoveInsn (17 bytes)
Event: 15.833 Thread 0x00007f86380ad000 1116             com.android.dx.ssa.PhiInsn::<init> (26 bytes)
Event: 15.833 Thread 0x00007f86380aa000 nmethod 1115 0x00007f86352ed610 code [0x00007f86352ed760, 0x00007f86352ed878]
Event: 15.834 Thread 0x00007f86380ad000 nmethod 1116 0x00007f86352a1d50 code [0x00007f86352a1ea0, 0x00007f86352a1ff8]
Event: 15.872 Thread 0x00007f86380aa000 1117             com.android.dx.rop.cst.CstLong::getType (4 bytes)
Event: 15.873 Thread 0x00007f86380aa000 nmethod 1117 0x00007f863523bbd0 code [0x00007f863523bd00, 0x00007f863523bd58]
Event: 16.271 Thread 0x00007f86380ad000 1118             com.android.dx.rop.code.RegisterSpec::withLocalItem (41 bytes)
Event: 16.273 Thread 0x00007f86380ad000 nmethod 1118 0x00007f863535da10 code [0x00007f863535db60, 0x00007f863535df48]

GC Heap History (10 events):
Event: 14.812 GC heap after
Heap after GC invocations=23 (full 4):
 PSYoungGen      total 217600K, used 55834K [0x00000000eaa80000, 0x0000000100000000, 0x0000000100000000)
  eden space 161280K, 0% used [0x00000000eaa80000,0x00000000eaa80000,0x00000000f4800000)
  from space 56320K, 99% used [0x00000000f4800000,0x00000000f7e86910,0x00000000f7f00000)
  to   space 95232K, 0% used [0x00000000fa300000,0x00000000fa300000,0x0000000100000000)
 ParOldGen       total 371712K, used 244909K [0x00000000c0000000, 0x00000000d6b00000, 0x00000000eaa80000)
  object space 371712K, 65% used [0x00000000c0000000,0x00000000cef2b798,0x00000000d6b00000)
 PSPermGen       total 21504K, used 6163K [0x00000000b5a00000, 0x00000000b6f00000, 0x00000000c0000000)
  object space 21504K, 28% used [0x00000000b5a00000,0x00000000b6004c28,0x00000000b6f00000)
}
Event: 15.156 GC heap before
{Heap before GC invocations=24 (full 4):
 PSYoungGen      total 217600K, used 217114K [0x00000000eaa80000, 0x0000000100000000, 0x0000000100000000)
  eden space 161280K, 100% used [0x00000000eaa80000,0x00000000f4800000,0x00000000f4800000)
  from space 56320K, 99% used [0x00000000f4800000,0x00000000f7e86910,0x00000000f7f00000)
  to   space 95232K, 0% used [0x00000000fa300000,0x00000000fa300000,0x0000000100000000)
 ParOldGen       total 371712K, used 244909K [0x00000000c0000000, 0x00000000d6b00000, 0x00000000eaa80000)
  object space 371712K, 65% used [0x00000000c0000000,0x00000000cef2b798,0x00000000d6b00000)
 PSPermGen       total 21504K, used 6165K [0x00000000b5a00000, 0x00000000b6f00000, 0x00000000c0000000)
  object space 21504K, 28% used [0x00000000b5a00000,0x00000000b6005590,0x00000000b6f00000)
Event: 15.225 GC heap after
Heap after GC invocations=24 (full 4):
 PSYoungGen      total 237056K, used 77728K [0x00000000eaa80000, 0x0000000100000000, 0x0000000100000000)
  eden space 141824K, 0% used [0x00000000eaa80000,0x00000000eaa80000,0x00000000f3500000)
  from space 95232K, 81% used [0x00000000fa300000,0x00000000feee82c8,0x0000000100000000)
  to   space 103936K, 0% used [0x00000000f3500000,0x00000000f3500000,0x00000000f9a80000)
 ParOldGen       total 371712K, used 244909K [0x00000000c0000000, 0x00000000d6b00000, 0x00000000eaa80000)
  object space 371712K, 65% used [0x00000000c0000000,0x00000000cef2b798,0x00000000d6b00000)
 PSPermGen       total 21504K, used 6165K [0x00000000b5a00000, 0x00000000b6f00000, 0x00000000c0000000)
  object space 21504K, 28% used [0x00000000b5a00000,0x00000000b6005590,0x00000000b6f00000)
}
Event: 15.536 GC heap before
{Heap before GC invocations=25 (full 4):
 PSYoungGen      total 237056K, used 219552K [0x00000000eaa80000, 0x0000000100000000, 0x0000000100000000)
  eden space 141824K, 100% used [0x00000000eaa80000,0x00000000f3500000,0x00000000f3500000)
  from space 95232K, 81% used [0x00000000fa300000,0x00000000feee82c8,0x0000000100000000)
  to   space 103936K, 0% used [0x00000000f3500000,0x00000000f3500000,0x00000000f9a80000)
 ParOldGen       total 371712K, used 244909K [0x00000000c0000000, 0x00000000d6b00000, 0x00000000eaa80000)
  object space 371712K, 65% used [0x00000000c0000000,0x00000000cef2b798,0x00000000d6b00000)
 PSPermGen       total 21504K, used 6166K [0x00000000b5a00000, 0x00000000b6f00000, 0x00000000c0000000)
  object space 21504K, 28% used [0x00000000b5a00000,0x00000000b6005a60,0x00000000b6f00000)
Event: 15.640 GC heap after
Heap after GC invocations=25 (full 4):
 PSYoungGen      total 238080K, used 96119K [0x00000000eaa80000, 0x0000000100000000, 0x0000000100000000)
  eden space 141824K, 0% used [0x00000000eaa80000,0x00000000eaa80000,0x00000000f3500000)
  from space 96256K, 99% used [0x00000000f3500000,0x00000000f92dde48,0x00000000f9300000)
  to   space 111616K, 0% used [0x00000000f9300000,0x00000000f9300000,0x0000000100000000)
 ParOldGen       total 371712K, used 244909K [0x00000000c0000000, 0x00000000d6b00000, 0x00000000eaa80000)
  object space 371712K, 65% used [0x00000000c0000000,0x00000000cef2b798,0x00000000d6b00000)
 PSPermGen       total 21504K, used 6166K [0x00000000b5a00000, 0x00000000b6f00000, 0x00000000c0000000)
  object space 21504K, 28% used [0x00000000b5a00000,0x00000000b6005a60,0x00000000b6f00000)
}
Event: 15.952 GC heap before
{Heap before GC invocations=26 (full 4):
 PSYoungGen      total 238080K, used 237943K [0x00000000eaa80000, 0x0000000100000000, 0x0000000100000000)
  eden space 141824K, 100% used [0x00000000eaa80000,0x00000000f3500000,0x00000000f3500000)
  from space 96256K, 99% used [0x00000000f3500000,0x00000000f92dde48,0x00000000f9300000)
  to   space 111616K, 0% used [0x00000000f9300000,0x00000000f9300000,0x0000000100000000)
 ParOldGen       total 371712K, used 244909K [0x00000000c0000000, 0x00000000d6b00000, 0x00000000eaa80000)
  object space 371712K, 65% used [0x00000000c0000000,0x00000000cef2b798,0x00000000d6b00000)
 PSPermGen       total 21504K, used 6166K [0x00000000b5a00000, 0x00000000b6f00000, 0x00000000c0000000)
  object space 21504K, 28% used [0x00000000b5a00000,0x00000000b6005ae0,0x00000000b6f00000)
Event: 16.063 GC heap after
Heap after GC invocations=26 (full 4):
 PSYoungGen      total 228864K, used 78660K [0x00000000eaa80000, 0x0000000100000000, 0x0000000100000000)
  eden space 117248K, 0% used [0x00000000eaa80000,0x00000000eaa80000,0x00000000f1d00000)
  from space 111616K, 70% used [0x00000000f9300000,0x00000000fdfd12f0,0x0000000100000000)
  to   space 116224K, 0% used [0x00000000f1d00000,0x00000000f1d00000,0x00000000f8e80000)
 ParOldGen       total 371712K, used 282475K [0x00000000c0000000, 0x00000000d6b00000, 0x00000000eaa80000)
  object space 371712K, 75% used [0x00000000c0000000,0x00000000d13dae80,0x00000000d6b00000)
 PSPermGen       total 21504K, used 6166K [0x00000000b5a00000, 0x00000000b6f00000, 0x00000000c0000000)
  object space 21504K, 28% used [0x00000000b5a00000,0x00000000b6005ae0,0x00000000b6f00000)
}
Event: 16.295 GC heap before
{Heap before GC invocations=27 (full 4):
 PSYoungGen      total 228864K, used 195908K [0x00000000eaa80000, 0x0000000100000000, 0x0000000100000000)
  eden space 117248K, 100% used [0x00000000eaa80000,0x00000000f1d00000,0x00000000f1d00000)
  from space 111616K, 70% used [0x00000000f9300000,0x00000000fdfd12f0,0x0000000100000000)
  to   space 116224K, 0% used [0x00000000f1d00000,0x00000000f1d00000,0x00000000f8e80000)
 ParOldGen       total 371712K, used 282475K [0x00000000c0000000, 0x00000000d6b00000, 0x00000000eaa80000)
  object space 371712K, 75% used [0x00000000c0000000,0x00000000d13dae80,0x00000000d6b00000)
 PSPermGen       total 21504K, used 6168K [0x00000000b5a00000, 0x00000000b6f00000, 0x00000000c0000000)
  object space 21504K, 28% used [0x00000000b5a00000,0x00000000b6006118,0x00000000b6f00000)
Event: 16.411 GC heap after
Heap after GC invocations=27 (full 4):
 PSYoungGen      total 233472K, used 56506K [0x00000000eaa80000, 0x0000000100000000, 0x0000000100000000)
  eden space 117248K, 0% used [0x00000000eaa80000,0x00000000eaa80000,0x00000000f1d00000)
  from space 116224K, 48% used [0x00000000f1d00000,0x00000000f542e868,0x00000000f8e80000)
  to   space 116224K, 0% used [0x00000000f8e80000,0x00000000f8e80000,0x0000000100000000)
 ParOldGen       total 371712K, used 322573K [0x00000000c0000000, 0x00000000d6b00000, 0x00000000eaa80000)
  object space 371712K, 86% used [0x00000000c0000000,0x00000000d3b037c8,0x00000000d6b00000)
 PSPermGen       total 21504K, used 6168K [0x00000000b5a00000, 0x00000000b6f00000, 0x00000000c0000000)
  object space 21504K, 28% used [0x00000000b5a00000,0x00000000b6006118,0x00000000b6f00000)
}
Event: 16.413 GC heap before
{Heap before GC invocations=28 (full 5):
 PSYoungGen      total 233472K, used 56506K [0x00000000eaa80000, 0x0000000100000000, 0x0000000100000000)
  eden space 117248K, 0% used [0x00000000eaa80000,0x00000000eaa80000,0x00000000f1d00000)
  from space 116224K, 48% used [0x00000000f1d00000,0x00000000f542e868,0x00000000f8e80000)
  to   space 116224K, 0% used [0x00000000f8e80000,0x00000000f8e80000,0x0000000100000000)
 ParOldGen       total 371712K, used 322573K [0x00000000c0000000, 0x00000000d6b00000, 0x00000000eaa80000)
  object space 371712K, 86% used [0x00000000c0000000,0x00000000d3b037c8,0x00000000d6b00000)
 PSPermGen       total 21504K, used 6168K [0x00000000b5a00000, 0x00000000b6f00000, 0x00000000c0000000)
  object space 21504K, 28% used [0x00000000b5a00000,0x00000000b6006118,0x00000000b6f00000)

Deoptimization events (10 events):
Event: 14.381 Thread 0x00007f863800a800 Uncommon trap: reason=class_check action=maybe_recompile pc=0x00007f86351cd7f4 method=com.android.dx.ssa.SCCP.replaceConstants()V @ 182
Event: 14.402 Thread 0x00007f863800a800 Uncommon trap: reason=unstable_if action=reinterpret pc=0x00007f86351fdb08 method=com.android.dx.rop.code.RegisterSpecSet.<init>(I)V @ 2
Event: 14.402 Thread 0x00007f863800a800 Uncommon trap: reason=unstable_if action=reinterpret pc=0x00007f86353cfdac method=com.android.dx.rop.code.RegisterSpecSet.<init>(I)V @ 2
Event: 14.550 Thread 0x00007f863800a800 Uncommon trap: reason=unstable_if action=reinterpret pc=0x00007f86350e8cc0 method=com.android.dx.ssa.SCCP.simulateStmt(Lcom/android/dx/ssa/SsaInsn;)V @ 435
Event: 15.446 Thread 0x00007f863800a800 Uncommon trap: reason=bimorphic action=maybe_recompile pc=0x00007f8635384f80 method=com.android.dx.cf.code.BytecodeArray.parseInstruction(ILcom/android/dx/cf/code/BytecodeArray$Visitor;)I @ 1447
Event: 15.446 Thread 0x00007f863800a800 Uncommon trap: reason=bimorphic action=maybe_recompile pc=0x00007f8635384f80 method=com.android.dx.cf.code.BytecodeArray.parseInstruction(ILcom/android/dx/cf/code/BytecodeArray$Visitor;)I @ 1447
Event: 15.738 Thread 0x00007f863800a800 Uncommon trap: reason=bimorphic action=maybe_recompile pc=0x00007f8635182528 method=com.android.dx.ssa.NormalSsaInsn.changeOneSource(ILcom/android/dx/rop/code/RegisterSpec;)V @ 113
Event: 15.738 Thread 0x00007f863800a800 Uncommon trap: reason=bimorphic action=maybe_recompile pc=0x00007f8635182528 method=com.android.dx.ssa.NormalSsaInsn.changeOneSource(ILcom/android/dx/rop/code/RegisterSpec;)V @ 113
Event: 15.738 Thread 0x00007f863800a800 Uncommon trap: reason=bimorphic action=maybe_recompile pc=0x00007f8635182528 method=com.android.dx.ssa.NormalSsaInsn.changeOneSource(ILcom/android/dx/rop/code/RegisterSpec;)V @ 113
Event: 15.738 Thread 0x00007f863800a800 Uncommon trap: reason=bimorphic action=maybe_recompile pc=0x00007f8635182528 method=com.android.dx.ssa.NormalSsaInsn.changeOneSource(ILcom/android/dx/rop/code/RegisterSpec;)V @ 113

Internal exceptions (10 events):
Event: 6.179 Thread 0x00007f863800a800 Implicit null exception at 0x00007f86351806ea to 0x00007f8635181175
Event: 6.179 Thread 0x00007f863800a800 Implicit null exception at 0x00007f86350ed7e7 to 0x00007f86350edae1
Event: 6.180 Thread 0x00007f863800a800 Implicit null exception at 0x00007f86350b6cb8 to 0x00007f86350b6e0d
Event: 6.430 Thread 0x00007f863800a800 Implicit null exception at 0x00007f863532d153 to 0x00007f863532fb01
Event: 7.720 Thread 0x00007f863800a800 Threw 0x00000000eb81a298 at /build/openjdk-7-HVzwJZ/openjdk-7-7u95-2.6.4/build/openjdk/hotspot/src/share/vm/prims/jvm.cpp:1322
Event: 7.787 Thread 0x00007f863800a800 Implicit null exception at 0x00007f863514c0b2 to 0x00007f863514c3f9
Event: 8.566 Thread 0x00007f863800a800 Threw 0x00000000ec6d2770 at /build/openjdk-7-HVzwJZ/openjdk-7-7u95-2.6.4/build/openjdk/hotspot/src/share/vm/prims/jvm.cpp:1322
Event: 8.616 Thread 0x00007f863800a800 Threw 0x00000000ecf307f0 at /build/openjdk-7-HVzwJZ/openjdk-7-7u95-2.6.4/build/openjdk/hotspot/src/share/vm/prims/jvm.cpp:1322
Event: 8.884 Thread 0x00007f863800a800 Threw 0x00000000f0942c98 at /build/openjdk-7-HVzwJZ/openjdk-7-7u95-2.6.4/build/openjdk/hotspot/src/share/vm/prims/jvm.cpp:1322
Event: 11.583 Thread 0x00007f863800a800 Implicit null exception at 0x00007f863530c6e7 to 0x00007f863530d0f9

Events (10 events):
Event: 15.738 Thread 0x00007f863800a800 DEOPT UNPACKING pc=0x00007f8635039445 sp=0x00007f864159fed8 mode 2
Event: 15.738 Thread 0x00007f863800a800 Uncommon trap: trap_request=0xffffffc6 fr.pc=0x00007f8635182528
Event: 15.738 Thread 0x00007f863800a800 DEOPT PACKING pc=0x00007f8635182528 sp=0x00007f864159ff30
Event: 15.738 Thread 0x00007f863800a800 DEOPT UNPACKING pc=0x00007f8635039445 sp=0x00007f864159fed8 mode 2
Event: 15.738 Thread 0x00007f863800a800 Uncommon trap: trap_request=0xffffffc6 fr.pc=0x00007f8635182528
Event: 15.738 Thread 0x00007f863800a800 DEOPT PACKING pc=0x00007f8635182528 sp=0x00007f864159ff30
Event: 15.738 Thread 0x00007f863800a800 DEOPT UNPACKING pc=0x00007f8635039445 sp=0x00007f864159fed8 mode 2
Event: 15.952 Executing VM operation: ParallelGCFailedAllocation
Event: 16.063 Executing VM operation: ParallelGCFailedAllocation done
Event: 16.295 Executing VM operation: ParallelGCFailedAllocation


Dynamic libraries:
00400000-00401000 r-xp 00000000 08:01 5508137                            /usr/lib/jvm/java-7-openjdk-amd64/jre/bin/java
00600000-00601000 r--p 00000000 08:01 5508137                            /usr/lib/jvm/java-7-openjdk-amd64/jre/bin/java
00601000-00602000 rw-p 00001000 08:01 5508137                            /usr/lib/jvm/java-7-openjdk-amd64/jre/bin/java
01793000-017b4000 rw-p 00000000 00:00 0                                  [heap]
b5a00000-b6f00000 rw-p 00000000 00:00 0 
b6f00000-c0000000 rw-p 00000000 00:00 0 
c0000000-d6b00000 rw-p 00000000 00:00 0 
e0200000-eaa80000 rw-p 00000000 00:00 0 
eaa80000-100000000 rw-p 00000000 00:00 0 
7f8600000000-7f8600021000 rw-p 00000000 00:00 0 
7f8600021000-7f8604000000 ---p 00000000 00:00 0 
7f8604000000-7f8604021000 rw-p 00000000 00:00 0 
7f8604021000-7f8608000000 ---p 00000000 00:00 0 
7f8608000000-7f8609598000 rw-p 00000000 00:00 0 
7f8609598000-7f860c000000 ---p 00000000 00:00 0 
7f860c000000-7f860dcd3000 rw-p 00000000 00:00 0 
7f860dcd3000-7f8610000000 ---p 00000000 00:00 0 
7f8610000000-7f8610021000 rw-p 00000000 00:00 0 
7f8610021000-7f8614000000 ---p 00000000 00:00 0 
7f8614000000-7f8614021000 rw-p 00000000 00:00 0 
7f8614021000-7f8618000000 ---p 00000000 00:00 0 
7f8618000000-7f8618021000 rw-p 00000000 00:00 0 
7f8618021000-7f861c000000 ---p 00000000 00:00 0 
7f861c000000-7f861c021000 rw-p 00000000 00:00 0 
7f861c021000-7f8620000000 ---p 00000000 00:00 0 
7f8620000000-7f8620021000 rw-p 00000000 00:00 0 
7f8620021000-7f8624000000 ---p 00000000 00:00 0 
7f8624564000-7f86245a1000 r-xp 00000000 08:01 790495                     /lib/x86_64-linux-gnu/libpcre.so.3.13.1
7f86245a1000-7f86247a0000 ---p 0003d000 08:01 790495                     /lib/x86_64-linux-gnu/libpcre.so.3.13.1
7f86247a0000-7f86247a1000 r--p 0003c000 08:01 790495                     /lib/x86_64-linux-gnu/libpcre.so.3.13.1
7f86247a1000-7f86247a2000 rw-p 0003d000 08:01 790495                     /lib/x86_64-linux-gnu/libpcre.so.3.13.1
7f86247a2000-7f86247a9000 r-xp 00000000 08:01 4726848                    /usr/lib/x86_64-linux-gnu/libffi.so.6.0.1
7f86247a9000-7f86249a8000 ---p 00007000 08:01 4726848                    /usr/lib/x86_64-linux-gnu/libffi.so.6.0.1
7f86249a8000-7f86249a9000 r--p 00006000 08:01 4726848                    /usr/lib/x86_64-linux-gnu/libffi.so.6.0.1
7f86249a9000-7f86249aa000 rw-p 00007000 08:01 4726848                    /usr/lib/x86_64-linux-gnu/libffi.so.6.0.1
7f86249aa000-7f86249c1000 r-xp 00000000 08:01 786614                     /lib/x86_64-linux-gnu/libresolv-2.19.so
7f86249c1000-7f8624bc1000 ---p 00017000 08:01 786614                     /lib/x86_64-linux-gnu/libresolv-2.19.so
7f8624bc1000-7f8624bc2000 r--p 00017000 08:01 786614                     /lib/x86_64-linux-gnu/libresolv-2.19.so
7f8624bc2000-7f8624bc3000 rw-p 00018000 08:01 786614                     /lib/x86_64-linux-gnu/libresolv-2.19.so
7f8624bc3000-7f8624bc5000 rw-p 00000000 00:00 0 
7f8624bc5000-7f8624be5000 r-xp 00000000 08:01 790522                     /lib/x86_64-linux-gnu/libselinux.so.1
7f8624be5000-7f8624de4000 ---p 00020000 08:01 790522                     /lib/x86_64-linux-gnu/libselinux.so.1
7f8624de4000-7f8624de5000 r--p 0001f000 08:01 790522                     /lib/x86_64-linux-gnu/libselinux.so.1
7f8624de5000-7f8624de6000 rw-p 00020000 08:01 790522                     /lib/x86_64-linux-gnu/libselinux.so.1
7f8624de6000-7f8624de8000 rw-p 00000000 00:00 0 
7f8624de8000-7f8624deb000 r-xp 00000000 08:01 4726965                    /usr/lib/x86_64-linux-gnu/libgmodule-2.0.so.0.4000.0
7f8624deb000-7f8624fea000 ---p 00003000 08:01 4726965                    /usr/lib/x86_64-linux-gnu/libgmodule-2.0.so.0.4000.0
7f8624fea000-7f8624feb000 r--p 00002000 08:01 4726965                    /usr/lib/x86_64-linux-gnu/libgmodule-2.0.so.0.4000.0
7f8624feb000-7f8624fec000 rw-p 00003000 08:01 4726965                    /usr/lib/x86_64-linux-gnu/libgmodule-2.0.so.0.4000.0
7f8624fec000-7f86250f2000 r-xp 00000000 08:01 790423                     /lib/x86_64-linux-gnu/libglib-2.0.so.0.4000.0
7f86250f2000-7f86252f1000 ---p 00106000 08:01 790423                     /lib/x86_64-linux-gnu/libglib-2.0.so.0.4000.0
7f86252f1000-7f86252f2000 r--p 00105000 08:01 790423                     /lib/x86_64-linux-gnu/libglib-2.0.so.0.4000.0
7f86252f2000-7f86252f3000 rw-p 00106000 08:01 790423                     /lib/x86_64-linux-gnu/libglib-2.0.so.0.4000.0
7f86252f3000-7f86252f4000 rw-p 00000000 00:00 0 
7f86252f4000-7f8625343000 r-xp 00000000 08:01 4726981                    /usr/lib/x86_64-linux-gnu/libgobject-2.0.so.0.4000.0
7f8625343000-7f8625543000 ---p 0004f000 08:01 4726981                    /usr/lib/x86_64-linux-gnu/libgobject-2.0.so.0.4000.0
7f8625543000-7f8625544000 r--p 0004f000 08:01 4726981                    /usr/lib/x86_64-linux-gnu/libgobject-2.0.so.0.4000.0
7f8625544000-7f8625545000 rw-p 00050000 08:01 4726981                    /usr/lib/x86_64-linux-gnu/libgobject-2.0.so.0.4000.0
7f8625545000-7f86256b0000 r-xp 00000000 08:01 4726951                    /usr/lib/x86_64-linux-gnu/libgio-2.0.so.0.4000.0
7f86256b0000-7f86258b0000 ---p 0016b000 08:01 4726951                    /usr/lib/x86_64-linux-gnu/libgio-2.0.so.0.4000.0
7f86258b0000-7f86258b4000 r--p 0016b000 08:01 4726951                    /usr/lib/x86_64-linux-gnu/libgio-2.0.so.0.4000.0
7f86258b4000-7f86258b6000 rw-p 0016f000 08:01 4726951                    /usr/lib/x86_64-linux-gnu/libgio-2.0.so.0.4000.0
7f86258b6000-7f86258b8000 rw-p 00000000 00:00 0 
7f86258b8000-7f86258cf000 r-xp 00000000 08:01 5917886                    /usr/lib/jvm/java-7-openjdk-amd64/jre/lib/amd64/libnet.so
7f86258cf000-7f8625ace000 ---p 00017000 08:01 5917886                    /usr/lib/jvm/java-7-openjdk-amd64/jre/lib/amd64/libnet.so
7f8625ace000-7f8625acf000 r--p 00016000 08:01 5917886                    /usr/lib/jvm/java-7-openjdk-amd64/jre/lib/amd64/libnet.so
7f8625acf000-7f8625ad0000 rw-p 00017000 08:01 5917886                    /usr/lib/jvm/java-7-openjdk-amd64/jre/lib/amd64/libnet.so
7f8625ad0000-7f8628000000 rw-p 00000000 00:00 0 
7f8628000000-7f8628021000 rw-p 00000000 00:00 0 
7f8628021000-7f862c000000 ---p 00000000 00:00 0 
7f862c000000-7f862c021000 rw-p 00000000 00:00 0 
7f862c021000-7f8630000000 ---p 00000000 00:00 0 
7f8630000000-7f8630021000 rw-p 00000000 00:00 0 
7f8630021000-7f8634000000 ---p 00000000 00:00 0 
7f8634195000-7f86341c6000 rw-p 00000000 00:00 0 
7f86341c6000-7f86341d6000 r-xp 00000000 08:01 5917910                    /usr/lib/jvm/java-7-openjdk-amd64/jre/lib/amd64/libnio.so
7f86341d6000-7f86343d6000 ---p 00010000 08:01 5917910                    /usr/lib/jvm/java-7-openjdk-amd64/jre/lib/amd64/libnio.so
7f86343d6000-7f86343d7000 r--p 00010000 08:01 5917910                    /usr/lib/jvm/java-7-openjdk-amd64/jre/lib/amd64/libnio.so
7f86343d7000-7f86343d8000 rw-p 00011000 08:01 5917910                    /usr/lib/jvm/java-7-openjdk-amd64/jre/lib/amd64/libnio.so
7f86343d8000-7f86343d9000 ---p 00000000 00:00 0 
7f86343d9000-7f86344d9000 rw-p 00000000 00:00 0                          [stack:17951]
7f86344d9000-7f86344dc000 ---p 00000000 00:00 0 
7f86344dc000-7f86345da000 rw-p 00000000 00:00 0                          [stack:17950]
7f86345da000-7f86345dd000 ---p 00000000 00:00 0 
7f86345dd000-7f86346db000 rw-p 00000000 00:00 0                          [stack:17949]
7f86346db000-7f86346de000 ---p 00000000 00:00 0 
7f86346de000-7f86347dc000 rw-p 00000000 00:00 0                          [stack:17948]
7f86347dc000-7f86347df000 ---p 00000000 00:00 0 
7f86347df000-7f86348dd000 rw-p 00000000 00:00 0                          [stack:17947]
7f86348dd000-7f8635000000 r--p 00000000 08:01 4725570                    /usr/lib/locale/locale-archive
7f8635000000-7f8635400000 rwxp 00000000 00:00 0 
7f8635400000-7f8638311000 rw-p 00000000 00:00 0 
7f8638311000-7f863c000000 ---p 00000000 00:00 0 
7f863c03a000-7f863c0c6000 r--s 0077a000 08:01 10226802                   /home/raihan/OpenSrpWorkSpace/opensrp-client/opensrp-mcare/build/intermediates/multi-dex/debug/allclasses.jar
7f863c0c6000-7f863c0d5000 r--s 000dd000 08:01 6177003                    /home/raihan/android-sdk-linux/build-tools/21.1.2/lib/dx.jar
7f863c0d5000-7f863c0d8000 r--s 0000f000 08:01 5917931                    /usr/lib/jvm/java-7-openjdk-amd64/jre/lib/ext/icedtea-sound.jar
7f863c0d8000-7f863c0db000 ---p 00000000 00:00 0 
7f863c0db000-7f863c1d9000 rw-p 00000000 00:00 0                          [stack:17946]
7f863c1d9000-7f863c1dc000 ---p 00000000 00:00 0 
7f863c1dc000-7f863c2da000 rw-p 00000000 00:00 0                          [stack:17945]
7f863c2da000-7f863c2db000 ---p 00000000 00:00 0 
7f863c2db000-7f863d3d8000 rw-p 00000000 00:00 0                          [stack:17944]
7f863d3d8000-7f863d589000 r--s 01d30000 08:01 5508152                    /usr/lib/jvm/java-7-openjdk-amd64/jre/lib/rt.jar
7f863d589000-7f863d8d5000 rw-p 00000000 00:00 0 
7f863d8d5000-7f863d8d6000 ---p 00000000 00:00 0 
7f863d8d6000-7f863d9d6000 rw-p 00000000 00:00 0                          [stack:17943]
7f863d9d6000-7f863d9d7000 ---p 00000000 00:00 0 
7f863d9d7000-7f863dad7000 rw-p 00000000 00:00 0                          [stack:17942]
7f863dad7000-7f863dad8000 ---p 00000000 00:00 0 
7f863dad8000-7f863dbd8000 rw-p 00000000 00:00 0                          [stack:17941]
7f863dbd8000-7f863dbd9000 ---p 00000000 00:00 0 
7f863dbd9000-7f863dce4000 rw-p 00000000 00:00 0                          [stack:17940]
7f863dce4000-7f863dd2c000 rw-p 00000000 00:00 0 
7f863dd2c000-7f863dde2000 rw-p 00000000 00:00 0 
7f863dde2000-7f863de82000 rw-p 00000000 00:00 0 
7f863de82000-7f863de8d000 rw-p 00000000 00:00 0 
7f863de8d000-7f863ded5000 rw-p 00000000 00:00 0 
7f863ded5000-7f863df8b000 rw-p 00000000 00:00 0 
7f863df8b000-7f863e02a000 rw-p 00000000 00:00 0 
7f863e02a000-7f863e0d5000 rw-p 00000000 00:00 0 
7f863e0d5000-7f863e0d6000 rw-p 00000000 00:00 0 
7f863e0d6000-7f863e0de000 r-xp 00000000 08:01 5917892                    /usr/lib/jvm/java-7-openjdk-amd64/jre/lib/amd64/libzip.so
7f863e0de000-7f863e2dd000 ---p 00008000 08:01 5917892                    /usr/lib/jvm/java-7-openjdk-amd64/jre/lib/amd64/libzip.so
7f863e2dd000-7f863e2de000 r--p 00007000 08:01 5917892                    /usr/lib/jvm/java-7-openjdk-amd64/jre/lib/amd64/libzip.so
7f863e2de000-7f863e2df000 rw-p 00008000 08:01 5917892                    /usr/lib/jvm/java-7-openjdk-amd64/jre/lib/amd64/libzip.so
7f863e2df000-7f863e2ea000 r-xp 00000000 08:01 786646                     /lib/x86_64-linux-gnu/libnss_files-2.19.so
7f863e2ea000-7f863e4e9000 ---p 0000b000 08:01 786646                     /lib/x86_64-linux-gnu/libnss_files-2.19.so
7f863e4e9000-7f863e4ea000 r--p 0000a000 08:01 786646                     /lib/x86_64-linux-gnu/libnss_files-2.19.so
7f863e4ea000-7f863e4eb000 rw-p 0000b000 08:01 786646                     /lib/x86_64-linux-gnu/libnss_files-2.19.so
7f863e4eb000-7f863e4f6000 r-xp 00000000 08:01 786638                     /lib/x86_64-linux-gnu/libnss_nis-2.19.so
7f863e4f6000-7f863e6f5000 ---p 0000b000 08:01 786638                     /lib/x86_64-linux-gnu/libnss_nis-2.19.so
7f863e6f5000-7f863e6f6000 r--p 0000a000 08:01 786638                     /lib/x86_64-linux-gnu/libnss_nis-2.19.so
7f863e6f6000-7f863e6f7000 rw-p 0000b000 08:01 786638                     /lib/x86_64-linux-gnu/libnss_nis-2.19.so
7f863e6f7000-7f863e70e000 r-xp 00000000 08:01 786634                     /lib/x86_64-linux-gnu/libnsl-2.19.so
7f863e70e000-7f863e90d000 ---p 00017000 08:01 786634                     /lib/x86_64-linux-gnu/libnsl-2.19.so
7f863e90d000-7f863e90e000 r--p 00016000 08:01 786634                     /lib/x86_64-linux-gnu/libnsl-2.19.so
7f863e90e000-7f863e90f000 rw-p 00017000 08:01 786634                     /lib/x86_64-linux-gnu/libnsl-2.19.so
7f863e90f000-7f863e911000 rw-p 00000000 00:00 0 
7f863e911000-7f863e91a000 r-xp 00000000 08:01 786633                     /lib/x86_64-linux-gnu/libnss_compat-2.19.so
7f863e91a000-7f863eb19000 ---p 00009000 08:01 786633                     /lib/x86_64-linux-gnu/libnss_compat-2.19.so
7f863eb19000-7f863eb1a000 r--p 00008000 08:01 786633                     /lib/x86_64-linux-gnu/libnss_compat-2.19.so
7f863eb1a000-7f863eb1b000 rw-p 00009000 08:01 786633                     /lib/x86_64-linux-gnu/libnss_compat-2.19.so
7f863eb1b000-7f863eb46000 r-xp 00000000 08:01 5917877                    /usr/lib/jvm/java-7-openjdk-amd64/jre/lib/amd64/libjava.so
7f863eb46000-7f863ed46000 ---p 0002b000 08:01 5917877                    /usr/lib/jvm/java-7-openjdk-amd64/jre/lib/amd64/libjava.so
7f863ed46000-7f863ed47000 r--p 0002b000 08:01 5917877                    /usr/lib/jvm/java-7-openjdk-amd64/jre/lib/amd64/libjava.so
7f863ed47000-7f863ed49000 rw-p 0002c000 08:01 5917877                    /usr/lib/jvm/java-7-openjdk-amd64/jre/lib/amd64/libjava.so
7f863ed49000-7f863ed59000 r-xp 00000000 08:01 5917878                    /usr/lib/jvm/java-7-openjdk-amd64/jre/lib/amd64/libverify.so
7f863ed59000-7f863ef58000 ---p 00010000 08:01 5917878                    /usr/lib/jvm/java-7-openjdk-amd64/jre/lib/amd64/libverify.so
7f863ef58000-7f863ef5a000 r--p 0000f000 08:01 5917878                    /usr/lib/jvm/java-7-openjdk-amd64/jre/lib/amd64/libverify.so
7f863ef5a000-7f863ef5b000 rw-p 00011000 08:01 5917878                    /usr/lib/jvm/java-7-openjdk-amd64/jre/lib/amd64/libverify.so
7f863ef5b000-7f863ef62000 r-xp 00000000 08:01 786642                     /lib/x86_64-linux-gnu/librt-2.19.so
7f863ef62000-7f863f161000 ---p 00007000 08:01 786642                     /lib/x86_64-linux-gnu/librt-2.19.so
7f863f161000-7f863f162000 r--p 00006000 08:01 786642                     /lib/x86_64-linux-gnu/librt-2.19.so
7f863f162000-7f863f163000 rw-p 00007000 08:01 786642                     /lib/x86_64-linux-gnu/librt-2.19.so
7f863f163000-7f863f179000 r-xp 00000000 08:01 786612                     /lib/x86_64-linux-gnu/libgcc_s.so.1
7f863f179000-7f863f378000 ---p 00016000 08:01 786612                     /lib/x86_64-linux-gnu/libgcc_s.so.1
7f863f378000-7f863f379000 rw-p 00015000 08:01 786612                     /lib/x86_64-linux-gnu/libgcc_s.so.1
7f863f379000-7f863f47e000 r-xp 00000000 08:01 786618                     /lib/x86_64-linux-gnu/libm-2.19.so
7f863f47e000-7f863f67d000 ---p 00105000 08:01 786618                     /lib/x86_64-linux-gnu/libm-2.19.so
7f863f67d000-7f863f67e000 r--p 00104000 08:01 786618                     /lib/x86_64-linux-gnu/libm-2.19.so
7f863f67e000-7f863f67f000 rw-p 00105000 08:01 786618                     /lib/x86_64-linux-gnu/libm-2.19.so
7f863f67f000-7f863f765000 r-xp 00000000 08:01 4721335                    /usr/lib/x86_64-linux-gnu/libstdc++.so.6.0.19
7f863f765000-7f863f964000 ---p 000e6000 08:01 4721335                    /usr/lib/x86_64-linux-gnu/libstdc++.so.6.0.19
7f863f964000-7f863f96c000 r--p 000e5000 08:01 4721335                    /usr/lib/x86_64-linux-gnu/libstdc++.so.6.0.19
7f863f96c000-7f863f96e000 rw-p 000ed000 08:01 4721335                    /usr/lib/x86_64-linux-gnu/libstdc++.so.6.0.19
7f863f96e000-7f863f983000 rw-p 00000000 00:00 0 
7f863f983000-7f86404a7000 r-xp 00000000 08:01 5917890                    /usr/lib/jvm/java-7-openjdk-amd64/jre/lib/amd64/server/libjvm.so
7f86404a7000-7f86406a7000 ---p 00b24000 08:01 5917890                    /usr/lib/jvm/java-7-openjdk-amd64/jre/lib/amd64/server/libjvm.so
7f86406a7000-7f8640741000 r--p 00b24000 08:01 5917890                    /usr/lib/jvm/java-7-openjdk-amd64/jre/lib/amd64/server/libjvm.so
7f8640741000-7f8640764000 rw-p 00bbe000 08:01 5917890                    /usr/lib/jvm/java-7-openjdk-amd64/jre/lib/amd64/server/libjvm.so
7f8640764000-7f8640792000 rw-p 00000000 00:00 0 
7f8640792000-7f86407aa000 r-xp 00000000 08:01 790555                     /lib/x86_64-linux-gnu/libz.so.1.2.8
7f86407aa000-7f86409a9000 ---p 00018000 08:01 790555                     /lib/x86_64-linux-gnu/libz.so.1.2.8
7f86409a9000-7f86409aa000 r--p 00017000 08:01 790555                     /lib/x86_64-linux-gnu/libz.so.1.2.8
7f86409aa000-7f86409ab000 rw-p 00018000 08:01 790555                     /lib/x86_64-linux-gnu/libz.so.1.2.8
7f86409ab000-7f86409c4000 r-xp 00000000 08:01 786635                     /lib/x86_64-linux-gnu/libpthread-2.19.so
7f86409c4000-7f8640bc3000 ---p 00019000 08:01 786635                     /lib/x86_64-linux-gnu/libpthread-2.19.so
7f8640bc3000-7f8640bc4000 r--p 00018000 08:01 786635                     /lib/x86_64-linux-gnu/libpthread-2.19.so
7f8640bc4000-7f8640bc5000 rw-p 00019000 08:01 786635                     /lib/x86_64-linux-gnu/libpthread-2.19.so
7f8640bc5000-7f8640bc9000 rw-p 00000000 00:00 0 
7f8640bc9000-7f8640bcc000 r-xp 00000000 08:01 786630                     /lib/x86_64-linux-gnu/libdl-2.19.so
7f8640bcc000-7f8640dcb000 ---p 00003000 08:01 786630                     /lib/x86_64-linux-gnu/libdl-2.19.so
7f8640dcb000-7f8640dcc000 r--p 00002000 08:01 786630                     /lib/x86_64-linux-gnu/libdl-2.19.so
7f8640dcc000-7f8640dcd000 rw-p 00003000 08:01 786630                     /lib/x86_64-linux-gnu/libdl-2.19.so
7f8640dcd000-7f8640f88000 r-xp 00000000 08:01 786643                     /lib/x86_64-linux-gnu/libc-2.19.so
7f8640f88000-7f8641187000 ---p 001bb000 08:01 786643                     /lib/x86_64-linux-gnu/libc-2.19.so
7f8641187000-7f864118b000 r--p 001ba000 08:01 786643                     /lib/x86_64-linux-gnu/libc-2.19.so
7f864118b000-7f864118d000 rw-p 001be000 08:01 786643                     /lib/x86_64-linux-gnu/libc-2.19.so
7f864118d000-7f8641192000 rw-p 00000000 00:00 0 
7f8641192000-7f864119f000 r-xp 00000000 08:01 5917907                    /usr/lib/jvm/java-7-openjdk-amd64/jre/lib/amd64/jli/libjli.so
7f864119f000-7f864139e000 ---p 0000d000 08:01 5917907                    /usr/lib/jvm/java-7-openjdk-amd64/jre/lib/amd64/jli/libjli.so
7f864139e000-7f864139f000 r--p 0000c000 08:01 5917907                    /usr/lib/jvm/java-7-openjdk-amd64/jre/lib/amd64/jli/libjli.so
7f864139f000-7f86413a0000 rw-p 0000d000 08:01 5917907                    /usr/lib/jvm/java-7-openjdk-amd64/jre/lib/amd64/jli/libjli.so
7f86413a0000-7f86413c3000 r-xp 00000000 08:01 786636                     /lib/x86_64-linux-gnu/ld-2.19.so
7f86413c5000-7f86413c9000 r--s 00034000 08:01 5917930                    /usr/lib/jvm/java-7-openjdk-amd64/jre/lib/ext/sunjce_provider.jar
7f86413c9000-7f86413f1000 rw-p 00000000 00:00 0 
7f86413f1000-7f86414a1000 rw-p 00000000 00:00 0 
7f86414a1000-7f86414a4000 ---p 00000000 00:00 0 
7f86414a4000-7f86415a7000 rw-p 00000000 00:00 0                          [stack:17939]
7f86415a8000-7f86415a9000 rw-p 00000000 00:00 0 
7f86415a9000-7f86415ab000 r--s 00012000 08:01 5917929                    /usr/lib/jvm/java-7-openjdk-amd64/jre/lib/ext/zipfs.jar
7f86415ab000-7f86415ad000 r--s 00006000 08:01 5118243                    /usr/share/java/java-atk-wrapper.jar
7f86415ad000-7f86415b1000 r--s 0003c000 08:01 5917933                    /usr/lib/jvm/java-7-openjdk-amd64/jre/lib/ext/sunpkcs11.jar
7f86415b1000-7f86415b5000 r--s 00085000 08:01 5917932                    /usr/lib/jvm/java-7-openjdk-amd64/jre/lib/ext/localedata.jar
7f86415b5000-7f86415b6000 r--s 00002000 08:01 5917928                    /usr/lib/jvm/java-7-openjdk-amd64/jre/lib/ext/dnsns.jar
7f86415b6000-7f86415be000 rw-s 00000000 08:01 1188992                    /tmp/hsperfdata_raihan/17934
7f86415be000-7f86415bf000 rw-p 00000000 00:00 0 
7f86415bf000-7f86415c0000 ---p 00000000 00:00 0 
7f86415c0000-7f86415c2000 rw-p 00000000 00:00 0 
7f86415c2000-7f86415c3000 r--p 00022000 08:01 786636                     /lib/x86_64-linux-gnu/ld-2.19.so
7f86415c3000-7f86415c4000 rw-p 00023000 08:01 786636                     /lib/x86_64-linux-gnu/ld-2.19.so
7f86415c4000-7f86415c5000 rw-p 00000000 00:00 0 
7fffd29fd000-7fffd2a1e000 rw-p 00000000 00:00 0                          [stack]
7fffd2a33000-7fffd2a35000 r-xp 00000000 00:00 0                          [vdso]
ffffffffff600000-ffffffffff601000 r-xp 00000000 00:00 0                  [vsyscall]

VM Arguments:
jvm_args: -Xmx1024M -Dfile.encoding=UTF-8 -Duser.country=US -Duser.language=en -Duser.variant 
java_command: com.android.dx.command.Main --dex --multi-dex --main-dex-list /home/raihan/OpenSrpWorkSpace/opensrp-client/opensrp-mcare/build/intermediates/multi-dex/debug/maindexlist.txt --output /home/raihan/OpenSrpWorkSpace/opensrp-client/opensrp-mcare/build/intermediates/dex/debug /home/raihan/OpenSrpWorkSpace/opensrp-client/opensrp-mcare/build/intermediates/multi-dex/debug/allclasses.jar
Launcher Type: SUN_STANDARD

Environment Variables:
PATH=/usr/local/sbin:/usr/local/bin:/usr/sbin:/usr/bin:/sbin:/bin:/usr/games:/usr/local/games
LD_LIBRARY_PATH=android-studio/bin:
SHELL=/bin/bash
DISPLAY=:0

Signal Handlers:
SIGSEGV: [libjvm.so+0x9548f0], sa_mask[0]=0x7ffbfeff, sa_flags=0x10000004
SIGBUS: [libjvm.so+0x9548f0], sa_mask[0]=0x7ffbfeff, sa_flags=0x10000004
SIGFPE: [libjvm.so+0x7cb0b0], sa_mask[0]=0x7ffbfeff, sa_flags=0x10000004
SIGPIPE: [libjvm.so+0x7cb0b0], sa_mask[0]=0x7ffbfeff, sa_flags=0x10000004
SIGXFSZ: [libjvm.so+0x7cb0b0], sa_mask[0]=0x7ffbfeff, sa_flags=0x10000004
SIGILL: [libjvm.so+0x7cb0b0], sa_mask[0]=0x7ffbfeff, sa_flags=0x10000004
SIGUSR1: SIG_DFL, sa_mask[0]=0x00000000, sa_flags=0x00000000
SIGUSR2: [libjvm.so+0x7caf50], sa_mask[0]=0x00000004, sa_flags=0x10000004
SIGHUP: [libjvm.so+0x7cb130], sa_mask[0]=0x7ffbfeff, sa_flags=0x10000004
SIGINT: [libjvm.so+0x7cb130], sa_mask[0]=0x7ffbfeff, sa_flags=0x10000004
SIGTERM: [libjvm.so+0x7cb130], sa_mask[0]=0x7ffbfeff, sa_flags=0x10000004
SIGQUIT: [libjvm.so+0x7cb130], sa_mask[0]=0x7ffbfeff, sa_flags=0x10000004
SIGTRAP: SIG_DFL, sa_mask[0]=0x00000000, sa_flags=0x00000000


---------------  S Y S T E M  ---------------

OS:Ubuntu 14.04 (trusty)
uname:Linux 3.13.0-24-generic #46-Ubuntu SMP Thu Apr 10 19:11:08 UTC 2014 x86_64
libc:glibc 2.19 NPTL 2.19 
rlimit: STACK 8192k, CORE 0k, NPROC 30570, NOFILE 4096, AS infinity
load average:3.71 1.35 0.80

/proc/meminfo:
MemTotal:        3934516 kB
MemFree:           87860 kB
Buffers:             312 kB
Cached:           472764 kB
SwapCached:         4936 kB
Active:          2109500 kB
Inactive:         818072 kB
Active(anon):    2104336 kB
Inactive(anon):   810704 kB
Active(file):       5164 kB
Inactive(file):     7368 kB
Unevictable:          84 kB
Mlocked:              84 kB
SwapTotal:       4080636 kB
SwapFree:              0 kB
Dirty:                28 kB
Writeback:             0 kB
AnonPages:       2451276 kB
Mapped:           642464 kB
Shmem:            459740 kB
Slab:              90552 kB
SReclaimable:      36300 kB
SUnreclaim:        54252 kB
KernelStack:        6848 kB
PageTables:        86636 kB
NFS_Unstable:          0 kB
Bounce:                0 kB
WritebackTmp:          0 kB
CommitLimit:     6047892 kB
Committed_AS:   15454236 kB
VmallocTotal:   34359738367 kB
VmallocUsed:      553488 kB
VmallocChunk:   34359171784 kB
HardwareCorrupted:     0 kB
AnonHugePages:    112640 kB
HugePages_Total:       0
HugePages_Free:        0
HugePages_Rsvd:        0
HugePages_Surp:        0
Hugepagesize:       2048 kB
DirectMap4k:       62976 kB
DirectMap2M:     1923072 kB
DirectMap1G:     2097152 kB


CPU:total 4 (2 cores per cpu, 2 threads per core) family 6 model 61 stepping 4, cmov, cx8, fxsr, mmx, sse, sse2, sse3, ssse3, sse4.1, sse4.2, popcnt, avx, avx2, aes, erms, ht, tsc, tscinvbit

/proc/cpuinfo:
processor	: 0
vendor_id	: GenuineIntel
cpu family	: 6
model		: 61
model name	: Intel(R) Core(TM) i5-5200U CPU @ 2.20GHz
stepping	: 4
microcode	: 0x1f
cpu MHz		: 2201.000
cache size	: 3072 KB
physical id	: 0
siblings	: 4
core id		: 0
cpu cores	: 2
apicid		: 0
initial apicid	: 0
fpu		: yes
fpu_exception	: yes
cpuid level	: 20
wp		: yes
flags		: fpu vme de pse tsc msr pae mce cx8 apic sep mtrr pge mca cmov pat pse36 clflush dts acpi mmx fxsr sse sse2 ss ht tm pbe syscall nx pdpe1gb rdtscp lm constant_tsc arch_perfmon pebs bts rep_good nopl xtopology nonstop_tsc aperfmperf eagerfpu pni pclmulqdq dtes64 monitor ds_cpl vmx est tm2 ssse3 fma cx16 xtpr pdcm pcid sse4_1 sse4_2 x2apic movbe popcnt tsc_deadline_timer aes xsave avx f16c rdrand lahf_lm abm 3dnowprefetch ida arat epb xsaveopt pln pts dtherm tpr_shadow vnmi flexpriority ept vpid fsgsbase tsc_adjust bmi1 avx2 smep bmi2 erms invpcid rdseed adx smap
bogomips	: 4389.57
clflush size	: 64
cache_alignment	: 64
address sizes	: 39 bits physical, 48 bits virtual
power management:

processor	: 1
vendor_id	: GenuineIntel
cpu family	: 6
model		: 61
model name	: Intel(R) Core(TM) i5-5200U CPU @ 2.20GHz
stepping	: 4
microcode	: 0x1f
cpu MHz		: 2201.000
cache size	: 3072 KB
physical id	: 0
siblings	: 4
core id		: 0
cpu cores	: 2
apicid		: 1
initial apicid	: 1
fpu		: yes
fpu_exception	: yes
cpuid level	: 20
wp		: yes
flags		: fpu vme de pse tsc msr pae mce cx8 apic sep mtrr pge mca cmov pat pse36 clflush dts acpi mmx fxsr sse sse2 ss ht tm pbe syscall nx pdpe1gb rdtscp lm constant_tsc arch_perfmon pebs bts rep_good nopl xtopology nonstop_tsc aperfmperf eagerfpu pni pclmulqdq dtes64 monitor ds_cpl vmx est tm2 ssse3 fma cx16 xtpr pdcm pcid sse4_1 sse4_2 x2apic movbe popcnt tsc_deadline_timer aes xsave avx f16c rdrand lahf_lm abm 3dnowprefetch ida arat epb xsaveopt pln pts dtherm tpr_shadow vnmi flexpriority ept vpid fsgsbase tsc_adjust bmi1 avx2 smep bmi2 erms invpcid rdseed adx smap
bogomips	: 4389.57
clflush size	: 64
cache_alignment	: 64
address sizes	: 39 bits physical, 48 bits virtual
power management:

processor	: 2
vendor_id	: GenuineIntel
cpu family	: 6
model		: 61
model name	: Intel(R) Core(TM) i5-5200U CPU @ 2.20GHz
stepping	: 4
microcode	: 0x1f
cpu MHz		: 2201.000
cache size	: 3072 KB
physical id	: 0
siblings	: 4
core id		: 1
cpu cores	: 2
apicid		: 2
initial apicid	: 2
fpu		: yes
fpu_exception	: yes
cpuid level	: 20
wp		: yes
flags		: fpu vme de pse tsc msr pae mce cx8 apic sep mtrr pge mca cmov pat pse36 clflush dts acpi mmx fxsr sse sse2 ss ht tm pbe syscall nx pdpe1gb rdtscp lm constant_tsc arch_perfmon pebs bts rep_good nopl xtopology nonstop_tsc aperfmperf eagerfpu pni pclmulqdq dtes64 monitor ds_cpl vmx est tm2 ssse3 fma cx16 xtpr pdcm pcid sse4_1 sse4_2 x2apic movbe popcnt tsc_deadline_timer aes xsave avx f16c rdrand lahf_lm abm 3dnowprefetch ida arat epb xsaveopt pln pts dtherm tpr_shadow vnmi flexpriority ept vpid fsgsbase tsc_adjust bmi1 avx2 smep bmi2 erms invpcid rdseed adx smap
bogomips	: 4389.57
clflush size	: 64
cache_alignment	: 64
address sizes	: 39 bits physical, 48 bits virtual
power management:

processor	: 3
vendor_id	: GenuineIntel
cpu family	: 6
model		: 61
model name	: Intel(R) Core(TM) i5-5200U CPU @ 2.20GHz
stepping	: 4
microcode	: 0x1f
cpu MHz		: 2201.000
cache size	: 3072 KB
physical id	: 0
siblings	: 4
core id		: 1
cpu cores	: 2
apicid		: 3
initial apicid	: 3
fpu		: yes
fpu_exception	: yes
cpuid level	: 20
wp		: yes
flags		: fpu vme de pse tsc msr pae mce cx8 apic sep mtrr pge mca cmov pat pse36 clflush dts acpi mmx fxsr sse sse2 ss ht tm pbe syscall nx pdpe1gb rdtscp lm constant_tsc arch_perfmon pebs bts rep_good nopl xtopology nonstop_tsc aperfmperf eagerfpu pni pclmulqdq dtes64 monitor ds_cpl vmx est tm2 ssse3 fma cx16 xtpr pdcm pcid sse4_1 sse4_2 x2apic movbe popcnt tsc_deadline_timer aes xsave avx f16c rdrand lahf_lm abm 3dnowprefetch ida arat epb xsaveopt pln pts dtherm tpr_shadow vnmi flexpriority ept vpid fsgsbase tsc_adjust bmi1 avx2 smep bmi2 erms invpcid rdseed adx smap
bogomips	: 4389.57
clflush size	: 64
cache_alignment	: 64
address sizes	: 39 bits physical, 48 bits virtual
power management:



Memory: 4k page, physical 3934516k(87680k free), swap 4080636k(0k free)

vm_info: OpenJDK 64-Bit Server VM (24.95-b01) for linux-amd64 JRE (1.7.0_95-b00), built on Mar 24 2016 06:13:32 by "buildd" with gcc 4.8.2

time: Mon May  9 19:29:52 2016
elapsed time: 19 seconds

