#
# There is insufficient memory for the Java Runtime Environment to continue.
# Native memory allocation (malloc) failed to allocate 173015040 bytes for committing reserved memory.
# Possible reasons:
#   The system is out of physical RAM or swap space
#   In 32 bit mode, the process size limit was hit
# Possible solutions:
#   Reduce memory load on the system
#   Increase physical memory or swap space
#   Check if swap backing store is full
#   Use 64 bit Java on a 64 bit OS
#   Decrease Java heap size (-Xmx/-Xms)
#   Decrease number of Java threads
#   Decrease Java thread stack sizes (-Xss)
#   Set larger code cache with -XX:ReservedCodeCacheSize=
# This output file may be truncated or incomplete.
#
#  Out of Memory Error (os_linux.cpp:2827), pid=9126, tid=140655751796480
#
# JRE version: OpenJDK Runtime Environment (7.0_95) (build 1.7.0_95-b00)
# Java VM: OpenJDK 64-Bit Server VM (24.95-b01 mixed mode linux-amd64 compressed oops)
# Derivative: IcedTea 2.6.4
# Distribution: Ubuntu 14.04 LTS, package 7u95-2.6.4-0ubuntu0.14.04.2
# Failed to write core dump. Core dumps have been disabled. To enable core dumping, try "ulimit -c unlimited" before starting Java again
#

---------------  T H R E A D  ---------------

Current thread (0x00007fecfc076000):  VMThread [stack: 0x00007fecf80f1000,0x00007fecf81f2000] [id=9136]

Stack: [0x00007fecf80f1000,0x00007fecf81f2000],  sp=0x00007fecf81f0490,  free space=1021k
Native frames: (J=compiled Java code, j=interpreted, Vv=VM code, C=native code)
V  [libjvm.so+0x953e15]
V  [libjvm.so+0x48fd94]
V  [libjvm.so+0x7cf87b]
V  [libjvm.so+0x7ca33f]
V  [libjvm.so+0x83dacb]
V  [libjvm.so+0x82d86b]
V  [libjvm.so+0x82da2b]
V  [libjvm.so+0x82e958]
V  [libjvm.so+0x8355b4]
V  [libjvm.so+0x83bc0d]
V  [libjvm.so+0x7f2083]
V  [libjvm.so+0x955814]
V  [libjvm.so+0x959917]
V  [libjvm.so+0x9583d8]
V  [libjvm.so+0x958839]
V  [libjvm.so+0x958c82]
V  [libjvm.so+0x7cc742]

VM_Operation (0x00007fed04404ed0): ParallelGCFailedAllocation, mode: safepoint, requested by thread 0x00007fecfc00a800


---------------  P R O C E S S  ---------------

Java Threads: ( => current thread )
  0x00007fecfc0af800 JavaThread "Service Thread" daemon [_thread_blocked, id=9142, stack(0x00007fecf0da7000,0x00007fecf0ea8000)]
  0x00007fecfc0ad000 JavaThread "C2 CompilerThread1" daemon [_thread_blocked, id=9141, stack(0x00007fecf0ea8000,0x00007fecf0fa9000)]
  0x00007fecfc0aa000 JavaThread "C2 CompilerThread0" daemon [_thread_blocked, id=9140, stack(0x00007fecf0fa9000,0x00007fecf10aa000)]
  0x00007fecfc0a8000 JavaThread "Signal Dispatcher" daemon [_thread_blocked, id=9139, stack(0x00007fecf10aa000,0x00007fecf11ab000)]
  0x00007fecfc07c000 JavaThread "Finalizer" daemon [_thread_blocked, id=9138, stack(0x00007fecf18ce000,0x00007fecf19cf000)]
  0x00007fecfc07a000 JavaThread "Reference Handler" daemon [_thread_blocked, id=9137, stack(0x00007fecf19cf000,0x00007fecf1ad0000)]
  0x00007fecfc00a800 JavaThread "main" [_thread_blocked, id=9131, stack(0x00007fed04306000,0x00007fed04407000)]

Other Threads:
=>0x00007fecfc076000 VMThread [stack: 0x00007fecf80f1000,0x00007fecf81f2000] [id=9136]
  0x00007fecfc0ba000 WatcherThread [stack: 0x00007fecf0ca6000,0x00007fecf0da7000] [id=9143]

VM state:at safepoint (normal execution)

VM Mutex/Monitor currently owned by a thread:  ([mutex/lock_event])
[0x00007fecfc006280] ExpandHeap_lock - owner thread: 0x00007fecfc076000
[0x00007fecfc006900] Threads_lock - owner thread: 0x00007fecfc076000
[0x00007fecfc006e00] Heap_lock - owner thread: 0x00007fecfc00a800

Heap
 PSYoungGen      total 233472K, used 1029K [0x00000000eaa80000, 0x0000000100000000, 0x0000000100000000)
  eden space 117248K, 0% used [0x00000000eaa80000,0x00000000eaa80000,0x00000000f1d00000)
  from space 116224K, 0% used [0x00000000f8e80000,0x00000000f8f81680,0x0000000100000000)
  to   space 116224K, 0% used [0x00000000f1d00000,0x00000000f1d00000,0x00000000f8e80000)
 ParOldGen       total 529920K, used 529596K [0x00000000c0000000, 0x00000000e0580000, 0x00000000eaa80000)
  object space 529920K, 99% used [0x00000000c0000000,0x00000000e052f3f8,0x00000000e0580000)
 PSPermGen       total 21504K, used 6215K [0x00000000b5a00000, 0x00000000b6f00000, 0x00000000c0000000)
  object space 21504K, 28% used [0x00000000b5a00000,0x00000000b6011c68,0x00000000b6f00000)

Card table byte_map: [0x00007fed00ce7000,0x00007fed00f3b000] byte_map_base: 0x00007fed0073a000

Polling page: 0x00007fed04424000

Code Cache  [0x00007fecf9000000, 0x00007fecf9420000, 0x00007fecfc000000)
 total_blobs=1332 nmethods=1104 adapters=181 free_code_cache=45264Kb largest_free_block=46054272

Compilation events (10 events):
Event: 20.394 Thread 0x00007fecfc0aa000 1198   !         com.android.dx.cf.code.BytecodeArray::parseInstruction (2764 bytes)
Event: 20.457 Thread 0x00007fecfc0ad000 1199             com.android.dx.command.dexer.Main::access$900 (5 bytes)
Event: 20.463 Thread 0x00007fecfc0ad000 nmethod 1199 0x00007fecf91d8090 code [0x00007fecf91d8200, 0x00007fecf91d84f8]
Event: 20.464 Thread 0x00007fecfc0ad000 1200             com.android.dx.command.dexer.Main::access$1000 (4 bytes)
Event: 20.464 Thread 0x00007fecfc0ad000 nmethod 1200 0x00007fecf92ba050 code [0x00007fecf92ba180, 0x00007fecf92ba1d8]
Event: 20.537 Thread 0x00007fecfc0aa000 nmethod 1198 0x00007fecf93c3010 code [0x00007fecf93c47a0, 0x00007fecf93caed0]
Event: 20.537 Thread 0x00007fecfc0ad000 1201             com.android.dx.ssa.back.FirstFitLocalCombiningAllocator::fitPlanForRange (250 bytes)
Event: 20.559 Thread 0x00007fecfc0ad000 nmethod 1201 0x00007fecf928b0d0 code [0x00007fecf928b320, 0x00007fecf928c1f0]
Event: 20.595 Thread 0x00007fecfc0aa000 1202             java.io.FilterInputStream::read (9 bytes)
Event: 20.597 Thread 0x00007fecfc0aa000 nmethod 1202 0x00007fecf923a850 code [0x00007fecf923a9a0, 0x00007fecf923aa48]

GC Heap History (10 events):
Event: 18.966 GC heap after
Heap after GC invocations=29 (full 5):
 PSYoungGen      total 240640K, used 77712K [0x00000000eaa80000, 0x0000000100000000, 0x0000000100000000)
  eden space 150016K, 0% used [0x00000000eaa80000,0x00000000eaa80000,0x00000000f3d00000)
  from space 90624K, 85% used [0x00000000fa780000,0x00000000ff364110,0x0000000100000000)
  to   space 99840K, 0% used [0x00000000f3d00000,0x00000000f3d00000,0x00000000f9e80000)
 ParOldGen       total 529920K, used 371057K [0x00000000c0000000, 0x00000000e0580000, 0x00000000eaa80000)
  object space 529920K, 70% used [0x00000000c0000000,0x00000000d6a5c608,0x00000000e0580000)
 PSPermGen       total 21504K, used 6201K [0x00000000b5a00000, 0x00000000b6f00000, 0x00000000c0000000)
  object space 21504K, 28% used [0x00000000b5a00000,0x00000000b600e638,0x00000000b6f00000)
}
Event: 19.331 GC heap before
{Heap before GC invocations=30 (full 5):
 PSYoungGen      total 240640K, used 227728K [0x00000000eaa80000, 0x0000000100000000, 0x0000000100000000)
  eden space 150016K, 100% used [0x00000000eaa80000,0x00000000f3d00000,0x00000000f3d00000)
  from space 90624K, 85% used [0x00000000fa780000,0x00000000ff364110,0x0000000100000000)
  to   space 99840K, 0% used [0x00000000f3d00000,0x00000000f3d00000,0x00000000f9e80000)
 ParOldGen       total 529920K, used 371057K [0x00000000c0000000, 0x00000000e0580000, 0x00000000eaa80000)
  object space 529920K, 70% used [0x00000000c0000000,0x00000000d6a5c608,0x00000000e0580000)
 PSPermGen       total 21504K, used 6205K [0x00000000b5a00000, 0x00000000b6f00000, 0x00000000c0000000)
  object space 21504K, 28% used [0x00000000b5a00000,0x00000000b600f518,0x00000000b6f00000)
Event: 19.427 GC heap after
Heap after GC invocations=30 (full 5):
 PSYoungGen      total 249856K, used 99835K [0x00000000eaa80000, 0x0000000100000000, 0x0000000100000000)
  eden space 150016K, 0% used [0x00000000eaa80000,0x00000000eaa80000,0x00000000f3d00000)
  from space 99840K, 99% used [0x00000000f3d00000,0x00000000f9e7ec58,0x00000000f9e80000)
  to   space 99840K, 0% used [0x00000000f9e80000,0x00000000f9e80000,0x0000000100000000)
 ParOldGen       total 529920K, used 372659K [0x00000000c0000000, 0x00000000e0580000, 0x00000000eaa80000)
  object space 529920K, 70% used [0x00000000c0000000,0x00000000d6becd10,0x00000000e0580000)
 PSPermGen       total 21504K, used 6205K [0x00000000b5a00000, 0x00000000b6f00000, 0x00000000c0000000)
  object space 21504K, 28% used [0x00000000b5a00000,0x00000000b600f518,0x00000000b6f00000)
}
Event: 19.770 GC heap before
{Heap before GC invocations=31 (full 5):
 PSYoungGen      total 249856K, used 249851K [0x00000000eaa80000, 0x0000000100000000, 0x0000000100000000)
  eden space 150016K, 100% used [0x00000000eaa80000,0x00000000f3d00000,0x00000000f3d00000)
  from space 99840K, 99% used [0x00000000f3d00000,0x00000000f9e7ec58,0x00000000f9e80000)
  to   space 99840K, 0% used [0x00000000f9e80000,0x00000000f9e80000,0x0000000100000000)
 ParOldGen       total 529920K, used 372659K [0x00000000c0000000, 0x00000000e0580000, 0x00000000eaa80000)
  object space 529920K, 70% used [0x00000000c0000000,0x00000000d6becd10,0x00000000e0580000)
 PSPermGen       total 21504K, used 6205K [0x00000000b5a00000, 0x00000000b6f00000, 0x00000000c0000000)
  object space 21504K, 28% used [0x00000000b5a00000,0x00000000b600f728,0x00000000b6f00000)
Event: 19.896 GC heap after
Heap after GC invocations=31 (full 5):
 PSYoungGen      total 217088K, used 99827K [0x00000000eaa80000, 0x0000000100000000, 0x0000000100000000)
  eden space 117248K, 0% used [0x00000000eaa80000,0x00000000eaa80000,0x00000000f1d00000)
  from space 99840K, 99% used [0x00000000f9e80000,0x00000000ffffcf08,0x0000000100000000)
  to   space 116224K, 0% used [0x00000000f1d00000,0x00000000f1d00000,0x00000000f8e80000)
 ParOldGen       total 529920K, used 397768K [0x00000000c0000000, 0x00000000e0580000, 0x00000000eaa80000)
  object space 529920K, 75% used [0x00000000c0000000,0x00000000d8472328,0x00000000e0580000)
 PSPermGen       total 21504K, used 6205K [0x00000000b5a00000, 0x00000000b6f00000, 0x00000000c0000000)
  object space 21504K, 28% used [0x00000000b5a00000,0x00000000b600f728,0x00000000b6f00000)
}
Event: 20.177 GC heap before
{Heap before GC invocations=32 (full 5):
 PSYoungGen      total 217088K, used 217075K [0x00000000eaa80000, 0x0000000100000000, 0x0000000100000000)
  eden space 117248K, 100% used [0x00000000eaa80000,0x00000000f1d00000,0x00000000f1d00000)
  from space 99840K, 99% used [0x00000000f9e80000,0x00000000ffffcf08,0x0000000100000000)
  to   space 116224K, 0% used [0x00000000f1d00000,0x00000000f1d00000,0x00000000f8e80000)
 ParOldGen       total 529920K, used 397768K [0x00000000c0000000, 0x00000000e0580000, 0x00000000eaa80000)
  object space 529920K, 75% used [0x00000000c0000000,0x00000000d8472328,0x00000000e0580000)
 PSPermGen       total 21504K, used 6215K [0x00000000b5a00000, 0x00000000b6f00000, 0x00000000c0000000)
  object space 21504K, 28% used [0x00000000b5a00000,0x00000000b6011c50,0x00000000b6f00000)
Event: 20.329 GC heap after
Heap after GC invocations=32 (full 5):
 PSYoungGen      total 233472K, used 81199K [0x00000000eaa80000, 0x0000000100000000, 0x0000000100000000)
  eden space 117248K, 0% used [0x00000000eaa80000,0x00000000eaa80000,0x00000000f1d00000)
  from space 116224K, 69% used [0x00000000f1d00000,0x00000000f6c4be18,0x00000000f8e80000)
  to   space 116224K, 0% used [0x00000000f8e80000,0x00000000f8e80000,0x0000000100000000)
 ParOldGen       total 529920K, used 434889K [0x00000000c0000000, 0x00000000e0580000, 0x00000000eaa80000)
  object space 529920K, 82% used [0x00000000c0000000,0x00000000da8b2500,0x00000000e0580000)
 PSPermGen       total 21504K, used 6215K [0x00000000b5a00000, 0x00000000b6f00000, 0x00000000c0000000)
  object space 21504K, 28% used [0x00000000b5a00000,0x00000000b6011c50,0x00000000b6f00000)
}
Event: 20.638 GC heap before
{Heap before GC invocations=33 (full 5):
 PSYoungGen      total 233472K, used 198447K [0x00000000eaa80000, 0x0000000100000000, 0x0000000100000000)
  eden space 117248K, 100% used [0x00000000eaa80000,0x00000000f1d00000,0x00000000f1d00000)
  from space 116224K, 69% used [0x00000000f1d00000,0x00000000f6c4be18,0x00000000f8e80000)
  to   space 116224K, 0% used [0x00000000f8e80000,0x00000000f8e80000,0x0000000100000000)
 ParOldGen       total 529920K, used 434889K [0x00000000c0000000, 0x00000000e0580000, 0x00000000eaa80000)
  object space 529920K, 82% used [0x00000000c0000000,0x00000000da8b2500,0x00000000e0580000)
 PSPermGen       total 21504K, used 6215K [0x00000000b5a00000, 0x00000000b6f00000, 0x00000000c0000000)
  object space 21504K, 28% used [0x00000000b5a00000,0x00000000b6011d28,0x00000000b6f00000)
Event: 20.770 GC heap after
Heap after GC invocations=33 (full 5):
 PSYoungGen      total 233472K, used 56395K [0x00000000eaa80000, 0x0000000100000000, 0x0000000100000000)
  eden space 117248K, 0% used [0x00000000eaa80000,0x00000000eaa80000,0x00000000f1d00000)
  from space 116224K, 48% used [0x00000000f8e80000,0x00000000fc592d50,0x0000000100000000)
  to   space 116224K, 0% used [0x00000000f1d00000,0x00000000f1d00000,0x00000000f8e80000)
 ParOldGen       total 529920K, used 478526K [0x00000000c0000000, 0x00000000e0580000, 0x00000000eaa80000)
  object space 529920K, 90% used [0x00000000c0000000,0x00000000dd34fae8,0x00000000e0580000)
 PSPermGen       total 21504K, used 6215K [0x00000000b5a00000, 0x00000000b6f00000, 0x00000000c0000000)
  object space 21504K, 28% used [0x00000000b5a00000,0x00000000b6011d28,0x00000000b6f00000)
}
Event: 20.770 GC heap before
{Heap before GC invocations=34 (full 6):
 PSYoungGen      total 233472K, used 56395K [0x00000000eaa80000, 0x0000000100000000, 0x0000000100000000)
  eden space 117248K, 0% used [0x00000000eaa80000,0x00000000eaa80000,0x00000000f1d00000)
  from space 116224K, 48% used [0x00000000f8e80000,0x00000000fc592d50,0x0000000100000000)
  to   space 116224K, 0% used [0x00000000f1d00000,0x00000000f1d00000,0x00000000f8e80000)
 ParOldGen       total 529920K, used 478526K [0x00000000c0000000, 0x00000000e0580000, 0x00000000eaa80000)
  object space 529920K, 90% used [0x00000000c0000000,0x00000000dd34fae8,0x00000000e0580000)
 PSPermGen       total 21504K, used 6215K [0x00000000b5a00000, 0x00000000b6f00000, 0x00000000c0000000)
  object space 21504K, 28% used [0x00000000b5a00000,0x00000000b6011d28,0x00000000b6f00000)

Deoptimization events (10 events):
Event: 15.546 Thread 0x00007fecfc00a800 Uncommon trap: reason=bimorphic action=maybe_recompile pc=0x00007fecf91fbeec method=com.android.dx.ssa.NormalSsaInsn.changeOneSource(ILcom/android/dx/rop/code/RegisterSpec;)V @ 113
Event: 15.546 Thread 0x00007fecfc00a800 Uncommon trap: reason=bimorphic action=maybe_recompile pc=0x00007fecf91fbeec method=com.android.dx.ssa.NormalSsaInsn.changeOneSource(ILcom/android/dx/rop/code/RegisterSpec;)V @ 113
Event: 16.256 Thread 0x00007fecfc00a800 Uncommon trap: reason=bimorphic action=maybe_recompile pc=0x00007fecf90c26d4 method=com.android.dx.ssa.LiteralOpUpgrader.tryReplacingWithConstant(Lcom/android/dx/ssa/NormalSsaInsn;)Z @ 62
Event: 16.298 Thread 0x00007fecfc00a800 Uncommon trap: reason=bimorphic action=maybe_recompile pc=0x00007fecf915f594 method=com.android.dx.ssa.LiteralOpUpgrader.tryReplacingWithConstant(Lcom/android/dx/ssa/NormalSsaInsn;)Z @ 62
Event: 17.859 Thread 0x00007fecfc00a800 Uncommon trap: reason=unstable_if action=reinterpret pc=0x00007fecf937fc14 method=com.android.dx.ssa.LiteralOpUpgrader$1.visitNonMoveInsn(Lcom/android/dx/ssa/NormalSsaInsn;)V @ 137
Event: 18.132 Thread 0x00007fecfc00a800 Uncommon trap: reason=bimorphic action=maybe_recompile pc=0x00007fecf9406570 method=com.android.dx.cf.code.BytecodeArray.parseInstruction(ILcom/android/dx/cf/code/BytecodeArray$Visitor;)I @ 1987
Event: 18.133 Thread 0x00007fecfc00a800 Uncommon trap: reason=bimorphic action=maybe_recompile pc=0x00007fecf9406570 method=com.android.dx.cf.code.BytecodeArray.parseInstruction(ILcom/android/dx/cf/code/BytecodeArray$Visitor;)I @ 1987
Event: 20.374 Thread 0x00007fecfc00a800 Uncommon trap: reason=bimorphic action=maybe_recompile pc=0x00007fecf93265a8 method=com.android.dx.cf.code.BytecodeArray.parseInstruction(ILcom/android/dx/cf/code/BytecodeArray$Visitor;)I @ 1035
Event: 20.374 Thread 0x00007fecfc00a800 Uncommon trap: reason=bimorphic action=maybe_recompile pc=0x00007fecf932661c method=com.android.dx.cf.code.BytecodeArray.parseInstruction(ILcom/android/dx/cf/code/BytecodeArray$Visitor;)I @ 1051
Event: 20.374 Thread 0x00007fecfc00a800 Uncommon trap: reason=bimorphic action=maybe_recompile pc=0x00007fecf932661c method=com.android.dx.cf.code.BytecodeArray.parseInstruction(ILcom/android/dx/cf/code/BytecodeArray$Visitor;)I @ 1051

Internal exceptions (10 events):
Event: 6.610 Thread 0x00007fecfc00a800 Implicit null exception at 0x00007fecf918b429 to 0x00007fecf918bec5
Event: 6.610 Thread 0x00007fecfc00a800 Implicit null exception at 0x00007fecf90ec3e7 to 0x00007fecf90ec6e1
Event: 6.610 Thread 0x00007fecfc00a800 Implicit null exception at 0x00007fecf90b45b8 to 0x00007fecf90b470d
Event: 6.760 Thread 0x00007fecfc00a800 Implicit null exception at 0x00007fecf930ea53 to 0x00007fecf93113fd
Event: 8.138 Thread 0x00007fecfc00a800 Threw 0x00000000eadb8880 at /build/openjdk-7-HVzwJZ/openjdk-7-7u95-2.6.4/build/openjdk/hotspot/src/share/vm/prims/jvm.cpp:1322
Event: 8.139 Thread 0x00007fecfc00a800 Implicit null exception at 0x00007fecf9120b32 to 0x00007fecf9120e79
Event: 8.885 Thread 0x00007fecfc00a800 Threw 0x00000000ec52bba8 at /build/openjdk-7-HVzwJZ/openjdk-7-7u95-2.6.4/build/openjdk/hotspot/src/share/vm/prims/jvm.cpp:1322
Event: 8.941 Thread 0x00007fecfc00a800 Threw 0x00000000ecd80458 at /build/openjdk-7-HVzwJZ/openjdk-7-7u95-2.6.4/build/openjdk/hotspot/src/share/vm/prims/jvm.cpp:1322
Event: 9.316 Thread 0x00007fecfc00a800 Threw 0x00000000f1589dd8 at /build/openjdk-7-HVzwJZ/openjdk-7-7u95-2.6.4/build/openjdk/hotspot/src/share/vm/prims/jvm.cpp:1322
Event: 11.778 Thread 0x00007fecfc00a800 Implicit null exception at 0x00007fecf92ab167 to 0x00007fecf92abb79

Events (10 events):
Event: 20.374 Thread 0x00007fecfc00a800 Uncommon trap: trap_request=0xffffffc6 fr.pc=0x00007fecf932661c
Event: 20.374 Thread 0x00007fecfc00a800 DEOPT PACKING pc=0x00007fecf932661c sp=0x00007fed04404e40
Event: 20.374 Thread 0x00007fecfc00a800 DEOPT UNPACKING pc=0x00007fecf9039445 sp=0x00007fed04404e08 mode 2
Event: 20.377 Thread 0x00007fecfc0ad000 flushing nmethod 0x00007fecf925f290
Event: 20.463 Thread 0x00007fecfc0ad000 flushing nmethod 0x00007fecf92b5690
Event: 20.463 Thread 0x00007fecfc0ad000 flushing nmethod 0x00007fecf92b9f10
Event: 20.464 Thread 0x00007fecfc0ad000 flushing nmethod 0x00007fecf92c8090
Event: 20.464 Thread 0x00007fecfc0ad000 flushing nmethod 0x00007fecf92f5410
Event: 20.538 Thread 0x00007fecfc0aa000 flushing nmethod 0x00007fecf93a7d90
Event: 20.638 Executing VM operation: ParallelGCFailedAllocation


Dynamic libraries:
00400000-00401000 r-xp 00000000 08:01 5508137                            /usr/lib/jvm/java-7-openjdk-amd64/jre/bin/java
00600000-00601000 r--p 00000000 08:01 5508137                            /usr/lib/jvm/java-7-openjdk-amd64/jre/bin/java
00601000-00602000 rw-p 00001000 08:01 5508137                            /usr/lib/jvm/java-7-openjdk-amd64/jre/bin/java
00fb8000-00fd9000 rw-p 00000000 00:00 0                                  [heap]
b5a00000-b6f00000 rw-p 00000000 00:00 0 
b6f00000-c0000000 rw-p 00000000 00:00 0 
c0000000-e0580000 rw-p 00000000 00:00 0 
eaa80000-100000000 rw-p 00000000 00:00 0 
7fecc3474000-7fecc34b1000 r-xp 00000000 08:01 790495                     /lib/x86_64-linux-gnu/libpcre.so.3.13.1
7fecc34b1000-7fecc36b0000 ---p 0003d000 08:01 790495                     /lib/x86_64-linux-gnu/libpcre.so.3.13.1
7fecc36b0000-7fecc36b1000 r--p 0003c000 08:01 790495                     /lib/x86_64-linux-gnu/libpcre.so.3.13.1
7fecc36b1000-7fecc36b2000 rw-p 0003d000 08:01 790495                     /lib/x86_64-linux-gnu/libpcre.so.3.13.1
7fecc36b2000-7fecc36b9000 r-xp 00000000 08:01 4726848                    /usr/lib/x86_64-linux-gnu/libffi.so.6.0.1
7fecc36b9000-7fecc38b8000 ---p 00007000 08:01 4726848                    /usr/lib/x86_64-linux-gnu/libffi.so.6.0.1
7fecc38b8000-7fecc38b9000 r--p 00006000 08:01 4726848                    /usr/lib/x86_64-linux-gnu/libffi.so.6.0.1
7fecc38b9000-7fecc38ba000 rw-p 00007000 08:01 4726848                    /usr/lib/x86_64-linux-gnu/libffi.so.6.0.1
7fecc38ba000-7fecc38d1000 r-xp 00000000 08:01 786614                     /lib/x86_64-linux-gnu/libresolv-2.19.so
7fecc38d1000-7fecc3ad1000 ---p 00017000 08:01 786614                     /lib/x86_64-linux-gnu/libresolv-2.19.so
7fecc3ad1000-7fecc3ad2000 r--p 00017000 08:01 786614                     /lib/x86_64-linux-gnu/libresolv-2.19.so
7fecc3ad2000-7fecc3ad3000 rw-p 00018000 08:01 786614                     /lib/x86_64-linux-gnu/libresolv-2.19.so
7fecc3ad3000-7fecc3ad5000 rw-p 00000000 00:00 0 
7fecc3ad5000-7fecc3af5000 r-xp 00000000 08:01 790522                     /lib/x86_64-linux-gnu/libselinux.so.1
7fecc3af5000-7fecc3cf4000 ---p 00020000 08:01 790522                     /lib/x86_64-linux-gnu/libselinux.so.1
7fecc3cf4000-7fecc3cf5000 r--p 0001f000 08:01 790522                     /lib/x86_64-linux-gnu/libselinux.so.1
7fecc3cf5000-7fecc3cf6000 rw-p 00020000 08:01 790522                     /lib/x86_64-linux-gnu/libselinux.so.1
7fecc3cf6000-7fecc3cf8000 rw-p 00000000 00:00 0 
7fecc3cf8000-7fecc3dfe000 r-xp 00000000 08:01 790423                     /lib/x86_64-linux-gnu/libglib-2.0.so.0.4000.0
7fecc3dfe000-7fecc3ffd000 ---p 00106000 08:01 790423                     /lib/x86_64-linux-gnu/libglib-2.0.so.0.4000.0
7fecc3ffd000-7fecc3ffe000 r--p 00105000 08:01 790423                     /lib/x86_64-linux-gnu/libglib-2.0.so.0.4000.0
7fecc3ffe000-7fecc3fff000 rw-p 00106000 08:01 790423                     /lib/x86_64-linux-gnu/libglib-2.0.so.0.4000.0
7fecc3fff000-7fecc4000000 rw-p 00000000 00:00 0 
7fecc4000000-7fecc4021000 rw-p 00000000 00:00 0 
7fecc4021000-7fecc8000000 ---p 00000000 00:00 0 
7fecc8000000-7fecc8021000 rw-p 00000000 00:00 0 
7fecc8021000-7feccc000000 ---p 00000000 00:00 0 
7feccc000000-7feccdd7b000 rw-p 00000000 00:00 0 
7feccdd7b000-7fecd0000000 ---p 00000000 00:00 0 
7fecd0000000-7fecd1886000 rw-p 00000000 00:00 0 
7fecd1886000-7fecd4000000 ---p 00000000 00:00 0 
7fecd4000000-7fecd4021000 rw-p 00000000 00:00 0 
7fecd4021000-7fecd8000000 ---p 00000000 00:00 0 
7fecd8000000-7fecd8021000 rw-p 00000000 00:00 0 
7fecd8021000-7fecdc000000 ---p 00000000 00:00 0 
7fecdc000000-7fecdc021000 rw-p 00000000 00:00 0 
7fecdc021000-7fece0000000 ---p 00000000 00:00 0 
7fece0000000-7fece0021000 rw-p 00000000 00:00 0 
7fece0021000-7fece4000000 ---p 00000000 00:00 0 
7fece4000000-7fece4021000 rw-p 00000000 00:00 0 
7fece4021000-7fece8000000 ---p 00000000 00:00 0 
7fece8000000-7fece8021000 rw-p 00000000 00:00 0 
7fece8021000-7fecec000000 ---p 00000000 00:00 0 
7fecec000000-7fecec021000 rw-p 00000000 00:00 0 
7fecec021000-7fecf0000000 ---p 00000000 00:00 0 
7fecf00b4000-7fecf00b7000 r-xp 00000000 08:01 4726965                    /usr/lib/x86_64-linux-gnu/libgmodule-2.0.so.0.4000.0
7fecf00b7000-7fecf02b6000 ---p 00003000 08:01 4726965                    /usr/lib/x86_64-linux-gnu/libgmodule-2.0.so.0.4000.0
7fecf02b6000-7fecf02b7000 r--p 00002000 08:01 4726965                    /usr/lib/x86_64-linux-gnu/libgmodule-2.0.so.0.4000.0
7fecf02b7000-7fecf02b8000 rw-p 00003000 08:01 4726965                    /usr/lib/x86_64-linux-gnu/libgmodule-2.0.so.0.4000.0
7fecf02b8000-7fecf0307000 r-xp 00000000 08:01 4726981                    /usr/lib/x86_64-linux-gnu/libgobject-2.0.so.0.4000.0
7fecf0307000-7fecf0507000 ---p 0004f000 08:01 4726981                    /usr/lib/x86_64-linux-gnu/libgobject-2.0.so.0.4000.0
7fecf0507000-7fecf0508000 r--p 0004f000 08:01 4726981                    /usr/lib/x86_64-linux-gnu/libgobject-2.0.so.0.4000.0
7fecf0508000-7fecf0509000 rw-p 00050000 08:01 4726981                    /usr/lib/x86_64-linux-gnu/libgobject-2.0.so.0.4000.0
7fecf0509000-7fecf0674000 r-xp 00000000 08:01 4726951                    /usr/lib/x86_64-linux-gnu/libgio-2.0.so.0.4000.0
7fecf0674000-7fecf0874000 ---p 0016b000 08:01 4726951                    /usr/lib/x86_64-linux-gnu/libgio-2.0.so.0.4000.0
7fecf0874000-7fecf0878000 r--p 0016b000 08:01 4726951                    /usr/lib/x86_64-linux-gnu/libgio-2.0.so.0.4000.0
7fecf0878000-7fecf087a000 rw-p 0016f000 08:01 4726951                    /usr/lib/x86_64-linux-gnu/libgio-2.0.so.0.4000.0
7fecf087a000-7fecf087c000 rw-p 00000000 00:00 0 
7fecf087c000-7fecf0893000 r-xp 00000000 08:01 5917886                    /usr/lib/jvm/java-7-openjdk-amd64/jre/lib/amd64/libnet.so
7fecf0893000-7fecf0a92000 ---p 00017000 08:01 5917886                    /usr/lib/jvm/java-7-openjdk-amd64/jre/lib/amd64/libnet.so
7fecf0a92000-7fecf0a93000 r--p 00016000 08:01 5917886                    /usr/lib/jvm/java-7-openjdk-amd64/jre/lib/amd64/libnet.so
7fecf0a93000-7fecf0a94000 rw-p 00017000 08:01 5917886                    /usr/lib/jvm/java-7-openjdk-amd64/jre/lib/amd64/libnet.so
7fecf0a94000-7fecf0aa4000 r-xp 00000000 08:01 5917910                    /usr/lib/jvm/java-7-openjdk-amd64/jre/lib/amd64/libnio.so
7fecf0aa4000-7fecf0ca4000 ---p 00010000 08:01 5917910                    /usr/lib/jvm/java-7-openjdk-amd64/jre/lib/amd64/libnio.so
7fecf0ca4000-7fecf0ca5000 r--p 00010000 08:01 5917910                    /usr/lib/jvm/java-7-openjdk-amd64/jre/lib/amd64/libnio.so
7fecf0ca5000-7fecf0ca6000 rw-p 00011000 08:01 5917910                    /usr/lib/jvm/java-7-openjdk-amd64/jre/lib/amd64/libnio.so
7fecf0ca6000-7fecf0ca7000 ---p 00000000 00:00 0 
7fecf0ca7000-7fecf0da7000 rw-p 00000000 00:00 0                          [stack:9143]
7fecf0da7000-7fecf0daa000 ---p 00000000 00:00 0 
7fecf0daa000-7fecf0ea8000 rw-p 00000000 00:00 0                          [stack:9142]
7fecf0ea8000-7fecf0eab000 ---p 00000000 00:00 0 
7fecf0eab000-7fecf0fa9000 rw-p 00000000 00:00 0                          [stack:9141]
7fecf0fa9000-7fecf0fac000 ---p 00000000 00:00 0 
7fecf0fac000-7fecf10aa000 rw-p 00000000 00:00 0                          [stack:9140]
7fecf10aa000-7fecf10ad000 ---p 00000000 00:00 0 
7fecf10ad000-7fecf11ab000 rw-p 00000000 00:00 0                          [stack:9139]
7fecf11ab000-7fecf18ce000 r--p 00000000 08:01 4725570                    /usr/lib/locale/locale-archive
7fecf18ce000-7fecf18d1000 ---p 00000000 00:00 0 
7fecf18d1000-7fecf19cf000 rw-p 00000000 00:00 0                          [stack:9138]
7fecf19cf000-7fecf19d2000 ---p 00000000 00:00 0 
7fecf19d2000-7fecf4000000 rw-p 00000000 00:00 0                          [stack:9137]
7fecf4000000-7fecf4021000 rw-p 00000000 00:00 0 
7fecf4021000-7fecf8000000 ---p 00000000 00:00 0 
7fecf8037000-7fecf8068000 rw-p 00000000 00:00 0 
7fecf8068000-7fecf80f1000 r--s 0074b000 08:01 9581085                    /home/raihan/OpenSrpWorkSpace/opensrp-client/opensrp-mcare/build/intermediates/multi-dex/debug/allclasses.jar
7fecf80f1000-7fecf80f2000 ---p 00000000 00:00 0 
7fecf80f2000-7fecf9000000 rw-p 00000000 00:00 0                          [stack:9136]
7fecf9000000-7fecf9420000 rwxp 00000000 00:00 0 
7fecf9420000-7fecfc36e000 rw-p 00000000 00:00 0 
7fecfc36e000-7fed00000000 ---p 00000000 00:00 0 
7fed0003c000-7fed0004b000 r--s 000dd000 08:01 6177003                    /home/raihan/android-sdk-linux/build-tools/21.1.2/lib/dx.jar
7fed0004b000-7fed0004e000 r--s 0000f000 08:01 5917931                    /usr/lib/jvm/java-7-openjdk-amd64/jre/lib/ext/icedtea-sound.jar
7fed0004e000-7fed0023d000 rw-p 00000000 00:00 0 
7fed0023d000-7fed003ee000 r--s 01d30000 08:01 5508152                    /usr/lib/jvm/java-7-openjdk-amd64/jre/lib/rt.jar
7fed003ee000-7fed0073a000 rw-p 00000000 00:00 0 
7fed0073a000-7fed0073b000 ---p 00000000 00:00 0 
7fed0073b000-7fed0083b000 rw-p 00000000 00:00 0                          [stack:9135]
7fed0083b000-7fed0083c000 ---p 00000000 00:00 0 
7fed0083c000-7fed0093c000 rw-p 00000000 00:00 0                          [stack:9134]
7fed0093c000-7fed0093d000 ---p 00000000 00:00 0 
7fed0093d000-7fed00a3d000 rw-p 00000000 00:00 0                          [stack:9133]
7fed00a3d000-7fed00a3e000 ---p 00000000 00:00 0 
7fed00a3e000-7fed00b49000 rw-p 00000000 00:00 0                          [stack:9132]
7fed00b49000-7fed00b91000 rw-p 00000000 00:00 0 
7fed00b91000-7fed00c94000 rw-p 00000000 00:00 0 
7fed00c94000-7fed00ce7000 rw-p 00000000 00:00 0 
7fed00ce7000-7fed00cf2000 rw-p 00000000 00:00 0 
7fed00cf2000-7fed00d3a000 rw-p 00000000 00:00 0 
7fed00d3a000-7fed00e3d000 rw-p 00000000 00:00 0 
7fed00e3d000-7fed00e8f000 rw-p 00000000 00:00 0 
7fed00e8f000-7fed00f3a000 rw-p 00000000 00:00 0 
7fed00f3a000-7fed00f3b000 rw-p 00000000 00:00 0 
7fed00f3b000-7fed00f43000 r-xp 00000000 08:01 5917892                    /usr/lib/jvm/java-7-openjdk-amd64/jre/lib/amd64/libzip.so
7fed00f43000-7fed01142000 ---p 00008000 08:01 5917892                    /usr/lib/jvm/java-7-openjdk-amd64/jre/lib/amd64/libzip.so
7fed01142000-7fed01143000 r--p 00007000 08:01 5917892                    /usr/lib/jvm/java-7-openjdk-amd64/jre/lib/amd64/libzip.so
7fed01143000-7fed01144000 rw-p 00008000 08:01 5917892                    /usr/lib/jvm/java-7-openjdk-amd64/jre/lib/amd64/libzip.so
7fed01144000-7fed0114f000 r-xp 00000000 08:01 786646                     /lib/x86_64-linux-gnu/libnss_files-2.19.so
7fed0114f000-7fed0134e000 ---p 0000b000 08:01 786646                     /lib/x86_64-linux-gnu/libnss_files-2.19.so
7fed0134e000-7fed0134f000 r--p 0000a000 08:01 786646                     /lib/x86_64-linux-gnu/libnss_files-2.19.so
7fed0134f000-7fed01350000 rw-p 0000b000 08:01 786646                     /lib/x86_64-linux-gnu/libnss_files-2.19.so
7fed01350000-7fed0135b000 r-xp 00000000 08:01 786638                     /lib/x86_64-linux-gnu/libnss_nis-2.19.so
7fed0135b000-7fed0155a000 ---p 0000b000 08:01 786638                     /lib/x86_64-linux-gnu/libnss_nis-2.19.so
7fed0155a000-7fed0155b000 r--p 0000a000 08:01 786638                     /lib/x86_64-linux-gnu/libnss_nis-2.19.so
7fed0155b000-7fed0155c000 rw-p 0000b000 08:01 786638                     /lib/x86_64-linux-gnu/libnss_nis-2.19.so
7fed0155c000-7fed01573000 r-xp 00000000 08:01 786634                     /lib/x86_64-linux-gnu/libnsl-2.19.so
7fed01573000-7fed01772000 ---p 00017000 08:01 786634                     /lib/x86_64-linux-gnu/libnsl-2.19.so
7fed01772000-7fed01773000 r--p 00016000 08:01 786634                     /lib/x86_64-linux-gnu/libnsl-2.19.so
7fed01773000-7fed01774000 rw-p 00017000 08:01 786634                     /lib/x86_64-linux-gnu/libnsl-2.19.so
7fed01774000-7fed01776000 rw-p 00000000 00:00 0 
7fed01776000-7fed0177f000 r-xp 00000000 08:01 786633                     /lib/x86_64-linux-gnu/libnss_compat-2.19.so
7fed0177f000-7fed0197e000 ---p 00009000 08:01 786633                     /lib/x86_64-linux-gnu/libnss_compat-2.19.so
7fed0197e000-7fed0197f000 r--p 00008000 08:01 786633                     /lib/x86_64-linux-gnu/libnss_compat-2.19.so
7fed0197f000-7fed01980000 rw-p 00009000 08:01 786633                     /lib/x86_64-linux-gnu/libnss_compat-2.19.so
7fed01980000-7fed019ab000 r-xp 00000000 08:01 5917877                    /usr/lib/jvm/java-7-openjdk-amd64/jre/lib/amd64/libjava.so
7fed019ab000-7fed01bab000 ---p 0002b000 08:01 5917877                    /usr/lib/jvm/java-7-openjdk-amd64/jre/lib/amd64/libjava.so
7fed01bab000-7fed01bac000 r--p 0002b000 08:01 5917877                    /usr/lib/jvm/java-7-openjdk-amd64/jre/lib/amd64/libjava.so
7fed01bac000-7fed01bae000 rw-p 0002c000 08:01 5917877                    /usr/lib/jvm/java-7-openjdk-amd64/jre/lib/amd64/libjava.so
7fed01bae000-7fed01bbe000 r-xp 00000000 08:01 5917878                    /usr/lib/jvm/java-7-openjdk-amd64/jre/lib/amd64/libverify.so
7fed01bbe000-7fed01dbd000 ---p 00010000 08:01 5917878                    /usr/lib/jvm/java-7-openjdk-amd64/jre/lib/amd64/libverify.so
7fed01dbd000-7fed01dbf000 r--p 0000f000 08:01 5917878                    /usr/lib/jvm/java-7-openjdk-amd64/jre/lib/amd64/libverify.so
7fed01dbf000-7fed01dc0000 rw-p 00011000 08:01 5917878                    /usr/lib/jvm/java-7-openjdk-amd64/jre/lib/amd64/libverify.so
7fed01dc0000-7fed01dc7000 r-xp 00000000 08:01 786642                     /lib/x86_64-linux-gnu/librt-2.19.so
7fed01dc7000-7fed01fc6000 ---p 00007000 08:01 786642                     /lib/x86_64-linux-gnu/librt-2.19.so
7fed01fc6000-7fed01fc7000 r--p 00006000 08:01 786642                     /lib/x86_64-linux-gnu/librt-2.19.so
7fed01fc7000-7fed01fc8000 rw-p 00007000 08:01 786642                     /lib/x86_64-linux-gnu/librt-2.19.so
7fed01fc8000-7fed01fde000 r-xp 00000000 08:01 786612                     /lib/x86_64-linux-gnu/libgcc_s.so.1
7fed01fde000-7fed021dd000 ---p 00016000 08:01 786612                     /lib/x86_64-linux-gnu/libgcc_s.so.1
7fed021dd000-7fed021de000 rw-p 00015000 08:01 786612                     /lib/x86_64-linux-gnu/libgcc_s.so.1
7fed021de000-7fed022e3000 r-xp 00000000 08:01 786618                     /lib/x86_64-linux-gnu/libm-2.19.so
7fed022e3000-7fed024e2000 ---p 00105000 08:01 786618                     /lib/x86_64-linux-gnu/libm-2.19.so
7fed024e2000-7fed024e3000 r--p 00104000 08:01 786618                     /lib/x86_64-linux-gnu/libm-2.19.so
7fed024e3000-7fed024e4000 rw-p 00105000 08:01 786618                     /lib/x86_64-linux-gnu/libm-2.19.so
7fed024e4000-7fed025ca000 r-xp 00000000 08:01 4721335                    /usr/lib/x86_64-linux-gnu/libstdc++.so.6.0.19
7fed025ca000-7fed027c9000 ---p 000e6000 08:01 4721335                    /usr/lib/x86_64-linux-gnu/libstdc++.so.6.0.19
7fed027c9000-7fed027d1000 r--p 000e5000 08:01 4721335                    /usr/lib/x86_64-linux-gnu/libstdc++.so.6.0.19
7fed027d1000-7fed027d3000 rw-p 000ed000 08:01 4721335                    /usr/lib/x86_64-linux-gnu/libstdc++.so.6.0.19
7fed027d3000-7fed027e8000 rw-p 00000000 00:00 0 
7fed027e8000-7fed0330c000 r-xp 00000000 08:01 5917890                    /usr/lib/jvm/java-7-openjdk-amd64/jre/lib/amd64/server/libjvm.so
7fed0330c000-7fed0350c000 ---p 00b24000 08:01 5917890                    /usr/lib/jvm/java-7-openjdk-amd64/jre/lib/amd64/server/libjvm.so
7fed0350c000-7fed035a6000 r--p 00b24000 08:01 5917890                    /usr/lib/jvm/java-7-openjdk-amd64/jre/lib/amd64/server/libjvm.so
7fed035a6000-7fed035c9000 rw-p 00bbe000 08:01 5917890                    /usr/lib/jvm/java-7-openjdk-amd64/jre/lib/amd64/server/libjvm.so
7fed035c9000-7fed035f7000 rw-p 00000000 00:00 0 
7fed035f7000-7fed0360f000 r-xp 00000000 08:01 790555                     /lib/x86_64-linux-gnu/libz.so.1.2.8
7fed0360f000-7fed0380e000 ---p 00018000 08:01 790555                     /lib/x86_64-linux-gnu/libz.so.1.2.8
7fed0380e000-7fed0380f000 r--p 00017000 08:01 790555                     /lib/x86_64-linux-gnu/libz.so.1.2.8
7fed0380f000-7fed03810000 rw-p 00018000 08:01 790555                     /lib/x86_64-linux-gnu/libz.so.1.2.8
7fed03810000-7fed03829000 r-xp 00000000 08:01 786635                     /lib/x86_64-linux-gnu/libpthread-2.19.so
7fed03829000-7fed03a28000 ---p 00019000 08:01 786635                     /lib/x86_64-linux-gnu/libpthread-2.19.so
7fed03a28000-7fed03a29000 r--p 00018000 08:01 786635                     /lib/x86_64-linux-gnu/libpthread-2.19.so
7fed03a29000-7fed03a2a000 rw-p 00019000 08:01 786635                     /lib/x86_64-linux-gnu/libpthread-2.19.so
7fed03a2a000-7fed03a2e000 rw-p 00000000 00:00 0 
7fed03a2e000-7fed03a31000 r-xp 00000000 08:01 786630                     /lib/x86_64-linux-gnu/libdl-2.19.so
7fed03a31000-7fed03c30000 ---p 00003000 08:01 786630                     /lib/x86_64-linux-gnu/libdl-2.19.so
7fed03c30000-7fed03c31000 r--p 00002000 08:01 786630                     /lib/x86_64-linux-gnu/libdl-2.19.so
7fed03c31000-7fed03c32000 rw-p 00003000 08:01 786630                     /lib/x86_64-linux-gnu/libdl-2.19.so
7fed03c32000-7fed03ded000 r-xp 00000000 08:01 786643                     /lib/x86_64-linux-gnu/libc-2.19.so
7fed03ded000-7fed03fec000 ---p 001bb000 08:01 786643                     /lib/x86_64-linux-gnu/libc-2.19.so
7fed03fec000-7fed03ff0000 r--p 001ba000 08:01 786643                     /lib/x86_64-linux-gnu/libc-2.19.so
7fed03ff0000-7fed03ff2000 rw-p 001be000 08:01 786643                     /lib/x86_64-linux-gnu/libc-2.19.so
7fed03ff2000-7fed03ff7000 rw-p 00000000 00:00 0 
7fed03ff7000-7fed04004000 r-xp 00000000 08:01 5917907                    /usr/lib/jvm/java-7-openjdk-amd64/jre/lib/amd64/jli/libjli.so
7fed04004000-7fed04203000 ---p 0000d000 08:01 5917907                    /usr/lib/jvm/java-7-openjdk-amd64/jre/lib/amd64/jli/libjli.so
7fed04203000-7fed04204000 r--p 0000c000 08:01 5917907                    /usr/lib/jvm/java-7-openjdk-amd64/jre/lib/amd64/jli/libjli.so
7fed04204000-7fed04205000 rw-p 0000d000 08:01 5917907                    /usr/lib/jvm/java-7-openjdk-amd64/jre/lib/amd64/jli/libjli.so
7fed04205000-7fed04228000 r-xp 00000000 08:01 786636                     /lib/x86_64-linux-gnu/ld-2.19.so
7fed0422a000-7fed0422e000 r--s 00034000 08:01 5917930                    /usr/lib/jvm/java-7-openjdk-amd64/jre/lib/ext/sunjce_provider.jar
7fed0422e000-7fed04257000 rw-p 00000000 00:00 0 
7fed04257000-7fed04306000 rw-p 00000000 00:00 0 
7fed04306000-7fed04309000 ---p 00000000 00:00 0 
7fed04309000-7fed0440c000 rw-p 00000000 00:00 0                          [stack:9131]
7fed0440d000-7fed0440e000 rw-p 00000000 00:00 0 
7fed0440e000-7fed04410000 r--s 00012000 08:01 5917929                    /usr/lib/jvm/java-7-openjdk-amd64/jre/lib/ext/zipfs.jar
7fed04410000-7fed04412000 r--s 00006000 08:01 5118243                    /usr/share/java/java-atk-wrapper.jar
7fed04412000-7fed04416000 r--s 0003c000 08:01 5917933                    /usr/lib/jvm/java-7-openjdk-amd64/jre/lib/ext/sunpkcs11.jar
7fed04416000-7fed0441a000 r--s 00085000 08:01 5917932                    /usr/lib/jvm/java-7-openjdk-amd64/jre/lib/ext/localedata.jar
7fed0441a000-7fed0441b000 r--s 00002000 08:01 5917928                    /usr/lib/jvm/java-7-openjdk-amd64/jre/lib/ext/dnsns.jar
7fed0441b000-7fed04423000 rw-s 00000000 08:01 9687                       /tmp/hsperfdata_raihan/9126
7fed04423000-7fed04424000 rw-p 00000000 00:00 0 
7fed04424000-7fed04425000 ---p 00000000 00:00 0 
7fed04425000-7fed04427000 rw-p 00000000 00:00 0 
7fed04427000-7fed04428000 r--p 00022000 08:01 786636                     /lib/x86_64-linux-gnu/ld-2.19.so
7fed04428000-7fed04429000 rw-p 00023000 08:01 786636                     /lib/x86_64-linux-gnu/ld-2.19.so
7fed04429000-7fed0442a000 rw-p 00000000 00:00 0 
7fff467d6000-7fff467f7000 rw-p 00000000 00:00 0                          [stack]
7fff467fe000-7fff46800000 r-xp 00000000 00:00 0                          [vdso]
ffffffffff600000-ffffffffff601000 r-xp 00000000 00:00 0                  [vsyscall]

VM Arguments:
jvm_args: -Xmx1024M -Dfile.encoding=UTF-8 -Duser.country=US -Duser.language=en -Duser.variant 
java_command: com.android.dx.command.Main --dex --multi-dex --main-dex-list /home/raihan/OpenSrpWorkSpace/opensrp-client/opensrp-mcare/build/intermediates/multi-dex/debug/maindexlist.txt --output /home/raihan/OpenSrpWorkSpace/opensrp-client/opensrp-mcare/build/intermediates/dex/debug /home/raihan/OpenSrpWorkSpace/opensrp-client/opensrp-mcare/build/intermediates/multi-dex/debug/allclasses.jar
Launcher Type: SUN_STANDARD

Environment Variables:
PATH=/usr/local/sbin:/usr/local/bin:/usr/sbin:/usr/bin:/sbin:/bin:/usr/games:/usr/local/games
SHELL=/bin/bash
DISPLAY=:0

Signal Handlers:
SIGSEGV: [libjvm.so+0x9548f0], sa_mask[0]=0x7ffbfeff, sa_flags=0x10000004
SIGBUS: [libjvm.so+0x9548f0], sa_mask[0]=0x7ffbfeff, sa_flags=0x10000004
SIGFPE: [libjvm.so+0x7cb0b0], sa_mask[0]=0x7ffbfeff, sa_flags=0x10000004
SIGPIPE: [libjvm.so+0x7cb0b0], sa_mask[0]=0x7ffbfeff, sa_flags=0x10000004
SIGXFSZ: [libjvm.so+0x7cb0b0], sa_mask[0]=0x7ffbfeff, sa_flags=0x10000004
SIGILL: [libjvm.so+0x7cb0b0], sa_mask[0]=0x7ffbfeff, sa_flags=0x10000004
SIGUSR1: SIG_DFL, sa_mask[0]=0x00000000, sa_flags=0x00000000
SIGUSR2: [libjvm.so+0x7caf50], sa_mask[0]=0x00000004, sa_flags=0x10000004
SIGHUP: [libjvm.so+0x7cb130], sa_mask[0]=0x7ffbfeff, sa_flags=0x10000004
SIGINT: [libjvm.so+0x7cb130], sa_mask[0]=0x7ffbfeff, sa_flags=0x10000004
SIGTERM: [libjvm.so+0x7cb130], sa_mask[0]=0x7ffbfeff, sa_flags=0x10000004
SIGQUIT: [libjvm.so+0x7cb130], sa_mask[0]=0x7ffbfeff, sa_flags=0x10000004
SIGTRAP: SIG_DFL, sa_mask[0]=0x00000000, sa_flags=0x00000000


---------------  S Y S T E M  ---------------

OS:Ubuntu 14.04 (trusty)
uname:Linux 3.13.0-24-generic #46-Ubuntu SMP Thu Apr 10 19:11:08 UTC 2014 x86_64
libc:glibc 2.19 NPTL 2.19 
rlimit: STACK 8192k, CORE 0k, NPROC 30570, NOFILE 4096, AS infinity
load average:1.90 1.20 0.79

/proc/meminfo:
MemTotal:        3934516 kB
MemFree:           91296 kB
Buffers:             636 kB
Cached:           394748 kB
SwapCached:        13428 kB
Active:          2178052 kB
Inactive:         813832 kB
Active(anon):    2174260 kB
Inactive(anon):   799680 kB
Active(file):       3792 kB
Inactive(file):    14152 kB
Unevictable:          88 kB
Mlocked:              88 kB
SwapTotal:       4080636 kB
SwapFree:             20 kB
Dirty:                 0 kB
Writeback:             0 kB
AnonPages:       2584620 kB
Mapped:           592936 kB
Shmem:            377040 kB
Slab:              98236 kB
SReclaimable:      39292 kB
SUnreclaim:        58944 kB
KernelStack:        7544 kB
PageTables:        94524 kB
NFS_Unstable:          0 kB
Bounce:                0 kB
WritebackTmp:          0 kB
CommitLimit:     6047892 kB
Committed_AS:   27200768 kB
VmallocTotal:   34359738367 kB
VmallocUsed:      553600 kB
VmallocChunk:   34359094608 kB
HardwareCorrupted:     0 kB
AnonHugePages:    159744 kB
HugePages_Total:       0
HugePages_Free:        0
HugePages_Rsvd:        0
HugePages_Surp:        0
Hugepagesize:       2048 kB
DirectMap4k:       79360 kB
DirectMap2M:     1906688 kB
DirectMap1G:     2097152 kB


CPU:total 4 (2 cores per cpu, 2 threads per core) family 6 model 61 stepping 4, cmov, cx8, fxsr, mmx, sse, sse2, sse3, ssse3, sse4.1, sse4.2, popcnt, avx, avx2, aes, erms, ht, tsc, tscinvbit

/proc/cpuinfo:
processor	: 0
vendor_id	: GenuineIntel
cpu family	: 6
model		: 61
model name	: Intel(R) Core(TM) i5-5200U CPU @ 2.20GHz
stepping	: 4
microcode	: 0x1f
cpu MHz		: 2201.000
cache size	: 3072 KB
physical id	: 0
siblings	: 4
core id		: 0
cpu cores	: 2
apicid		: 0
initial apicid	: 0
fpu		: yes
fpu_exception	: yes
cpuid level	: 20
wp		: yes
flags		: fpu vme de pse tsc msr pae mce cx8 apic sep mtrr pge mca cmov pat pse36 clflush dts acpi mmx fxsr sse sse2 ss ht tm pbe syscall nx pdpe1gb rdtscp lm constant_tsc arch_perfmon pebs bts rep_good nopl xtopology nonstop_tsc aperfmperf eagerfpu pni pclmulqdq dtes64 monitor ds_cpl vmx est tm2 ssse3 fma cx16 xtpr pdcm pcid sse4_1 sse4_2 x2apic movbe popcnt tsc_deadline_timer aes xsave avx f16c rdrand lahf_lm abm 3dnowprefetch ida arat epb xsaveopt pln pts dtherm tpr_shadow vnmi flexpriority ept vpid fsgsbase tsc_adjust bmi1 avx2 smep bmi2 erms invpcid rdseed adx smap
bogomips	: 4389.91
clflush size	: 64
cache_alignment	: 64
address sizes	: 39 bits physical, 48 bits virtual
power management:

processor	: 1
vendor_id	: GenuineIntel
cpu family	: 6
model		: 61
model name	: Intel(R) Core(TM) i5-5200U CPU @ 2.20GHz
stepping	: 4
microcode	: 0x1f
cpu MHz		: 500.000
cache size	: 3072 KB
physical id	: 0
siblings	: 4
core id		: 0
cpu cores	: 2
apicid		: 1
initial apicid	: 1
fpu		: yes
fpu_exception	: yes
cpuid level	: 20
wp		: yes
flags		: fpu vme de pse tsc msr pae mce cx8 apic sep mtrr pge mca cmov pat pse36 clflush dts acpi mmx fxsr sse sse2 ss ht tm pbe syscall nx pdpe1gb rdtscp lm constant_tsc arch_perfmon pebs bts rep_good nopl xtopology nonstop_tsc aperfmperf eagerfpu pni pclmulqdq dtes64 monitor ds_cpl vmx est tm2 ssse3 fma cx16 xtpr pdcm pcid sse4_1 sse4_2 x2apic movbe popcnt tsc_deadline_timer aes xsave avx f16c rdrand lahf_lm abm 3dnowprefetch ida arat epb xsaveopt pln pts dtherm tpr_shadow vnmi flexpriority ept vpid fsgsbase tsc_adjust bmi1 avx2 smep bmi2 erms invpcid rdseed adx smap
bogomips	: 4389.91
clflush size	: 64
cache_alignment	: 64
address sizes	: 39 bits physical, 48 bits virtual
power management:

processor	: 2
vendor_id	: GenuineIntel
cpu family	: 6
model		: 61
model name	: Intel(R) Core(TM) i5-5200U CPU @ 2.20GHz
stepping	: 4
microcode	: 0x1f
cpu MHz		: 2201.000
cache size	: 3072 KB
physical id	: 0
siblings	: 4
core id		: 1
cpu cores	: 2
apicid		: 2
initial apicid	: 2
fpu		: yes
fpu_exception	: yes
cpuid level	: 20
wp		: yes
flags		: fpu vme de pse tsc msr pae mce cx8 apic sep mtrr pge mca cmov pat pse36 clflush dts acpi mmx fxsr sse sse2 ss ht tm pbe syscall nx pdpe1gb rdtscp lm constant_tsc arch_perfmon pebs bts rep_good nopl xtopology nonstop_tsc aperfmperf eagerfpu pni pclmulqdq dtes64 monitor ds_cpl vmx est tm2 ssse3 fma cx16 xtpr pdcm pcid sse4_1 sse4_2 x2apic movbe popcnt tsc_deadline_timer aes xsave avx f16c rdrand lahf_lm abm 3dnowprefetch ida arat epb xsaveopt pln pts dtherm tpr_shadow vnmi flexpriority ept vpid fsgsbase tsc_adjust bmi1 avx2 smep bmi2 erms invpcid rdseed adx smap
bogomips	: 4389.91
clflush size	: 64
cache_alignment	: 64
address sizes	: 39 bits physical, 48 bits virtual
power management:

processor	: 3
vendor_id	: GenuineIntel
cpu family	: 6
model		: 61
model name	: Intel(R) Core(TM) i5-5200U CPU @ 2.20GHz
stepping	: 4
microcode	: 0x1f
cpu MHz		: 2201.000
cache size	: 3072 KB
physical id	: 0
siblings	: 4
core id		: 1
cpu cores	: 2
apicid		: 3
initial apicid	: 3
fpu		: yes
fpu_exception	: yes
cpuid level	: 20
wp		: yes
flags		: fpu vme de pse tsc msr pae mce cx8 apic sep mtrr pge mca cmov pat pse36 clflush dts acpi mmx fxsr sse sse2 ss ht tm pbe syscall nx pdpe1gb rdtscp lm constant_tsc arch_perfmon pebs bts rep_good nopl xtopology nonstop_tsc aperfmperf eagerfpu pni pclmulqdq dtes64 monitor ds_cpl vmx est tm2 ssse3 fma cx16 xtpr pdcm pcid sse4_1 sse4_2 x2apic movbe popcnt tsc_deadline_timer aes xsave avx f16c rdrand lahf_lm abm 3dnowprefetch ida arat epb xsaveopt pln pts dtherm tpr_shadow vnmi flexpriority ept vpid fsgsbase tsc_adjust bmi1 avx2 smep bmi2 erms invpcid rdseed adx smap
bogomips	: 4389.91
clflush size	: 64
cache_alignment	: 64
address sizes	: 39 bits physical, 48 bits virtual
power management:



Memory: 4k page, physical 3934516k(91048k free), swap 4080636k(16k free)

vm_info: OpenJDK 64-Bit Server VM (24.95-b01) for linux-amd64 JRE (1.7.0_95-b00), built on Mar 24 2016 06:13:32 by "buildd" with gcc 4.8.2

time: Thu Jun 23 17:37:12 2016
elapsed time: 24 seconds

