#
# There is insufficient memory for the Java Runtime Environment to continue.
# Native memory allocation (malloc) failed to allocate 192937984 bytes for committing reserved memory.
# Possible reasons:
#   The system is out of physical RAM or swap space
#   In 32 bit mode, the process size limit was hit
# Possible solutions:
#   Reduce memory load on the system
#   Increase physical memory or swap space
#   Check if swap backing store is full
#   Use 64 bit Java on a 64 bit OS
#   Decrease Java heap size (-Xmx/-Xms)
#   Decrease number of Java threads
#   Decrease Java thread stack sizes (-Xss)
#   Set larger code cache with -XX:ReservedCodeCacheSize=
# This output file may be truncated or incomplete.
#
#  Out of Memory Error (os_linux.cpp:2827), pid=17320, tid=140282907850496
#
# JRE version: OpenJDK Runtime Environment (7.0_95) (build 1.7.0_95-b00)
# Java VM: OpenJDK 64-Bit Server VM (24.95-b01 mixed mode linux-amd64 compressed oops)
# Derivative: IcedTea 2.6.4
# Distribution: Ubuntu 14.04 LTS, package 7u95-2.6.4-0ubuntu0.14.04.2
# Failed to write core dump. Core dumps have been disabled. To enable core dumping, try "ulimit -c unlimited" before starting Java again
#

---------------  T H R E A D  ---------------

Current thread (0x00007f963c076000):  VMThread [stack: 0x00007f9628d3f000,0x00007f9628e40000] [id=17330]

Stack: [0x00007f9628d3f000,0x00007f9628e40000],  sp=0x00007f9628e3e490,  free space=1021k
Native frames: (J=compiled Java code, j=interpreted, Vv=VM code, C=native code)
V  [libjvm.so+0x953e15]
V  [libjvm.so+0x48fd94]
V  [libjvm.so+0x7cf87b]
V  [libjvm.so+0x7ca33f]
V  [libjvm.so+0x83dacb]
V  [libjvm.so+0x82d86b]
V  [libjvm.so+0x82da2b]
V  [libjvm.so+0x82e958]
V  [libjvm.so+0x8355b4]
V  [libjvm.so+0x83bc0d]
V  [libjvm.so+0x7f2083]
V  [libjvm.so+0x955814]
V  [libjvm.so+0x959917]
V  [libjvm.so+0x9583d8]
V  [libjvm.so+0x958839]
V  [libjvm.so+0x958c82]
V  [libjvm.so+0x7cc742]

VM_Operation (0x00007f964354bdd0): ParallelGCFailedAllocation, mode: safepoint, requested by thread 0x00007f963c00a800


---------------  P R O C E S S  ---------------

Java Threads: ( => current thread )
  0x00007f963c0af800 JavaThread "Service Thread" daemon [_thread_blocked, id=17336, stack(0x00007f9628016000,0x00007f9628117000)]
  0x00007f963c0ad000 JavaThread "C2 CompilerThread1" daemon [_thread_blocked, id=17335, stack(0x00007f9628117000,0x00007f9628218000)]
  0x00007f963c0aa000 JavaThread "C2 CompilerThread0" daemon [_thread_blocked, id=17334, stack(0x00007f9628218000,0x00007f9628319000)]
  0x00007f963c0a8000 JavaThread "Signal Dispatcher" daemon [_thread_blocked, id=17333, stack(0x00007f9628319000,0x00007f962841a000)]
  0x00007f963c07c000 JavaThread "Finalizer" daemon [_thread_blocked, id=17332, stack(0x00007f9628b3d000,0x00007f9628c3e000)]
  0x00007f963c07a000 JavaThread "Reference Handler" daemon [_thread_blocked, id=17331, stack(0x00007f9628c3e000,0x00007f9628d3f000)]
  0x00007f963c00a800 JavaThread "main" [_thread_blocked, id=17325, stack(0x00007f964344d000,0x00007f964354e000)]

Other Threads:
=>0x00007f963c076000 VMThread [stack: 0x00007f9628d3f000,0x00007f9628e40000] [id=17330]
  0x00007f963c0ba000 WatcherThread [stack: 0x00007f960beff000,0x00007f960c000000] [id=17337]

VM state:at safepoint (normal execution)

VM Mutex/Monitor currently owned by a thread:  ([mutex/lock_event])
[0x00007f963c006350] ExpandHeap_lock - owner thread: 0x00007f963c076000
[0x00007f963c0069d0] Threads_lock - owner thread: 0x00007f963c076000
[0x00007f963c006ed0] Heap_lock - owner thread: 0x00007f963c00a800

Heap
 PSYoungGen      total 233472K, used 2926K [0x00000000eaa80000, 0x0000000100000000, 0x0000000100000000)
  eden space 117248K, 0% used [0x00000000eaa80000,0x00000000eaa80000,0x00000000f1d00000)
  from space 116224K, 2% used [0x00000000f8e80000,0x00000000f915ba28,0x0000000100000000)
  to   space 116224K, 0% used [0x00000000f1d00000,0x00000000f1d00000,0x00000000f8e80000)
 ParOldGen       total 505856K, used 505826K [0x00000000c0000000, 0x00000000dee00000, 0x00000000eaa80000)
  object space 505856K, 99% used [0x00000000c0000000,0x00000000dedf8870,0x00000000dee00000)
 PSPermGen       total 21504K, used 6211K [0x00000000b5a00000, 0x00000000b6f00000, 0x00000000c0000000)
  object space 21504K, 28% used [0x00000000b5a00000,0x00000000b6010e98,0x00000000b6f00000)

Card table byte_map: [0x00007f9638dac000,0x00007f9639000000] byte_map_base: 0x00007f96387ff000

Polling page: 0x00007f964356b000

Code Cache  [0x00007f9639000000, 0x00007f9639420000, 0x00007f963c000000)
 total_blobs=1305 nmethods=1077 adapters=181 free_code_cache=45141Kb largest_free_block=46016256

Compilation events (10 events):
Event: 20.695 Thread 0x00007f963c0aa000 1155             java.util.Arrays::copyOf (19 bytes)
Event: 20.699 Thread 0x00007f963c0aa000 nmethod 1155 0x00007f96392fe410 code [0x00007f96392fe560, 0x00007f96392fe758]
Event: 20.744 Thread 0x00007f963c0ad000 1156             java.util.zip.ZipEntry::isDirectory (10 bytes)
Event: 20.744 Thread 0x00007f963c0aa000 1157             java.util.zip.ZipEntry::getName (5 bytes)
Event: 20.745 Thread 0x00007f963c0aa000 nmethod 1157 0x00007f96391bb090 code [0x00007f96391bb1c0, 0x00007f96391bb218]
Event: 20.745 Thread 0x00007f963c0aa000 1158             com.android.dx.command.dexer.Main$MainDexListFilter::accept (26 bytes)
Event: 20.746 Thread 0x00007f963c0ad000 nmethod 1156 0x00007f96391bad10 code [0x00007f96391bae60, 0x00007f96391baf38]
Event: 20.758 Thread 0x00007f963c0aa000 nmethod 1158 0x00007f9639348910 code [0x00007f9639348aa0, 0x00007f9639349158]
Event: 20.790 Thread 0x00007f963c0ad000 1159   !         java.util.zip.Inflater::ended (32 bytes)
Event: 20.792 Thread 0x00007f963c0ad000 nmethod 1159 0x00007f96390ee010 code [0x00007f96390ee160, 0x00007f96390ee3f8]

GC Heap History (10 events):
Event: 19.324 GC heap after
Heap after GC invocations=29 (full 5):
 PSYoungGen      total 227328K, used 86400K [0x00000000eaa80000, 0x0000000100000000, 0x0000000100000000)
  eden space 117248K, 0% used [0x00000000eaa80000,0x00000000eaa80000,0x00000000f1d00000)
  from space 110080K, 78% used [0x00000000f9480000,0x00000000fe8e0070,0x0000000100000000)
  to   space 116224K, 0% used [0x00000000f1d00000,0x00000000f1d00000,0x00000000f8e80000)
 ParOldGen       total 505856K, used 346714K [0x00000000c0000000, 0x00000000dee00000, 0x00000000eaa80000)
  object space 505856K, 68% used [0x00000000c0000000,0x00000000d5296bf0,0x00000000dee00000)
 PSPermGen       total 21504K, used 6198K [0x00000000b5a00000, 0x00000000b6f00000, 0x00000000c0000000)
  object space 21504K, 28% used [0x00000000b5a00000,0x00000000b600da58,0x00000000b6f00000)
}
Event: 19.600 GC heap before
{Heap before GC invocations=30 (full 5):
 PSYoungGen      total 227328K, used 203648K [0x00000000eaa80000, 0x0000000100000000, 0x0000000100000000)
  eden space 117248K, 100% used [0x00000000eaa80000,0x00000000f1d00000,0x00000000f1d00000)
  from space 110080K, 78% used [0x00000000f9480000,0x00000000fe8e0070,0x0000000100000000)
  to   space 116224K, 0% used [0x00000000f1d00000,0x00000000f1d00000,0x00000000f8e80000)
 ParOldGen       total 505856K, used 346714K [0x00000000c0000000, 0x00000000dee00000, 0x00000000eaa80000)
  object space 505856K, 68% used [0x00000000c0000000,0x00000000d5296bf0,0x00000000dee00000)
 PSPermGen       total 21504K, used 6200K [0x00000000b5a00000, 0x00000000b6f00000, 0x00000000c0000000)
  object space 21504K, 28% used [0x00000000b5a00000,0x00000000b600e268,0x00000000b6f00000)
Event: 19.718 GC heap after
Heap after GC invocations=30 (full 5):
 PSYoungGen      total 233472K, used 65408K [0x00000000eaa80000, 0x0000000100000000, 0x0000000100000000)
  eden space 117248K, 0% used [0x00000000eaa80000,0x00000000eaa80000,0x00000000f1d00000)
  from space 116224K, 56% used [0x00000000f1d00000,0x00000000f5ce03d0,0x00000000f8e80000)
  to   space 116224K, 0% used [0x00000000f8e80000,0x00000000f8e80000,0x0000000100000000)
 ParOldGen       total 505856K, used 387309K [0x00000000c0000000, 0x00000000dee00000, 0x00000000eaa80000)
  object space 505856K, 76% used [0x00000000c0000000,0x00000000d7a3b710,0x00000000dee00000)
 PSPermGen       total 21504K, used 6200K [0x00000000b5a00000, 0x00000000b6f00000, 0x00000000c0000000)
  object space 21504K, 28% used [0x00000000b5a00000,0x00000000b600e268,0x00000000b6f00000)
}
Event: 20.012 GC heap before
{Heap before GC invocations=31 (full 5):
 PSYoungGen      total 233472K, used 182656K [0x00000000eaa80000, 0x0000000100000000, 0x0000000100000000)
  eden space 117248K, 100% used [0x00000000eaa80000,0x00000000f1d00000,0x00000000f1d00000)
  from space 116224K, 56% used [0x00000000f1d00000,0x00000000f5ce03d0,0x00000000f8e80000)
  to   space 116224K, 0% used [0x00000000f8e80000,0x00000000f8e80000,0x0000000100000000)
 ParOldGen       total 505856K, used 387309K [0x00000000c0000000, 0x00000000dee00000, 0x00000000eaa80000)
  object space 505856K, 76% used [0x00000000c0000000,0x00000000d7a3b710,0x00000000dee00000)
 PSPermGen       total 21504K, used 6202K [0x00000000b5a00000, 0x00000000b6f00000, 0x00000000c0000000)
  object space 21504K, 28% used [0x00000000b5a00000,0x00000000b600eb78,0x00000000b6f00000)
Event: 20.091 GC heap after
Heap after GC invocations=31 (full 5):
 PSYoungGen      total 233472K, used 84602K [0x00000000eaa80000, 0x0000000100000000, 0x0000000100000000)
  eden space 117248K, 0% used [0x00000000eaa80000,0x00000000eaa80000,0x00000000f1d00000)
  from space 116224K, 72% used [0x00000000f8e80000,0x00000000fe11ebf8,0x0000000100000000)
  to   space 116224K, 0% used [0x00000000f1d00000,0x00000000f1d00000,0x00000000f8e80000)
 ParOldGen       total 505856K, used 387309K [0x00000000c0000000, 0x00000000dee00000, 0x00000000eaa80000)
  object space 505856K, 76% used [0x00000000c0000000,0x00000000d7a3b710,0x00000000dee00000)
 PSPermGen       total 21504K, used 6202K [0x00000000b5a00000, 0x00000000b6f00000, 0x00000000c0000000)
  object space 21504K, 28% used [0x00000000b5a00000,0x00000000b600eb78,0x00000000b6f00000)
}
Event: 20.373 GC heap before
{Heap before GC invocations=32 (full 5):
 PSYoungGen      total 233472K, used 201850K [0x00000000eaa80000, 0x0000000100000000, 0x0000000100000000)
  eden space 117248K, 100% used [0x00000000eaa80000,0x00000000f1d00000,0x00000000f1d00000)
  from space 116224K, 72% used [0x00000000f8e80000,0x00000000fe11ebf8,0x0000000100000000)
  to   space 116224K, 0% used [0x00000000f1d00000,0x00000000f1d00000,0x00000000f8e80000)
 ParOldGen       total 505856K, used 387309K [0x00000000c0000000, 0x00000000dee00000, 0x00000000eaa80000)
  object space 505856K, 76% used [0x00000000c0000000,0x00000000d7a3b710,0x00000000dee00000)
 PSPermGen       total 21504K, used 6206K [0x00000000b5a00000, 0x00000000b6f00000, 0x00000000c0000000)
  object space 21504K, 28% used [0x00000000b5a00000,0x00000000b600f968,0x00000000b6f00000)
Event: 20.484 GC heap after
Heap after GC invocations=32 (full 5):
 PSYoungGen      total 233472K, used 80354K [0x00000000eaa80000, 0x0000000100000000, 0x0000000100000000)
  eden space 117248K, 0% used [0x00000000eaa80000,0x00000000eaa80000,0x00000000f1d00000)
  from space 116224K, 69% used [0x00000000f1d00000,0x00000000f6b78a90,0x00000000f8e80000)
  to   space 116224K, 0% used [0x00000000f8e80000,0x00000000f8e80000,0x0000000100000000)
 ParOldGen       total 505856K, used 410711K [0x00000000c0000000, 0x00000000dee00000, 0x00000000eaa80000)
  object space 505856K, 81% used [0x00000000c0000000,0x00000000d9115d00,0x00000000dee00000)
 PSPermGen       total 21504K, used 6206K [0x00000000b5a00000, 0x00000000b6f00000, 0x00000000c0000000)
  object space 21504K, 28% used [0x00000000b5a00000,0x00000000b600f968,0x00000000b6f00000)
}
Event: 20.797 GC heap before
{Heap before GC invocations=33 (full 5):
 PSYoungGen      total 233472K, used 197602K [0x00000000eaa80000, 0x0000000100000000, 0x0000000100000000)
  eden space 117248K, 100% used [0x00000000eaa80000,0x00000000f1d00000,0x00000000f1d00000)
  from space 116224K, 69% used [0x00000000f1d00000,0x00000000f6b78a90,0x00000000f8e80000)
  to   space 116224K, 0% used [0x00000000f8e80000,0x00000000f8e80000,0x0000000100000000)
 ParOldGen       total 505856K, used 410711K [0x00000000c0000000, 0x00000000dee00000, 0x00000000eaa80000)
  object space 505856K, 81% used [0x00000000c0000000,0x00000000d9115d00,0x00000000dee00000)
 PSPermGen       total 21504K, used 6211K [0x00000000b5a00000, 0x00000000b6f00000, 0x00000000c0000000)
  object space 21504K, 28% used [0x00000000b5a00000,0x00000000b6010f38,0x00000000b6f00000)
Event: 20.957 GC heap after
Heap after GC invocations=33 (full 5):
 PSYoungGen      total 233472K, used 58360K [0x00000000eaa80000, 0x0000000100000000, 0x0000000100000000)
  eden space 117248K, 0% used [0x00000000eaa80000,0x00000000eaa80000,0x00000000f1d00000)
  from space 116224K, 50% used [0x00000000f8e80000,0x00000000fc77e280,0x0000000100000000)
  to   space 116224K, 0% used [0x00000000f1d00000,0x00000000f1d00000,0x00000000f8e80000)
 ParOldGen       total 505856K, used 451929K [0x00000000c0000000, 0x00000000dee00000, 0x00000000eaa80000)
  object space 505856K, 89% used [0x00000000c0000000,0x00000000db9566f8,0x00000000dee00000)
 PSPermGen       total 21504K, used 6211K [0x00000000b5a00000, 0x00000000b6f00000, 0x00000000c0000000)
  object space 21504K, 28% used [0x00000000b5a00000,0x00000000b6010f38,0x00000000b6f00000)
}
Event: 20.957 GC heap before
{Heap before GC invocations=34 (full 6):
 PSYoungGen      total 233472K, used 58360K [0x00000000eaa80000, 0x0000000100000000, 0x0000000100000000)
  eden space 117248K, 0% used [0x00000000eaa80000,0x00000000eaa80000,0x00000000f1d00000)
  from space 116224K, 50% used [0x00000000f8e80000,0x00000000fc77e280,0x0000000100000000)
  to   space 116224K, 0% used [0x00000000f1d00000,0x00000000f1d00000,0x00000000f8e80000)
 ParOldGen       total 505856K, used 451929K [0x00000000c0000000, 0x00000000dee00000, 0x00000000eaa80000)
  object space 505856K, 89% used [0x00000000c0000000,0x00000000db9566f8,0x00000000dee00000)
 PSPermGen       total 21504K, used 6211K [0x00000000b5a00000, 0x00000000b6f00000, 0x00000000c0000000)
  object space 21504K, 28% used [0x00000000b5a00000,0x00000000b6010f38,0x00000000b6f00000)

Deoptimization events (10 events):
Event: 15.823 Thread 0x00007f963c00a800 Uncommon trap: reason=bimorphic action=maybe_recompile pc=0x00007f96393ef018 method=com.android.dx.cf.code.BytecodeArray.parseInstruction(ILcom/android/dx/cf/code/BytecodeArray$Visitor;)I @ 1447
Event: 16.095 Thread 0x00007f963c00a800 Uncommon trap: reason=bimorphic action=maybe_recompile pc=0x00007f963922d428 method=com.android.dx.ssa.NormalSsaInsn.changeOneSource(ILcom/android/dx/rop/code/RegisterSpec;)V @ 113
Event: 16.095 Thread 0x00007f963c00a800 Uncommon trap: reason=bimorphic action=maybe_recompile pc=0x00007f963922d428 method=com.android.dx.ssa.NormalSsaInsn.changeOneSource(ILcom/android/dx/rop/code/RegisterSpec;)V @ 113
Event: 16.095 Thread 0x00007f963c00a800 Uncommon trap: reason=bimorphic action=maybe_recompile pc=0x00007f963922d428 method=com.android.dx.ssa.NormalSsaInsn.changeOneSource(ILcom/android/dx/rop/code/RegisterSpec;)V @ 113
Event: 16.095 Thread 0x00007f963c00a800 Uncommon trap: reason=bimorphic action=maybe_recompile pc=0x00007f963922d428 method=com.android.dx.ssa.NormalSsaInsn.changeOneSource(ILcom/android/dx/rop/code/RegisterSpec;)V @ 113
Event: 16.748 Thread 0x00007f963c00a800 Uncommon trap: reason=bimorphic action=maybe_recompile pc=0x00007f963938bbd4 method=com.android.dx.ssa.LiteralOpUpgrader.tryReplacingWithConstant(Lcom/android/dx/ssa/NormalSsaInsn;)Z @ 62
Event: 16.779 Thread 0x00007f963c00a800 Uncommon trap: reason=bimorphic action=maybe_recompile pc=0x00007f963916af54 method=com.android.dx.ssa.LiteralOpUpgrader.tryReplacingWithConstant(Lcom/android/dx/ssa/NormalSsaInsn;)Z @ 62
Event: 18.687 Thread 0x00007f963c00a800 Uncommon trap: reason=unstable_if action=reinterpret pc=0x00007f9639407024 method=com.android.dx.ssa.LiteralOpUpgrader$1.visitNonMoveInsn(Lcom/android/dx/ssa/NormalSsaInsn;)V @ 137
Event: 19.042 Thread 0x00007f963c00a800 Uncommon trap: reason=bimorphic action=maybe_recompile pc=0x00007f963940ecac method=com.android.dx.cf.code.BytecodeArray.parseInstruction(ILcom/android/dx/cf/code/BytecodeArray$Visitor;)I @ 1987
Event: 19.042 Thread 0x00007f963c00a800 Uncommon trap: reason=bimorphic action=maybe_recompile pc=0x00007f963940ecac method=com.android.dx.cf.code.BytecodeArray.parseInstruction(ILcom/android/dx/cf/code/BytecodeArray$Visitor;)I @ 1987

Internal exceptions (10 events):
Event: 6.598 Thread 0x00007f963c00a800 Implicit null exception at 0x00007f963916b4e4 to 0x00007f963916b7f5
Event: 6.599 Thread 0x00007f963c00a800 Implicit null exception at 0x00007f96391850f2 to 0x00007f9639186271
Event: 6.599 Thread 0x00007f963c00a800 Implicit null exception at 0x00007f96391085a7 to 0x00007f96391088a1
Event: 6.599 Thread 0x00007f963c00a800 Implicit null exception at 0x00007f96390b5338 to 0x00007f96390b548d
Event: 6.963 Thread 0x00007f963c00a800 Implicit null exception at 0x00007f963933cf0b to 0x00007f963933faad
Event: 8.355 Thread 0x00007f963c00a800 Threw 0x00000000eb9d2dc8 at /build/openjdk-7-HVzwJZ/openjdk-7-7u95-2.6.4/build/openjdk/hotspot/src/share/vm/prims/jvm.cpp:1322
Event: 8.359 Thread 0x00007f963c00a800 Implicit null exception at 0x00007f96392c7a72 to 0x00007f96392c7db9
Event: 9.245 Thread 0x00007f963c00a800 Threw 0x00000000ecb09cd0 at /build/openjdk-7-HVzwJZ/openjdk-7-7u95-2.6.4/build/openjdk/hotspot/src/share/vm/prims/jvm.cpp:1322
Event: 9.293 Thread 0x00007f963c00a800 Threw 0x00000000ed368f40 at /build/openjdk-7-HVzwJZ/openjdk-7-7u95-2.6.4/build/openjdk/hotspot/src/share/vm/prims/jvm.cpp:1322
Event: 9.595 Thread 0x00007f963c00a800 Threw 0x00000000f0d8bbc0 at /build/openjdk-7-HVzwJZ/openjdk-7-7u95-2.6.4/build/openjdk/hotspot/src/share/vm/prims/jvm.cpp:1322

Events (10 events):
Event: 19.718 Executing VM operation: ParallelGCFailedAllocation done
Event: 20.011 Executing VM operation: ParallelGCFailedAllocation
Event: 20.091 Executing VM operation: ParallelGCFailedAllocation done
Event: 20.373 Executing VM operation: ParallelGCFailedAllocation
Event: 20.484 Executing VM operation: ParallelGCFailedAllocation done
Event: 20.745 Thread 0x00007f963c0aa000 flushing nmethod 0x00007f96390a67d0
Event: 20.758 Thread 0x00007f963c0aa000 flushing nmethod 0x00007f96390def10
Event: 20.758 Thread 0x00007f963c0aa000 flushing nmethod 0x00007f96390fd690
Event: 20.792 Thread 0x00007f963c0ad000 flushing nmethod 0x00007f963911a450
Event: 20.796 Executing VM operation: ParallelGCFailedAllocation


Dynamic libraries:
00400000-00401000 r-xp 00000000 08:01 5508137                            /usr/lib/jvm/java-7-openjdk-amd64/jre/bin/java
00600000-00601000 r--p 00000000 08:01 5508137                            /usr/lib/jvm/java-7-openjdk-amd64/jre/bin/java
00601000-00602000 rw-p 00001000 08:01 5508137                            /usr/lib/jvm/java-7-openjdk-amd64/jre/bin/java
0156f000-01590000 rw-p 00000000 00:00 0                                  [heap]
b5a00000-b6f00000 rw-p 00000000 00:00 0 
b6f00000-c0000000 rw-p 00000000 00:00 0 
c0000000-dee00000 rw-p 00000000 00:00 0 
ea600000-eaa80000 rw-p 00000000 00:00 0 
eaa80000-100000000 rw-p 00000000 00:00 0 
7f9600000000-7f9600021000 rw-p 00000000 00:00 0 
7f9600021000-7f9604000000 ---p 00000000 00:00 0 
7f9604000000-7f9604021000 rw-p 00000000 00:00 0 
7f9604021000-7f9608000000 ---p 00000000 00:00 0 
7f960a6ab000-7f960a6dc000 rw-p 00000000 00:00 0 
7f960a6dc000-7f960a719000 r-xp 00000000 08:01 790495                     /lib/x86_64-linux-gnu/libpcre.so.3.13.1
7f960a719000-7f960a918000 ---p 0003d000 08:01 790495                     /lib/x86_64-linux-gnu/libpcre.so.3.13.1
7f960a918000-7f960a919000 r--p 0003c000 08:01 790495                     /lib/x86_64-linux-gnu/libpcre.so.3.13.1
7f960a919000-7f960a91a000 rw-p 0003d000 08:01 790495                     /lib/x86_64-linux-gnu/libpcre.so.3.13.1
7f960a91a000-7f960a921000 r-xp 00000000 08:01 4726848                    /usr/lib/x86_64-linux-gnu/libffi.so.6.0.1
7f960a921000-7f960ab20000 ---p 00007000 08:01 4726848                    /usr/lib/x86_64-linux-gnu/libffi.so.6.0.1
7f960ab20000-7f960ab21000 r--p 00006000 08:01 4726848                    /usr/lib/x86_64-linux-gnu/libffi.so.6.0.1
7f960ab21000-7f960ab22000 rw-p 00007000 08:01 4726848                    /usr/lib/x86_64-linux-gnu/libffi.so.6.0.1
7f960ab22000-7f960ab39000 r-xp 00000000 08:01 786614                     /lib/x86_64-linux-gnu/libresolv-2.19.so
7f960ab39000-7f960ad39000 ---p 00017000 08:01 786614                     /lib/x86_64-linux-gnu/libresolv-2.19.so
7f960ad39000-7f960ad3a000 r--p 00017000 08:01 786614                     /lib/x86_64-linux-gnu/libresolv-2.19.so
7f960ad3a000-7f960ad3b000 rw-p 00018000 08:01 786614                     /lib/x86_64-linux-gnu/libresolv-2.19.so
7f960ad3b000-7f960ad3d000 rw-p 00000000 00:00 0 
7f960ad3d000-7f960ad5d000 r-xp 00000000 08:01 790522                     /lib/x86_64-linux-gnu/libselinux.so.1
7f960ad5d000-7f960af5c000 ---p 00020000 08:01 790522                     /lib/x86_64-linux-gnu/libselinux.so.1
7f960af5c000-7f960af5d000 r--p 0001f000 08:01 790522                     /lib/x86_64-linux-gnu/libselinux.so.1
7f960af5d000-7f960af5e000 rw-p 00020000 08:01 790522                     /lib/x86_64-linux-gnu/libselinux.so.1
7f960af5e000-7f960af60000 rw-p 00000000 00:00 0 
7f960af60000-7f960af63000 r-xp 00000000 08:01 4726965                    /usr/lib/x86_64-linux-gnu/libgmodule-2.0.so.0.4000.0
7f960af63000-7f960b162000 ---p 00003000 08:01 4726965                    /usr/lib/x86_64-linux-gnu/libgmodule-2.0.so.0.4000.0
7f960b162000-7f960b163000 r--p 00002000 08:01 4726965                    /usr/lib/x86_64-linux-gnu/libgmodule-2.0.so.0.4000.0
7f960b163000-7f960b164000 rw-p 00003000 08:01 4726965                    /usr/lib/x86_64-linux-gnu/libgmodule-2.0.so.0.4000.0
7f960b164000-7f960b26a000 r-xp 00000000 08:01 790423                     /lib/x86_64-linux-gnu/libglib-2.0.so.0.4000.0
7f960b26a000-7f960b469000 ---p 00106000 08:01 790423                     /lib/x86_64-linux-gnu/libglib-2.0.so.0.4000.0
7f960b469000-7f960b46a000 r--p 00105000 08:01 790423                     /lib/x86_64-linux-gnu/libglib-2.0.so.0.4000.0
7f960b46a000-7f960b46b000 rw-p 00106000 08:01 790423                     /lib/x86_64-linux-gnu/libglib-2.0.so.0.4000.0
7f960b46b000-7f960b46c000 rw-p 00000000 00:00 0 
7f960b46c000-7f960b4bb000 r-xp 00000000 08:01 4726981                    /usr/lib/x86_64-linux-gnu/libgobject-2.0.so.0.4000.0
7f960b4bb000-7f960b6bb000 ---p 0004f000 08:01 4726981                    /usr/lib/x86_64-linux-gnu/libgobject-2.0.so.0.4000.0
7f960b6bb000-7f960b6bc000 r--p 0004f000 08:01 4726981                    /usr/lib/x86_64-linux-gnu/libgobject-2.0.so.0.4000.0
7f960b6bc000-7f960b6bd000 rw-p 00050000 08:01 4726981                    /usr/lib/x86_64-linux-gnu/libgobject-2.0.so.0.4000.0
7f960b6bd000-7f960b828000 r-xp 00000000 08:01 4726951                    /usr/lib/x86_64-linux-gnu/libgio-2.0.so.0.4000.0
7f960b828000-7f960ba28000 ---p 0016b000 08:01 4726951                    /usr/lib/x86_64-linux-gnu/libgio-2.0.so.0.4000.0
7f960ba28000-7f960ba2c000 r--p 0016b000 08:01 4726951                    /usr/lib/x86_64-linux-gnu/libgio-2.0.so.0.4000.0
7f960ba2c000-7f960ba2e000 rw-p 0016f000 08:01 4726951                    /usr/lib/x86_64-linux-gnu/libgio-2.0.so.0.4000.0
7f960ba2e000-7f960ba30000 rw-p 00000000 00:00 0 
7f960ba49000-7f960ba60000 r-xp 00000000 08:01 5917886                    /usr/lib/jvm/java-7-openjdk-amd64/jre/lib/amd64/libnet.so
7f960ba60000-7f960bc5f000 ---p 00017000 08:01 5917886                    /usr/lib/jvm/java-7-openjdk-amd64/jre/lib/amd64/libnet.so
7f960bc5f000-7f960bc60000 r--p 00016000 08:01 5917886                    /usr/lib/jvm/java-7-openjdk-amd64/jre/lib/amd64/libnet.so
7f960bc60000-7f960bc61000 rw-p 00017000 08:01 5917886                    /usr/lib/jvm/java-7-openjdk-amd64/jre/lib/amd64/libnet.so
7f960bc61000-7f960bc71000 r-xp 00000000 08:01 5917910                    /usr/lib/jvm/java-7-openjdk-amd64/jre/lib/amd64/libnio.so
7f960bc71000-7f960be71000 ---p 00010000 08:01 5917910                    /usr/lib/jvm/java-7-openjdk-amd64/jre/lib/amd64/libnio.so
7f960be71000-7f960be72000 r--p 00010000 08:01 5917910                    /usr/lib/jvm/java-7-openjdk-amd64/jre/lib/amd64/libnio.so
7f960be72000-7f960be73000 rw-p 00011000 08:01 5917910                    /usr/lib/jvm/java-7-openjdk-amd64/jre/lib/amd64/libnio.so
7f960be73000-7f960beff000 r--s 0077a000 08:01 10224546                   /home/raihan/OpenSrpWorkSpace/opensrp-client/opensrp-mcare/build/intermediates/multi-dex/debug/allclasses.jar
7f960beff000-7f960bf00000 ---p 00000000 00:00 0 
7f960bf00000-7f960c000000 rw-p 00000000 00:00 0                          [stack:17337]
7f960c000000-7f960d960000 rw-p 00000000 00:00 0 
7f960d960000-7f9610000000 ---p 00000000 00:00 0 
7f9610000000-7f9611286000 rw-p 00000000 00:00 0 
7f9611286000-7f9614000000 ---p 00000000 00:00 0 
7f9614000000-7f9614021000 rw-p 00000000 00:00 0 
7f9614021000-7f9618000000 ---p 00000000 00:00 0 
7f9618000000-7f9618021000 rw-p 00000000 00:00 0 
7f9618021000-7f961c000000 ---p 00000000 00:00 0 
7f961c000000-7f961c021000 rw-p 00000000 00:00 0 
7f961c021000-7f9620000000 ---p 00000000 00:00 0 
7f9620000000-7f9620021000 rw-p 00000000 00:00 0 
7f9620021000-7f9624000000 ---p 00000000 00:00 0 
7f9624000000-7f9624021000 rw-p 00000000 00:00 0 
7f9624021000-7f9628000000 ---p 00000000 00:00 0 
7f9628016000-7f9628019000 ---p 00000000 00:00 0 
7f9628019000-7f9628117000 rw-p 00000000 00:00 0                          [stack:17336]
7f9628117000-7f962811a000 ---p 00000000 00:00 0 
7f962811a000-7f9628218000 rw-p 00000000 00:00 0                          [stack:17335]
7f9628218000-7f962821b000 ---p 00000000 00:00 0 
7f962821b000-7f9628319000 rw-p 00000000 00:00 0                          [stack:17334]
7f9628319000-7f962831c000 ---p 00000000 00:00 0 
7f962831c000-7f962841a000 rw-p 00000000 00:00 0                          [stack:17333]
7f962841a000-7f9628b3d000 r--p 00000000 08:01 4725570                    /usr/lib/locale/locale-archive
7f9628b3d000-7f9628b40000 ---p 00000000 00:00 0 
7f9628b40000-7f9628c3e000 rw-p 00000000 00:00 0                          [stack:17332]
7f9628c3e000-7f9628c41000 ---p 00000000 00:00 0 
7f9628c41000-7f9628d3f000 rw-p 00000000 00:00 0                          [stack:17331]
7f9628d3f000-7f9628d40000 ---p 00000000 00:00 0 
7f9628d40000-7f962c000000 rw-p 00000000 00:00 0                          [stack:17330]
7f962c000000-7f962c021000 rw-p 00000000 00:00 0 
7f962c021000-7f9630000000 ---p 00000000 00:00 0 
7f9630000000-7f9630021000 rw-p 00000000 00:00 0 
7f9630021000-7f9634000000 ---p 00000000 00:00 0 
7f9634000000-7f9634021000 rw-p 00000000 00:00 0 
7f9634021000-7f9638000000 ---p 00000000 00:00 0 
7f9638001000-7f9638010000 r--s 000dd000 08:01 6177003                    /home/raihan/android-sdk-linux/build-tools/21.1.2/lib/dx.jar
7f9638010000-7f963837d000 rw-p 00000000 00:00 0 
7f963837d000-7f963852e000 r--s 01d30000 08:01 5508152                    /usr/lib/jvm/java-7-openjdk-amd64/jre/lib/rt.jar
7f963852e000-7f9638852000 rw-p 00000000 00:00 0 
7f9638852000-7f9638853000 ---p 00000000 00:00 0 
7f9638853000-7f9638953000 rw-p 00000000 00:00 0                          [stack:17329]
7f9638953000-7f9638954000 ---p 00000000 00:00 0 
7f9638954000-7f9638a54000 rw-p 00000000 00:00 0                          [stack:17328]
7f9638a54000-7f9638a55000 ---p 00000000 00:00 0 
7f9638a55000-7f9638b55000 rw-p 00000000 00:00 0                          [stack:17327]
7f9638b55000-7f9638b56000 ---p 00000000 00:00 0 
7f9638b56000-7f9638d4d000 rw-p 00000000 00:00 0                          [stack:17326]
7f9638d4d000-7f9638dac000 rw-p 00000000 00:00 0 
7f9638dac000-7f9638db7000 rw-p 00000000 00:00 0 
7f9638db7000-7f9638dff000 rw-p 00000000 00:00 0 
7f9638dff000-7f9638ef6000 rw-p 00000000 00:00 0 
7f9638ef6000-7f9638f54000 rw-p 00000000 00:00 0 
7f9638f54000-7f9638fff000 rw-p 00000000 00:00 0 
7f9638fff000-7f9639000000 rw-p 00000000 00:00 0 
7f9639000000-7f9639420000 rwxp 00000000 00:00 0 
7f9639420000-7f963c352000 rw-p 00000000 00:00 0 
7f963c352000-7f9640000000 ---p 00000000 00:00 0 
7f9640004000-7f9640007000 r--s 0000f000 08:01 5917931                    /usr/lib/jvm/java-7-openjdk-amd64/jre/lib/ext/icedtea-sound.jar
7f9640007000-7f964003a000 rw-p 00000000 00:00 0 
7f964003a000-7f9640082000 rw-p 00000000 00:00 0 
7f9640082000-7f964008a000 r-xp 00000000 08:01 5917892                    /usr/lib/jvm/java-7-openjdk-amd64/jre/lib/amd64/libzip.so
7f964008a000-7f9640289000 ---p 00008000 08:01 5917892                    /usr/lib/jvm/java-7-openjdk-amd64/jre/lib/amd64/libzip.so
7f9640289000-7f964028a000 r--p 00007000 08:01 5917892                    /usr/lib/jvm/java-7-openjdk-amd64/jre/lib/amd64/libzip.so
7f964028a000-7f964028b000 rw-p 00008000 08:01 5917892                    /usr/lib/jvm/java-7-openjdk-amd64/jre/lib/amd64/libzip.so
7f964028b000-7f9640296000 r-xp 00000000 08:01 786646                     /lib/x86_64-linux-gnu/libnss_files-2.19.so
7f9640296000-7f9640495000 ---p 0000b000 08:01 786646                     /lib/x86_64-linux-gnu/libnss_files-2.19.so
7f9640495000-7f9640496000 r--p 0000a000 08:01 786646                     /lib/x86_64-linux-gnu/libnss_files-2.19.so
7f9640496000-7f9640497000 rw-p 0000b000 08:01 786646                     /lib/x86_64-linux-gnu/libnss_files-2.19.so
7f9640497000-7f96404a2000 r-xp 00000000 08:01 786638                     /lib/x86_64-linux-gnu/libnss_nis-2.19.so
7f96404a2000-7f96406a1000 ---p 0000b000 08:01 786638                     /lib/x86_64-linux-gnu/libnss_nis-2.19.so
7f96406a1000-7f96406a2000 r--p 0000a000 08:01 786638                     /lib/x86_64-linux-gnu/libnss_nis-2.19.so
7f96406a2000-7f96406a3000 rw-p 0000b000 08:01 786638                     /lib/x86_64-linux-gnu/libnss_nis-2.19.so
7f96406a3000-7f96406ba000 r-xp 00000000 08:01 786634                     /lib/x86_64-linux-gnu/libnsl-2.19.so
7f96406ba000-7f96408b9000 ---p 00017000 08:01 786634                     /lib/x86_64-linux-gnu/libnsl-2.19.so
7f96408b9000-7f96408ba000 r--p 00016000 08:01 786634                     /lib/x86_64-linux-gnu/libnsl-2.19.so
7f96408ba000-7f96408bb000 rw-p 00017000 08:01 786634                     /lib/x86_64-linux-gnu/libnsl-2.19.so
7f96408bb000-7f96408bd000 rw-p 00000000 00:00 0 
7f96408bd000-7f96408c6000 r-xp 00000000 08:01 786633                     /lib/x86_64-linux-gnu/libnss_compat-2.19.so
7f96408c6000-7f9640ac5000 ---p 00009000 08:01 786633                     /lib/x86_64-linux-gnu/libnss_compat-2.19.so
7f9640ac5000-7f9640ac6000 r--p 00008000 08:01 786633                     /lib/x86_64-linux-gnu/libnss_compat-2.19.so
7f9640ac6000-7f9640ac7000 rw-p 00009000 08:01 786633                     /lib/x86_64-linux-gnu/libnss_compat-2.19.so
7f9640ac7000-7f9640af2000 r-xp 00000000 08:01 5917877                    /usr/lib/jvm/java-7-openjdk-amd64/jre/lib/amd64/libjava.so
7f9640af2000-7f9640cf2000 ---p 0002b000 08:01 5917877                    /usr/lib/jvm/java-7-openjdk-amd64/jre/lib/amd64/libjava.so
7f9640cf2000-7f9640cf3000 r--p 0002b000 08:01 5917877                    /usr/lib/jvm/java-7-openjdk-amd64/jre/lib/amd64/libjava.so
7f9640cf3000-7f9640cf5000 rw-p 0002c000 08:01 5917877                    /usr/lib/jvm/java-7-openjdk-amd64/jre/lib/amd64/libjava.so
7f9640cf5000-7f9640d05000 r-xp 00000000 08:01 5917878                    /usr/lib/jvm/java-7-openjdk-amd64/jre/lib/amd64/libverify.so
7f9640d05000-7f9640f04000 ---p 00010000 08:01 5917878                    /usr/lib/jvm/java-7-openjdk-amd64/jre/lib/amd64/libverify.so
7f9640f04000-7f9640f06000 r--p 0000f000 08:01 5917878                    /usr/lib/jvm/java-7-openjdk-amd64/jre/lib/amd64/libverify.so
7f9640f06000-7f9640f07000 rw-p 00011000 08:01 5917878                    /usr/lib/jvm/java-7-openjdk-amd64/jre/lib/amd64/libverify.so
7f9640f07000-7f9640f0e000 r-xp 00000000 08:01 786642                     /lib/x86_64-linux-gnu/librt-2.19.so
7f9640f0e000-7f964110d000 ---p 00007000 08:01 786642                     /lib/x86_64-linux-gnu/librt-2.19.so
7f964110d000-7f964110e000 r--p 00006000 08:01 786642                     /lib/x86_64-linux-gnu/librt-2.19.so
7f964110e000-7f964110f000 rw-p 00007000 08:01 786642                     /lib/x86_64-linux-gnu/librt-2.19.so
7f964110f000-7f9641125000 r-xp 00000000 08:01 786612                     /lib/x86_64-linux-gnu/libgcc_s.so.1
7f9641125000-7f9641324000 ---p 00016000 08:01 786612                     /lib/x86_64-linux-gnu/libgcc_s.so.1
7f9641324000-7f9641325000 rw-p 00015000 08:01 786612                     /lib/x86_64-linux-gnu/libgcc_s.so.1
7f9641325000-7f964142a000 r-xp 00000000 08:01 786618                     /lib/x86_64-linux-gnu/libm-2.19.so
7f964142a000-7f9641629000 ---p 00105000 08:01 786618                     /lib/x86_64-linux-gnu/libm-2.19.so
7f9641629000-7f964162a000 r--p 00104000 08:01 786618                     /lib/x86_64-linux-gnu/libm-2.19.so
7f964162a000-7f964162b000 rw-p 00105000 08:01 786618                     /lib/x86_64-linux-gnu/libm-2.19.so
7f964162b000-7f9641711000 r-xp 00000000 08:01 4721335                    /usr/lib/x86_64-linux-gnu/libstdc++.so.6.0.19
7f9641711000-7f9641910000 ---p 000e6000 08:01 4721335                    /usr/lib/x86_64-linux-gnu/libstdc++.so.6.0.19
7f9641910000-7f9641918000 r--p 000e5000 08:01 4721335                    /usr/lib/x86_64-linux-gnu/libstdc++.so.6.0.19
7f9641918000-7f964191a000 rw-p 000ed000 08:01 4721335                    /usr/lib/x86_64-linux-gnu/libstdc++.so.6.0.19
7f964191a000-7f964192f000 rw-p 00000000 00:00 0 
7f964192f000-7f9642453000 r-xp 00000000 08:01 5917890                    /usr/lib/jvm/java-7-openjdk-amd64/jre/lib/amd64/server/libjvm.so
7f9642453000-7f9642653000 ---p 00b24000 08:01 5917890                    /usr/lib/jvm/java-7-openjdk-amd64/jre/lib/amd64/server/libjvm.so
7f9642653000-7f96426ed000 r--p 00b24000 08:01 5917890                    /usr/lib/jvm/java-7-openjdk-amd64/jre/lib/amd64/server/libjvm.so
7f96426ed000-7f9642710000 rw-p 00bbe000 08:01 5917890                    /usr/lib/jvm/java-7-openjdk-amd64/jre/lib/amd64/server/libjvm.so
7f9642710000-7f964273e000 rw-p 00000000 00:00 0 
7f964273e000-7f9642756000 r-xp 00000000 08:01 790555                     /lib/x86_64-linux-gnu/libz.so.1.2.8
7f9642756000-7f9642955000 ---p 00018000 08:01 790555                     /lib/x86_64-linux-gnu/libz.so.1.2.8
7f9642955000-7f9642956000 r--p 00017000 08:01 790555                     /lib/x86_64-linux-gnu/libz.so.1.2.8
7f9642956000-7f9642957000 rw-p 00018000 08:01 790555                     /lib/x86_64-linux-gnu/libz.so.1.2.8
7f9642957000-7f9642970000 r-xp 00000000 08:01 786635                     /lib/x86_64-linux-gnu/libpthread-2.19.so
7f9642970000-7f9642b6f000 ---p 00019000 08:01 786635                     /lib/x86_64-linux-gnu/libpthread-2.19.so
7f9642b6f000-7f9642b70000 r--p 00018000 08:01 786635                     /lib/x86_64-linux-gnu/libpthread-2.19.so
7f9642b70000-7f9642b71000 rw-p 00019000 08:01 786635                     /lib/x86_64-linux-gnu/libpthread-2.19.so
7f9642b71000-7f9642b75000 rw-p 00000000 00:00 0 
7f9642b75000-7f9642b78000 r-xp 00000000 08:01 786630                     /lib/x86_64-linux-gnu/libdl-2.19.so
7f9642b78000-7f9642d77000 ---p 00003000 08:01 786630                     /lib/x86_64-linux-gnu/libdl-2.19.so
7f9642d77000-7f9642d78000 r--p 00002000 08:01 786630                     /lib/x86_64-linux-gnu/libdl-2.19.so
7f9642d78000-7f9642d79000 rw-p 00003000 08:01 786630                     /lib/x86_64-linux-gnu/libdl-2.19.so
7f9642d79000-7f9642f34000 r-xp 00000000 08:01 786643                     /lib/x86_64-linux-gnu/libc-2.19.so
7f9642f34000-7f9643133000 ---p 001bb000 08:01 786643                     /lib/x86_64-linux-gnu/libc-2.19.so
7f9643133000-7f9643137000 r--p 001ba000 08:01 786643                     /lib/x86_64-linux-gnu/libc-2.19.so
7f9643137000-7f9643139000 rw-p 001be000 08:01 786643                     /lib/x86_64-linux-gnu/libc-2.19.so
7f9643139000-7f964313e000 rw-p 00000000 00:00 0 
7f964313e000-7f964314b000 r-xp 00000000 08:01 5917907                    /usr/lib/jvm/java-7-openjdk-amd64/jre/lib/amd64/jli/libjli.so
7f964314b000-7f964334a000 ---p 0000d000 08:01 5917907                    /usr/lib/jvm/java-7-openjdk-amd64/jre/lib/amd64/jli/libjli.so
7f964334a000-7f964334b000 r--p 0000c000 08:01 5917907                    /usr/lib/jvm/java-7-openjdk-amd64/jre/lib/amd64/jli/libjli.so
7f964334b000-7f964334c000 rw-p 0000d000 08:01 5917907                    /usr/lib/jvm/java-7-openjdk-amd64/jre/lib/amd64/jli/libjli.so
7f964334c000-7f964336f000 r-xp 00000000 08:01 786636                     /lib/x86_64-linux-gnu/ld-2.19.so
7f9643371000-7f9643375000 r--s 00034000 08:01 5917930                    /usr/lib/jvm/java-7-openjdk-amd64/jre/lib/ext/sunjce_provider.jar
7f9643375000-7f964339e000 rw-p 00000000 00:00 0 
7f964339e000-7f964344d000 rw-p 00000000 00:00 0 
7f964344d000-7f9643450000 ---p 00000000 00:00 0 
7f9643450000-7f9643553000 rw-p 00000000 00:00 0                          [stack:17325]
7f9643554000-7f9643555000 rw-p 00000000 00:00 0 
7f9643555000-7f9643557000 r--s 00012000 08:01 5917929                    /usr/lib/jvm/java-7-openjdk-amd64/jre/lib/ext/zipfs.jar
7f9643557000-7f9643559000 r--s 00006000 08:01 5118243                    /usr/share/java/java-atk-wrapper.jar
7f9643559000-7f964355d000 r--s 0003c000 08:01 5917933                    /usr/lib/jvm/java-7-openjdk-amd64/jre/lib/ext/sunpkcs11.jar
7f964355d000-7f9643561000 r--s 00085000 08:01 5917932                    /usr/lib/jvm/java-7-openjdk-amd64/jre/lib/ext/localedata.jar
7f9643561000-7f9643562000 r--s 00002000 08:01 5917928                    /usr/lib/jvm/java-7-openjdk-amd64/jre/lib/ext/dnsns.jar
7f9643562000-7f964356a000 rw-s 00000000 08:01 1189092                    /tmp/hsperfdata_raihan/17320
7f964356a000-7f964356b000 rw-p 00000000 00:00 0 
7f964356b000-7f964356c000 ---p 00000000 00:00 0 
7f964356c000-7f964356e000 rw-p 00000000 00:00 0 
7f964356e000-7f964356f000 r--p 00022000 08:01 786636                     /lib/x86_64-linux-gnu/ld-2.19.so
7f964356f000-7f9643570000 rw-p 00023000 08:01 786636                     /lib/x86_64-linux-gnu/ld-2.19.so
7f9643570000-7f9643571000 rw-p 00000000 00:00 0 
7fffdbe9f000-7fffdbec0000 rw-p 00000000 00:00 0                          [stack]
7fffdbfcb000-7fffdbfcd000 r-xp 00000000 00:00 0                          [vdso]
ffffffffff600000-ffffffffff601000 r-xp 00000000 00:00 0                  [vsyscall]

VM Arguments:
jvm_args: -Xmx1024M -Dfile.encoding=UTF-8 -Duser.country=US -Duser.language=en -Duser.variant 
java_command: com.android.dx.command.Main --dex --multi-dex --main-dex-list /home/raihan/OpenSrpWorkSpace/opensrp-client/opensrp-mcare/build/intermediates/multi-dex/debug/maindexlist.txt --output /home/raihan/OpenSrpWorkSpace/opensrp-client/opensrp-mcare/build/intermediates/dex/debug /home/raihan/OpenSrpWorkSpace/opensrp-client/opensrp-mcare/build/intermediates/multi-dex/debug/allclasses.jar
Launcher Type: SUN_STANDARD

Environment Variables:
PATH=/usr/local/sbin:/usr/local/bin:/usr/sbin:/usr/bin:/sbin:/bin:/usr/games:/usr/local/games
LD_LIBRARY_PATH=android-studio/bin:
SHELL=/bin/bash
DISPLAY=:0

Signal Handlers:
SIGSEGV: [libjvm.so+0x9548f0], sa_mask[0]=0x7ffbfeff, sa_flags=0x10000004
SIGBUS: [libjvm.so+0x9548f0], sa_mask[0]=0x7ffbfeff, sa_flags=0x10000004
SIGFPE: [libjvm.so+0x7cb0b0], sa_mask[0]=0x7ffbfeff, sa_flags=0x10000004
SIGPIPE: [libjvm.so+0x7cb0b0], sa_mask[0]=0x7ffbfeff, sa_flags=0x10000004
SIGXFSZ: [libjvm.so+0x7cb0b0], sa_mask[0]=0x7ffbfeff, sa_flags=0x10000004
SIGILL: [libjvm.so+0x7cb0b0], sa_mask[0]=0x7ffbfeff, sa_flags=0x10000004
SIGUSR1: SIG_DFL, sa_mask[0]=0x00000000, sa_flags=0x00000000
SIGUSR2: [libjvm.so+0x7caf50], sa_mask[0]=0x00000004, sa_flags=0x10000004
SIGHUP: [libjvm.so+0x7cb130], sa_mask[0]=0x7ffbfeff, sa_flags=0x10000004
SIGINT: [libjvm.so+0x7cb130], sa_mask[0]=0x7ffbfeff, sa_flags=0x10000004
SIGTERM: [libjvm.so+0x7cb130], sa_mask[0]=0x7ffbfeff, sa_flags=0x10000004
SIGQUIT: [libjvm.so+0x7cb130], sa_mask[0]=0x7ffbfeff, sa_flags=0x10000004
SIGTRAP: SIG_DFL, sa_mask[0]=0x00000000, sa_flags=0x00000000


---------------  S Y S T E M  ---------------

OS:Ubuntu 14.04 (trusty)
uname:Linux 3.13.0-24-generic #46-Ubuntu SMP Thu Apr 10 19:11:08 UTC 2014 x86_64
libc:glibc 2.19 NPTL 2.19 
rlimit: STACK 8192k, CORE 0k, NPROC 30570, NOFILE 4096, AS infinity
load average:1.98 1.04 0.64

/proc/meminfo:
MemTotal:        3934516 kB
MemFree:          115124 kB
Buffers:             892 kB
Cached:           571080 kB
SwapCached:        26800 kB
Active:          2095436 kB
Inactive:         789884 kB
Active(anon):    2088888 kB
Inactive(anon):   783176 kB
Active(file):       6548 kB
Inactive(file):     6708 kB
Unevictable:         152 kB
Mlocked:             152 kB
SwapTotal:       4080636 kB
SwapFree:             12 kB
Dirty:                40 kB
Writeback:             0 kB
AnonPages:       2289088 kB
Mapped:           693208 kB
Shmem:            558544 kB
Slab:              92776 kB
SReclaimable:      38724 kB
SUnreclaim:        54052 kB
KernelStack:        6200 kB
PageTables:        76904 kB
NFS_Unstable:          0 kB
Bounce:                0 kB
WritebackTmp:          0 kB
CommitLimit:     6047892 kB
Committed_AS:   14093924 kB
VmallocTotal:   34359738367 kB
VmallocUsed:      553536 kB
VmallocChunk:   34359159900 kB
HardwareCorrupted:     0 kB
AnonHugePages:    176128 kB
HugePages_Total:       0
HugePages_Free:        0
HugePages_Rsvd:        0
HugePages_Surp:        0
Hugepagesize:       2048 kB
DirectMap4k:       67072 kB
DirectMap2M:     1918976 kB
DirectMap1G:     2097152 kB


CPU:total 4 (2 cores per cpu, 2 threads per core) family 6 model 61 stepping 4, cmov, cx8, fxsr, mmx, sse, sse2, sse3, ssse3, sse4.1, sse4.2, popcnt, avx, avx2, aes, erms, ht, tsc, tscinvbit

/proc/cpuinfo:
processor	: 0
vendor_id	: GenuineIntel
cpu family	: 6
model		: 61
model name	: Intel(R) Core(TM) i5-5200U CPU @ 2.20GHz
stepping	: 4
microcode	: 0x1f
cpu MHz		: 1600.000
cache size	: 3072 KB
physical id	: 0
siblings	: 4
core id		: 0
cpu cores	: 2
apicid		: 0
initial apicid	: 0
fpu		: yes
fpu_exception	: yes
cpuid level	: 20
wp		: yes
flags		: fpu vme de pse tsc msr pae mce cx8 apic sep mtrr pge mca cmov pat pse36 clflush dts acpi mmx fxsr sse sse2 ss ht tm pbe syscall nx pdpe1gb rdtscp lm constant_tsc arch_perfmon pebs bts rep_good nopl xtopology nonstop_tsc aperfmperf eagerfpu pni pclmulqdq dtes64 monitor ds_cpl vmx est tm2 ssse3 fma cx16 xtpr pdcm pcid sse4_1 sse4_2 x2apic movbe popcnt tsc_deadline_timer aes xsave avx f16c rdrand lahf_lm abm 3dnowprefetch ida arat epb xsaveopt pln pts dtherm tpr_shadow vnmi flexpriority ept vpid fsgsbase tsc_adjust bmi1 avx2 smep bmi2 erms invpcid rdseed adx smap
bogomips	: 4389.86
clflush size	: 64
cache_alignment	: 64
address sizes	: 39 bits physical, 48 bits virtual
power management:

processor	: 1
vendor_id	: GenuineIntel
cpu family	: 6
model		: 61
model name	: Intel(R) Core(TM) i5-5200U CPU @ 2.20GHz
stepping	: 4
microcode	: 0x1f
cpu MHz		: 2201.000
cache size	: 3072 KB
physical id	: 0
siblings	: 4
core id		: 0
cpu cores	: 2
apicid		: 1
initial apicid	: 1
fpu		: yes
fpu_exception	: yes
cpuid level	: 20
wp		: yes
flags		: fpu vme de pse tsc msr pae mce cx8 apic sep mtrr pge mca cmov pat pse36 clflush dts acpi mmx fxsr sse sse2 ss ht tm pbe syscall nx pdpe1gb rdtscp lm constant_tsc arch_perfmon pebs bts rep_good nopl xtopology nonstop_tsc aperfmperf eagerfpu pni pclmulqdq dtes64 monitor ds_cpl vmx est tm2 ssse3 fma cx16 xtpr pdcm pcid sse4_1 sse4_2 x2apic movbe popcnt tsc_deadline_timer aes xsave avx f16c rdrand lahf_lm abm 3dnowprefetch ida arat epb xsaveopt pln pts dtherm tpr_shadow vnmi flexpriority ept vpid fsgsbase tsc_adjust bmi1 avx2 smep bmi2 erms invpcid rdseed adx smap
bogomips	: 4389.86
clflush size	: 64
cache_alignment	: 64
address sizes	: 39 bits physical, 48 bits virtual
power management:

processor	: 2
vendor_id	: GenuineIntel
cpu family	: 6
model		: 61
model name	: Intel(R) Core(TM) i5-5200U CPU @ 2.20GHz
stepping	: 4
microcode	: 0x1f
cpu MHz		: 600.000
cache size	: 3072 KB
physical id	: 0
siblings	: 4
core id		: 1
cpu cores	: 2
apicid		: 2
initial apicid	: 2
fpu		: yes
fpu_exception	: yes
cpuid level	: 20
wp		: yes
flags		: fpu vme de pse tsc msr pae mce cx8 apic sep mtrr pge mca cmov pat pse36 clflush dts acpi mmx fxsr sse sse2 ss ht tm pbe syscall nx pdpe1gb rdtscp lm constant_tsc arch_perfmon pebs bts rep_good nopl xtopology nonstop_tsc aperfmperf eagerfpu pni pclmulqdq dtes64 monitor ds_cpl vmx est tm2 ssse3 fma cx16 xtpr pdcm pcid sse4_1 sse4_2 x2apic movbe popcnt tsc_deadline_timer aes xsave avx f16c rdrand lahf_lm abm 3dnowprefetch ida arat epb xsaveopt pln pts dtherm tpr_shadow vnmi flexpriority ept vpid fsgsbase tsc_adjust bmi1 avx2 smep bmi2 erms invpcid rdseed adx smap
bogomips	: 4389.86
clflush size	: 64
cache_alignment	: 64
address sizes	: 39 bits physical, 48 bits virtual
power management:

processor	: 3
vendor_id	: GenuineIntel
cpu family	: 6
model		: 61
model name	: Intel(R) Core(TM) i5-5200U CPU @ 2.20GHz
stepping	: 4
microcode	: 0x1f
cpu MHz		: 500.000
cache size	: 3072 KB
physical id	: 0
siblings	: 4
core id		: 1
cpu cores	: 2
apicid		: 3
initial apicid	: 3
fpu		: yes
fpu_exception	: yes
cpuid level	: 20
wp		: yes
flags		: fpu vme de pse tsc msr pae mce cx8 apic sep mtrr pge mca cmov pat pse36 clflush dts acpi mmx fxsr sse sse2 ss ht tm pbe syscall nx pdpe1gb rdtscp lm constant_tsc arch_perfmon pebs bts rep_good nopl xtopology nonstop_tsc aperfmperf eagerfpu pni pclmulqdq dtes64 monitor ds_cpl vmx est tm2 ssse3 fma cx16 xtpr pdcm pcid sse4_1 sse4_2 x2apic movbe popcnt tsc_deadline_timer aes xsave avx f16c rdrand lahf_lm abm 3dnowprefetch ida arat epb xsaveopt pln pts dtherm tpr_shadow vnmi flexpriority ept vpid fsgsbase tsc_adjust bmi1 avx2 smep bmi2 erms invpcid rdseed adx smap
bogomips	: 4389.86
clflush size	: 64
cache_alignment	: 64
address sizes	: 39 bits physical, 48 bits virtual
power management:



Memory: 4k page, physical 3934516k(115124k free), swap 4080636k(24k free)

vm_info: OpenJDK 64-Bit Server VM (24.95-b01) for linux-amd64 JRE (1.7.0_95-b00), built on Mar 24 2016 06:13:32 by "buildd" with gcc 4.8.2

time: Tue May 17 17:23:15 2016
elapsed time: 23 seconds

