#
# There is insufficient memory for the Java Runtime Environment to continue.
# Native memory allocation (malloc) failed to allocate 169345024 bytes for committing reserved memory.
# Possible reasons:
#   The system is out of physical RAM or swap space
#   In 32 bit mode, the process size limit was hit
# Possible solutions:
#   Reduce memory load on the system
#   Increase physical memory or swap space
#   Check if swap backing store is full
#   Use 64 bit Java on a 64 bit OS
#   Decrease Java heap size (-Xmx/-Xms)
#   Decrease number of Java threads
#   Decrease Java thread stack sizes (-Xss)
#   Set larger code cache with -XX:ReservedCodeCacheSize=
# This output file may be truncated or incomplete.
#
#  Out of Memory Error (os_linux.cpp:2827), pid=28040, tid=140159082137344
#
# JRE version: OpenJDK Runtime Environment (7.0_95) (build 1.7.0_95-b00)
# Java VM: OpenJDK 64-Bit Server VM (24.95-b01 mixed mode linux-amd64 compressed oops)
# Derivative: IcedTea 2.6.4
# Distribution: Ubuntu 14.04 LTS, package 7u95-2.6.4-0ubuntu0.14.04.2
# Failed to write core dump. Core dumps have been disabled. To enable core dumping, try "ulimit -c unlimited" before starting Java again
#

---------------  T H R E A D  ---------------

Current thread (0x00007f7950076000):  VMThread [stack: 0x00007f79543d8000,0x00007f79544d9000] [id=28051]

Stack: [0x00007f79543d8000,0x00007f79544d9000],  sp=0x00007f79544d7490,  free space=1021k
Native frames: (J=compiled Java code, j=interpreted, Vv=VM code, C=native code)
V  [libjvm.so+0x953e15]
V  [libjvm.so+0x48fd94]
V  [libjvm.so+0x7cf87b]
V  [libjvm.so+0x7ca33f]
V  [libjvm.so+0x83dacb]
V  [libjvm.so+0x82d86b]
V  [libjvm.so+0x82da2b]
V  [libjvm.so+0x82e958]
V  [libjvm.so+0x8355b4]
V  [libjvm.so+0x83bc0d]
V  [libjvm.so+0x7f2083]
V  [libjvm.so+0x955814]
V  [libjvm.so+0x959917]
V  [libjvm.so+0x9583d8]
V  [libjvm.so+0x958839]
V  [libjvm.so+0x958c82]
V  [libjvm.so+0x7cc742]

VM_Operation (0x00007f795969dcd0): ParallelGCFailedAllocation, mode: safepoint, requested by thread 0x00007f795000a800


---------------  P R O C E S S  ---------------

Java Threads: ( => current thread )
  0x00007f79500af800 JavaThread "Service Thread" daemon [_thread_blocked, id=28057, stack(0x00007f794c5da000,0x00007f794c6db000)]
  0x00007f79500ad000 JavaThread "C2 CompilerThread1" daemon [_thread_blocked, id=28056, stack(0x00007f794c6db000,0x00007f794c7dc000)]
  0x00007f79500aa000 JavaThread "C2 CompilerThread0" daemon [_thread_blocked, id=28055, stack(0x00007f794c7dc000,0x00007f794c8dd000)]
  0x00007f79500a8000 JavaThread "Signal Dispatcher" daemon [_thread_blocked, id=28054, stack(0x00007f79540d5000,0x00007f79541d6000)]
  0x00007f795007c000 JavaThread "Finalizer" daemon [_thread_blocked, id=28053, stack(0x00007f79541d6000,0x00007f79542d7000)]
  0x00007f795007a000 JavaThread "Reference Handler" daemon [_thread_blocked, id=28052, stack(0x00007f79542d7000,0x00007f79543d8000)]
  0x00007f795000a800 JavaThread "main" [_thread_blocked, id=28046, stack(0x00007f795959f000,0x00007f79596a0000)]

Other Threads:
=>0x00007f7950076000 VMThread [stack: 0x00007f79543d8000,0x00007f79544d9000] [id=28051]
  0x00007f79500ba000 WatcherThread [stack: 0x00007f794c4d9000,0x00007f794c5da000] [id=28058]

VM state:at safepoint (normal execution)

VM Mutex/Monitor currently owned by a thread:  ([mutex/lock_event])
[0x00007f7950006280] ExpandHeap_lock - owner thread: 0x00007f7950076000
[0x00007f7950006900] Threads_lock - owner thread: 0x00007f7950076000
[0x00007f7950006e00] Heap_lock - owner thread: 0x00007f795000a800

Heap
 PSYoungGen      total 233472K, used 30676K [0x00000000eaa80000, 0x0000000100000000, 0x0000000100000000)
  eden space 117248K, 0% used [0x00000000eaa80000,0x00000000eaa80000,0x00000000f1d00000)
  from space 116224K, 26% used [0x00000000f8e80000,0x00000000fac750f8,0x0000000100000000)
  to   space 116224K, 0% used [0x00000000f1d00000,0x00000000f1d00000,0x00000000f8e80000)
 ParOldGen       total 376832K, used 376480K [0x00000000c0000000, 0x00000000d7000000, 0x00000000eaa80000)
  object space 376832K, 99% used [0x00000000c0000000,0x00000000d6fa8160,0x00000000d7000000)
 PSPermGen       total 21504K, used 6170K [0x00000000b5a00000, 0x00000000b6f00000, 0x00000000c0000000)
  object space 21504K, 28% used [0x00000000b5a00000,0x00000000b6006a30,0x00000000b6f00000)

Card table byte_map: [0x00007f7955f80000,0x00007f79561d4000] byte_map_base: 0x00007f79559d3000

Polling page: 0x00007f79596bd000

Code Cache  [0x00007f794d000000, 0x00007f794d410000, 0x00007f7950000000)
 total_blobs=1293 nmethods=1065 adapters=181 free_code_cache=45199Kb largest_free_block=46084800

Compilation events (10 events):
Event: 17.557 Thread 0x00007f79500ad000 nmethod 1132 0x00007f794d233890 code [0x00007f794d2339e0, 0x00007f794d233a78]
Event: 17.557 Thread 0x00007f79500ad000 1134             java.util.WeakHashMap::indexFor (6 bytes)
Event: 17.557 Thread 0x00007f79500aa000 nmethod 1133 0x00007f794d2335d0 code [0x00007f794d233720, 0x00007f794d2337b8]
Event: 17.558 Thread 0x00007f79500ad000 nmethod 1134 0x00007f794d09b6d0 code [0x00007f794d09b800, 0x00007f794d09b838]
Event: 17.585 Thread 0x00007f79500aa000 1135   !         java.util.zip.ZipFile$ZipFileInputStream::close (110 bytes)
Event: 17.592 Thread 0x00007f79500aa000 nmethod 1135 0x00007f794d3d6590 code [0x00007f794d3d6720, 0x00007f794d3d70d8]
Event: 17.614 Thread 0x00007f79500ad000 1136             com.android.dx.rop.code.RegisterSpec::withLocalItem (41 bytes)
Event: 17.617 Thread 0x00007f79500ad000 nmethod 1136 0x00007f794d232d50 code [0x00007f794d232ea0, 0x00007f794d233288]
Event: 17.748 Thread 0x00007f79500aa000 1137             com.android.dx.ssa.LocalVariableExtractor::extract (14 bytes)
Event: 17.760 Thread 0x00007f79500aa000 nmethod 1137 0x00007f794d3d5290 code [0x00007f794d3d5460, 0x00007f794d3d5d88]

GC Heap History (10 events):
Event: 16.287 GC heap after
Heap after GC invocations=24 (full 4):
 PSYoungGen      total 233984K, used 83938K [0x00000000eaa80000, 0x0000000100000000, 0x0000000100000000)
  eden space 150016K, 0% used [0x00000000eaa80000,0x00000000eaa80000,0x00000000f3d00000)
  from space 83968K, 99% used [0x00000000fae00000,0x00000000ffff88d8,0x0000000100000000)
  to   space 99840K, 0% used [0x00000000f3d00000,0x00000000f3d00000,0x00000000f9e80000)
 ParOldGen       total 376832K, used 246040K [0x00000000c0000000, 0x00000000d7000000, 0x00000000eaa80000)
  object space 376832K, 65% used [0x00000000c0000000,0x00000000cf046050,0x00000000d7000000)
 PSPermGen       total 21504K, used 6161K [0x00000000b5a00000, 0x00000000b6f00000, 0x00000000c0000000)
  object space 21504K, 28% used [0x00000000b5a00000,0x00000000b6004648,0x00000000b6f00000)
}
Event: 16.629 GC heap before
{Heap before GC invocations=25 (full 4):
 PSYoungGen      total 233984K, used 233954K [0x00000000eaa80000, 0x0000000100000000, 0x0000000100000000)
  eden space 150016K, 100% used [0x00000000eaa80000,0x00000000f3d00000,0x00000000f3d00000)
  from space 83968K, 99% used [0x00000000fae00000,0x00000000ffff88d8,0x0000000100000000)
  to   space 99840K, 0% used [0x00000000f3d00000,0x00000000f3d00000,0x00000000f9e80000)
 ParOldGen       total 376832K, used 246040K [0x00000000c0000000, 0x00000000d7000000, 0x00000000eaa80000)
  object space 376832K, 65% used [0x00000000c0000000,0x00000000cf046050,0x00000000d7000000)
 PSPermGen       total 21504K, used 6162K [0x00000000b5a00000, 0x00000000b6f00000, 0x00000000c0000000)
  object space 21504K, 28% used [0x00000000b5a00000,0x00000000b60049a8,0x00000000b6f00000)
Event: 16.753 GC heap after
Heap after GC invocations=25 (full 4):
 PSYoungGen      total 210944K, used 60628K [0x00000000eaa80000, 0x0000000100000000, 0x0000000100000000)
  eden space 150016K, 0% used [0x00000000eaa80000,0x00000000eaa80000,0x00000000f3d00000)
  from space 60928K, 99% used [0x00000000f3d00000,0x00000000f7835048,0x00000000f7880000)
  to   space 101376K, 0% used [0x00000000f9d00000,0x00000000f9d00000,0x0000000100000000)
 ParOldGen       total 376832K, used 289449K [0x00000000c0000000, 0x00000000d7000000, 0x00000000eaa80000)
  object space 376832K, 76% used [0x00000000c0000000,0x00000000d1aaa568,0x00000000d7000000)
 PSPermGen       total 21504K, used 6162K [0x00000000b5a00000, 0x00000000b6f00000, 0x00000000c0000000)
  object space 21504K, 28% used [0x00000000b5a00000,0x00000000b60049a8,0x00000000b6f00000)
}
Event: 17.061 GC heap before
{Heap before GC invocations=26 (full 4):
 PSYoungGen      total 210944K, used 210644K [0x00000000eaa80000, 0x0000000100000000, 0x0000000100000000)
  eden space 150016K, 100% used [0x00000000eaa80000,0x00000000f3d00000,0x00000000f3d00000)
  from space 60928K, 99% used [0x00000000f3d00000,0x00000000f7835048,0x00000000f7880000)
  to   space 101376K, 0% used [0x00000000f9d00000,0x00000000f9d00000,0x0000000100000000)
 ParOldGen       total 376832K, used 289449K [0x00000000c0000000, 0x00000000d7000000, 0x00000000eaa80000)
  object space 376832K, 76% used [0x00000000c0000000,0x00000000d1aaa568,0x00000000d7000000)
 PSPermGen       total 21504K, used 6162K [0x00000000b5a00000, 0x00000000b6f00000, 0x00000000c0000000)
  object space 21504K, 28% used [0x00000000b5a00000,0x00000000b6004b18,0x00000000b6f00000)
Event: 17.133 GC heap after
Heap after GC invocations=26 (full 4):
 PSYoungGen      total 230912K, used 81916K [0x00000000eaa80000, 0x0000000100000000, 0x0000000100000000)
  eden space 129536K, 0% used [0x00000000eaa80000,0x00000000eaa80000,0x00000000f2900000)
  from space 101376K, 80% used [0x00000000f9d00000,0x00000000fecff350,0x0000000100000000)
  to   space 110080K, 0% used [0x00000000f2900000,0x00000000f2900000,0x00000000f9480000)
 ParOldGen       total 376832K, used 289449K [0x00000000c0000000, 0x00000000d7000000, 0x00000000eaa80000)
  object space 376832K, 76% used [0x00000000c0000000,0x00000000d1aaa568,0x00000000d7000000)
 PSPermGen       total 21504K, used 6162K [0x00000000b5a00000, 0x00000000b6f00000, 0x00000000c0000000)
  object space 21504K, 28% used [0x00000000b5a00000,0x00000000b6004b18,0x00000000b6f00000)
}
Event: 17.441 GC heap before
{Heap before GC invocations=27 (full 4):
 PSYoungGen      total 230912K, used 211452K [0x00000000eaa80000, 0x0000000100000000, 0x0000000100000000)
  eden space 129536K, 100% used [0x00000000eaa80000,0x00000000f2900000,0x00000000f2900000)
  from space 101376K, 80% used [0x00000000f9d00000,0x00000000fecff350,0x0000000100000000)
  to   space 110080K, 0% used [0x00000000f2900000,0x00000000f2900000,0x00000000f9480000)
 ParOldGen       total 376832K, used 289449K [0x00000000c0000000, 0x00000000d7000000, 0x00000000eaa80000)
  object space 376832K, 76% used [0x00000000c0000000,0x00000000d1aaa568,0x00000000d7000000)
 PSPermGen       total 21504K, used 6170K [0x00000000b5a00000, 0x00000000b6f00000, 0x00000000c0000000)
  object space 21504K, 28% used [0x00000000b5a00000,0x00000000b6006920,0x00000000b6f00000)
Event: 17.535 GC heap after
Heap after GC invocations=27 (full 4):
 PSYoungGen      total 231424K, used 101380K [0x00000000eaa80000, 0x0000000100000000, 0x0000000100000000)
  eden space 129536K, 0% used [0x00000000eaa80000,0x00000000eaa80000,0x00000000f2900000)
  from space 101888K, 99% used [0x00000000f2900000,0x00000000f8c01140,0x00000000f8c80000)
  to   space 116224K, 0% used [0x00000000f8e80000,0x00000000f8e80000,0x0000000100000000)
 ParOldGen       total 376832K, used 289449K [0x00000000c0000000, 0x00000000d7000000, 0x00000000eaa80000)
  object space 376832K, 76% used [0x00000000c0000000,0x00000000d1aaa568,0x00000000d7000000)
 PSPermGen       total 21504K, used 6170K [0x00000000b5a00000, 0x00000000b6f00000, 0x00000000c0000000)
  object space 21504K, 28% used [0x00000000b5a00000,0x00000000b6006920,0x00000000b6f00000)
}
Event: 17.808 GC heap before
{Heap before GC invocations=28 (full 4):
 PSYoungGen      total 231424K, used 230916K [0x00000000eaa80000, 0x0000000100000000, 0x0000000100000000)
  eden space 129536K, 100% used [0x00000000eaa80000,0x00000000f2900000,0x00000000f2900000)
  from space 101888K, 99% used [0x00000000f2900000,0x00000000f8c01140,0x00000000f8c80000)
  to   space 116224K, 0% used [0x00000000f8e80000,0x00000000f8e80000,0x0000000100000000)
 ParOldGen       total 376832K, used 289449K [0x00000000c0000000, 0x00000000d7000000, 0x00000000eaa80000)
  object space 376832K, 76% used [0x00000000c0000000,0x00000000d1aaa568,0x00000000d7000000)
 PSPermGen       total 21504K, used 6170K [0x00000000b5a00000, 0x00000000b6f00000, 0x00000000c0000000)
  object space 21504K, 28% used [0x00000000b5a00000,0x00000000b6006b30,0x00000000b6f00000)
Event: 17.944 GC heap after
Heap after GC invocations=28 (full 4):
 PSYoungGen      total 233472K, used 80096K [0x00000000eaa80000, 0x0000000100000000, 0x0000000100000000)
  eden space 117248K, 0% used [0x00000000eaa80000,0x00000000eaa80000,0x00000000f1d00000)
  from space 116224K, 68% used [0x00000000f8e80000,0x00000000fdcb8170,0x0000000100000000)
  to   space 116224K, 0% used [0x00000000f1d00000,0x00000000f1d00000,0x00000000f8e80000)
 ParOldGen       total 376832K, used 330361K [0x00000000c0000000, 0x00000000d7000000, 0x00000000eaa80000)
  object space 376832K, 87% used [0x00000000c0000000,0x00000000d429e690,0x00000000d7000000)
 PSPermGen       total 21504K, used 6170K [0x00000000b5a00000, 0x00000000b6f00000, 0x00000000c0000000)
  object space 21504K, 28% used [0x00000000b5a00000,0x00000000b6006b30,0x00000000b6f00000)
}
Event: 17.950 GC heap before
{Heap before GC invocations=29 (full 5):
 PSYoungGen      total 233472K, used 80096K [0x00000000eaa80000, 0x0000000100000000, 0x0000000100000000)
  eden space 117248K, 0% used [0x00000000eaa80000,0x00000000eaa80000,0x00000000f1d00000)
  from space 116224K, 68% used [0x00000000f8e80000,0x00000000fdcb8170,0x0000000100000000)
  to   space 116224K, 0% used [0x00000000f1d00000,0x00000000f1d00000,0x00000000f8e80000)
 ParOldGen       total 376832K, used 330361K [0x00000000c0000000, 0x00000000d7000000, 0x00000000eaa80000)
  object space 376832K, 87% used [0x00000000c0000000,0x00000000d429e690,0x00000000d7000000)
 PSPermGen       total 21504K, used 6170K [0x00000000b5a00000, 0x00000000b6f00000, 0x00000000c0000000)
  object space 21504K, 28% used [0x00000000b5a00000,0x00000000b6006b30,0x00000000b6f00000)

Deoptimization events (10 events):
Event: 15.411 Thread 0x00007f795000a800 Uncommon trap: reason=unstable_if action=reinterpret pc=0x00007f794d22caf0 method=com.android.dx.rop.code.RegisterSpecSet.<init>(I)V @ 2
Event: 15.567 Thread 0x00007f795000a800 Uncommon trap: reason=unstable_if action=reinterpret pc=0x00007f794d1047c0 method=com.android.dx.ssa.SCCP.simulateStmt(Lcom/android/dx/ssa/SsaInsn;)V @ 435
Event: 16.430 Thread 0x00007f795000a800 Uncommon trap: reason=bimorphic action=maybe_recompile pc=0x00007f794d237fac method=com.android.dx.cf.code.BytecodeArray.parseInstruction(ILcom/android/dx/cf/code/BytecodeArray$Visitor;)I @ 1447
Event: 16.430 Thread 0x00007f795000a800 Uncommon trap: reason=bimorphic action=maybe_recompile pc=0x00007f794d237fac method=com.android.dx.cf.code.BytecodeArray.parseInstruction(ILcom/android/dx/cf/code/BytecodeArray$Visitor;)I @ 1447
Event: 16.626 Thread 0x00007f795000a800 Uncommon trap: reason=bimorphic action=maybe_recompile pc=0x00007f794d16d4e8 method=com.android.dx.ssa.NormalSsaInsn.changeOneSource(ILcom/android/dx/rop/code/RegisterSpec;)V @ 113
Event: 16.626 Thread 0x00007f795000a800 Uncommon trap: reason=bimorphic action=maybe_recompile pc=0x00007f794d16d4e8 method=com.android.dx.ssa.NormalSsaInsn.changeOneSource(ILcom/android/dx/rop/code/RegisterSpec;)V @ 113
Event: 16.626 Thread 0x00007f795000a800 Uncommon trap: reason=bimorphic action=maybe_recompile pc=0x00007f794d16d4e8 method=com.android.dx.ssa.NormalSsaInsn.changeOneSource(ILcom/android/dx/rop/code/RegisterSpec;)V @ 113
Event: 16.626 Thread 0x00007f795000a800 Uncommon trap: reason=bimorphic action=maybe_recompile pc=0x00007f794d16d4e8 method=com.android.dx.ssa.NormalSsaInsn.changeOneSource(ILcom/android/dx/rop/code/RegisterSpec;)V @ 113
Event: 17.408 Thread 0x00007f795000a800 Uncommon trap: reason=bimorphic action=maybe_recompile pc=0x00007f794d396954 method=com.android.dx.ssa.LiteralOpUpgrader.tryReplacingWithConstant(Lcom/android/dx/ssa/NormalSsaInsn;)Z @ 62
Event: 17.535 Thread 0x00007f795000a800 Uncommon trap: reason=bimorphic action=maybe_recompile pc=0x00007f794d16e454 method=com.android.dx.ssa.LiteralOpUpgrader.tryReplacingWithConstant(Lcom/android/dx/ssa/NormalSsaInsn;)Z @ 62

Internal exceptions (10 events):
Event: 7.378 Thread 0x00007f795000a800 Implicit null exception at 0x00007f794d190b24 to 0x00007f794d190e35
Event: 7.378 Thread 0x00007f795000a800 Implicit null exception at 0x00007f794d18aeb2 to 0x00007f794d18c019
Event: 7.378 Thread 0x00007f795000a800 Implicit null exception at 0x00007f794d0fc927 to 0x00007f794d0fcc21
Event: 7.378 Thread 0x00007f795000a800 Implicit null exception at 0x00007f794d0b5078 to 0x00007f794d0b51cd
Event: 7.607 Thread 0x00007f795000a800 Implicit null exception at 0x00007f794d386917 to 0x00007f794d3892c1
Event: 8.893 Thread 0x00007f795000a800 Threw 0x00000000ebaed728 at /build/openjdk-7-HVzwJZ/openjdk-7-7u95-2.6.4/build/openjdk/hotspot/src/share/vm/prims/jvm.cpp:1322
Event: 8.895 Thread 0x00007f795000a800 Implicit null exception at 0x00007f794d30f5b2 to 0x00007f794d30f8f9
Event: 9.909 Thread 0x00007f795000a800 Threw 0x00000000ecd620f0 at /build/openjdk-7-HVzwJZ/openjdk-7-7u95-2.6.4/build/openjdk/hotspot/src/share/vm/prims/jvm.cpp:1322
Event: 9.958 Thread 0x00007f795000a800 Threw 0x00000000ed5c1f80 at /build/openjdk-7-HVzwJZ/openjdk-7-7u95-2.6.4/build/openjdk/hotspot/src/share/vm/prims/jvm.cpp:1322
Event: 10.181 Thread 0x00007f795000a800 Threw 0x00000000f0bb3c38 at /build/openjdk-7-HVzwJZ/openjdk-7-7u95-2.6.4/build/openjdk/hotspot/src/share/vm/prims/jvm.cpp:1322

Events (10 events):
Event: 17.315 Thread 0x00007f79500ad000 flushing nmethod 0x00007f794d3ebb90
Event: 17.408 Thread 0x00007f795000a800 Uncommon trap: trap_request=0xffffffc6 fr.pc=0x00007f794d396954
Event: 17.408 Thread 0x00007f795000a800 DEOPT PACKING pc=0x00007f794d396954 sp=0x00007f795969df00
Event: 17.408 Thread 0x00007f795000a800 DEOPT UNPACKING pc=0x00007f794d039445 sp=0x00007f795969ddc8 mode 2
Event: 17.441 Executing VM operation: ParallelGCFailedAllocation
Event: 17.535 Executing VM operation: ParallelGCFailedAllocation done
Event: 17.535 Thread 0x00007f795000a800 Uncommon trap: trap_request=0xffffffc6 fr.pc=0x00007f794d16e454
Event: 17.535 Thread 0x00007f795000a800 DEOPT PACKING pc=0x00007f794d16e454 sp=0x00007f795969de70
Event: 17.535 Thread 0x00007f795000a800 DEOPT UNPACKING pc=0x00007f794d039445 sp=0x00007f795969ddb0 mode 2
Event: 17.808 Executing VM operation: ParallelGCFailedAllocation


Dynamic libraries:
00400000-00401000 r-xp 00000000 08:01 5508137                            /usr/lib/jvm/java-7-openjdk-amd64/jre/bin/java
00600000-00601000 r--p 00000000 08:01 5508137                            /usr/lib/jvm/java-7-openjdk-amd64/jre/bin/java
00601000-00602000 rw-p 00001000 08:01 5508137                            /usr/lib/jvm/java-7-openjdk-amd64/jre/bin/java
0169f000-016c0000 rw-p 00000000 00:00 0                                  [heap]
b5a00000-b6f00000 rw-p 00000000 00:00 0 
b6f00000-c0000000 rw-p 00000000 00:00 0 
c0000000-d7000000 rw-p 00000000 00:00 0 
e1180000-eaa80000 rw-p 00000000 00:00 0 
eaa80000-100000000 rw-p 00000000 00:00 0 
7f7910000000-7f7910021000 rw-p 00000000 00:00 0 
7f7910021000-7f7914000000 ---p 00000000 00:00 0 
7f7914000000-7f7914021000 rw-p 00000000 00:00 0 
7f7914021000-7f7918000000 ---p 00000000 00:00 0 
7f7918000000-7f7919946000 rw-p 00000000 00:00 0 
7f7919946000-7f791c000000 ---p 00000000 00:00 0 
7f791c000000-7f791dcd5000 rw-p 00000000 00:00 0 
7f791dcd5000-7f7920000000 ---p 00000000 00:00 0 
7f7920000000-7f7920021000 rw-p 00000000 00:00 0 
7f7920021000-7f7924000000 ---p 00000000 00:00 0 
7f7924000000-7f7924021000 rw-p 00000000 00:00 0 
7f7924021000-7f7928000000 ---p 00000000 00:00 0 
7f7928000000-7f7928021000 rw-p 00000000 00:00 0 
7f7928021000-7f792c000000 ---p 00000000 00:00 0 
7f792c000000-7f792c021000 rw-p 00000000 00:00 0 
7f792c021000-7f7930000000 ---p 00000000 00:00 0 
7f7930000000-7f7930021000 rw-p 00000000 00:00 0 
7f7930021000-7f7934000000 ---p 00000000 00:00 0 
7f7938000000-7f7938021000 rw-p 00000000 00:00 0 
7f7938021000-7f793c000000 ---p 00000000 00:00 0 
7f7940000000-7f7940021000 rw-p 00000000 00:00 0 
7f7940021000-7f7944000000 ---p 00000000 00:00 0 
7f794477c000-7f79447b9000 r-xp 00000000 08:01 790495                     /lib/x86_64-linux-gnu/libpcre.so.3.13.1
7f79447b9000-7f79449b8000 ---p 0003d000 08:01 790495                     /lib/x86_64-linux-gnu/libpcre.so.3.13.1
7f79449b8000-7f79449b9000 r--p 0003c000 08:01 790495                     /lib/x86_64-linux-gnu/libpcre.so.3.13.1
7f79449b9000-7f79449ba000 rw-p 0003d000 08:01 790495                     /lib/x86_64-linux-gnu/libpcre.so.3.13.1
7f79449ba000-7f79449c1000 r-xp 00000000 08:01 4726848                    /usr/lib/x86_64-linux-gnu/libffi.so.6.0.1
7f79449c1000-7f7944bc0000 ---p 00007000 08:01 4726848                    /usr/lib/x86_64-linux-gnu/libffi.so.6.0.1
7f7944bc0000-7f7944bc1000 r--p 00006000 08:01 4726848                    /usr/lib/x86_64-linux-gnu/libffi.so.6.0.1
7f7944bc1000-7f7944bc2000 rw-p 00007000 08:01 4726848                    /usr/lib/x86_64-linux-gnu/libffi.so.6.0.1
7f7944bc2000-7f7944bd9000 r-xp 00000000 08:01 786614                     /lib/x86_64-linux-gnu/libresolv-2.19.so
7f7944bd9000-7f7944dd9000 ---p 00017000 08:01 786614                     /lib/x86_64-linux-gnu/libresolv-2.19.so
7f7944dd9000-7f7944dda000 r--p 00017000 08:01 786614                     /lib/x86_64-linux-gnu/libresolv-2.19.so
7f7944dda000-7f7944ddb000 rw-p 00018000 08:01 786614                     /lib/x86_64-linux-gnu/libresolv-2.19.so
7f7944ddb000-7f7944ddd000 rw-p 00000000 00:00 0 
7f7944ddd000-7f7944dfd000 r-xp 00000000 08:01 790522                     /lib/x86_64-linux-gnu/libselinux.so.1
7f7944dfd000-7f7944ffc000 ---p 00020000 08:01 790522                     /lib/x86_64-linux-gnu/libselinux.so.1
7f7944ffc000-7f7944ffd000 r--p 0001f000 08:01 790522                     /lib/x86_64-linux-gnu/libselinux.so.1
7f7944ffd000-7f7944ffe000 rw-p 00020000 08:01 790522                     /lib/x86_64-linux-gnu/libselinux.so.1
7f7944ffe000-7f7945000000 rw-p 00000000 00:00 0 
7f7945000000-7f7945003000 r-xp 00000000 08:01 4726965                    /usr/lib/x86_64-linux-gnu/libgmodule-2.0.so.0.4000.0
7f7945003000-7f7945202000 ---p 00003000 08:01 4726965                    /usr/lib/x86_64-linux-gnu/libgmodule-2.0.so.0.4000.0
7f7945202000-7f7945203000 r--p 00002000 08:01 4726965                    /usr/lib/x86_64-linux-gnu/libgmodule-2.0.so.0.4000.0
7f7945203000-7f7945204000 rw-p 00003000 08:01 4726965                    /usr/lib/x86_64-linux-gnu/libgmodule-2.0.so.0.4000.0
7f7945204000-7f794530a000 r-xp 00000000 08:01 790423                     /lib/x86_64-linux-gnu/libglib-2.0.so.0.4000.0
7f794530a000-7f7945509000 ---p 00106000 08:01 790423                     /lib/x86_64-linux-gnu/libglib-2.0.so.0.4000.0
7f7945509000-7f794550a000 r--p 00105000 08:01 790423                     /lib/x86_64-linux-gnu/libglib-2.0.so.0.4000.0
7f794550a000-7f794550b000 rw-p 00106000 08:01 790423                     /lib/x86_64-linux-gnu/libglib-2.0.so.0.4000.0
7f794550b000-7f794550c000 rw-p 00000000 00:00 0 
7f794550c000-7f794555b000 r-xp 00000000 08:01 4726981                    /usr/lib/x86_64-linux-gnu/libgobject-2.0.so.0.4000.0
7f794555b000-7f794575b000 ---p 0004f000 08:01 4726981                    /usr/lib/x86_64-linux-gnu/libgobject-2.0.so.0.4000.0
7f794575b000-7f794575c000 r--p 0004f000 08:01 4726981                    /usr/lib/x86_64-linux-gnu/libgobject-2.0.so.0.4000.0
7f794575c000-7f794575d000 rw-p 00050000 08:01 4726981                    /usr/lib/x86_64-linux-gnu/libgobject-2.0.so.0.4000.0
7f794575d000-7f79458c8000 r-xp 00000000 08:01 4726951                    /usr/lib/x86_64-linux-gnu/libgio-2.0.so.0.4000.0
7f79458c8000-7f7945ac8000 ---p 0016b000 08:01 4726951                    /usr/lib/x86_64-linux-gnu/libgio-2.0.so.0.4000.0
7f7945ac8000-7f7945acc000 r--p 0016b000 08:01 4726951                    /usr/lib/x86_64-linux-gnu/libgio-2.0.so.0.4000.0
7f7945acc000-7f7945ace000 rw-p 0016f000 08:01 4726951                    /usr/lib/x86_64-linux-gnu/libgio-2.0.so.0.4000.0
7f7945ace000-7f7948000000 rw-p 00000000 00:00 0 
7f7948000000-7f7948021000 rw-p 00000000 00:00 0 
7f7948021000-7f794c000000 ---p 00000000 00:00 0 
7f794c07e000-7f794c0af000 rw-p 00000000 00:00 0 
7f794c0af000-7f794c0c6000 r-xp 00000000 08:01 5917886                    /usr/lib/jvm/java-7-openjdk-amd64/jre/lib/amd64/libnet.so
7f794c0c6000-7f794c2c5000 ---p 00017000 08:01 5917886                    /usr/lib/jvm/java-7-openjdk-amd64/jre/lib/amd64/libnet.so
7f794c2c5000-7f794c2c6000 r--p 00016000 08:01 5917886                    /usr/lib/jvm/java-7-openjdk-amd64/jre/lib/amd64/libnet.so
7f794c2c6000-7f794c2c7000 rw-p 00017000 08:01 5917886                    /usr/lib/jvm/java-7-openjdk-amd64/jre/lib/amd64/libnet.so
7f794c2c7000-7f794c2d7000 r-xp 00000000 08:01 5917910                    /usr/lib/jvm/java-7-openjdk-amd64/jre/lib/amd64/libnio.so
7f794c2d7000-7f794c4d7000 ---p 00010000 08:01 5917910                    /usr/lib/jvm/java-7-openjdk-amd64/jre/lib/amd64/libnio.so
7f794c4d7000-7f794c4d8000 r--p 00010000 08:01 5917910                    /usr/lib/jvm/java-7-openjdk-amd64/jre/lib/amd64/libnio.so
7f794c4d8000-7f794c4d9000 rw-p 00011000 08:01 5917910                    /usr/lib/jvm/java-7-openjdk-amd64/jre/lib/amd64/libnio.so
7f794c4d9000-7f794c4da000 ---p 00000000 00:00 0 
7f794c4da000-7f794c5da000 rw-p 00000000 00:00 0                          [stack:28058]
7f794c5da000-7f794c5dd000 ---p 00000000 00:00 0 
7f794c5dd000-7f794c6db000 rw-p 00000000 00:00 0                          [stack:28057]
7f794c6db000-7f794c6de000 ---p 00000000 00:00 0 
7f794c6de000-7f794c7dc000 rw-p 00000000 00:00 0                          [stack:28056]
7f794c7dc000-7f794c7df000 ---p 00000000 00:00 0 
7f794c7df000-7f794c8dd000 rw-p 00000000 00:00 0                          [stack:28055]
7f794c8dd000-7f794d000000 r--p 00000000 08:01 4725570                    /usr/lib/locale/locale-archive
7f794d000000-7f794d410000 rwxp 00000000 00:00 0 
7f794d410000-7f7950322000 rw-p 00000000 00:00 0 
7f7950322000-7f7954000000 ---p 00000000 00:00 0 
7f7954038000-7f79540c3000 r--s 0077d000 08:01 10224546                   /home/raihan/OpenSrpWorkSpace/opensrp-client/opensrp-mcare/build/intermediates/multi-dex/debug/allclasses.jar
7f79540c3000-7f79540d2000 r--s 000dd000 08:01 6177003                    /home/raihan/android-sdk-linux/build-tools/21.1.2/lib/dx.jar
7f79540d2000-7f79540d5000 r--s 0000f000 08:01 5917931                    /usr/lib/jvm/java-7-openjdk-amd64/jre/lib/ext/icedtea-sound.jar
7f79540d5000-7f79540d8000 ---p 00000000 00:00 0 
7f79540d8000-7f79541d6000 rw-p 00000000 00:00 0                          [stack:28054]
7f79541d6000-7f79541d9000 ---p 00000000 00:00 0 
7f79541d9000-7f79542d7000 rw-p 00000000 00:00 0                          [stack:28053]
7f79542d7000-7f79542da000 ---p 00000000 00:00 0 
7f79542da000-7f79543d8000 rw-p 00000000 00:00 0                          [stack:28052]
7f79543d8000-7f79543d9000 ---p 00000000 00:00 0 
7f79543d9000-7f79554d6000 rw-p 00000000 00:00 0                          [stack:28051]
7f79554d6000-7f7955687000 r--s 01d30000 08:01 5508152                    /usr/lib/jvm/java-7-openjdk-amd64/jre/lib/rt.jar
7f7955687000-7f79559d3000 rw-p 00000000 00:00 0 
7f79559d3000-7f79559d4000 ---p 00000000 00:00 0 
7f79559d4000-7f7955ad4000 rw-p 00000000 00:00 0                          [stack:28050]
7f7955ad4000-7f7955ad5000 ---p 00000000 00:00 0 
7f7955ad5000-7f7955bd5000 rw-p 00000000 00:00 0                          [stack:28049]
7f7955bd5000-7f7955bd6000 ---p 00000000 00:00 0 
7f7955bd6000-7f7955cd6000 rw-p 00000000 00:00 0                          [stack:28048]
7f7955cd6000-7f7955cd7000 ---p 00000000 00:00 0 
7f7955cd7000-7f7955de2000 rw-p 00000000 00:00 0                          [stack:28047]
7f7955de2000-7f7955e2a000 rw-p 00000000 00:00 0 
7f7955e2a000-7f7955ee2000 rw-p 00000000 00:00 0 
7f7955ee2000-7f7955f80000 rw-p 00000000 00:00 0 
7f7955f80000-7f7955f8b000 rw-p 00000000 00:00 0 
7f7955f8b000-7f7955fd3000 rw-p 00000000 00:00 0 
7f7955fd3000-7f795608b000 rw-p 00000000 00:00 0 
7f795608b000-7f7956128000 rw-p 00000000 00:00 0 
7f7956128000-7f79561d3000 rw-p 00000000 00:00 0 
7f79561d3000-7f79561d4000 rw-p 00000000 00:00 0 
7f79561d4000-7f79561dc000 r-xp 00000000 08:01 5917892                    /usr/lib/jvm/java-7-openjdk-amd64/jre/lib/amd64/libzip.so
7f79561dc000-7f79563db000 ---p 00008000 08:01 5917892                    /usr/lib/jvm/java-7-openjdk-amd64/jre/lib/amd64/libzip.so
7f79563db000-7f79563dc000 r--p 00007000 08:01 5917892                    /usr/lib/jvm/java-7-openjdk-amd64/jre/lib/amd64/libzip.so
7f79563dc000-7f79563dd000 rw-p 00008000 08:01 5917892                    /usr/lib/jvm/java-7-openjdk-amd64/jre/lib/amd64/libzip.so
7f79563dd000-7f79563e8000 r-xp 00000000 08:01 786646                     /lib/x86_64-linux-gnu/libnss_files-2.19.so
7f79563e8000-7f79565e7000 ---p 0000b000 08:01 786646                     /lib/x86_64-linux-gnu/libnss_files-2.19.so
7f79565e7000-7f79565e8000 r--p 0000a000 08:01 786646                     /lib/x86_64-linux-gnu/libnss_files-2.19.so
7f79565e8000-7f79565e9000 rw-p 0000b000 08:01 786646                     /lib/x86_64-linux-gnu/libnss_files-2.19.so
7f79565e9000-7f79565f4000 r-xp 00000000 08:01 786638                     /lib/x86_64-linux-gnu/libnss_nis-2.19.so
7f79565f4000-7f79567f3000 ---p 0000b000 08:01 786638                     /lib/x86_64-linux-gnu/libnss_nis-2.19.so
7f79567f3000-7f79567f4000 r--p 0000a000 08:01 786638                     /lib/x86_64-linux-gnu/libnss_nis-2.19.so
7f79567f4000-7f79567f5000 rw-p 0000b000 08:01 786638                     /lib/x86_64-linux-gnu/libnss_nis-2.19.so
7f79567f5000-7f795680c000 r-xp 00000000 08:01 786634                     /lib/x86_64-linux-gnu/libnsl-2.19.so
7f795680c000-7f7956a0b000 ---p 00017000 08:01 786634                     /lib/x86_64-linux-gnu/libnsl-2.19.so
7f7956a0b000-7f7956a0c000 r--p 00016000 08:01 786634                     /lib/x86_64-linux-gnu/libnsl-2.19.so
7f7956a0c000-7f7956a0d000 rw-p 00017000 08:01 786634                     /lib/x86_64-linux-gnu/libnsl-2.19.so
7f7956a0d000-7f7956a0f000 rw-p 00000000 00:00 0 
7f7956a0f000-7f7956a18000 r-xp 00000000 08:01 786633                     /lib/x86_64-linux-gnu/libnss_compat-2.19.so
7f7956a18000-7f7956c17000 ---p 00009000 08:01 786633                     /lib/x86_64-linux-gnu/libnss_compat-2.19.so
7f7956c17000-7f7956c18000 r--p 00008000 08:01 786633                     /lib/x86_64-linux-gnu/libnss_compat-2.19.so
7f7956c18000-7f7956c19000 rw-p 00009000 08:01 786633                     /lib/x86_64-linux-gnu/libnss_compat-2.19.so
7f7956c19000-7f7956c44000 r-xp 00000000 08:01 5917877                    /usr/lib/jvm/java-7-openjdk-amd64/jre/lib/amd64/libjava.so
7f7956c44000-7f7956e44000 ---p 0002b000 08:01 5917877                    /usr/lib/jvm/java-7-openjdk-amd64/jre/lib/amd64/libjava.so
7f7956e44000-7f7956e45000 r--p 0002b000 08:01 5917877                    /usr/lib/jvm/java-7-openjdk-amd64/jre/lib/amd64/libjava.so
7f7956e45000-7f7956e47000 rw-p 0002c000 08:01 5917877                    /usr/lib/jvm/java-7-openjdk-amd64/jre/lib/amd64/libjava.so
7f7956e47000-7f7956e57000 r-xp 00000000 08:01 5917878                    /usr/lib/jvm/java-7-openjdk-amd64/jre/lib/amd64/libverify.so
7f7956e57000-7f7957056000 ---p 00010000 08:01 5917878                    /usr/lib/jvm/java-7-openjdk-amd64/jre/lib/amd64/libverify.so
7f7957056000-7f7957058000 r--p 0000f000 08:01 5917878                    /usr/lib/jvm/java-7-openjdk-amd64/jre/lib/amd64/libverify.so
7f7957058000-7f7957059000 rw-p 00011000 08:01 5917878                    /usr/lib/jvm/java-7-openjdk-amd64/jre/lib/amd64/libverify.so
7f7957059000-7f7957060000 r-xp 00000000 08:01 786642                     /lib/x86_64-linux-gnu/librt-2.19.so
7f7957060000-7f795725f000 ---p 00007000 08:01 786642                     /lib/x86_64-linux-gnu/librt-2.19.so
7f795725f000-7f7957260000 r--p 00006000 08:01 786642                     /lib/x86_64-linux-gnu/librt-2.19.so
7f7957260000-7f7957261000 rw-p 00007000 08:01 786642                     /lib/x86_64-linux-gnu/librt-2.19.so
7f7957261000-7f7957277000 r-xp 00000000 08:01 786612                     /lib/x86_64-linux-gnu/libgcc_s.so.1
7f7957277000-7f7957476000 ---p 00016000 08:01 786612                     /lib/x86_64-linux-gnu/libgcc_s.so.1
7f7957476000-7f7957477000 rw-p 00015000 08:01 786612                     /lib/x86_64-linux-gnu/libgcc_s.so.1
7f7957477000-7f795757c000 r-xp 00000000 08:01 786618                     /lib/x86_64-linux-gnu/libm-2.19.so
7f795757c000-7f795777b000 ---p 00105000 08:01 786618                     /lib/x86_64-linux-gnu/libm-2.19.so
7f795777b000-7f795777c000 r--p 00104000 08:01 786618                     /lib/x86_64-linux-gnu/libm-2.19.so
7f795777c000-7f795777d000 rw-p 00105000 08:01 786618                     /lib/x86_64-linux-gnu/libm-2.19.so
7f795777d000-7f7957863000 r-xp 00000000 08:01 4721335                    /usr/lib/x86_64-linux-gnu/libstdc++.so.6.0.19
7f7957863000-7f7957a62000 ---p 000e6000 08:01 4721335                    /usr/lib/x86_64-linux-gnu/libstdc++.so.6.0.19
7f7957a62000-7f7957a6a000 r--p 000e5000 08:01 4721335                    /usr/lib/x86_64-linux-gnu/libstdc++.so.6.0.19
7f7957a6a000-7f7957a6c000 rw-p 000ed000 08:01 4721335                    /usr/lib/x86_64-linux-gnu/libstdc++.so.6.0.19
7f7957a6c000-7f7957a81000 rw-p 00000000 00:00 0 
7f7957a81000-7f79585a5000 r-xp 00000000 08:01 5917890                    /usr/lib/jvm/java-7-openjdk-amd64/jre/lib/amd64/server/libjvm.so
7f79585a5000-7f79587a5000 ---p 00b24000 08:01 5917890                    /usr/lib/jvm/java-7-openjdk-amd64/jre/lib/amd64/server/libjvm.so
7f79587a5000-7f795883f000 r--p 00b24000 08:01 5917890                    /usr/lib/jvm/java-7-openjdk-amd64/jre/lib/amd64/server/libjvm.so
7f795883f000-7f7958862000 rw-p 00bbe000 08:01 5917890                    /usr/lib/jvm/java-7-openjdk-amd64/jre/lib/amd64/server/libjvm.so
7f7958862000-7f7958890000 rw-p 00000000 00:00 0 
7f7958890000-7f79588a8000 r-xp 00000000 08:01 790555                     /lib/x86_64-linux-gnu/libz.so.1.2.8
7f79588a8000-7f7958aa7000 ---p 00018000 08:01 790555                     /lib/x86_64-linux-gnu/libz.so.1.2.8
7f7958aa7000-7f7958aa8000 r--p 00017000 08:01 790555                     /lib/x86_64-linux-gnu/libz.so.1.2.8
7f7958aa8000-7f7958aa9000 rw-p 00018000 08:01 790555                     /lib/x86_64-linux-gnu/libz.so.1.2.8
7f7958aa9000-7f7958ac2000 r-xp 00000000 08:01 786635                     /lib/x86_64-linux-gnu/libpthread-2.19.so
7f7958ac2000-7f7958cc1000 ---p 00019000 08:01 786635                     /lib/x86_64-linux-gnu/libpthread-2.19.so
7f7958cc1000-7f7958cc2000 r--p 00018000 08:01 786635                     /lib/x86_64-linux-gnu/libpthread-2.19.so
7f7958cc2000-7f7958cc3000 rw-p 00019000 08:01 786635                     /lib/x86_64-linux-gnu/libpthread-2.19.so
7f7958cc3000-7f7958cc7000 rw-p 00000000 00:00 0 
7f7958cc7000-7f7958cca000 r-xp 00000000 08:01 786630                     /lib/x86_64-linux-gnu/libdl-2.19.so
7f7958cca000-7f7958ec9000 ---p 00003000 08:01 786630                     /lib/x86_64-linux-gnu/libdl-2.19.so
7f7958ec9000-7f7958eca000 r--p 00002000 08:01 786630                     /lib/x86_64-linux-gnu/libdl-2.19.so
7f7958eca000-7f7958ecb000 rw-p 00003000 08:01 786630                     /lib/x86_64-linux-gnu/libdl-2.19.so
7f7958ecb000-7f7959086000 r-xp 00000000 08:01 786643                     /lib/x86_64-linux-gnu/libc-2.19.so
7f7959086000-7f7959285000 ---p 001bb000 08:01 786643                     /lib/x86_64-linux-gnu/libc-2.19.so
7f7959285000-7f7959289000 r--p 001ba000 08:01 786643                     /lib/x86_64-linux-gnu/libc-2.19.so
7f7959289000-7f795928b000 rw-p 001be000 08:01 786643                     /lib/x86_64-linux-gnu/libc-2.19.so
7f795928b000-7f7959290000 rw-p 00000000 00:00 0 
7f7959290000-7f795929d000 r-xp 00000000 08:01 5917907                    /usr/lib/jvm/java-7-openjdk-amd64/jre/lib/amd64/jli/libjli.so
7f795929d000-7f795949c000 ---p 0000d000 08:01 5917907                    /usr/lib/jvm/java-7-openjdk-amd64/jre/lib/amd64/jli/libjli.so
7f795949c000-7f795949d000 r--p 0000c000 08:01 5917907                    /usr/lib/jvm/java-7-openjdk-amd64/jre/lib/amd64/jli/libjli.so
7f795949d000-7f795949e000 rw-p 0000d000 08:01 5917907                    /usr/lib/jvm/java-7-openjdk-amd64/jre/lib/amd64/jli/libjli.so
7f795949e000-7f79594c1000 r-xp 00000000 08:01 786636                     /lib/x86_64-linux-gnu/ld-2.19.so
7f79594c3000-7f79594c7000 r--s 00034000 08:01 5917930                    /usr/lib/jvm/java-7-openjdk-amd64/jre/lib/ext/sunjce_provider.jar
7f79594c7000-7f79594f0000 rw-p 00000000 00:00 0 
7f79594f0000-7f795959f000 rw-p 00000000 00:00 0 
7f795959f000-7f79595a2000 ---p 00000000 00:00 0 
7f79595a2000-7f79596a5000 rw-p 00000000 00:00 0                          [stack:28046]
7f79596a6000-7f79596a7000 rw-p 00000000 00:00 0 
7f79596a7000-7f79596a9000 r--s 00012000 08:01 5917929                    /usr/lib/jvm/java-7-openjdk-amd64/jre/lib/ext/zipfs.jar
7f79596a9000-7f79596ab000 r--s 00006000 08:01 5118243                    /usr/share/java/java-atk-wrapper.jar
7f79596ab000-7f79596af000 r--s 0003c000 08:01 5917933                    /usr/lib/jvm/java-7-openjdk-amd64/jre/lib/ext/sunpkcs11.jar
7f79596af000-7f79596b3000 r--s 00085000 08:01 5917932                    /usr/lib/jvm/java-7-openjdk-amd64/jre/lib/ext/localedata.jar
7f79596b3000-7f79596b4000 r--s 00002000 08:01 5917928                    /usr/lib/jvm/java-7-openjdk-amd64/jre/lib/ext/dnsns.jar
7f79596b4000-7f79596bc000 rw-s 00000000 08:01 1190813                    /tmp/hsperfdata_raihan/28040
7f79596bc000-7f79596bd000 rw-p 00000000 00:00 0 
7f79596bd000-7f79596be000 ---p 00000000 00:00 0 
7f79596be000-7f79596c0000 rw-p 00000000 00:00 0 
7f79596c0000-7f79596c1000 r--p 00022000 08:01 786636                     /lib/x86_64-linux-gnu/ld-2.19.so
7f79596c1000-7f79596c2000 rw-p 00023000 08:01 786636                     /lib/x86_64-linux-gnu/ld-2.19.so
7f79596c2000-7f79596c3000 rw-p 00000000 00:00 0 
7fff05a08000-7fff05a29000 rw-p 00000000 00:00 0                          [stack]
7fff05a34000-7fff05a36000 r-xp 00000000 00:00 0                          [vdso]
ffffffffff600000-ffffffffff601000 r-xp 00000000 00:00 0                  [vsyscall]

VM Arguments:
jvm_args: -Xmx1024M -Dfile.encoding=UTF-8 -Duser.country=US -Duser.language=en -Duser.variant 
java_command: com.android.dx.command.Main --dex --multi-dex --main-dex-list /home/raihan/OpenSrpWorkSpace/opensrp-client/opensrp-mcare/build/intermediates/multi-dex/debug/maindexlist.txt --output /home/raihan/OpenSrpWorkSpace/opensrp-client/opensrp-mcare/build/intermediates/dex/debug /home/raihan/OpenSrpWorkSpace/opensrp-client/opensrp-mcare/build/intermediates/multi-dex/debug/allclasses.jar
Launcher Type: SUN_STANDARD

Environment Variables:
PATH=/usr/local/sbin:/usr/local/bin:/usr/sbin:/usr/bin:/sbin:/bin:/usr/games:/usr/local/games
SHELL=/bin/bash
DISPLAY=:0

Signal Handlers:
SIGSEGV: [libjvm.so+0x9548f0], sa_mask[0]=0x7ffbfeff, sa_flags=0x10000004
SIGBUS: [libjvm.so+0x9548f0], sa_mask[0]=0x7ffbfeff, sa_flags=0x10000004
SIGFPE: [libjvm.so+0x7cb0b0], sa_mask[0]=0x7ffbfeff, sa_flags=0x10000004
SIGPIPE: [libjvm.so+0x7cb0b0], sa_mask[0]=0x7ffbfeff, sa_flags=0x10000004
SIGXFSZ: [libjvm.so+0x7cb0b0], sa_mask[0]=0x7ffbfeff, sa_flags=0x10000004
SIGILL: [libjvm.so+0x7cb0b0], sa_mask[0]=0x7ffbfeff, sa_flags=0x10000004
SIGUSR1: SIG_DFL, sa_mask[0]=0x00000000, sa_flags=0x00000000
SIGUSR2: [libjvm.so+0x7caf50], sa_mask[0]=0x00000004, sa_flags=0x10000004
SIGHUP: [libjvm.so+0x7cb130], sa_mask[0]=0x7ffbfeff, sa_flags=0x10000004
SIGINT: [libjvm.so+0x7cb130], sa_mask[0]=0x7ffbfeff, sa_flags=0x10000004
SIGTERM: [libjvm.so+0x7cb130], sa_mask[0]=0x7ffbfeff, sa_flags=0x10000004
SIGQUIT: [libjvm.so+0x7cb130], sa_mask[0]=0x7ffbfeff, sa_flags=0x10000004
SIGTRAP: SIG_DFL, sa_mask[0]=0x00000000, sa_flags=0x00000000


---------------  S Y S T E M  ---------------

OS:Ubuntu 14.04 (trusty)
uname:Linux 3.13.0-24-generic #46-Ubuntu SMP Thu Apr 10 19:11:08 UTC 2014 x86_64
libc:glibc 2.19 NPTL 2.19 
rlimit: STACK 8192k, CORE 0k, NPROC 30570, NOFILE 4096, AS infinity
load average:1.02 0.82 0.72

/proc/meminfo:
MemTotal:        3934516 kB
MemFree:          134356 kB
Buffers:            1212 kB
Cached:           672200 kB
SwapCached:        10360 kB
Active:          1937144 kB
Inactive:         893896 kB
Active(anon):    1925356 kB
Inactive(anon):   879320 kB
Active(file):      11788 kB
Inactive(file):    14576 kB
Unevictable:          84 kB
Mlocked:              84 kB
SwapTotal:       4080636 kB
SwapFree:          35792 kB
Dirty:               148 kB
Writeback:             0 kB
AnonPages:       2148992 kB
Mapped:           731656 kB
Shmem:            646868 kB
Slab:              89244 kB
SReclaimable:      37592 kB
SUnreclaim:        51652 kB
KernelStack:        6016 kB
PageTables:        72936 kB
NFS_Unstable:          0 kB
Bounce:                0 kB
WritebackTmp:          0 kB
CommitLimit:     6047892 kB
Committed_AS:   13381348 kB
VmallocTotal:   34359738367 kB
VmallocUsed:      553472 kB
VmallocChunk:   34359174780 kB
HardwareCorrupted:     0 kB
AnonHugePages:     88064 kB
HugePages_Total:       0
HugePages_Free:        0
HugePages_Rsvd:        0
HugePages_Surp:        0
Hugepagesize:       2048 kB
DirectMap4k:       73216 kB
DirectMap2M:     1912832 kB
DirectMap1G:     2097152 kB


CPU:total 4 (2 cores per cpu, 2 threads per core) family 6 model 61 stepping 4, cmov, cx8, fxsr, mmx, sse, sse2, sse3, ssse3, sse4.1, sse4.2, popcnt, avx, avx2, aes, erms, ht, tsc, tscinvbit

/proc/cpuinfo:
processor	: 0
vendor_id	: GenuineIntel
cpu family	: 6
model		: 61
model name	: Intel(R) Core(TM) i5-5200U CPU @ 2.20GHz
stepping	: 4
microcode	: 0x1f
cpu MHz		: 2000.000
cache size	: 3072 KB
physical id	: 0
siblings	: 4
core id		: 0
cpu cores	: 2
apicid		: 0
initial apicid	: 0
fpu		: yes
fpu_exception	: yes
cpuid level	: 20
wp		: yes
flags		: fpu vme de pse tsc msr pae mce cx8 apic sep mtrr pge mca cmov pat pse36 clflush dts acpi mmx fxsr sse sse2 ss ht tm pbe syscall nx pdpe1gb rdtscp lm constant_tsc arch_perfmon pebs bts rep_good nopl xtopology nonstop_tsc aperfmperf eagerfpu pni pclmulqdq dtes64 monitor ds_cpl vmx est tm2 ssse3 fma cx16 xtpr pdcm pcid sse4_1 sse4_2 x2apic movbe popcnt tsc_deadline_timer aes xsave avx f16c rdrand lahf_lm abm 3dnowprefetch ida arat epb xsaveopt pln pts dtherm tpr_shadow vnmi flexpriority ept vpid fsgsbase tsc_adjust bmi1 avx2 smep bmi2 erms invpcid rdseed adx smap
bogomips	: 4389.69
clflush size	: 64
cache_alignment	: 64
address sizes	: 39 bits physical, 48 bits virtual
power management:

processor	: 1
vendor_id	: GenuineIntel
cpu family	: 6
model		: 61
model name	: Intel(R) Core(TM) i5-5200U CPU @ 2.20GHz
stepping	: 4
microcode	: 0x1f
cpu MHz		: 2201.000
cache size	: 3072 KB
physical id	: 0
siblings	: 4
core id		: 0
cpu cores	: 2
apicid		: 1
initial apicid	: 1
fpu		: yes
fpu_exception	: yes
cpuid level	: 20
wp		: yes
flags		: fpu vme de pse tsc msr pae mce cx8 apic sep mtrr pge mca cmov pat pse36 clflush dts acpi mmx fxsr sse sse2 ss ht tm pbe syscall nx pdpe1gb rdtscp lm constant_tsc arch_perfmon pebs bts rep_good nopl xtopology nonstop_tsc aperfmperf eagerfpu pni pclmulqdq dtes64 monitor ds_cpl vmx est tm2 ssse3 fma cx16 xtpr pdcm pcid sse4_1 sse4_2 x2apic movbe popcnt tsc_deadline_timer aes xsave avx f16c rdrand lahf_lm abm 3dnowprefetch ida arat epb xsaveopt pln pts dtherm tpr_shadow vnmi flexpriority ept vpid fsgsbase tsc_adjust bmi1 avx2 smep bmi2 erms invpcid rdseed adx smap
bogomips	: 4389.69
clflush size	: 64
cache_alignment	: 64
address sizes	: 39 bits physical, 48 bits virtual
power management:

processor	: 2
vendor_id	: GenuineIntel
cpu family	: 6
model		: 61
model name	: Intel(R) Core(TM) i5-5200U CPU @ 2.20GHz
stepping	: 4
microcode	: 0x1f
cpu MHz		: 500.000
cache size	: 3072 KB
physical id	: 0
siblings	: 4
core id		: 1
cpu cores	: 2
apicid		: 2
initial apicid	: 2
fpu		: yes
fpu_exception	: yes
cpuid level	: 20
wp		: yes
flags		: fpu vme de pse tsc msr pae mce cx8 apic sep mtrr pge mca cmov pat pse36 clflush dts acpi mmx fxsr sse sse2 ss ht tm pbe syscall nx pdpe1gb rdtscp lm constant_tsc arch_perfmon pebs bts rep_good nopl xtopology nonstop_tsc aperfmperf eagerfpu pni pclmulqdq dtes64 monitor ds_cpl vmx est tm2 ssse3 fma cx16 xtpr pdcm pcid sse4_1 sse4_2 x2apic movbe popcnt tsc_deadline_timer aes xsave avx f16c rdrand lahf_lm abm 3dnowprefetch ida arat epb xsaveopt pln pts dtherm tpr_shadow vnmi flexpriority ept vpid fsgsbase tsc_adjust bmi1 avx2 smep bmi2 erms invpcid rdseed adx smap
bogomips	: 4389.69
clflush size	: 64
cache_alignment	: 64
address sizes	: 39 bits physical, 48 bits virtual
power management:

processor	: 3
vendor_id	: GenuineIntel
cpu family	: 6
model		: 61
model name	: Intel(R) Core(TM) i5-5200U CPU @ 2.20GHz
stepping	: 4
microcode	: 0x1f
cpu MHz		: 500.000
cache size	: 3072 KB
physical id	: 0
siblings	: 4
core id		: 1
cpu cores	: 2
apicid		: 3
initial apicid	: 3
fpu		: yes
fpu_exception	: yes
cpuid level	: 20
wp		: yes
flags		: fpu vme de pse tsc msr pae mce cx8 apic sep mtrr pge mca cmov pat pse36 clflush dts acpi mmx fxsr sse sse2 ss ht tm pbe syscall nx pdpe1gb rdtscp lm constant_tsc arch_perfmon pebs bts rep_good nopl xtopology nonstop_tsc aperfmperf eagerfpu pni pclmulqdq dtes64 monitor ds_cpl vmx est tm2 ssse3 fma cx16 xtpr pdcm pcid sse4_1 sse4_2 x2apic movbe popcnt tsc_deadline_timer aes xsave avx f16c rdrand lahf_lm abm 3dnowprefetch ida arat epb xsaveopt pln pts dtherm tpr_shadow vnmi flexpriority ept vpid fsgsbase tsc_adjust bmi1 avx2 smep bmi2 erms invpcid rdseed adx smap
bogomips	: 4389.69
clflush size	: 64
cache_alignment	: 64
address sizes	: 39 bits physical, 48 bits virtual
power management:



Memory: 4k page, physical 3934516k(134356k free), swap 4080636k(35792k free)

vm_info: OpenJDK 64-Bit Server VM (24.95-b01) for linux-amd64 JRE (1.7.0_95-b00), built on Mar 24 2016 06:13:32 by "buildd" with gcc 4.8.2

time: Tue Jun  7 17:56:05 2016
elapsed time: 19 seconds

