#
# There is insufficient memory for the Java Runtime Environment to continue.
# Native memory allocation (malloc) failed to allocate 171966464 bytes for committing reserved memory.
# Possible reasons:
#   The system is out of physical RAM or swap space
#   In 32 bit mode, the process size limit was hit
# Possible solutions:
#   Reduce memory load on the system
#   Increase physical memory or swap space
#   Check if swap backing store is full
#   Use 64 bit Java on a 64 bit OS
#   Decrease Java heap size (-Xmx/-Xms)
#   Decrease number of Java threads
#   Decrease Java thread stack sizes (-Xss)
#   Set larger code cache with -XX:ReservedCodeCacheSize=
# This output file may be truncated or incomplete.
#
#  Out of Memory Error (os_linux.cpp:2827), pid=24374, tid=140175924659968
#
# JRE version: OpenJDK Runtime Environment (7.0_95) (build 1.7.0_95-b00)
# Java VM: OpenJDK 64-Bit Server VM (24.95-b01 mixed mode linux-amd64 compressed oops)
# Derivative: IcedTea 2.6.4
# Distribution: Ubuntu 14.04 LTS, package 7u95-2.6.4-0ubuntu0.14.04.2
# Failed to write core dump. Core dumps have been disabled. To enable core dumping, try "ulimit -c unlimited" before starting Java again
#

---------------  T H R E A D  ---------------

Current thread (0x00007f7d3c076000):  VMThread [stack: 0x00007f7d40220000,0x00007f7d40321000] [id=24384]

Stack: [0x00007f7d40220000,0x00007f7d40321000],  sp=0x00007f7d4031f490,  free space=1021k
Native frames: (J=compiled Java code, j=interpreted, Vv=VM code, C=native code)
V  [libjvm.so+0x953e15]
V  [libjvm.so+0x48fd94]
V  [libjvm.so+0x7cf87b]
V  [libjvm.so+0x7ca33f]
V  [libjvm.so+0x83dacb]
V  [libjvm.so+0x82d86b]
V  [libjvm.so+0x82da2b]
V  [libjvm.so+0x82e958]
V  [libjvm.so+0x8355b4]
V  [libjvm.so+0x83bc0d]
V  [libjvm.so+0x7f2083]
V  [libjvm.so+0x955814]
V  [libjvm.so+0x959917]
V  [libjvm.so+0x9583d8]
V  [libjvm.so+0x958839]
V  [libjvm.so+0x958c82]
V  [libjvm.so+0x7cc742]

VM_Operation (0x00007f7d454e5d70): ParallelGCFailedAllocation, mode: safepoint, requested by thread 0x00007f7d3c00a800


---------------  P R O C E S S  ---------------

Java Threads: ( => current thread )
  0x00007f7d3c0b1800 JavaThread "Service Thread" daemon [_thread_blocked, id=24390, stack(0x00007f7d384d9000,0x00007f7d385da000)]
  0x00007f7d3c0af000 JavaThread "C2 CompilerThread1" daemon [_thread_blocked, id=24389, stack(0x00007f7d385da000,0x00007f7d386db000)]
  0x00007f7d3c0ac000 JavaThread "C2 CompilerThread0" daemon [_thread_blocked, id=24388, stack(0x00007f7d386db000,0x00007f7d387dc000)]
  0x00007f7d3c0aa000 JavaThread "Signal Dispatcher" daemon [_thread_blocked, id=24387, stack(0x00007f7d387dc000,0x00007f7d388dd000)]
  0x00007f7d3c07c000 JavaThread "Finalizer" daemon [_thread_blocked, id=24386, stack(0x00007f7d4001e000,0x00007f7d4011f000)]
  0x00007f7d3c07a000 JavaThread "Reference Handler" daemon [_thread_blocked, id=24385, stack(0x00007f7d4011f000,0x00007f7d40220000)]
  0x00007f7d3c00a800 JavaThread "main" [_thread_blocked, id=24379, stack(0x00007f7d453e7000,0x00007f7d454e8000)]

Other Threads:
=>0x00007f7d3c076000 VMThread [stack: 0x00007f7d40220000,0x00007f7d40321000] [id=24384]
  0x00007f7d3c0bc000 WatcherThread [stack: 0x00007f7d383d8000,0x00007f7d384d9000] [id=24391]

VM state:at safepoint (normal execution)

VM Mutex/Monitor currently owned by a thread:  ([mutex/lock_event])
[0x00007f7d3c006350] ExpandHeap_lock - owner thread: 0x00007f7d3c076000
[0x00007f7d3c0069d0] Threads_lock - owner thread: 0x00007f7d3c076000
[0x00007f7d3c006ed0] Heap_lock - owner thread: 0x00007f7d3c00a800

Heap
 PSYoungGen      total 233472K, used 15893K [0x00000000eaa80000, 0x0000000100000000, 0x0000000100000000)
  eden space 117248K, 0% used [0x00000000eaa80000,0x00000000eaa80000,0x00000000f1d00000)
  from space 116224K, 13% used [0x00000000f8e80000,0x00000000f9e05628,0x0000000100000000)
  to   space 116224K, 0% used [0x00000000f1d00000,0x00000000f1d00000,0x00000000f8e80000)
 ParOldGen       total 530944K, used 530819K [0x00000000c0000000, 0x00000000e0680000, 0x00000000eaa80000)
  object space 530944K, 99% used [0x00000000c0000000,0x00000000e0660df8,0x00000000e0680000)
 PSPermGen       total 21504K, used 6214K [0x00000000b5a00000, 0x00000000b6f00000, 0x00000000c0000000)
  object space 21504K, 28% used [0x00000000b5a00000,0x00000000b6011918,0x00000000b6f00000)

Card table byte_map: [0x00007f7d41dc8000,0x00007f7d4201c000] byte_map_base: 0x00007f7d4181b000

Polling page: 0x00007f7d45505000

Code Cache  [0x00007f7d39000000, 0x00007f7d39430000, 0x00007f7d3c000000)
 total_blobs=1356 nmethods=1128 adapters=181 free_code_cache=45226Kb largest_free_block=45942656

Compilation events (10 events):
Event: 23.479 Thread 0x00007f7d3c0ac000 1223             java.util.Date::getTimeImpl (27 bytes)
Event: 23.481 Thread 0x00007f7d3c0ac000 nmethod 1223 0x00007f7d392b7750 code [0x00007f7d392b78e0, 0x00007f7d392b7aa0]
Event: 23.484 Thread 0x00007f7d3c0ac000 1224             com.android.dx.cf.direct.MemberListParser::<init> (74 bytes)
Event: 23.485 Thread 0x00007f7d3c0ac000 nmethod 1224 0x00007f7d392e1550 code [0x00007f7d392e16a0, 0x00007f7d392e17b8]
Event: 23.485 Thread 0x00007f7d3c0ac000 1225             com.android.dx.cf.direct.MemberListParser::setObserver (6 bytes)
Event: 23.485 Thread 0x00007f7d3c0ac000 nmethod 1225 0x00007f7d392e1350 code [0x00007f7d392e1480, 0x00007f7d392e14f8]
Event: 23.485 Thread 0x00007f7d3c0ac000 1226             com.android.dx.cf.direct.MemberListParser::getEndOffset (9 bytes)
Event: 23.485 Thread 0x00007f7d3c0ac000 nmethod 1226 0x00007f7d392e10d0 code [0x00007f7d392e1220, 0x00007f7d392e12a8]
Event: 23.485 Thread 0x00007f7d3c0ac000 1227             com.android.dx.command.dexer.Main$Arguments::access$700 (5 bytes)
Event: 23.486 Thread 0x00007f7d3c0ac000 nmethod 1227 0x00007f7d392e0ed0 code [0x00007f7d392e1000, 0x00007f7d392e1058]

GC Heap History (10 events):
Event: 21.828 GC heap after
Heap after GC invocations=33 (full 5):
 PSYoungGen      total 226816K, used 78303K [0x00000000eaa80000, 0x0000000100000000, 0x0000000100000000)
  eden space 118272K, 0% used [0x00000000eaa80000,0x00000000eaa80000,0x00000000f1e00000)
  from space 108544K, 72% used [0x00000000f8d80000,0x00000000fd9f7e68,0x00000000ff780000)
  to   space 114176K, 0% used [0x00000000f1e00000,0x00000000f1e00000,0x00000000f8d80000)
 ParOldGen       total 530944K, used 395635K [0x00000000c0000000, 0x00000000e0680000, 0x00000000eaa80000)
  object space 530944K, 74% used [0x00000000c0000000,0x00000000d825cd60,0x00000000e0680000)
 PSPermGen       total 21504K, used 6200K [0x00000000b5a00000, 0x00000000b6f00000, 0x00000000c0000000)
  object space 21504K, 28% used [0x00000000b5a00000,0x00000000b600e190,0x00000000b6f00000)
}
Event: 22.112 GC heap before
{Heap before GC invocations=34 (full 5):
 PSYoungGen      total 226816K, used 196575K [0x00000000eaa80000, 0x0000000100000000, 0x0000000100000000)
  eden space 118272K, 100% used [0x00000000eaa80000,0x00000000f1e00000,0x00000000f1e00000)
  from space 108544K, 72% used [0x00000000f8d80000,0x00000000fd9f7e68,0x00000000ff780000)
  to   space 114176K, 0% used [0x00000000f1e00000,0x00000000f1e00000,0x00000000f8d80000)
 ParOldGen       total 530944K, used 395635K [0x00000000c0000000, 0x00000000e0680000, 0x00000000eaa80000)
  object space 530944K, 74% used [0x00000000c0000000,0x00000000d825cd60,0x00000000e0680000)
 PSPermGen       total 21504K, used 6204K [0x00000000b5a00000, 0x00000000b6f00000, 0x00000000c0000000)
  object space 21504K, 28% used [0x00000000b5a00000,0x00000000b600f070,0x00000000b6f00000)
Event: 22.280 GC heap after
Heap after GC invocations=34 (full 5):
 PSYoungGen      total 232448K, used 97197K [0x00000000eaa80000, 0x0000000100000000, 0x0000000100000000)
  eden space 118272K, 0% used [0x00000000eaa80000,0x00000000eaa80000,0x00000000f1e00000)
  from space 114176K, 85% used [0x00000000f1e00000,0x00000000f7ceb628,0x00000000f8d80000)
  to   space 116224K, 0% used [0x00000000f8e80000,0x00000000f8e80000,0x0000000100000000)
 ParOldGen       total 530944K, used 395635K [0x00000000c0000000, 0x00000000e0680000, 0x00000000eaa80000)
  object space 530944K, 74% used [0x00000000c0000000,0x00000000d825cd60,0x00000000e0680000)
 PSPermGen       total 21504K, used 6204K [0x00000000b5a00000, 0x00000000b6f00000, 0x00000000c0000000)
  object space 21504K, 28% used [0x00000000b5a00000,0x00000000b600f070,0x00000000b6f00000)
}
Event: 22.564 GC heap before
{Heap before GC invocations=35 (full 5):
 PSYoungGen      total 232448K, used 215469K [0x00000000eaa80000, 0x0000000100000000, 0x0000000100000000)
  eden space 118272K, 100% used [0x00000000eaa80000,0x00000000f1e00000,0x00000000f1e00000)
  from space 114176K, 85% used [0x00000000f1e00000,0x00000000f7ceb628,0x00000000f8d80000)
  to   space 116224K, 0% used [0x00000000f8e80000,0x00000000f8e80000,0x0000000100000000)
 ParOldGen       total 530944K, used 395635K [0x00000000c0000000, 0x00000000e0680000, 0x00000000eaa80000)
  object space 530944K, 74% used [0x00000000c0000000,0x00000000d825cd60,0x00000000e0680000)
 PSPermGen       total 21504K, used 6205K [0x00000000b5a00000, 0x00000000b6f00000, 0x00000000c0000000)
  object space 21504K, 28% used [0x00000000b5a00000,0x00000000b600f4c0,0x00000000b6f00000)
Event: 22.735 GC heap after
Heap after GC invocations=35 (full 5):
 PSYoungGen      total 233472K, used 80006K [0x00000000eaa80000, 0x0000000100000000, 0x0000000100000000)
  eden space 117248K, 0% used [0x00000000eaa80000,0x00000000eaa80000,0x00000000f1d00000)
  from space 116224K, 68% used [0x00000000f8e80000,0x00000000fdca1800,0x0000000100000000)
  to   space 116224K, 0% used [0x00000000f1d00000,0x00000000f1d00000,0x00000000f8e80000)
 ParOldGen       total 530944K, used 432456K [0x00000000c0000000, 0x00000000e0680000, 0x00000000eaa80000)
  object space 530944K, 81% used [0x00000000c0000000,0x00000000da6520c0,0x00000000e0680000)
 PSPermGen       total 21504K, used 6205K [0x00000000b5a00000, 0x00000000b6f00000, 0x00000000c0000000)
  object space 21504K, 28% used [0x00000000b5a00000,0x00000000b600f4c0,0x00000000b6f00000)
}
Event: 22.983 GC heap before
{Heap before GC invocations=36 (full 5):
 PSYoungGen      total 233472K, used 197254K [0x00000000eaa80000, 0x0000000100000000, 0x0000000100000000)
  eden space 117248K, 100% used [0x00000000eaa80000,0x00000000f1d00000,0x00000000f1d00000)
  from space 116224K, 68% used [0x00000000f8e80000,0x00000000fdca1800,0x0000000100000000)
  to   space 116224K, 0% used [0x00000000f1d00000,0x00000000f1d00000,0x00000000f8e80000)
 ParOldGen       total 530944K, used 432456K [0x00000000c0000000, 0x00000000e0680000, 0x00000000eaa80000)
  object space 530944K, 81% used [0x00000000c0000000,0x00000000da6520c0,0x00000000e0680000)
 PSPermGen       total 21504K, used 6213K [0x00000000b5a00000, 0x00000000b6f00000, 0x00000000c0000000)
  object space 21504K, 28% used [0x00000000b5a00000,0x00000000b60117b0,0x00000000b6f00000)
Event: 23.121 GC heap after
Heap after GC invocations=36 (full 5):
 PSYoungGen      total 233472K, used 56504K [0x00000000eaa80000, 0x0000000100000000, 0x0000000100000000)
  eden space 117248K, 0% used [0x00000000eaa80000,0x00000000eaa80000,0x00000000f1d00000)
  from space 116224K, 48% used [0x00000000f1d00000,0x00000000f542e080,0x00000000f8e80000)
  to   space 116224K, 0% used [0x00000000f8e80000,0x00000000f8e80000,0x0000000100000000)
 ParOldGen       total 530944K, used 473245K [0x00000000c0000000, 0x00000000e0680000, 0x00000000eaa80000)
  object space 530944K, 89% used [0x00000000c0000000,0x00000000dce276e0,0x00000000e0680000)
 PSPermGen       total 21504K, used 6213K [0x00000000b5a00000, 0x00000000b6f00000, 0x00000000c0000000)
  object space 21504K, 28% used [0x00000000b5a00000,0x00000000b60117b0,0x00000000b6f00000)
}
Event: 23.494 GC heap before
{Heap before GC invocations=37 (full 5):
 PSYoungGen      total 233472K, used 173752K [0x00000000eaa80000, 0x0000000100000000, 0x0000000100000000)
  eden space 117248K, 100% used [0x00000000eaa80000,0x00000000f1d00000,0x00000000f1d00000)
  from space 116224K, 48% used [0x00000000f1d00000,0x00000000f542e080,0x00000000f8e80000)
  to   space 116224K, 0% used [0x00000000f8e80000,0x00000000f8e80000,0x0000000100000000)
 ParOldGen       total 530944K, used 473245K [0x00000000c0000000, 0x00000000e0680000, 0x00000000eaa80000)
  object space 530944K, 89% used [0x00000000c0000000,0x00000000dce276e0,0x00000000e0680000)
 PSPermGen       total 21504K, used 6214K [0x00000000b5a00000, 0x00000000b6f00000, 0x00000000c0000000)
  object space 21504K, 28% used [0x00000000b5a00000,0x00000000b6011a18,0x00000000b6f00000)
Event: 23.618 GC heap after
Heap after GC invocations=37 (full 5):
 PSYoungGen      total 233472K, used 36584K [0x00000000eaa80000, 0x0000000100000000, 0x0000000100000000)
  eden space 117248K, 0% used [0x00000000eaa80000,0x00000000eaa80000,0x00000000f1d00000)
  from space 116224K, 31% used [0x00000000f8e80000,0x00000000fb23a110,0x0000000100000000)
  to   space 116224K, 0% used [0x00000000f1d00000,0x00000000f1d00000,0x00000000f8e80000)
 ParOldGen       total 530944K, used 511878K [0x00000000c0000000, 0x00000000e0680000, 0x00000000eaa80000)
  object space 530944K, 96% used [0x00000000c0000000,0x00000000df3e1910,0x00000000e0680000)
 PSPermGen       total 21504K, used 6214K [0x00000000b5a00000, 0x00000000b6f00000, 0x00000000c0000000)
  object space 21504K, 28% used [0x00000000b5a00000,0x00000000b6011a18,0x00000000b6f00000)
}
Event: 23.618 GC heap before
{Heap before GC invocations=38 (full 6):
 PSYoungGen      total 233472K, used 36584K [0x00000000eaa80000, 0x0000000100000000, 0x0000000100000000)
  eden space 117248K, 0% used [0x00000000eaa80000,0x00000000eaa80000,0x00000000f1d00000)
  from space 116224K, 31% used [0x00000000f8e80000,0x00000000fb23a110,0x0000000100000000)
  to   space 116224K, 0% used [0x00000000f1d00000,0x00000000f1d00000,0x00000000f8e80000)
 ParOldGen       total 530944K, used 511878K [0x00000000c0000000, 0x00000000e0680000, 0x00000000eaa80000)
  object space 530944K, 96% used [0x00000000c0000000,0x00000000df3e1910,0x00000000e0680000)
 PSPermGen       total 21504K, used 6214K [0x00000000b5a00000, 0x00000000b6f00000, 0x00000000c0000000)
  object space 21504K, 28% used [0x00000000b5a00000,0x00000000b6011a18,0x00000000b6f00000)

Deoptimization events (10 events):
Event: 16.609 Thread 0x00007f7d3c00a800 Uncommon trap: reason=bimorphic action=maybe_recompile pc=0x00007f7d391d3b68 method=com.android.dx.ssa.NormalSsaInsn.changeOneSource(ILcom/android/dx/rop/code/RegisterSpec;)V @ 113
Event: 19.626 Thread 0x00007f7d3c00a800 Uncommon trap: reason=bimorphic action=maybe_recompile pc=0x00007f7d39243fd4 method=com.android.dx.ssa.LiteralOpUpgrader.tryReplacingWithConstant(Lcom/android/dx/ssa/NormalSsaInsn;)Z @ 62
Event: 19.664 Thread 0x00007f7d3c00a800 Uncommon trap: reason=bimorphic action=maybe_recompile pc=0x00007f7d3917b314 method=com.android.dx.ssa.LiteralOpUpgrader.tryReplacingWithConstant(Lcom/android/dx/ssa/NormalSsaInsn;)Z @ 62
Event: 20.416 Thread 0x00007f7d3c00a800 Uncommon trap: reason=unstable_if action=reinterpret pc=0x00007f7d39376ba4 method=com.android.dx.ssa.LiteralOpUpgrader$1.visitNonMoveInsn(Lcom/android/dx/ssa/NormalSsaInsn;)V @ 137
Event: 20.738 Thread 0x00007f7d3c00a800 Uncommon trap: reason=bimorphic action=maybe_recompile pc=0x00007f7d39421a2c method=com.android.dx.cf.code.BytecodeArray.parseInstruction(ILcom/android/dx/cf/code/BytecodeArray$Visitor;)I @ 1987
Event: 20.741 Thread 0x00007f7d3c00a800 Uncommon trap: reason=bimorphic action=maybe_recompile pc=0x00007f7d39421a2c method=com.android.dx.cf.code.BytecodeArray.parseInstruction(ILcom/android/dx/cf/code/BytecodeArray$Visitor;)I @ 1987
Event: 21.044 Thread 0x00007f7d3c07a000 Uncommon trap: reason=unstable_if action=reinterpret pc=0x00007f7d390accd0 method=sun.misc.VM.addFinalRefCount(I)V @ 14
Event: 23.242 Thread 0x00007f7d3c00a800 Uncommon trap: reason=bimorphic action=maybe_recompile pc=0x00007f7d393cf024 method=com.android.dx.cf.code.BytecodeArray.parseInstruction(ILcom/android/dx/cf/code/BytecodeArray$Visitor;)I @ 1035
Event: 23.242 Thread 0x00007f7d3c00a800 Uncommon trap: reason=bimorphic action=maybe_recompile pc=0x00007f7d393cf098 method=com.android.dx.cf.code.BytecodeArray.parseInstruction(ILcom/android/dx/cf/code/BytecodeArray$Visitor;)I @ 1051
Event: 23.242 Thread 0x00007f7d3c00a800 Uncommon trap: reason=bimorphic action=maybe_recompile pc=0x00007f7d393cf098 method=com.android.dx.cf.code.BytecodeArray.parseInstruction(ILcom/android/dx/cf/code/BytecodeArray$Visitor;)I @ 1051

Internal exceptions (10 events):
Event: 6.810 Thread 0x00007f7d3c00a800 Implicit null exception at 0x00007f7d390f311b to 0x00007f7d390f3431
Event: 6.810 Thread 0x00007f7d3c00a800 Implicit null exception at 0x00007f7d39188469 to 0x00007f7d39188ef5
Event: 6.810 Thread 0x00007f7d3c00a800 Implicit null exception at 0x00007f7d390f7227 to 0x00007f7d390f7521
Event: 6.810 Thread 0x00007f7d3c00a800 Implicit null exception at 0x00007f7d390b5a38 to 0x00007f7d390b5b8d
Event: 7.585 Thread 0x00007f7d3c00a800 Implicit null exception at 0x00007f7d393801cb to 0x00007f7d39382b75
Event: 8.327 Thread 0x00007f7d3c00a800 Threw 0x00000000ebc41cf0 at /build/openjdk-7-HVzwJZ/openjdk-7-7u95-2.6.4/build/openjdk/hotspot/src/share/vm/prims/jvm.cpp:1322
Event: 8.328 Thread 0x00007f7d3c00a800 Implicit null exception at 0x00007f7d392a6112 to 0x00007f7d392a6435
Event: 9.233 Thread 0x00007f7d3c00a800 Threw 0x00000000ecf03fa0 at /build/openjdk-7-HVzwJZ/openjdk-7-7u95-2.6.4/build/openjdk/hotspot/src/share/vm/prims/jvm.cpp:1322
Event: 9.294 Thread 0x00007f7d3c00a800 Threw 0x00000000ed763530 at /build/openjdk-7-HVzwJZ/openjdk-7-7u95-2.6.4/build/openjdk/hotspot/src/share/vm/prims/jvm.cpp:1322
Event: 9.555 Thread 0x00007f7d3c00a800 Threw 0x00000000f117e070 at /build/openjdk-7-HVzwJZ/openjdk-7-7u95-2.6.4/build/openjdk/hotspot/src/share/vm/prims/jvm.cpp:1322

Events (10 events):
Event: 23.242 Thread 0x00007f7d3c00a800 DEOPT UNPACKING pc=0x00007f7d39039445 sp=0x00007f7d454e5de8 mode 2
Event: 23.242 Thread 0x00007f7d3c00a800 Uncommon trap: trap_request=0xffffffc6 fr.pc=0x00007f7d393cf098
Event: 23.242 Thread 0x00007f7d3c00a800 DEOPT PACKING pc=0x00007f7d393cf098 sp=0x00007f7d454e5e20
Event: 23.242 Thread 0x00007f7d3c00a800 DEOPT UNPACKING pc=0x00007f7d39039445 sp=0x00007f7d454e5de8 mode 2
Event: 23.242 Thread 0x00007f7d3c00a800 Uncommon trap: trap_request=0xffffffc6 fr.pc=0x00007f7d393cf098
Event: 23.242 Thread 0x00007f7d3c00a800 DEOPT PACKING pc=0x00007f7d393cf098 sp=0x00007f7d454e5e20
Event: 23.242 Thread 0x00007f7d3c00a800 DEOPT UNPACKING pc=0x00007f7d39039445 sp=0x00007f7d454e5de8 mode 2
Event: 23.363 Thread 0x00007f7d3c0ac000 flushing nmethod 0x00007f7d39399850
Event: 23.364 Thread 0x00007f7d3c0ac000 flushing nmethod 0x00007f7d3940d550
Event: 23.494 Executing VM operation: ParallelGCFailedAllocation


Dynamic libraries:
00400000-00401000 r-xp 00000000 08:01 5508137                            /usr/lib/jvm/java-7-openjdk-amd64/jre/bin/java
00600000-00601000 r--p 00000000 08:01 5508137                            /usr/lib/jvm/java-7-openjdk-amd64/jre/bin/java
00601000-00602000 rw-p 00001000 08:01 5508137                            /usr/lib/jvm/java-7-openjdk-amd64/jre/bin/java
01281000-012a2000 rw-p 00000000 00:00 0                                  [heap]
b5a00000-b6f00000 rw-p 00000000 00:00 0 
b6f00000-c0000000 rw-p 00000000 00:00 0 
c0000000-e0680000 rw-p 00000000 00:00 0 
eaa80000-100000000 rw-p 00000000 00:00 0 
7f7cfc000000-7f7cfc021000 rw-p 00000000 00:00 0 
7f7cfc021000-7f7d00000000 ---p 00000000 00:00 0 
7f7d04000000-7f7d0564a000 rw-p 00000000 00:00 0 
7f7d0564a000-7f7d08000000 ---p 00000000 00:00 0 
7f7d08000000-7f7d08021000 rw-p 00000000 00:00 0 
7f7d08021000-7f7d0c000000 ---p 00000000 00:00 0 
7f7d0c000000-7f7d0c021000 rw-p 00000000 00:00 0 
7f7d0c021000-7f7d10000000 ---p 00000000 00:00 0 
7f7d10000000-7f7d11bdc000 rw-p 00000000 00:00 0 
7f7d11bdc000-7f7d14000000 ---p 00000000 00:00 0 
7f7d14000000-7f7d14021000 rw-p 00000000 00:00 0 
7f7d14021000-7f7d18000000 ---p 00000000 00:00 0 
7f7d18000000-7f7d18021000 rw-p 00000000 00:00 0 
7f7d18021000-7f7d1c000000 ---p 00000000 00:00 0 
7f7d1c000000-7f7d1c021000 rw-p 00000000 00:00 0 
7f7d1c021000-7f7d20000000 ---p 00000000 00:00 0 
7f7d20000000-7f7d20021000 rw-p 00000000 00:00 0 
7f7d20021000-7f7d24000000 ---p 00000000 00:00 0 
7f7d24000000-7f7d24021000 rw-p 00000000 00:00 0 
7f7d24021000-7f7d28000000 ---p 00000000 00:00 0 
7f7d2c000000-7f7d2c021000 rw-p 00000000 00:00 0 
7f7d2c021000-7f7d30000000 ---p 00000000 00:00 0 
7f7d30564000-7f7d305a1000 r-xp 00000000 08:01 790495                     /lib/x86_64-linux-gnu/libpcre.so.3.13.1
7f7d305a1000-7f7d307a0000 ---p 0003d000 08:01 790495                     /lib/x86_64-linux-gnu/libpcre.so.3.13.1
7f7d307a0000-7f7d307a1000 r--p 0003c000 08:01 790495                     /lib/x86_64-linux-gnu/libpcre.so.3.13.1
7f7d307a1000-7f7d307a2000 rw-p 0003d000 08:01 790495                     /lib/x86_64-linux-gnu/libpcre.so.3.13.1
7f7d307a2000-7f7d307a9000 r-xp 00000000 08:01 4726848                    /usr/lib/x86_64-linux-gnu/libffi.so.6.0.1
7f7d307a9000-7f7d309a8000 ---p 00007000 08:01 4726848                    /usr/lib/x86_64-linux-gnu/libffi.so.6.0.1
7f7d309a8000-7f7d309a9000 r--p 00006000 08:01 4726848                    /usr/lib/x86_64-linux-gnu/libffi.so.6.0.1
7f7d309a9000-7f7d309aa000 rw-p 00007000 08:01 4726848                    /usr/lib/x86_64-linux-gnu/libffi.so.6.0.1
7f7d309aa000-7f7d309c1000 r-xp 00000000 08:01 786614                     /lib/x86_64-linux-gnu/libresolv-2.19.so
7f7d309c1000-7f7d30bc1000 ---p 00017000 08:01 786614                     /lib/x86_64-linux-gnu/libresolv-2.19.so
7f7d30bc1000-7f7d30bc2000 r--p 00017000 08:01 786614                     /lib/x86_64-linux-gnu/libresolv-2.19.so
7f7d30bc2000-7f7d30bc3000 rw-p 00018000 08:01 786614                     /lib/x86_64-linux-gnu/libresolv-2.19.so
7f7d30bc3000-7f7d30bc5000 rw-p 00000000 00:00 0 
7f7d30bc5000-7f7d30be5000 r-xp 00000000 08:01 790522                     /lib/x86_64-linux-gnu/libselinux.so.1
7f7d30be5000-7f7d30de4000 ---p 00020000 08:01 790522                     /lib/x86_64-linux-gnu/libselinux.so.1
7f7d30de4000-7f7d30de5000 r--p 0001f000 08:01 790522                     /lib/x86_64-linux-gnu/libselinux.so.1
7f7d30de5000-7f7d30de6000 rw-p 00020000 08:01 790522                     /lib/x86_64-linux-gnu/libselinux.so.1
7f7d30de6000-7f7d30de8000 rw-p 00000000 00:00 0 
7f7d30de8000-7f7d30deb000 r-xp 00000000 08:01 4726965                    /usr/lib/x86_64-linux-gnu/libgmodule-2.0.so.0.4000.0
7f7d30deb000-7f7d30fea000 ---p 00003000 08:01 4726965                    /usr/lib/x86_64-linux-gnu/libgmodule-2.0.so.0.4000.0
7f7d30fea000-7f7d30feb000 r--p 00002000 08:01 4726965                    /usr/lib/x86_64-linux-gnu/libgmodule-2.0.so.0.4000.0
7f7d30feb000-7f7d30fec000 rw-p 00003000 08:01 4726965                    /usr/lib/x86_64-linux-gnu/libgmodule-2.0.so.0.4000.0
7f7d30fec000-7f7d310f2000 r-xp 00000000 08:01 790423                     /lib/x86_64-linux-gnu/libglib-2.0.so.0.4000.0
7f7d310f2000-7f7d312f1000 ---p 00106000 08:01 790423                     /lib/x86_64-linux-gnu/libglib-2.0.so.0.4000.0
7f7d312f1000-7f7d312f2000 r--p 00105000 08:01 790423                     /lib/x86_64-linux-gnu/libglib-2.0.so.0.4000.0
7f7d312f2000-7f7d312f3000 rw-p 00106000 08:01 790423                     /lib/x86_64-linux-gnu/libglib-2.0.so.0.4000.0
7f7d312f3000-7f7d312f4000 rw-p 00000000 00:00 0 
7f7d312f4000-7f7d31343000 r-xp 00000000 08:01 4726981                    /usr/lib/x86_64-linux-gnu/libgobject-2.0.so.0.4000.0
7f7d31343000-7f7d31543000 ---p 0004f000 08:01 4726981                    /usr/lib/x86_64-linux-gnu/libgobject-2.0.so.0.4000.0
7f7d31543000-7f7d31544000 r--p 0004f000 08:01 4726981                    /usr/lib/x86_64-linux-gnu/libgobject-2.0.so.0.4000.0
7f7d31544000-7f7d31545000 rw-p 00050000 08:01 4726981                    /usr/lib/x86_64-linux-gnu/libgobject-2.0.so.0.4000.0
7f7d31545000-7f7d316b0000 r-xp 00000000 08:01 4726951                    /usr/lib/x86_64-linux-gnu/libgio-2.0.so.0.4000.0
7f7d316b0000-7f7d318b0000 ---p 0016b000 08:01 4726951                    /usr/lib/x86_64-linux-gnu/libgio-2.0.so.0.4000.0
7f7d318b0000-7f7d318b4000 r--p 0016b000 08:01 4726951                    /usr/lib/x86_64-linux-gnu/libgio-2.0.so.0.4000.0
7f7d318b4000-7f7d318b6000 rw-p 0016f000 08:01 4726951                    /usr/lib/x86_64-linux-gnu/libgio-2.0.so.0.4000.0
7f7d318b6000-7f7d318b8000 rw-p 00000000 00:00 0 
7f7d318b8000-7f7d318cf000 r-xp 00000000 08:01 5917886                    /usr/lib/jvm/java-7-openjdk-amd64/jre/lib/amd64/libnet.so
7f7d318cf000-7f7d31ace000 ---p 00017000 08:01 5917886                    /usr/lib/jvm/java-7-openjdk-amd64/jre/lib/amd64/libnet.so
7f7d31ace000-7f7d31acf000 r--p 00016000 08:01 5917886                    /usr/lib/jvm/java-7-openjdk-amd64/jre/lib/amd64/libnet.so
7f7d31acf000-7f7d31ad0000 rw-p 00017000 08:01 5917886                    /usr/lib/jvm/java-7-openjdk-amd64/jre/lib/amd64/libnet.so
7f7d31ad0000-7f7d34000000 rw-p 00000000 00:00 0 
7f7d34000000-7f7d34021000 rw-p 00000000 00:00 0 
7f7d34021000-7f7d38000000 ---p 00000000 00:00 0 
7f7d380f0000-7f7d38121000 rw-p 00000000 00:00 0 
7f7d3813a000-7f7d3814a000 r-xp 00000000 08:01 5917910                    /usr/lib/jvm/java-7-openjdk-amd64/jre/lib/amd64/libnio.so
7f7d3814a000-7f7d3834a000 ---p 00010000 08:01 5917910                    /usr/lib/jvm/java-7-openjdk-amd64/jre/lib/amd64/libnio.so
7f7d3834a000-7f7d3834b000 r--p 00010000 08:01 5917910                    /usr/lib/jvm/java-7-openjdk-amd64/jre/lib/amd64/libnio.so
7f7d3834b000-7f7d3834c000 rw-p 00011000 08:01 5917910                    /usr/lib/jvm/java-7-openjdk-amd64/jre/lib/amd64/libnio.so
7f7d3834c000-7f7d383d8000 r--s 0077b000 08:01 10224546                   /home/raihan/OpenSrpWorkSpace/opensrp-client/opensrp-mcare/build/intermediates/multi-dex/debug/allclasses.jar
7f7d383d8000-7f7d383d9000 ---p 00000000 00:00 0 
7f7d383d9000-7f7d384d9000 rw-p 00000000 00:00 0                          [stack:24391]
7f7d384d9000-7f7d384dc000 ---p 00000000 00:00 0 
7f7d384dc000-7f7d385da000 rw-p 00000000 00:00 0                          [stack:24390]
7f7d385da000-7f7d385dd000 ---p 00000000 00:00 0 
7f7d385dd000-7f7d386db000 rw-p 00000000 00:00 0                          [stack:24389]
7f7d386db000-7f7d386de000 ---p 00000000 00:00 0 
7f7d386de000-7f7d387dc000 rw-p 00000000 00:00 0                          [stack:24388]
7f7d387dc000-7f7d387df000 ---p 00000000 00:00 0 
7f7d387df000-7f7d388dd000 rw-p 00000000 00:00 0                          [stack:24387]
7f7d388dd000-7f7d39000000 r--p 00000000 08:01 4725570                    /usr/lib/locale/locale-archive
7f7d39000000-7f7d39430000 rwxp 00000000 00:00 0 
7f7d39430000-7f7d3c368000 rw-p 00000000 00:00 0 
7f7d3c368000-7f7d40000000 ---p 00000000 00:00 0 
7f7d4000c000-7f7d4001b000 r--s 000dd000 08:01 6177003                    /home/raihan/android-sdk-linux/build-tools/21.1.2/lib/dx.jar
7f7d4001b000-7f7d4001e000 r--s 0000f000 08:01 5917931                    /usr/lib/jvm/java-7-openjdk-amd64/jre/lib/ext/icedtea-sound.jar
7f7d4001e000-7f7d40021000 ---p 00000000 00:00 0 
7f7d40021000-7f7d4011f000 rw-p 00000000 00:00 0                          [stack:24386]
7f7d4011f000-7f7d40122000 ---p 00000000 00:00 0 
7f7d40122000-7f7d40220000 rw-p 00000000 00:00 0                          [stack:24385]
7f7d40220000-7f7d40221000 ---p 00000000 00:00 0 
7f7d40221000-7f7d4131e000 rw-p 00000000 00:00 0                          [stack:24384]
7f7d4131e000-7f7d414cf000 r--s 01d30000 08:01 5508152                    /usr/lib/jvm/java-7-openjdk-amd64/jre/lib/rt.jar
7f7d414cf000-7f7d4181b000 rw-p 00000000 00:00 0 
7f7d4181b000-7f7d4181c000 ---p 00000000 00:00 0 
7f7d4181c000-7f7d4191c000 rw-p 00000000 00:00 0                          [stack:24383]
7f7d4191c000-7f7d4191d000 ---p 00000000 00:00 0 
7f7d4191d000-7f7d41a1d000 rw-p 00000000 00:00 0                          [stack:24382]
7f7d41a1d000-7f7d41a1e000 ---p 00000000 00:00 0 
7f7d41a1e000-7f7d41b1e000 rw-p 00000000 00:00 0                          [stack:24381]
7f7d41b1e000-7f7d41b1f000 ---p 00000000 00:00 0 
7f7d41b1f000-7f7d41c2a000 rw-p 00000000 00:00 0                          [stack:24380]
7f7d41c2a000-7f7d41c72000 rw-p 00000000 00:00 0 
7f7d41c72000-7f7d41d76000 rw-p 00000000 00:00 0 
7f7d41d76000-7f7d41dc8000 rw-p 00000000 00:00 0 
7f7d41dc8000-7f7d41dd3000 rw-p 00000000 00:00 0 
7f7d41dd3000-7f7d41e1b000 rw-p 00000000 00:00 0 
7f7d41e1b000-7f7d41f1f000 rw-p 00000000 00:00 0 
7f7d41f1f000-7f7d41f70000 rw-p 00000000 00:00 0 
7f7d41f70000-7f7d4201b000 rw-p 00000000 00:00 0 
7f7d4201b000-7f7d4201c000 rw-p 00000000 00:00 0 
7f7d4201c000-7f7d42024000 r-xp 00000000 08:01 5917892                    /usr/lib/jvm/java-7-openjdk-amd64/jre/lib/amd64/libzip.so
7f7d42024000-7f7d42223000 ---p 00008000 08:01 5917892                    /usr/lib/jvm/java-7-openjdk-amd64/jre/lib/amd64/libzip.so
7f7d42223000-7f7d42224000 r--p 00007000 08:01 5917892                    /usr/lib/jvm/java-7-openjdk-amd64/jre/lib/amd64/libzip.so
7f7d42224000-7f7d42225000 rw-p 00008000 08:01 5917892                    /usr/lib/jvm/java-7-openjdk-amd64/jre/lib/amd64/libzip.so
7f7d42225000-7f7d42230000 r-xp 00000000 08:01 786646                     /lib/x86_64-linux-gnu/libnss_files-2.19.so
7f7d42230000-7f7d4242f000 ---p 0000b000 08:01 786646                     /lib/x86_64-linux-gnu/libnss_files-2.19.so
7f7d4242f000-7f7d42430000 r--p 0000a000 08:01 786646                     /lib/x86_64-linux-gnu/libnss_files-2.19.so
7f7d42430000-7f7d42431000 rw-p 0000b000 08:01 786646                     /lib/x86_64-linux-gnu/libnss_files-2.19.so
7f7d42431000-7f7d4243c000 r-xp 00000000 08:01 786638                     /lib/x86_64-linux-gnu/libnss_nis-2.19.so
7f7d4243c000-7f7d4263b000 ---p 0000b000 08:01 786638                     /lib/x86_64-linux-gnu/libnss_nis-2.19.so
7f7d4263b000-7f7d4263c000 r--p 0000a000 08:01 786638                     /lib/x86_64-linux-gnu/libnss_nis-2.19.so
7f7d4263c000-7f7d4263d000 rw-p 0000b000 08:01 786638                     /lib/x86_64-linux-gnu/libnss_nis-2.19.so
7f7d4263d000-7f7d42654000 r-xp 00000000 08:01 786634                     /lib/x86_64-linux-gnu/libnsl-2.19.so
7f7d42654000-7f7d42853000 ---p 00017000 08:01 786634                     /lib/x86_64-linux-gnu/libnsl-2.19.so
7f7d42853000-7f7d42854000 r--p 00016000 08:01 786634                     /lib/x86_64-linux-gnu/libnsl-2.19.so
7f7d42854000-7f7d42855000 rw-p 00017000 08:01 786634                     /lib/x86_64-linux-gnu/libnsl-2.19.so
7f7d42855000-7f7d42857000 rw-p 00000000 00:00 0 
7f7d42857000-7f7d42860000 r-xp 00000000 08:01 786633                     /lib/x86_64-linux-gnu/libnss_compat-2.19.so
7f7d42860000-7f7d42a5f000 ---p 00009000 08:01 786633                     /lib/x86_64-linux-gnu/libnss_compat-2.19.so
7f7d42a5f000-7f7d42a60000 r--p 00008000 08:01 786633                     /lib/x86_64-linux-gnu/libnss_compat-2.19.so
7f7d42a60000-7f7d42a61000 rw-p 00009000 08:01 786633                     /lib/x86_64-linux-gnu/libnss_compat-2.19.so
7f7d42a61000-7f7d42a8c000 r-xp 00000000 08:01 5917877                    /usr/lib/jvm/java-7-openjdk-amd64/jre/lib/amd64/libjava.so
7f7d42a8c000-7f7d42c8c000 ---p 0002b000 08:01 5917877                    /usr/lib/jvm/java-7-openjdk-amd64/jre/lib/amd64/libjava.so
7f7d42c8c000-7f7d42c8d000 r--p 0002b000 08:01 5917877                    /usr/lib/jvm/java-7-openjdk-amd64/jre/lib/amd64/libjava.so
7f7d42c8d000-7f7d42c8f000 rw-p 0002c000 08:01 5917877                    /usr/lib/jvm/java-7-openjdk-amd64/jre/lib/amd64/libjava.so
7f7d42c8f000-7f7d42c9f000 r-xp 00000000 08:01 5917878                    /usr/lib/jvm/java-7-openjdk-amd64/jre/lib/amd64/libverify.so
7f7d42c9f000-7f7d42e9e000 ---p 00010000 08:01 5917878                    /usr/lib/jvm/java-7-openjdk-amd64/jre/lib/amd64/libverify.so
7f7d42e9e000-7f7d42ea0000 r--p 0000f000 08:01 5917878                    /usr/lib/jvm/java-7-openjdk-amd64/jre/lib/amd64/libverify.so
7f7d42ea0000-7f7d42ea1000 rw-p 00011000 08:01 5917878                    /usr/lib/jvm/java-7-openjdk-amd64/jre/lib/amd64/libverify.so
7f7d42ea1000-7f7d42ea8000 r-xp 00000000 08:01 786642                     /lib/x86_64-linux-gnu/librt-2.19.so
7f7d42ea8000-7f7d430a7000 ---p 00007000 08:01 786642                     /lib/x86_64-linux-gnu/librt-2.19.so
7f7d430a7000-7f7d430a8000 r--p 00006000 08:01 786642                     /lib/x86_64-linux-gnu/librt-2.19.so
7f7d430a8000-7f7d430a9000 rw-p 00007000 08:01 786642                     /lib/x86_64-linux-gnu/librt-2.19.so
7f7d430a9000-7f7d430bf000 r-xp 00000000 08:01 786612                     /lib/x86_64-linux-gnu/libgcc_s.so.1
7f7d430bf000-7f7d432be000 ---p 00016000 08:01 786612                     /lib/x86_64-linux-gnu/libgcc_s.so.1
7f7d432be000-7f7d432bf000 rw-p 00015000 08:01 786612                     /lib/x86_64-linux-gnu/libgcc_s.so.1
7f7d432bf000-7f7d433c4000 r-xp 00000000 08:01 786618                     /lib/x86_64-linux-gnu/libm-2.19.so
7f7d433c4000-7f7d435c3000 ---p 00105000 08:01 786618                     /lib/x86_64-linux-gnu/libm-2.19.so
7f7d435c3000-7f7d435c4000 r--p 00104000 08:01 786618                     /lib/x86_64-linux-gnu/libm-2.19.so
7f7d435c4000-7f7d435c5000 rw-p 00105000 08:01 786618                     /lib/x86_64-linux-gnu/libm-2.19.so
7f7d435c5000-7f7d436ab000 r-xp 00000000 08:01 4721335                    /usr/lib/x86_64-linux-gnu/libstdc++.so.6.0.19
7f7d436ab000-7f7d438aa000 ---p 000e6000 08:01 4721335                    /usr/lib/x86_64-linux-gnu/libstdc++.so.6.0.19
7f7d438aa000-7f7d438b2000 r--p 000e5000 08:01 4721335                    /usr/lib/x86_64-linux-gnu/libstdc++.so.6.0.19
7f7d438b2000-7f7d438b4000 rw-p 000ed000 08:01 4721335                    /usr/lib/x86_64-linux-gnu/libstdc++.so.6.0.19
7f7d438b4000-7f7d438c9000 rw-p 00000000 00:00 0 
7f7d438c9000-7f7d443ed000 r-xp 00000000 08:01 5917890                    /usr/lib/jvm/java-7-openjdk-amd64/jre/lib/amd64/server/libjvm.so
7f7d443ed000-7f7d445ed000 ---p 00b24000 08:01 5917890                    /usr/lib/jvm/java-7-openjdk-amd64/jre/lib/amd64/server/libjvm.so
7f7d445ed000-7f7d44687000 r--p 00b24000 08:01 5917890                    /usr/lib/jvm/java-7-openjdk-amd64/jre/lib/amd64/server/libjvm.so
7f7d44687000-7f7d446aa000 rw-p 00bbe000 08:01 5917890                    /usr/lib/jvm/java-7-openjdk-amd64/jre/lib/amd64/server/libjvm.so
7f7d446aa000-7f7d446d8000 rw-p 00000000 00:00 0 
7f7d446d8000-7f7d446f0000 r-xp 00000000 08:01 790555                     /lib/x86_64-linux-gnu/libz.so.1.2.8
7f7d446f0000-7f7d448ef000 ---p 00018000 08:01 790555                     /lib/x86_64-linux-gnu/libz.so.1.2.8
7f7d448ef000-7f7d448f0000 r--p 00017000 08:01 790555                     /lib/x86_64-linux-gnu/libz.so.1.2.8
7f7d448f0000-7f7d448f1000 rw-p 00018000 08:01 790555                     /lib/x86_64-linux-gnu/libz.so.1.2.8
7f7d448f1000-7f7d4490a000 r-xp 00000000 08:01 786635                     /lib/x86_64-linux-gnu/libpthread-2.19.so
7f7d4490a000-7f7d44b09000 ---p 00019000 08:01 786635                     /lib/x86_64-linux-gnu/libpthread-2.19.so
7f7d44b09000-7f7d44b0a000 r--p 00018000 08:01 786635                     /lib/x86_64-linux-gnu/libpthread-2.19.so
7f7d44b0a000-7f7d44b0b000 rw-p 00019000 08:01 786635                     /lib/x86_64-linux-gnu/libpthread-2.19.so
7f7d44b0b000-7f7d44b0f000 rw-p 00000000 00:00 0 
7f7d44b0f000-7f7d44b12000 r-xp 00000000 08:01 786630                     /lib/x86_64-linux-gnu/libdl-2.19.so
7f7d44b12000-7f7d44d11000 ---p 00003000 08:01 786630                     /lib/x86_64-linux-gnu/libdl-2.19.so
7f7d44d11000-7f7d44d12000 r--p 00002000 08:01 786630                     /lib/x86_64-linux-gnu/libdl-2.19.so
7f7d44d12000-7f7d44d13000 rw-p 00003000 08:01 786630                     /lib/x86_64-linux-gnu/libdl-2.19.so
7f7d44d13000-7f7d44ece000 r-xp 00000000 08:01 786643                     /lib/x86_64-linux-gnu/libc-2.19.so
7f7d44ece000-7f7d450cd000 ---p 001bb000 08:01 786643                     /lib/x86_64-linux-gnu/libc-2.19.so
7f7d450cd000-7f7d450d1000 r--p 001ba000 08:01 786643                     /lib/x86_64-linux-gnu/libc-2.19.so
7f7d450d1000-7f7d450d3000 rw-p 001be000 08:01 786643                     /lib/x86_64-linux-gnu/libc-2.19.so
7f7d450d3000-7f7d450d8000 rw-p 00000000 00:00 0 
7f7d450d8000-7f7d450e5000 r-xp 00000000 08:01 5917907                    /usr/lib/jvm/java-7-openjdk-amd64/jre/lib/amd64/jli/libjli.so
7f7d450e5000-7f7d452e4000 ---p 0000d000 08:01 5917907                    /usr/lib/jvm/java-7-openjdk-amd64/jre/lib/amd64/jli/libjli.so
7f7d452e4000-7f7d452e5000 r--p 0000c000 08:01 5917907                    /usr/lib/jvm/java-7-openjdk-amd64/jre/lib/amd64/jli/libjli.so
7f7d452e5000-7f7d452e6000 rw-p 0000d000 08:01 5917907                    /usr/lib/jvm/java-7-openjdk-amd64/jre/lib/amd64/jli/libjli.so
7f7d452e6000-7f7d45309000 r-xp 00000000 08:01 786636                     /lib/x86_64-linux-gnu/ld-2.19.so
7f7d4530b000-7f7d4530f000 r--s 00034000 08:01 5917930                    /usr/lib/jvm/java-7-openjdk-amd64/jre/lib/ext/sunjce_provider.jar
7f7d4530f000-7f7d45338000 rw-p 00000000 00:00 0 
7f7d45338000-7f7d453e7000 rw-p 00000000 00:00 0 
7f7d453e7000-7f7d453ea000 ---p 00000000 00:00 0 
7f7d453ea000-7f7d454ed000 rw-p 00000000 00:00 0                          [stack:24379]
7f7d454ee000-7f7d454ef000 rw-p 00000000 00:00 0 
7f7d454ef000-7f7d454f1000 r--s 00012000 08:01 5917929                    /usr/lib/jvm/java-7-openjdk-amd64/jre/lib/ext/zipfs.jar
7f7d454f1000-7f7d454f3000 r--s 00006000 08:01 5118243                    /usr/share/java/java-atk-wrapper.jar
7f7d454f3000-7f7d454f7000 r--s 0003c000 08:01 5917933                    /usr/lib/jvm/java-7-openjdk-amd64/jre/lib/ext/sunpkcs11.jar
7f7d454f7000-7f7d454fb000 r--s 00085000 08:01 5917932                    /usr/lib/jvm/java-7-openjdk-amd64/jre/lib/ext/localedata.jar
7f7d454fb000-7f7d454fc000 r--s 00002000 08:01 5917928                    /usr/lib/jvm/java-7-openjdk-amd64/jre/lib/ext/dnsns.jar
7f7d454fc000-7f7d45504000 rw-s 00000000 08:01 1189093                    /tmp/hsperfdata_raihan/24374
7f7d45504000-7f7d45505000 rw-p 00000000 00:00 0 
7f7d45505000-7f7d45506000 ---p 00000000 00:00 0 
7f7d45506000-7f7d45508000 rw-p 00000000 00:00 0 
7f7d45508000-7f7d45509000 r--p 00022000 08:01 786636                     /lib/x86_64-linux-gnu/ld-2.19.so
7f7d45509000-7f7d4550a000 rw-p 00023000 08:01 786636                     /lib/x86_64-linux-gnu/ld-2.19.so
7f7d4550a000-7f7d4550b000 rw-p 00000000 00:00 0 
7fffe37f3000-7fffe3814000 rw-p 00000000 00:00 0                          [stack]
7fffe3901000-7fffe3903000 r-xp 00000000 00:00 0                          [vdso]
ffffffffff600000-ffffffffff601000 r-xp 00000000 00:00 0                  [vsyscall]

VM Arguments:
jvm_args: -Xmx1024M -Dfile.encoding=UTF-8 -Duser.country=US -Duser.language=en -Duser.variant 
java_command: com.android.dx.command.Main --dex --multi-dex --main-dex-list /home/raihan/OpenSrpWorkSpace/opensrp-client/opensrp-mcare/build/intermediates/multi-dex/debug/maindexlist.txt --output /home/raihan/OpenSrpWorkSpace/opensrp-client/opensrp-mcare/build/intermediates/dex/debug /home/raihan/OpenSrpWorkSpace/opensrp-client/opensrp-mcare/build/intermediates/multi-dex/debug/allclasses.jar
Launcher Type: SUN_STANDARD

Environment Variables:
PATH=/usr/local/sbin:/usr/local/bin:/usr/sbin:/usr/bin:/sbin:/bin:/usr/games:/usr/local/games
LD_LIBRARY_PATH=android-studio/bin:
SHELL=/bin/bash
DISPLAY=:0

Signal Handlers:
SIGSEGV: [libjvm.so+0x9548f0], sa_mask[0]=0x7ffbfeff, sa_flags=0x10000004
SIGBUS: [libjvm.so+0x9548f0], sa_mask[0]=0x7ffbfeff, sa_flags=0x10000004
SIGFPE: [libjvm.so+0x7cb0b0], sa_mask[0]=0x7ffbfeff, sa_flags=0x10000004
SIGPIPE: [libjvm.so+0x7cb0b0], sa_mask[0]=0x7ffbfeff, sa_flags=0x10000004
SIGXFSZ: [libjvm.so+0x7cb0b0], sa_mask[0]=0x7ffbfeff, sa_flags=0x10000004
SIGILL: [libjvm.so+0x7cb0b0], sa_mask[0]=0x7ffbfeff, sa_flags=0x10000004
SIGUSR1: SIG_DFL, sa_mask[0]=0x00000000, sa_flags=0x00000000
SIGUSR2: [libjvm.so+0x7caf50], sa_mask[0]=0x00000004, sa_flags=0x10000004
SIGHUP: [libjvm.so+0x7cb130], sa_mask[0]=0x7ffbfeff, sa_flags=0x10000004
SIGINT: [libjvm.so+0x7cb130], sa_mask[0]=0x7ffbfeff, sa_flags=0x10000004
SIGTERM: [libjvm.so+0x7cb130], sa_mask[0]=0x7ffbfeff, sa_flags=0x10000004
SIGQUIT: [libjvm.so+0x7cb130], sa_mask[0]=0x7ffbfeff, sa_flags=0x10000004
SIGTRAP: SIG_DFL, sa_mask[0]=0x00000000, sa_flags=0x00000000


---------------  S Y S T E M  ---------------

OS:Ubuntu 14.04 (trusty)
uname:Linux 3.13.0-24-generic #46-Ubuntu SMP Thu Apr 10 19:11:08 UTC 2014 x86_64
libc:glibc 2.19 NPTL 2.19 
rlimit: STACK 8192k, CORE 0k, NPROC 30570, NOFILE 4096, AS infinity
load average:1.70 0.95 0.71

/proc/meminfo:
MemTotal:        3934516 kB
MemFree:          112312 kB
Buffers:             788 kB
Cached:           412388 kB
SwapCached:        65856 kB
Active:          2169996 kB
Inactive:         807288 kB
Active(anon):    2166640 kB
Inactive(anon):   798764 kB
Active(file):       3356 kB
Inactive(file):     8524 kB
Unevictable:          84 kB
Mlocked:              84 kB
SwapTotal:       4080636 kB
SwapFree:             16 kB
Dirty:                 4 kB
Writeback:            44 kB
AnonPages:       2501248 kB
Mapped:           611588 kB
Shmem:            400852 kB
Slab:              90188 kB
SReclaimable:      36464 kB
SUnreclaim:        53724 kB
KernelStack:        6520 kB
PageTables:        78968 kB
NFS_Unstable:          0 kB
Bounce:                0 kB
WritebackTmp:          0 kB
CommitLimit:     6047892 kB
Committed_AS:   14746532 kB
VmallocTotal:   34359738367 kB
VmallocUsed:      553488 kB
VmallocChunk:   34359152712 kB
HardwareCorrupted:     0 kB
AnonHugePages:    153600 kB
HugePages_Total:       0
HugePages_Free:        0
HugePages_Rsvd:        0
HugePages_Surp:        0
Hugepagesize:       2048 kB
DirectMap4k:       77312 kB
DirectMap2M:     2957312 kB
DirectMap1G:     1048576 kB


CPU:total 4 (2 cores per cpu, 2 threads per core) family 6 model 61 stepping 4, cmov, cx8, fxsr, mmx, sse, sse2, sse3, ssse3, sse4.1, sse4.2, popcnt, avx, avx2, aes, erms, ht, tsc, tscinvbit

/proc/cpuinfo:
processor	: 0
vendor_id	: GenuineIntel
cpu family	: 6
model		: 61
model name	: Intel(R) Core(TM) i5-5200U CPU @ 2.20GHz
stepping	: 4
microcode	: 0x1f
cpu MHz		: 700.000
cache size	: 3072 KB
physical id	: 0
siblings	: 4
core id		: 0
cpu cores	: 2
apicid		: 0
initial apicid	: 0
fpu		: yes
fpu_exception	: yes
cpuid level	: 20
wp		: yes
flags		: fpu vme de pse tsc msr pae mce cx8 apic sep mtrr pge mca cmov pat pse36 clflush dts acpi mmx fxsr sse sse2 ss ht tm pbe syscall nx pdpe1gb rdtscp lm constant_tsc arch_perfmon pebs bts rep_good nopl xtopology nonstop_tsc aperfmperf eagerfpu pni pclmulqdq dtes64 monitor ds_cpl vmx est tm2 ssse3 fma cx16 xtpr pdcm pcid sse4_1 sse4_2 x2apic movbe popcnt tsc_deadline_timer aes xsave avx f16c rdrand lahf_lm abm 3dnowprefetch ida arat epb xsaveopt pln pts dtherm tpr_shadow vnmi flexpriority ept vpid fsgsbase tsc_adjust bmi1 avx2 smep bmi2 erms invpcid rdseed adx smap
bogomips	: 4389.96
clflush size	: 64
cache_alignment	: 64
address sizes	: 39 bits physical, 48 bits virtual
power management:

processor	: 1
vendor_id	: GenuineIntel
cpu family	: 6
model		: 61
model name	: Intel(R) Core(TM) i5-5200U CPU @ 2.20GHz
stepping	: 4
microcode	: 0x1f
cpu MHz		: 2201.000
cache size	: 3072 KB
physical id	: 0
siblings	: 4
core id		: 0
cpu cores	: 2
apicid		: 1
initial apicid	: 1
fpu		: yes
fpu_exception	: yes
cpuid level	: 20
wp		: yes
flags		: fpu vme de pse tsc msr pae mce cx8 apic sep mtrr pge mca cmov pat pse36 clflush dts acpi mmx fxsr sse sse2 ss ht tm pbe syscall nx pdpe1gb rdtscp lm constant_tsc arch_perfmon pebs bts rep_good nopl xtopology nonstop_tsc aperfmperf eagerfpu pni pclmulqdq dtes64 monitor ds_cpl vmx est tm2 ssse3 fma cx16 xtpr pdcm pcid sse4_1 sse4_2 x2apic movbe popcnt tsc_deadline_timer aes xsave avx f16c rdrand lahf_lm abm 3dnowprefetch ida arat epb xsaveopt pln pts dtherm tpr_shadow vnmi flexpriority ept vpid fsgsbase tsc_adjust bmi1 avx2 smep bmi2 erms invpcid rdseed adx smap
bogomips	: 4389.96
clflush size	: 64
cache_alignment	: 64
address sizes	: 39 bits physical, 48 bits virtual
power management:

processor	: 2
vendor_id	: GenuineIntel
cpu family	: 6
model		: 61
model name	: Intel(R) Core(TM) i5-5200U CPU @ 2.20GHz
stepping	: 4
microcode	: 0x1f
cpu MHz		: 2201.000
cache size	: 3072 KB
physical id	: 0
siblings	: 4
core id		: 1
cpu cores	: 2
apicid		: 2
initial apicid	: 2
fpu		: yes
fpu_exception	: yes
cpuid level	: 20
wp		: yes
flags		: fpu vme de pse tsc msr pae mce cx8 apic sep mtrr pge mca cmov pat pse36 clflush dts acpi mmx fxsr sse sse2 ss ht tm pbe syscall nx pdpe1gb rdtscp lm constant_tsc arch_perfmon pebs bts rep_good nopl xtopology nonstop_tsc aperfmperf eagerfpu pni pclmulqdq dtes64 monitor ds_cpl vmx est tm2 ssse3 fma cx16 xtpr pdcm pcid sse4_1 sse4_2 x2apic movbe popcnt tsc_deadline_timer aes xsave avx f16c rdrand lahf_lm abm 3dnowprefetch ida arat epb xsaveopt pln pts dtherm tpr_shadow vnmi flexpriority ept vpid fsgsbase tsc_adjust bmi1 avx2 smep bmi2 erms invpcid rdseed adx smap
bogomips	: 4389.96
clflush size	: 64
cache_alignment	: 64
address sizes	: 39 bits physical, 48 bits virtual
power management:

processor	: 3
vendor_id	: GenuineIntel
cpu family	: 6
model		: 61
model name	: Intel(R) Core(TM) i5-5200U CPU @ 2.20GHz
stepping	: 4
microcode	: 0x1f
cpu MHz		: 2201.000
cache size	: 3072 KB
physical id	: 0
siblings	: 4
core id		: 1
cpu cores	: 2
apicid		: 3
initial apicid	: 3
fpu		: yes
fpu_exception	: yes
cpuid level	: 20
wp		: yes
flags		: fpu vme de pse tsc msr pae mce cx8 apic sep mtrr pge mca cmov pat pse36 clflush dts acpi mmx fxsr sse sse2 ss ht tm pbe syscall nx pdpe1gb rdtscp lm constant_tsc arch_perfmon pebs bts rep_good nopl xtopology nonstop_tsc aperfmperf eagerfpu pni pclmulqdq dtes64 monitor ds_cpl vmx est tm2 ssse3 fma cx16 xtpr pdcm pcid sse4_1 sse4_2 x2apic movbe popcnt tsc_deadline_timer aes xsave avx f16c rdrand lahf_lm abm 3dnowprefetch ida arat epb xsaveopt pln pts dtherm tpr_shadow vnmi flexpriority ept vpid fsgsbase tsc_adjust bmi1 avx2 smep bmi2 erms invpcid rdseed adx smap
bogomips	: 4389.96
clflush size	: 64
cache_alignment	: 64
address sizes	: 39 bits physical, 48 bits virtual
power management:



Memory: 4k page, physical 3934516k(112312k free), swap 4080636k(16k free)

vm_info: OpenJDK 64-Bit Server VM (24.95-b01) for linux-amd64 JRE (1.7.0_95-b00), built on Mar 24 2016 06:13:32 by "buildd" with gcc 4.8.2

time: Wed May 18 22:12:02 2016
elapsed time: 27 seconds

