#
# There is insufficient memory for the Java Runtime Environment to continue.
# Native memory allocation (malloc) failed to allocate 173539328 bytes for committing reserved memory.
# Possible reasons:
#   The system is out of physical RAM or swap space
#   In 32 bit mode, the process size limit was hit
# Possible solutions:
#   Reduce memory load on the system
#   Increase physical memory or swap space
#   Check if swap backing store is full
#   Use 64 bit Java on a 64 bit OS
#   Decrease Java heap size (-Xmx/-Xms)
#   Decrease number of Java threads
#   Decrease Java thread stack sizes (-Xss)
#   Set larger code cache with -XX:ReservedCodeCacheSize=
# This output file may be truncated or incomplete.
#
#  Out of Memory Error (os_linux.cpp:2827), pid=4389, tid=139679983716096
#
# JRE version: OpenJDK Runtime Environment (7.0_95) (build 1.7.0_95-b00)
# Java VM: OpenJDK 64-Bit Server VM (24.95-b01 mixed mode linux-amd64 compressed oops)
# Derivative: IcedTea 2.6.4
# Distribution: Ubuntu 14.04 LTS, package 7u95-2.6.4-0ubuntu0.14.04.2
# Failed to write core dump. Core dumps have been disabled. To enable core dumping, try "ulimit -c unlimited" before starting Java again
#

---------------  T H R E A D  ---------------

Current thread (0x00007f09d4076000):  VMThread [stack: 0x00007f09c7bfc000,0x00007f09c7cfd000] [id=4399]

Stack: [0x00007f09c7bfc000,0x00007f09c7cfd000],  sp=0x00007f09c7cfb490,  free space=1021k
Native frames: (J=compiled Java code, j=interpreted, Vv=VM code, C=native code)
V  [libjvm.so+0x953e15]
V  [libjvm.so+0x48fd94]
V  [libjvm.so+0x7cf87b]
V  [libjvm.so+0x7ca33f]
V  [libjvm.so+0x83dacb]
V  [libjvm.so+0x82d86b]
V  [libjvm.so+0x82da2b]
V  [libjvm.so+0x82e958]
V  [libjvm.so+0x8355b4]
V  [libjvm.so+0x83bc0d]
V  [libjvm.so+0x7f2083]
V  [libjvm.so+0x955814]
V  [libjvm.so+0x959917]
V  [libjvm.so+0x9583d8]
V  [libjvm.so+0x958839]
V  [libjvm.so+0x958c82]
V  [libjvm.so+0x7cc742]

VM_Operation (0x00007f09da4c3be0): ParallelGCFailedAllocation, mode: safepoint, requested by thread 0x00007f09d400a800


---------------  P R O C E S S  ---------------

Java Threads: ( => current thread )
  0x00007f09d40af800 JavaThread "Service Thread" daemon [_thread_blocked, id=4405, stack(0x00007f09c6ed3000,0x00007f09c6fd4000)]
  0x00007f09d40ad000 JavaThread "C2 CompilerThread1" daemon [_thread_blocked, id=4404, stack(0x00007f09c6fd4000,0x00007f09c70d5000)]
  0x00007f09d40aa000 JavaThread "C2 CompilerThread0" daemon [_thread_blocked, id=4403, stack(0x00007f09c70d5000,0x00007f09c71d6000)]
  0x00007f09d40a8000 JavaThread "Signal Dispatcher" daemon [_thread_blocked, id=4402, stack(0x00007f09c71d6000,0x00007f09c72d7000)]
  0x00007f09d407c000 JavaThread "Finalizer" daemon [_thread_blocked, id=4401, stack(0x00007f09c79fa000,0x00007f09c7afb000)]
  0x00007f09d407a000 JavaThread "Reference Handler" daemon [_thread_blocked, id=4400, stack(0x00007f09c7afb000,0x00007f09c7bfc000)]
  0x00007f09d400a800 JavaThread "main" [_thread_blocked, id=4394, stack(0x00007f09da3c5000,0x00007f09da4c6000)]

Other Threads:
=>0x00007f09d4076000 VMThread [stack: 0x00007f09c7bfc000,0x00007f09c7cfd000] [id=4399]
  0x00007f09d40c2000 WatcherThread [stack: 0x00007f09c6dd2000,0x00007f09c6ed3000] [id=4406]

VM state:at safepoint (normal execution)

VM Mutex/Monitor currently owned by a thread:  ([mutex/lock_event])
[0x00007f09d4006280] ExpandHeap_lock - owner thread: 0x00007f09d4076000
[0x00007f09d4006900] Threads_lock - owner thread: 0x00007f09d4076000
[0x00007f09d4006e00] Heap_lock - owner thread: 0x00007f09d400a800

Heap
 PSYoungGen      total 216064K, used 28542K [0x00000000eaa80000, 0x0000000100000000, 0x0000000100000000)
  eden space 117248K, 0% used [0x00000000eaa80000,0x00000000eaa80000,0x00000000f1d00000)
  from space 98816K, 28% used [0x00000000f9f80000,0x00000000fbb5fb70,0x0000000100000000)
  to   space 116224K, 0% used [0x00000000f1d00000,0x00000000f1d00000,0x00000000f8e80000)
 ParOldGen       total 518144K, used 517653K [0x00000000c0000000, 0x00000000dfa00000, 0x00000000eaa80000)
  object space 518144K, 99% used [0x00000000c0000000,0x00000000df9856e0,0x00000000dfa00000)
 PSPermGen       total 21504K, used 6216K [0x00000000b5a00000, 0x00000000b6f00000, 0x00000000c0000000)
  object space 21504K, 28% used [0x00000000b5a00000,0x00000000b60121f0,0x00000000b6f00000)

Card table byte_map: [0x00007f09cfd1f000,0x00007f09cff73000] byte_map_base: 0x00007f09cf772000

Polling page: 0x00007f09da4e3000

Code Cache  [0x00007f09cff73000, 0x00007f09d0373000, 0x00007f09d2f73000)
 total_blobs=1313 nmethods=1085 adapters=181 free_code_cache=45366Kb largest_free_block=46159488

Compilation events (10 events):
Event: 27.724 Thread 0x00007f09d40aa000 nmethod 1191 0x00007f09d01c0510 code [0x00007f09d01c06a0, 0x00007f09d01c0860]
Event: 27.726 Thread 0x00007f09d40ad000 nmethod 1178 0x00007f09d025f9d0 code [0x00007f09d025fb40, 0x00007f09d025ff38]
Event: 27.729 Thread 0x00007f09d40aa000 1192             com.android.dx.cf.cst.ConstantPoolParser::parseIfNecessary (12 bytes)
Event: 27.729 Thread 0x00007f09d40ad000 1193             com.android.dx.cf.direct.DirectClassFile::getMagic0 (9 bytes)
Event: 27.730 Thread 0x00007f09d40aa000 nmethod 1192 0x00007f09d032e2d0 code [0x00007f09d032e420, 0x00007f09d032e4a8]
Event: 27.730 Thread 0x00007f09d40ad000 nmethod 1193 0x00007f09d01c0110 code [0x00007f09d01c0260, 0x00007f09d01c0398]
Event: 27.780 Thread 0x00007f09d40aa000 1194             com.android.dx.command.dexer.Main$Arguments::access$700 (5 bytes)
Event: 27.780 Thread 0x00007f09d40aa000 nmethod 1194 0x00007f09d01bff10 code [0x00007f09d01c0040, 0x00007f09d01c0098]
Event: 27.859 Thread 0x00007f09d40ad000 1195             com.android.dx.ssa.back.FirstFitLocalCombiningAllocator::fitPlanForRange (250 bytes)
Event: 27.886 Thread 0x00007f09d40ad000 nmethod 1195 0x00007f09d02e2a50 code [0x00007f09d02e2ce0, 0x00007f09d02e3fd0]

GC Heap History (10 events):
Event: 25.854 GC heap after
Heap after GC invocations=29 (full 5):
 PSYoungGen      total 243712K, used 26223K [0x00000000eaa80000, 0x00000000ff580000, 0x0000000100000000)
  eden space 162816K, 0% used [0x00000000eaa80000,0x00000000eaa80000,0x00000000f4980000)
  from space 80896K, 32% used [0x00000000fa680000,0x00000000fc01be18,0x00000000ff580000)
  to   space 88064K, 0% used [0x00000000f4980000,0x00000000f4980000,0x00000000f9f80000)
 ParOldGen       total 518144K, used 423221K [0x00000000c0000000, 0x00000000dfa00000, 0x00000000eaa80000)
  object space 518144K, 81% used [0x00000000c0000000,0x00000000d9d4d478,0x00000000dfa00000)
 PSPermGen       total 21504K, used 6203K [0x00000000b5a00000, 0x00000000b6f00000, 0x00000000c0000000)
  object space 21504K, 28% used [0x00000000b5a00000,0x00000000b600ecb8,0x00000000b6f00000)
}
Event: 26.258 GC heap before
{Heap before GC invocations=30 (full 5):
 PSYoungGen      total 243712K, used 189039K [0x00000000eaa80000, 0x00000000ff580000, 0x0000000100000000)
  eden space 162816K, 100% used [0x00000000eaa80000,0x00000000f4980000,0x00000000f4980000)
  from space 80896K, 32% used [0x00000000fa680000,0x00000000fc01be18,0x00000000ff580000)
  to   space 88064K, 0% used [0x00000000f4980000,0x00000000f4980000,0x00000000f9f80000)
 ParOldGen       total 518144K, used 423221K [0x00000000c0000000, 0x00000000dfa00000, 0x00000000eaa80000)
  object space 518144K, 81% used [0x00000000c0000000,0x00000000d9d4d478,0x00000000dfa00000)
 PSPermGen       total 21504K, used 6212K [0x00000000b5a00000, 0x00000000b6f00000, 0x00000000c0000000)
  object space 21504K, 28% used [0x00000000b5a00000,0x00000000b6011108,0x00000000b6f00000)
Event: 26.324 GC heap after
Heap after GC invocations=30 (full 5):
 PSYoungGen      total 250880K, used 52113K [0x00000000eaa80000, 0x0000000100000000, 0x0000000100000000)
  eden space 162816K, 0% used [0x00000000eaa80000,0x00000000eaa80000,0x00000000f4980000)
  from space 88064K, 59% used [0x00000000f4980000,0x00000000f7c646d0,0x00000000f9f80000)
  to   space 89088K, 0% used [0x00000000fa900000,0x00000000fa900000,0x0000000100000000)
 ParOldGen       total 518144K, used 423221K [0x00000000c0000000, 0x00000000dfa00000, 0x00000000eaa80000)
  object space 518144K, 81% used [0x00000000c0000000,0x00000000d9d4d478,0x00000000dfa00000)
 PSPermGen       total 21504K, used 6212K [0x00000000b5a00000, 0x00000000b6f00000, 0x00000000c0000000)
  object space 21504K, 28% used [0x00000000b5a00000,0x00000000b6011108,0x00000000b6f00000)
}
Event: 26.738 GC heap before
{Heap before GC invocations=31 (full 5):
 PSYoungGen      total 250880K, used 214929K [0x00000000eaa80000, 0x0000000100000000, 0x0000000100000000)
  eden space 162816K, 100% used [0x00000000eaa80000,0x00000000f4980000,0x00000000f4980000)
  from space 88064K, 59% used [0x00000000f4980000,0x00000000f7c646d0,0x00000000f9f80000)
  to   space 89088K, 0% used [0x00000000fa900000,0x00000000fa900000,0x0000000100000000)
 ParOldGen       total 518144K, used 423221K [0x00000000c0000000, 0x00000000dfa00000, 0x00000000eaa80000)
  object space 518144K, 81% used [0x00000000c0000000,0x00000000d9d4d478,0x00000000dfa00000)
 PSPermGen       total 21504K, used 6215K [0x00000000b5a00000, 0x00000000b6f00000, 0x00000000c0000000)
  object space 21504K, 28% used [0x00000000b5a00000,0x00000000b6011fc8,0x00000000b6f00000)
Event: 26.871 GC heap after
Heap after GC invocations=31 (full 5):
 PSYoungGen      total 241152K, used 78042K [0x00000000eaa80000, 0x0000000100000000, 0x0000000100000000)
  eden space 152064K, 0% used [0x00000000eaa80000,0x00000000eaa80000,0x00000000f3f00000)
  from space 89088K, 87% used [0x00000000fa900000,0x00000000ff536b90,0x0000000100000000)
  to   space 98816K, 0% used [0x00000000f3f00000,0x00000000f3f00000,0x00000000f9f80000)
 ParOldGen       total 518144K, used 423221K [0x00000000c0000000, 0x00000000dfa00000, 0x00000000eaa80000)
  object space 518144K, 81% used [0x00000000c0000000,0x00000000d9d4d478,0x00000000dfa00000)
 PSPermGen       total 21504K, used 6215K [0x00000000b5a00000, 0x00000000b6f00000, 0x00000000c0000000)
  object space 21504K, 28% used [0x00000000b5a00000,0x00000000b6011fc8,0x00000000b6f00000)
}
Event: 27.318 GC heap before
{Heap before GC invocations=32 (full 5):
 PSYoungGen      total 241152K, used 230106K [0x00000000eaa80000, 0x0000000100000000, 0x0000000100000000)
  eden space 152064K, 100% used [0x00000000eaa80000,0x00000000f3f00000,0x00000000f3f00000)
  from space 89088K, 87% used [0x00000000fa900000,0x00000000ff536b90,0x0000000100000000)
  to   space 98816K, 0% used [0x00000000f3f00000,0x00000000f3f00000,0x00000000f9f80000)
 ParOldGen       total 518144K, used 423221K [0x00000000c0000000, 0x00000000dfa00000, 0x00000000eaa80000)
  object space 518144K, 81% used [0x00000000c0000000,0x00000000d9d4d478,0x00000000dfa00000)
 PSPermGen       total 21504K, used 6216K [0x00000000b5a00000, 0x00000000b6f00000, 0x00000000c0000000)
  object space 21504K, 28% used [0x00000000b5a00000,0x00000000b6012160,0x00000000b6f00000)
Event: 27.552 GC heap after
Heap after GC invocations=32 (full 5):
 PSYoungGen      total 250880K, used 98802K [0x00000000eaa80000, 0x0000000100000000, 0x0000000100000000)
  eden space 152064K, 0% used [0x00000000eaa80000,0x00000000eaa80000,0x00000000f3f00000)
  from space 98816K, 99% used [0x00000000f3f00000,0x00000000f9f7cb50,0x00000000f9f80000)
  to   space 98816K, 0% used [0x00000000f9f80000,0x00000000f9f80000,0x0000000100000000)
 ParOldGen       total 518144K, used 425096K [0x00000000c0000000, 0x00000000dfa00000, 0x00000000eaa80000)
  object space 518144K, 82% used [0x00000000c0000000,0x00000000d9f221c0,0x00000000dfa00000)
 PSPermGen       total 21504K, used 6216K [0x00000000b5a00000, 0x00000000b6f00000, 0x00000000c0000000)
  object space 21504K, 28% used [0x00000000b5a00000,0x00000000b6012160,0x00000000b6f00000)
}
Event: 27.984 GC heap before
{Heap before GC invocations=33 (full 5):
 PSYoungGen      total 250880K, used 250866K [0x00000000eaa80000, 0x0000000100000000, 0x0000000100000000)
  eden space 152064K, 100% used [0x00000000eaa80000,0x00000000f3f00000,0x00000000f3f00000)
  from space 98816K, 99% used [0x00000000f3f00000,0x00000000f9f7cb50,0x00000000f9f80000)
  to   space 98816K, 0% used [0x00000000f9f80000,0x00000000f9f80000,0x0000000100000000)
 ParOldGen       total 518144K, used 425096K [0x00000000c0000000, 0x00000000dfa00000, 0x00000000eaa80000)
  object space 518144K, 82% used [0x00000000c0000000,0x00000000d9f221c0,0x00000000dfa00000)
 PSPermGen       total 21504K, used 6216K [0x00000000b5a00000, 0x00000000b6f00000, 0x00000000c0000000)
  object space 21504K, 28% used [0x00000000b5a00000,0x00000000b60122d0,0x00000000b6f00000)
Event: 28.168 GC heap after
Heap after GC invocations=33 (full 5):
 PSYoungGen      total 216064K, used 72851K [0x00000000eaa80000, 0x0000000100000000, 0x0000000100000000)
  eden space 117248K, 0% used [0x00000000eaa80000,0x00000000eaa80000,0x00000000f1d00000)
  from space 98816K, 73% used [0x00000000f9f80000,0x00000000fe6a4fc0,0x0000000100000000)
  to   space 116224K, 0% used [0x00000000f1d00000,0x00000000f1d00000,0x00000000f8e80000)
 ParOldGen       total 518144K, used 475887K [0x00000000c0000000, 0x00000000dfa00000, 0x00000000eaa80000)
  object space 518144K, 91% used [0x00000000c0000000,0x00000000dd0bbda8,0x00000000dfa00000)
 PSPermGen       total 21504K, used 6216K [0x00000000b5a00000, 0x00000000b6f00000, 0x00000000c0000000)
  object space 21504K, 28% used [0x00000000b5a00000,0x00000000b60122d0,0x00000000b6f00000)
}
Event: 28.168 GC heap before
{Heap before GC invocations=34 (full 6):
 PSYoungGen      total 216064K, used 72851K [0x00000000eaa80000, 0x0000000100000000, 0x0000000100000000)
  eden space 117248K, 0% used [0x00000000eaa80000,0x00000000eaa80000,0x00000000f1d00000)
  from space 98816K, 73% used [0x00000000f9f80000,0x00000000fe6a4fc0,0x0000000100000000)
  to   space 116224K, 0% used [0x00000000f1d00000,0x00000000f1d00000,0x00000000f8e80000)
 ParOldGen       total 518144K, used 475887K [0x00000000c0000000, 0x00000000dfa00000, 0x00000000eaa80000)
  object space 518144K, 91% used [0x00000000c0000000,0x00000000dd0bbda8,0x00000000dfa00000)
 PSPermGen       total 21504K, used 6216K [0x00000000b5a00000, 0x00000000b6f00000, 0x00000000c0000000)
  object space 21504K, 28% used [0x00000000b5a00000,0x00000000b60122d0,0x00000000b6f00000)

Deoptimization events (10 events):
Event: 19.960 Thread 0x00007f09d400a800 Uncommon trap: reason=bimorphic action=maybe_recompile pc=0x00007f09d01b2f68 method=com.android.dx.ssa.NormalSsaInsn.changeOneSource(ILcom/android/dx/rop/code/RegisterSpec;)V @ 113
Event: 20.730 Thread 0x00007f09d400a800 Uncommon trap: reason=bimorphic action=maybe_recompile pc=0x00007f09d017da14 method=com.android.dx.ssa.LiteralOpUpgrader.tryReplacingWithConstant(Lcom/android/dx/ssa/NormalSsaInsn;)Z @ 62
Event: 20.770 Thread 0x00007f09d400a800 Uncommon trap: reason=bimorphic action=maybe_recompile pc=0x00007f09d00e9c94 method=com.android.dx.ssa.LiteralOpUpgrader.tryReplacingWithConstant(Lcom/android/dx/ssa/NormalSsaInsn;)Z @ 62
Event: 23.936 Thread 0x00007f09d400a800 Uncommon trap: reason=unstable_if action=reinterpret pc=0x00007f09d01cf594 method=com.android.dx.ssa.LiteralOpUpgrader$1.visitNonMoveInsn(Lcom/android/dx/ssa/NormalSsaInsn;)V @ 137
Event: 24.999 Thread 0x00007f09d400a800 Uncommon trap: reason=bimorphic action=maybe_recompile pc=0x00007f09d028123c method=com.android.dx.cf.code.BytecodeArray.parseInstruction(ILcom/android/dx/cf/code/BytecodeArray$Visitor;)I @ 1987
Event: 25.000 Thread 0x00007f09d400a800 Uncommon trap: reason=bimorphic action=maybe_recompile pc=0x00007f09d028123c method=com.android.dx.cf.code.BytecodeArray.parseInstruction(ILcom/android/dx/cf/code/BytecodeArray$Visitor;)I @ 1987
Event: 26.871 Thread 0x00007f09d407a000 Uncommon trap: reason=unstable_if action=reinterpret pc=0x00007f09d032e010 method=sun.misc.VM.addFinalRefCount(I)V @ 14
Event: 27.132 Thread 0x00007f09d400a800 Uncommon trap: reason=bimorphic action=maybe_recompile pc=0x00007f09d02654d8 method=com.android.dx.cf.code.BytecodeArray.parseInstruction(ILcom/android/dx/cf/code/BytecodeArray$Visitor;)I @ 1035
Event: 27.132 Thread 0x00007f09d400a800 Uncommon trap: reason=bimorphic action=maybe_recompile pc=0x00007f09d0265554 method=com.android.dx.cf.code.BytecodeArray.parseInstruction(ILcom/android/dx/cf/code/BytecodeArray$Visitor;)I @ 1051
Event: 27.132 Thread 0x00007f09d400a800 Uncommon trap: reason=bimorphic action=maybe_recompile pc=0x00007f09d0265554 method=com.android.dx.cf.code.BytecodeArray.parseInstruction(ILcom/android/dx/cf/code/BytecodeArray$Visitor;)I @ 1051

Internal exceptions (10 events):
Event: 6.866 Thread 0x00007f09d400a800 Implicit null exception at 0x00007f09d0019cf1 to 0x00007f09d001a399
Event: 6.866 Thread 0x00007f09d400a800 Implicit null exception at 0x00007f09d0103f64 to 0x00007f09d0104275
Event: 6.867 Thread 0x00007f09d400a800 Implicit null exception at 0x00007f09d00fa2da to 0x00007f09d00fb571
Event: 6.867 Thread 0x00007f09d400a800 Implicit null exception at 0x00007f09d0056467 to 0x00007f09d0056761
Event: 6.867 Thread 0x00007f09d400a800 Implicit null exception at 0x00007f09d0025c38 to 0x00007f09d0025d8d
Event: 7.678 Thread 0x00007f09d400a800 Threw 0x00000000f32e99f0 at /build/openjdk-7-HVzwJZ/openjdk-7-7u95-2.6.4/build/openjdk/hotspot/src/share/vm/prims/jvm.cpp:1322
Event: 7.678 Thread 0x00007f09d400a800 Implicit null exception at 0x00007f09d008f1d2 to 0x00007f09d008f4f5
Event: 9.244 Thread 0x00007f09d400a800 Threw 0x00000000eb89ada0 at /build/openjdk-7-HVzwJZ/openjdk-7-7u95-2.6.4/build/openjdk/hotspot/src/share/vm/prims/jvm.cpp:1322
Event: 9.304 Thread 0x00007f09d400a800 Threw 0x00000000ec0f01e8 at /build/openjdk-7-HVzwJZ/openjdk-7-7u95-2.6.4/build/openjdk/hotspot/src/share/vm/prims/jvm.cpp:1322
Event: 9.973 Thread 0x00007f09d400a800 Threw 0x00000000f0906e30 at /build/openjdk-7-HVzwJZ/openjdk-7-7u95-2.6.4/build/openjdk/hotspot/src/share/vm/prims/jvm.cpp:1322

Events (10 events):
Event: 27.132 Thread 0x00007f09d400a800 Uncommon trap: trap_request=0xffffffc6 fr.pc=0x00007f09d0265554
Event: 27.132 Thread 0x00007f09d400a800 DEOPT PACKING pc=0x00007f09d0265554 sp=0x00007f09da4c3e40
Event: 27.132 Thread 0x00007f09d400a800 DEOPT UNPACKING pc=0x00007f09cffac445 sp=0x00007f09da4c3e08 mode 2
Event: 27.132 Thread 0x00007f09d400a800 Uncommon trap: trap_request=0xffffffc6 fr.pc=0x00007f09d0265554
Event: 27.132 Thread 0x00007f09d400a800 DEOPT PACKING pc=0x00007f09d0265554 sp=0x00007f09da4c3e40
Event: 27.132 Thread 0x00007f09d400a800 DEOPT UNPACKING pc=0x00007f09cffac445 sp=0x00007f09da4c3e08 mode 2
Event: 27.318 Executing VM operation: ParallelGCFailedAllocation
Event: 27.552 Executing VM operation: ParallelGCFailedAllocation done
Event: 27.714 Thread 0x00007f09d40aa000 flushing nmethod 0x00007f09d032e2d0
Event: 27.984 Executing VM operation: ParallelGCFailedAllocation


Dynamic libraries:
00400000-00401000 r-xp 00000000 08:01 5508137                            /usr/lib/jvm/java-7-openjdk-amd64/jre/bin/java
00600000-00601000 r--p 00000000 08:01 5508137                            /usr/lib/jvm/java-7-openjdk-amd64/jre/bin/java
00601000-00602000 rw-p 00001000 08:01 5508137                            /usr/lib/jvm/java-7-openjdk-amd64/jre/bin/java
02355000-02376000 rw-p 00000000 00:00 0                                  [heap]
b5a00000-b6f00000 rw-p 00000000 00:00 0 
b6f00000-c0000000 rw-p 00000000 00:00 0 
c0000000-dfa00000 rw-p 00000000 00:00 0 
e9f80000-eaa80000 rw-p 00000000 00:00 0 
eaa80000-100000000 rw-p 00000000 00:00 0 
7f0990000000-7f0990021000 rw-p 00000000 00:00 0 
7f0990021000-7f0994000000 ---p 00000000 00:00 0 
7f0998000000-7f099918d000 rw-p 00000000 00:00 0 
7f099918d000-7f099c000000 ---p 00000000 00:00 0 
7f099c000000-7f099c021000 rw-p 00000000 00:00 0 
7f099c021000-7f09a0000000 ---p 00000000 00:00 0 
7f09a0000000-7f09a0021000 rw-p 00000000 00:00 0 
7f09a0021000-7f09a4000000 ---p 00000000 00:00 0 
7f09a4000000-7f09a597b000 rw-p 00000000 00:00 0 
7f09a597b000-7f09a8000000 ---p 00000000 00:00 0 
7f09a8000000-7f09a8021000 rw-p 00000000 00:00 0 
7f09a8021000-7f09ac000000 ---p 00000000 00:00 0 
7f09ac000000-7f09ac021000 rw-p 00000000 00:00 0 
7f09ac021000-7f09b0000000 ---p 00000000 00:00 0 
7f09b0000000-7f09b0021000 rw-p 00000000 00:00 0 
7f09b0021000-7f09b4000000 ---p 00000000 00:00 0 
7f09b4000000-7f09b4021000 rw-p 00000000 00:00 0 
7f09b4021000-7f09b8000000 ---p 00000000 00:00 0 
7f09b8000000-7f09b8021000 rw-p 00000000 00:00 0 
7f09b8021000-7f09bc000000 ---p 00000000 00:00 0 
7f09c0000000-7f09c0021000 rw-p 00000000 00:00 0 
7f09c0021000-7f09c4000000 ---p 00000000 00:00 0 
7f09c5623000-7f09c5654000 rw-p 00000000 00:00 0 
7f09c5654000-7f09c5691000 r-xp 00000000 08:01 790495                     /lib/x86_64-linux-gnu/libpcre.so.3.13.1
7f09c5691000-7f09c5890000 ---p 0003d000 08:01 790495                     /lib/x86_64-linux-gnu/libpcre.so.3.13.1
7f09c5890000-7f09c5891000 r--p 0003c000 08:01 790495                     /lib/x86_64-linux-gnu/libpcre.so.3.13.1
7f09c5891000-7f09c5892000 rw-p 0003d000 08:01 790495                     /lib/x86_64-linux-gnu/libpcre.so.3.13.1
7f09c5892000-7f09c5899000 r-xp 00000000 08:01 4726848                    /usr/lib/x86_64-linux-gnu/libffi.so.6.0.1
7f09c5899000-7f09c5a98000 ---p 00007000 08:01 4726848                    /usr/lib/x86_64-linux-gnu/libffi.so.6.0.1
7f09c5a98000-7f09c5a99000 r--p 00006000 08:01 4726848                    /usr/lib/x86_64-linux-gnu/libffi.so.6.0.1
7f09c5a99000-7f09c5a9a000 rw-p 00007000 08:01 4726848                    /usr/lib/x86_64-linux-gnu/libffi.so.6.0.1
7f09c5a9a000-7f09c5ab1000 r-xp 00000000 08:01 786614                     /lib/x86_64-linux-gnu/libresolv-2.19.so
7f09c5ab1000-7f09c5cb1000 ---p 00017000 08:01 786614                     /lib/x86_64-linux-gnu/libresolv-2.19.so
7f09c5cb1000-7f09c5cb2000 r--p 00017000 08:01 786614                     /lib/x86_64-linux-gnu/libresolv-2.19.so
7f09c5cb2000-7f09c5cb3000 rw-p 00018000 08:01 786614                     /lib/x86_64-linux-gnu/libresolv-2.19.so
7f09c5cb3000-7f09c5cb5000 rw-p 00000000 00:00 0 
7f09c5cb5000-7f09c5cd5000 r-xp 00000000 08:01 790522                     /lib/x86_64-linux-gnu/libselinux.so.1
7f09c5cd5000-7f09c5ed4000 ---p 00020000 08:01 790522                     /lib/x86_64-linux-gnu/libselinux.so.1
7f09c5ed4000-7f09c5ed5000 r--p 0001f000 08:01 790522                     /lib/x86_64-linux-gnu/libselinux.so.1
7f09c5ed5000-7f09c5ed6000 rw-p 00020000 08:01 790522                     /lib/x86_64-linux-gnu/libselinux.so.1
7f09c5ed6000-7f09c5ed8000 rw-p 00000000 00:00 0 
7f09c5ed8000-7f09c5edb000 r-xp 00000000 08:01 4726965                    /usr/lib/x86_64-linux-gnu/libgmodule-2.0.so.0.4000.0
7f09c5edb000-7f09c60da000 ---p 00003000 08:01 4726965                    /usr/lib/x86_64-linux-gnu/libgmodule-2.0.so.0.4000.0
7f09c60da000-7f09c60db000 r--p 00002000 08:01 4726965                    /usr/lib/x86_64-linux-gnu/libgmodule-2.0.so.0.4000.0
7f09c60db000-7f09c60dc000 rw-p 00003000 08:01 4726965                    /usr/lib/x86_64-linux-gnu/libgmodule-2.0.so.0.4000.0
7f09c60dc000-7f09c61e2000 r-xp 00000000 08:01 790423                     /lib/x86_64-linux-gnu/libglib-2.0.so.0.4000.0
7f09c61e2000-7f09c63e1000 ---p 00106000 08:01 790423                     /lib/x86_64-linux-gnu/libglib-2.0.so.0.4000.0
7f09c63e1000-7f09c63e2000 r--p 00105000 08:01 790423                     /lib/x86_64-linux-gnu/libglib-2.0.so.0.4000.0
7f09c63e2000-7f09c63e3000 rw-p 00106000 08:01 790423                     /lib/x86_64-linux-gnu/libglib-2.0.so.0.4000.0
7f09c63e3000-7f09c63e4000 rw-p 00000000 00:00 0 
7f09c63e4000-7f09c6433000 r-xp 00000000 08:01 4726981                    /usr/lib/x86_64-linux-gnu/libgobject-2.0.so.0.4000.0
7f09c6433000-7f09c6633000 ---p 0004f000 08:01 4726981                    /usr/lib/x86_64-linux-gnu/libgobject-2.0.so.0.4000.0
7f09c6633000-7f09c6634000 r--p 0004f000 08:01 4726981                    /usr/lib/x86_64-linux-gnu/libgobject-2.0.so.0.4000.0
7f09c6634000-7f09c6635000 rw-p 00050000 08:01 4726981                    /usr/lib/x86_64-linux-gnu/libgobject-2.0.so.0.4000.0
7f09c6635000-7f09c67a0000 r-xp 00000000 08:01 4726951                    /usr/lib/x86_64-linux-gnu/libgio-2.0.so.0.4000.0
7f09c67a0000-7f09c69a0000 ---p 0016b000 08:01 4726951                    /usr/lib/x86_64-linux-gnu/libgio-2.0.so.0.4000.0
7f09c69a0000-7f09c69a4000 r--p 0016b000 08:01 4726951                    /usr/lib/x86_64-linux-gnu/libgio-2.0.so.0.4000.0
7f09c69a4000-7f09c69a6000 rw-p 0016f000 08:01 4726951                    /usr/lib/x86_64-linux-gnu/libgio-2.0.so.0.4000.0
7f09c69a6000-7f09c69a8000 rw-p 00000000 00:00 0 
7f09c69a8000-7f09c69bf000 r-xp 00000000 08:01 5917886                    /usr/lib/jvm/java-7-openjdk-amd64/jre/lib/amd64/libnet.so
7f09c69bf000-7f09c6bbe000 ---p 00017000 08:01 5917886                    /usr/lib/jvm/java-7-openjdk-amd64/jre/lib/amd64/libnet.so
7f09c6bbe000-7f09c6bbf000 r--p 00016000 08:01 5917886                    /usr/lib/jvm/java-7-openjdk-amd64/jre/lib/amd64/libnet.so
7f09c6bbf000-7f09c6bc0000 rw-p 00017000 08:01 5917886                    /usr/lib/jvm/java-7-openjdk-amd64/jre/lib/amd64/libnet.so
7f09c6bc0000-7f09c6bd0000 r-xp 00000000 08:01 5917910                    /usr/lib/jvm/java-7-openjdk-amd64/jre/lib/amd64/libnio.so
7f09c6bd0000-7f09c6dd0000 ---p 00010000 08:01 5917910                    /usr/lib/jvm/java-7-openjdk-amd64/jre/lib/amd64/libnio.so
7f09c6dd0000-7f09c6dd1000 r--p 00010000 08:01 5917910                    /usr/lib/jvm/java-7-openjdk-amd64/jre/lib/amd64/libnio.so
7f09c6dd1000-7f09c6dd2000 rw-p 00011000 08:01 5917910                    /usr/lib/jvm/java-7-openjdk-amd64/jre/lib/amd64/libnio.so
7f09c6dd2000-7f09c6dd3000 ---p 00000000 00:00 0 
7f09c6dd3000-7f09c6ed3000 rw-p 00000000 00:00 0                          [stack:4406]
7f09c6ed3000-7f09c6ed6000 ---p 00000000 00:00 0 
7f09c6ed6000-7f09c6fd4000 rw-p 00000000 00:00 0                          [stack:4405]
7f09c6fd4000-7f09c6fd7000 ---p 00000000 00:00 0 
7f09c6fd7000-7f09c70d5000 rw-p 00000000 00:00 0                          [stack:4404]
7f09c70d5000-7f09c70d8000 ---p 00000000 00:00 0 
7f09c70d8000-7f09c71d6000 rw-p 00000000 00:00 0                          [stack:4403]
7f09c71d6000-7f09c71d9000 ---p 00000000 00:00 0 
7f09c71d9000-7f09c72d7000 rw-p 00000000 00:00 0                          [stack:4402]
7f09c72d7000-7f09c79fa000 r--p 00000000 08:01 4725570                    /usr/lib/locale/locale-archive
7f09c79fa000-7f09c79fd000 ---p 00000000 00:00 0 
7f09c79fd000-7f09c7afb000 rw-p 00000000 00:00 0                          [stack:4401]
7f09c7afb000-7f09c7afe000 ---p 00000000 00:00 0 
7f09c7afe000-7f09c7bfc000 rw-p 00000000 00:00 0                          [stack:4400]
7f09c7bfc000-7f09c7bfd000 ---p 00000000 00:00 0 
7f09c7bfd000-7f09c8000000 rw-p 00000000 00:00 0                          [stack:4399]
7f09c8000000-7f09c8021000 rw-p 00000000 00:00 0 
7f09c8021000-7f09cc000000 ---p 00000000 00:00 0 
7f09cc02e000-7f09cc0b7000 r--s 0074b000 08:01 9581085                    /home/raihan/OpenSrpWorkSpace/opensrp-client/opensrp-mcare/build/intermediates/multi-dex/debug/allclasses.jar
7f09cc0b7000-7f09cc0c6000 r--s 000dd000 08:01 6177003                    /home/raihan/android-sdk-linux/build-tools/21.1.2/lib/dx.jar
7f09cc0c6000-7f09ccdc0000 rw-p 00000000 00:00 0 
7f09ccdc0000-7f09ccf71000 r--s 01d30000 08:01 5508152                    /usr/lib/jvm/java-7-openjdk-amd64/jre/lib/rt.jar
7f09ccf71000-7f09cf7c5000 rw-p 00000000 00:00 0 
7f09cf7c5000-7f09cf7c6000 ---p 00000000 00:00 0 
7f09cf7c6000-7f09cf8c6000 rw-p 00000000 00:00 0                          [stack:4398]
7f09cf8c6000-7f09cf8c7000 ---p 00000000 00:00 0 
7f09cf8c7000-7f09cf9c7000 rw-p 00000000 00:00 0                          [stack:4397]
7f09cf9c7000-7f09cf9c8000 ---p 00000000 00:00 0 
7f09cf9c8000-7f09cfac8000 rw-p 00000000 00:00 0                          [stack:4396]
7f09cfac8000-7f09cfac9000 ---p 00000000 00:00 0 
7f09cfac9000-7f09cfcc6000 rw-p 00000000 00:00 0                          [stack:4395]
7f09cfcc6000-7f09cfd1f000 rw-p 00000000 00:00 0 
7f09cfd1f000-7f09cfd2a000 rw-p 00000000 00:00 0 
7f09cfd2a000-7f09cfd72000 rw-p 00000000 00:00 0 
7f09cfd72000-7f09cfe6f000 rw-p 00000000 00:00 0 
7f09cfe6f000-7f09cfec7000 rw-p 00000000 00:00 0 
7f09cfec7000-7f09cff72000 rw-p 00000000 00:00 0 
7f09cff72000-7f09cff73000 rw-p 00000000 00:00 0 
7f09cff73000-7f09d0373000 rwxp 00000000 00:00 0 
7f09d0373000-7f09d2f73000 rw-p 00000000 00:00 0 
7f09d2f73000-7f09d2f7b000 r-xp 00000000 08:01 5917892                    /usr/lib/jvm/java-7-openjdk-amd64/jre/lib/amd64/libzip.so
7f09d2f7b000-7f09d317a000 ---p 00008000 08:01 5917892                    /usr/lib/jvm/java-7-openjdk-amd64/jre/lib/amd64/libzip.so
7f09d317a000-7f09d317b000 r--p 00007000 08:01 5917892                    /usr/lib/jvm/java-7-openjdk-amd64/jre/lib/amd64/libzip.so
7f09d317b000-7f09d317c000 rw-p 00008000 08:01 5917892                    /usr/lib/jvm/java-7-openjdk-amd64/jre/lib/amd64/libzip.so
7f09d317c000-7f09d3187000 r-xp 00000000 08:01 786646                     /lib/x86_64-linux-gnu/libnss_files-2.19.so
7f09d3187000-7f09d3386000 ---p 0000b000 08:01 786646                     /lib/x86_64-linux-gnu/libnss_files-2.19.so
7f09d3386000-7f09d3387000 r--p 0000a000 08:01 786646                     /lib/x86_64-linux-gnu/libnss_files-2.19.so
7f09d3387000-7f09d3388000 rw-p 0000b000 08:01 786646                     /lib/x86_64-linux-gnu/libnss_files-2.19.so
7f09d3388000-7f09d3393000 r-xp 00000000 08:01 786638                     /lib/x86_64-linux-gnu/libnss_nis-2.19.so
7f09d3393000-7f09d3592000 ---p 0000b000 08:01 786638                     /lib/x86_64-linux-gnu/libnss_nis-2.19.so
7f09d3592000-7f09d3593000 r--p 0000a000 08:01 786638                     /lib/x86_64-linux-gnu/libnss_nis-2.19.so
7f09d3593000-7f09d3594000 rw-p 0000b000 08:01 786638                     /lib/x86_64-linux-gnu/libnss_nis-2.19.so
7f09d3594000-7f09d35ab000 r-xp 00000000 08:01 786634                     /lib/x86_64-linux-gnu/libnsl-2.19.so
7f09d35ab000-7f09d37aa000 ---p 00017000 08:01 786634                     /lib/x86_64-linux-gnu/libnsl-2.19.so
7f09d37aa000-7f09d37ab000 r--p 00016000 08:01 786634                     /lib/x86_64-linux-gnu/libnsl-2.19.so
7f09d37ab000-7f09d37ac000 rw-p 00017000 08:01 786634                     /lib/x86_64-linux-gnu/libnsl-2.19.so
7f09d37ac000-7f09d37ae000 rw-p 00000000 00:00 0 
7f09d37ae000-7f09d37b7000 r-xp 00000000 08:01 786633                     /lib/x86_64-linux-gnu/libnss_compat-2.19.so
7f09d37b7000-7f09d39b6000 ---p 00009000 08:01 786633                     /lib/x86_64-linux-gnu/libnss_compat-2.19.so
7f09d39b6000-7f09d39b7000 r--p 00008000 08:01 786633                     /lib/x86_64-linux-gnu/libnss_compat-2.19.so
7f09d39b7000-7f09d39b8000 rw-p 00009000 08:01 786633                     /lib/x86_64-linux-gnu/libnss_compat-2.19.so
7f09d39b8000-7f09d39e3000 r-xp 00000000 08:01 5917877                    /usr/lib/jvm/java-7-openjdk-amd64/jre/lib/amd64/libjava.so
7f09d39e3000-7f09d3be3000 ---p 0002b000 08:01 5917877                    /usr/lib/jvm/java-7-openjdk-amd64/jre/lib/amd64/libjava.so
7f09d3be3000-7f09d3be4000 r--p 0002b000 08:01 5917877                    /usr/lib/jvm/java-7-openjdk-amd64/jre/lib/amd64/libjava.so
7f09d3be4000-7f09d3be6000 rw-p 0002c000 08:01 5917877                    /usr/lib/jvm/java-7-openjdk-amd64/jre/lib/amd64/libjava.so
7f09d3be6000-7f09d3bf6000 r-xp 00000000 08:01 5917878                    /usr/lib/jvm/java-7-openjdk-amd64/jre/lib/amd64/libverify.so
7f09d3bf6000-7f09d3df5000 ---p 00010000 08:01 5917878                    /usr/lib/jvm/java-7-openjdk-amd64/jre/lib/amd64/libverify.so
7f09d3df5000-7f09d3df7000 r--p 0000f000 08:01 5917878                    /usr/lib/jvm/java-7-openjdk-amd64/jre/lib/amd64/libverify.so
7f09d3df7000-7f09d3df8000 rw-p 00011000 08:01 5917878                    /usr/lib/jvm/java-7-openjdk-amd64/jre/lib/amd64/libverify.so
7f09d3df8000-7f09d3dff000 r-xp 00000000 08:01 786642                     /lib/x86_64-linux-gnu/librt-2.19.so
7f09d3dff000-7f09d3ffe000 ---p 00007000 08:01 786642                     /lib/x86_64-linux-gnu/librt-2.19.so
7f09d3ffe000-7f09d3fff000 r--p 00006000 08:01 786642                     /lib/x86_64-linux-gnu/librt-2.19.so
7f09d3fff000-7f09d4000000 rw-p 00007000 08:01 786642                     /lib/x86_64-linux-gnu/librt-2.19.so
7f09d4000000-7f09d436f000 rw-p 00000000 00:00 0 
7f09d436f000-7f09d8000000 ---p 00000000 00:00 0 
7f09d8009000-7f09d800c000 r--s 0000f000 08:01 5917931                    /usr/lib/jvm/java-7-openjdk-amd64/jre/lib/ext/icedtea-sound.jar
7f09d800c000-7f09d803f000 rw-p 00000000 00:00 0 
7f09d803f000-7f09d8087000 rw-p 00000000 00:00 0 
7f09d8087000-7f09d809d000 r-xp 00000000 08:01 786612                     /lib/x86_64-linux-gnu/libgcc_s.so.1
7f09d809d000-7f09d829c000 ---p 00016000 08:01 786612                     /lib/x86_64-linux-gnu/libgcc_s.so.1
7f09d829c000-7f09d829d000 rw-p 00015000 08:01 786612                     /lib/x86_64-linux-gnu/libgcc_s.so.1
7f09d829d000-7f09d83a2000 r-xp 00000000 08:01 786618                     /lib/x86_64-linux-gnu/libm-2.19.so
7f09d83a2000-7f09d85a1000 ---p 00105000 08:01 786618                     /lib/x86_64-linux-gnu/libm-2.19.so
7f09d85a1000-7f09d85a2000 r--p 00104000 08:01 786618                     /lib/x86_64-linux-gnu/libm-2.19.so
7f09d85a2000-7f09d85a3000 rw-p 00105000 08:01 786618                     /lib/x86_64-linux-gnu/libm-2.19.so
7f09d85a3000-7f09d8689000 r-xp 00000000 08:01 4721335                    /usr/lib/x86_64-linux-gnu/libstdc++.so.6.0.19
7f09d8689000-7f09d8888000 ---p 000e6000 08:01 4721335                    /usr/lib/x86_64-linux-gnu/libstdc++.so.6.0.19
7f09d8888000-7f09d8890000 r--p 000e5000 08:01 4721335                    /usr/lib/x86_64-linux-gnu/libstdc++.so.6.0.19
7f09d8890000-7f09d8892000 rw-p 000ed000 08:01 4721335                    /usr/lib/x86_64-linux-gnu/libstdc++.so.6.0.19
7f09d8892000-7f09d88a7000 rw-p 00000000 00:00 0 
7f09d88a7000-7f09d93cb000 r-xp 00000000 08:01 5917890                    /usr/lib/jvm/java-7-openjdk-amd64/jre/lib/amd64/server/libjvm.so
7f09d93cb000-7f09d95cb000 ---p 00b24000 08:01 5917890                    /usr/lib/jvm/java-7-openjdk-amd64/jre/lib/amd64/server/libjvm.so
7f09d95cb000-7f09d9665000 r--p 00b24000 08:01 5917890                    /usr/lib/jvm/java-7-openjdk-amd64/jre/lib/amd64/server/libjvm.so
7f09d9665000-7f09d9688000 rw-p 00bbe000 08:01 5917890                    /usr/lib/jvm/java-7-openjdk-amd64/jre/lib/amd64/server/libjvm.so
7f09d9688000-7f09d96b6000 rw-p 00000000 00:00 0 
7f09d96b6000-7f09d96ce000 r-xp 00000000 08:01 790555                     /lib/x86_64-linux-gnu/libz.so.1.2.8
7f09d96ce000-7f09d98cd000 ---p 00018000 08:01 790555                     /lib/x86_64-linux-gnu/libz.so.1.2.8
7f09d98cd000-7f09d98ce000 r--p 00017000 08:01 790555                     /lib/x86_64-linux-gnu/libz.so.1.2.8
7f09d98ce000-7f09d98cf000 rw-p 00018000 08:01 790555                     /lib/x86_64-linux-gnu/libz.so.1.2.8
7f09d98cf000-7f09d98e8000 r-xp 00000000 08:01 786635                     /lib/x86_64-linux-gnu/libpthread-2.19.so
7f09d98e8000-7f09d9ae7000 ---p 00019000 08:01 786635                     /lib/x86_64-linux-gnu/libpthread-2.19.so
7f09d9ae7000-7f09d9ae8000 r--p 00018000 08:01 786635                     /lib/x86_64-linux-gnu/libpthread-2.19.so
7f09d9ae8000-7f09d9ae9000 rw-p 00019000 08:01 786635                     /lib/x86_64-linux-gnu/libpthread-2.19.so
7f09d9ae9000-7f09d9aed000 rw-p 00000000 00:00 0 
7f09d9aed000-7f09d9af0000 r-xp 00000000 08:01 786630                     /lib/x86_64-linux-gnu/libdl-2.19.so
7f09d9af0000-7f09d9cef000 ---p 00003000 08:01 786630                     /lib/x86_64-linux-gnu/libdl-2.19.so
7f09d9cef000-7f09d9cf0000 r--p 00002000 08:01 786630                     /lib/x86_64-linux-gnu/libdl-2.19.so
7f09d9cf0000-7f09d9cf1000 rw-p 00003000 08:01 786630                     /lib/x86_64-linux-gnu/libdl-2.19.so
7f09d9cf1000-7f09d9eac000 r-xp 00000000 08:01 786643                     /lib/x86_64-linux-gnu/libc-2.19.so
7f09d9eac000-7f09da0ab000 ---p 001bb000 08:01 786643                     /lib/x86_64-linux-gnu/libc-2.19.so
7f09da0ab000-7f09da0af000 r--p 001ba000 08:01 786643                     /lib/x86_64-linux-gnu/libc-2.19.so
7f09da0af000-7f09da0b1000 rw-p 001be000 08:01 786643                     /lib/x86_64-linux-gnu/libc-2.19.so
7f09da0b1000-7f09da0b6000 rw-p 00000000 00:00 0 
7f09da0b6000-7f09da0c3000 r-xp 00000000 08:01 5917907                    /usr/lib/jvm/java-7-openjdk-amd64/jre/lib/amd64/jli/libjli.so
7f09da0c3000-7f09da2c2000 ---p 0000d000 08:01 5917907                    /usr/lib/jvm/java-7-openjdk-amd64/jre/lib/amd64/jli/libjli.so
7f09da2c2000-7f09da2c3000 r--p 0000c000 08:01 5917907                    /usr/lib/jvm/java-7-openjdk-amd64/jre/lib/amd64/jli/libjli.so
7f09da2c3000-7f09da2c4000 rw-p 0000d000 08:01 5917907                    /usr/lib/jvm/java-7-openjdk-amd64/jre/lib/amd64/jli/libjli.so
7f09da2c4000-7f09da2e7000 r-xp 00000000 08:01 786636                     /lib/x86_64-linux-gnu/ld-2.19.so
7f09da2e9000-7f09da2ed000 r--s 00034000 08:01 5917930                    /usr/lib/jvm/java-7-openjdk-amd64/jre/lib/ext/sunjce_provider.jar
7f09da2ed000-7f09da315000 rw-p 00000000 00:00 0 
7f09da315000-7f09da3c5000 rw-p 00000000 00:00 0 
7f09da3c5000-7f09da3c8000 ---p 00000000 00:00 0 
7f09da3c8000-7f09da4cb000 rw-p 00000000 00:00 0                          [stack:4394]
7f09da4cc000-7f09da4cd000 rw-p 00000000 00:00 0 
7f09da4cd000-7f09da4cf000 r--s 00012000 08:01 5917929                    /usr/lib/jvm/java-7-openjdk-amd64/jre/lib/ext/zipfs.jar
7f09da4cf000-7f09da4d1000 r--s 00006000 08:01 5118243                    /usr/share/java/java-atk-wrapper.jar
7f09da4d1000-7f09da4d5000 r--s 0003c000 08:01 5917933                    /usr/lib/jvm/java-7-openjdk-amd64/jre/lib/ext/sunpkcs11.jar
7f09da4d5000-7f09da4d9000 r--s 00085000 08:01 5917932                    /usr/lib/jvm/java-7-openjdk-amd64/jre/lib/ext/localedata.jar
7f09da4d9000-7f09da4da000 r--s 00002000 08:01 5917928                    /usr/lib/jvm/java-7-openjdk-amd64/jre/lib/ext/dnsns.jar
7f09da4da000-7f09da4e2000 rw-s 00000000 08:01 9829                       /tmp/hsperfdata_raihan/4389
7f09da4e2000-7f09da4e3000 rw-p 00000000 00:00 0 
7f09da4e3000-7f09da4e4000 ---p 00000000 00:00 0 
7f09da4e4000-7f09da4e6000 rw-p 00000000 00:00 0 
7f09da4e6000-7f09da4e7000 r--p 00022000 08:01 786636                     /lib/x86_64-linux-gnu/ld-2.19.so
7f09da4e7000-7f09da4e8000 rw-p 00023000 08:01 786636                     /lib/x86_64-linux-gnu/ld-2.19.so
7f09da4e8000-7f09da4e9000 rw-p 00000000 00:00 0 
7fff6d028000-7fff6d049000 rw-p 00000000 00:00 0                          [stack]
7fff6d1cc000-7fff6d1ce000 r-xp 00000000 00:00 0                          [vdso]
ffffffffff600000-ffffffffff601000 r-xp 00000000 00:00 0                  [vsyscall]

VM Arguments:
jvm_args: -Xmx1024M -Dfile.encoding=UTF-8 -Duser.country=US -Duser.language=en -Duser.variant 
java_command: com.android.dx.command.Main --dex --multi-dex --main-dex-list /home/raihan/OpenSrpWorkSpace/opensrp-client/opensrp-mcare/build/intermediates/multi-dex/debug/maindexlist.txt --output /home/raihan/OpenSrpWorkSpace/opensrp-client/opensrp-mcare/build/intermediates/dex/debug /home/raihan/OpenSrpWorkSpace/opensrp-client/opensrp-mcare/build/intermediates/multi-dex/debug/allclasses.jar
Launcher Type: SUN_STANDARD

Environment Variables:
PATH=/usr/local/sbin:/usr/local/bin:/usr/sbin:/usr/bin:/sbin:/bin:/usr/games:/usr/local/games
SHELL=/bin/bash
DISPLAY=:0

Signal Handlers:
SIGSEGV: [libjvm.so+0x9548f0], sa_mask[0]=0x7ffbfeff, sa_flags=0x10000004
SIGBUS: [libjvm.so+0x9548f0], sa_mask[0]=0x7ffbfeff, sa_flags=0x10000004
SIGFPE: [libjvm.so+0x7cb0b0], sa_mask[0]=0x7ffbfeff, sa_flags=0x10000004
SIGPIPE: [libjvm.so+0x7cb0b0], sa_mask[0]=0x7ffbfeff, sa_flags=0x10000004
SIGXFSZ: [libjvm.so+0x7cb0b0], sa_mask[0]=0x7ffbfeff, sa_flags=0x10000004
SIGILL: [libjvm.so+0x7cb0b0], sa_mask[0]=0x7ffbfeff, sa_flags=0x10000004
SIGUSR1: SIG_DFL, sa_mask[0]=0x00000000, sa_flags=0x00000000
SIGUSR2: [libjvm.so+0x7caf50], sa_mask[0]=0x00000004, sa_flags=0x10000004
SIGHUP: [libjvm.so+0x7cb130], sa_mask[0]=0x7ffbfeff, sa_flags=0x10000004
SIGINT: [libjvm.so+0x7cb130], sa_mask[0]=0x7ffbfeff, sa_flags=0x10000004
SIGTERM: [libjvm.so+0x7cb130], sa_mask[0]=0x7ffbfeff, sa_flags=0x10000004
SIGQUIT: [libjvm.so+0x7cb130], sa_mask[0]=0x7ffbfeff, sa_flags=0x10000004
SIGTRAP: SIG_DFL, sa_mask[0]=0x00000000, sa_flags=0x00000000


---------------  S Y S T E M  ---------------

OS:Ubuntu 14.04 (trusty)
uname:Linux 3.13.0-24-generic #46-Ubuntu SMP Thu Apr 10 19:11:08 UTC 2014 x86_64
libc:glibc 2.19 NPTL 2.19 
rlimit: STACK 8192k, CORE 0k, NPROC 30570, NOFILE 4096, AS infinity
load average:5.41 2.28 1.44

/proc/meminfo:
MemTotal:        3934516 kB
MemFree:          100156 kB
Buffers:             560 kB
Cached:           457120 kB
SwapCached:        59728 kB
Active:          2055060 kB
Inactive:         726504 kB
Active(anon):    2054684 kB
Inactive(anon):   717212 kB
Active(file):        376 kB
Inactive(file):     9292 kB
Unevictable:         108 kB
Mlocked:             108 kB
SwapTotal:       4080636 kB
SwapFree:              0 kB
Dirty:                 0 kB
Writeback:           212 kB
AnonPages:       2266460 kB
Mapped:           793340 kB
Shmem:            447536 kB
Slab:              98624 kB
SReclaimable:      38304 kB
SUnreclaim:        60320 kB
KernelStack:        7552 kB
PageTables:        94292 kB
NFS_Unstable:          0 kB
Bounce:                0 kB
WritebackTmp:          0 kB
CommitLimit:     6047892 kB
Committed_AS:   26911064 kB
VmallocTotal:   34359738367 kB
VmallocUsed:      553600 kB
VmallocChunk:   34359159396 kB
HardwareCorrupted:     0 kB
AnonHugePages:    159744 kB
HugePages_Total:       0
HugePages_Free:        0
HugePages_Rsvd:        0
HugePages_Surp:        0
Hugepagesize:       2048 kB
DirectMap4k:       79360 kB
DirectMap2M:     1906688 kB
DirectMap1G:     2097152 kB


CPU:total 4 (2 cores per cpu, 2 threads per core) family 6 model 61 stepping 4, cmov, cx8, fxsr, mmx, sse, sse2, sse3, ssse3, sse4.1, sse4.2, popcnt, avx, avx2, aes, erms, ht, tsc, tscinvbit

/proc/cpuinfo:
processor	: 0
vendor_id	: GenuineIntel
cpu family	: 6
model		: 61
model name	: Intel(R) Core(TM) i5-5200U CPU @ 2.20GHz
stepping	: 4
microcode	: 0x1f
cpu MHz		: 2201.000
cache size	: 3072 KB
physical id	: 0
siblings	: 4
core id		: 0
cpu cores	: 2
apicid		: 0
initial apicid	: 0
fpu		: yes
fpu_exception	: yes
cpuid level	: 20
wp		: yes
flags		: fpu vme de pse tsc msr pae mce cx8 apic sep mtrr pge mca cmov pat pse36 clflush dts acpi mmx fxsr sse sse2 ss ht tm pbe syscall nx pdpe1gb rdtscp lm constant_tsc arch_perfmon pebs bts rep_good nopl xtopology nonstop_tsc aperfmperf eagerfpu pni pclmulqdq dtes64 monitor ds_cpl vmx est tm2 ssse3 fma cx16 xtpr pdcm pcid sse4_1 sse4_2 x2apic movbe popcnt tsc_deadline_timer aes xsave avx f16c rdrand lahf_lm abm 3dnowprefetch ida arat epb xsaveopt pln pts dtherm tpr_shadow vnmi flexpriority ept vpid fsgsbase tsc_adjust bmi1 avx2 smep bmi2 erms invpcid rdseed adx smap
bogomips	: 4389.91
clflush size	: 64
cache_alignment	: 64
address sizes	: 39 bits physical, 48 bits virtual
power management:

processor	: 1
vendor_id	: GenuineIntel
cpu family	: 6
model		: 61
model name	: Intel(R) Core(TM) i5-5200U CPU @ 2.20GHz
stepping	: 4
microcode	: 0x1f
cpu MHz		: 1700.000
cache size	: 3072 KB
physical id	: 0
siblings	: 4
core id		: 0
cpu cores	: 2
apicid		: 1
initial apicid	: 1
fpu		: yes
fpu_exception	: yes
cpuid level	: 20
wp		: yes
flags		: fpu vme de pse tsc msr pae mce cx8 apic sep mtrr pge mca cmov pat pse36 clflush dts acpi mmx fxsr sse sse2 ss ht tm pbe syscall nx pdpe1gb rdtscp lm constant_tsc arch_perfmon pebs bts rep_good nopl xtopology nonstop_tsc aperfmperf eagerfpu pni pclmulqdq dtes64 monitor ds_cpl vmx est tm2 ssse3 fma cx16 xtpr pdcm pcid sse4_1 sse4_2 x2apic movbe popcnt tsc_deadline_timer aes xsave avx f16c rdrand lahf_lm abm 3dnowprefetch ida arat epb xsaveopt pln pts dtherm tpr_shadow vnmi flexpriority ept vpid fsgsbase tsc_adjust bmi1 avx2 smep bmi2 erms invpcid rdseed adx smap
bogomips	: 4389.91
clflush size	: 64
cache_alignment	: 64
address sizes	: 39 bits physical, 48 bits virtual
power management:

processor	: 2
vendor_id	: GenuineIntel
cpu family	: 6
model		: 61
model name	: Intel(R) Core(TM) i5-5200U CPU @ 2.20GHz
stepping	: 4
microcode	: 0x1f
cpu MHz		: 2201.000
cache size	: 3072 KB
physical id	: 0
siblings	: 4
core id		: 1
cpu cores	: 2
apicid		: 2
initial apicid	: 2
fpu		: yes
fpu_exception	: yes
cpuid level	: 20
wp		: yes
flags		: fpu vme de pse tsc msr pae mce cx8 apic sep mtrr pge mca cmov pat pse36 clflush dts acpi mmx fxsr sse sse2 ss ht tm pbe syscall nx pdpe1gb rdtscp lm constant_tsc arch_perfmon pebs bts rep_good nopl xtopology nonstop_tsc aperfmperf eagerfpu pni pclmulqdq dtes64 monitor ds_cpl vmx est tm2 ssse3 fma cx16 xtpr pdcm pcid sse4_1 sse4_2 x2apic movbe popcnt tsc_deadline_timer aes xsave avx f16c rdrand lahf_lm abm 3dnowprefetch ida arat epb xsaveopt pln pts dtherm tpr_shadow vnmi flexpriority ept vpid fsgsbase tsc_adjust bmi1 avx2 smep bmi2 erms invpcid rdseed adx smap
bogomips	: 4389.91
clflush size	: 64
cache_alignment	: 64
address sizes	: 39 bits physical, 48 bits virtual
power management:

processor	: 3
vendor_id	: GenuineIntel
cpu family	: 6
model		: 61
model name	: Intel(R) Core(TM) i5-5200U CPU @ 2.20GHz
stepping	: 4
microcode	: 0x1f
cpu MHz		: 1000.000
cache size	: 3072 KB
physical id	: 0
siblings	: 4
core id		: 1
cpu cores	: 2
apicid		: 3
initial apicid	: 3
fpu		: yes
fpu_exception	: yes
cpuid level	: 20
wp		: yes
flags		: fpu vme de pse tsc msr pae mce cx8 apic sep mtrr pge mca cmov pat pse36 clflush dts acpi mmx fxsr sse sse2 ss ht tm pbe syscall nx pdpe1gb rdtscp lm constant_tsc arch_perfmon pebs bts rep_good nopl xtopology nonstop_tsc aperfmperf eagerfpu pni pclmulqdq dtes64 monitor ds_cpl vmx est tm2 ssse3 fma cx16 xtpr pdcm pcid sse4_1 sse4_2 x2apic movbe popcnt tsc_deadline_timer aes xsave avx f16c rdrand lahf_lm abm 3dnowprefetch ida arat epb xsaveopt pln pts dtherm tpr_shadow vnmi flexpriority ept vpid fsgsbase tsc_adjust bmi1 avx2 smep bmi2 erms invpcid rdseed adx smap
bogomips	: 4389.91
clflush size	: 64
cache_alignment	: 64
address sizes	: 39 bits physical, 48 bits virtual
power management:



Memory: 4k page, physical 3934516k(100032k free), swap 4080636k(16k free)

vm_info: OpenJDK 64-Bit Server VM (24.95-b01) for linux-amd64 JRE (1.7.0_95-b00), built on Mar 24 2016 06:13:32 by "buildd" with gcc 4.8.2

time: Thu Jun 23 15:30:52 2016
elapsed time: 31 seconds

