#
# There is insufficient memory for the Java Runtime Environment to continue.
# Native memory allocation (malloc) failed to allocate 167772160 bytes for committing reserved memory.
# Possible reasons:
#   The system is out of physical RAM or swap space
#   In 32 bit mode, the process size limit was hit
# Possible solutions:
#   Reduce memory load on the system
#   Increase physical memory or swap space
#   Check if swap backing store is full
#   Use 64 bit Java on a 64 bit OS
#   Decrease Java heap size (-Xmx/-Xms)
#   Decrease number of Java threads
#   Decrease Java thread stack sizes (-Xss)
#   Set larger code cache with -XX:ReservedCodeCacheSize=
# This output file may be truncated or incomplete.
#
#  Out of Memory Error (os_linux.cpp:2827), pid=23108, tid=139757177792256
#
# JRE version: OpenJDK Runtime Environment (7.0_95) (build 1.7.0_95-b00)
# Java VM: OpenJDK 64-Bit Server VM (24.95-b01 mixed mode linux-amd64 compressed oops)
# Derivative: IcedTea 2.6.4
# Distribution: Ubuntu 14.04 LTS, package 7u95-2.6.4-0ubuntu0.14.04.2
# Failed to write core dump. Core dumps have been disabled. To enable core dumping, try "ulimit -c unlimited" before starting Java again
#

---------------  T H R E A D  ---------------

Current thread (0x00007f1bc4076000):  VMThread [stack: 0x00007f1bc0dfe000,0x00007f1bc0eff000] [id=23118]

Stack: [0x00007f1bc0dfe000,0x00007f1bc0eff000],  sp=0x00007f1bc0efd490,  free space=1021k
Native frames: (J=compiled Java code, j=interpreted, Vv=VM code, C=native code)
V  [libjvm.so+0x953e15]
V  [libjvm.so+0x48fd94]
V  [libjvm.so+0x7cf87b]
V  [libjvm.so+0x7ca33f]
V  [libjvm.so+0x83dacb]
V  [libjvm.so+0x82d86b]
V  [libjvm.so+0x82da2b]
V  [libjvm.so+0x82e958]
V  [libjvm.so+0x8355b4]
V  [libjvm.so+0x83bc0d]
V  [libjvm.so+0x7f2083]
V  [libjvm.so+0x955814]
V  [libjvm.so+0x959917]
V  [libjvm.so+0x9583d8]
V  [libjvm.so+0x958839]
V  [libjvm.so+0x958c82]
V  [libjvm.so+0x7cc742]

VM_Operation (0x00007f1bcd151e40): ParallelGCFailedAllocation, mode: safepoint, requested by thread 0x00007f1bc400a800


---------------  P R O C E S S  ---------------

Java Threads: ( => current thread )
  0x00007f1bc40af800 JavaThread "Service Thread" daemon [_thread_blocked, id=23124, stack(0x00007f1bc00d5000,0x00007f1bc01d6000)]
  0x00007f1bc40ad000 JavaThread "C2 CompilerThread1" daemon [_thread_blocked, id=23123, stack(0x00007f1bc01d6000,0x00007f1bc02d7000)]
  0x00007f1bc40aa000 JavaThread "C2 CompilerThread0" daemon [_thread_blocked, id=23122, stack(0x00007f1bc02d7000,0x00007f1bc03d8000)]
  0x00007f1bc40a8000 JavaThread "Signal Dispatcher" daemon [_thread_blocked, id=23121, stack(0x00007f1bc03d8000,0x00007f1bc04d9000)]
  0x00007f1bc407c000 JavaThread "Finalizer" daemon [_thread_blocked, id=23120, stack(0x00007f1bc0bfc000,0x00007f1bc0cfd000)]
  0x00007f1bc407a000 JavaThread "Reference Handler" daemon [_thread_blocked, id=23119, stack(0x00007f1bc0cfd000,0x00007f1bc0dfe000)]
  0x00007f1bc400a800 JavaThread "main" [_thread_blocked, id=23113, stack(0x00007f1bcd053000,0x00007f1bcd154000)]

Other Threads:
=>0x00007f1bc4076000 VMThread [stack: 0x00007f1bc0dfe000,0x00007f1bc0eff000] [id=23118]
  0x00007f1bc40ba000 WatcherThread [stack: 0x00007f1bb19cf000,0x00007f1bb1ad0000] [id=23125]

VM state:at safepoint (normal execution)

VM Mutex/Monitor currently owned by a thread:  ([mutex/lock_event])
[0x00007f1bc4006350] ExpandHeap_lock - owner thread: 0x00007f1bc4076000
[0x00007f1bc40069d0] Threads_lock - owner thread: 0x00007f1bc4076000
[0x00007f1bc4006ed0] Heap_lock - owner thread: 0x00007f1bc400a800

Heap
 PSYoungGen      total 135680K, used 0K [0x00000000eaa80000, 0x00000000ffc00000, 0x0000000100000000)
  eden space 117248K, 0% used [0x00000000eaa80000,0x00000000eaa80000,0x00000000f1d00000)
  from space 18432K, 0% used [0x00000000f1d00000,0x00000000f1d00000,0x00000000f2f00000)
  to   space 114176K, 0% used [0x00000000f8c80000,0x00000000f8c80000,0x00000000ffc00000)
 ParOldGen       total 535040K, used 526978K [0x00000000c0000000, 0x00000000e0a80000, 0x00000000eaa80000)
  object space 535040K, 98% used [0x00000000c0000000,0x00000000e02a0b30,0x00000000e0a80000)
 PSPermGen       total 21504K, used 6218K [0x00000000b5a00000, 0x00000000b6f00000, 0x00000000c0000000)
  object space 21504K, 28% used [0x00000000b5a00000,0x00000000b6012b80,0x00000000b6f00000)

Card table byte_map: [0x00007f1bc9a34000,0x00007f1bc9c88000] byte_map_base: 0x00007f1bc9487000

Polling page: 0x00007f1bcd171000

Code Cache  [0x00007f1bc1000000, 0x00007f1bc1400000, 0x00007f1bc4000000)
 total_blobs=1318 nmethods=1090 adapters=181 free_code_cache=45214Kb largest_free_block=46137984

Compilation events (10 events):
Event: 21.016 Thread 0x00007f1bc40ad000 1174             com.android.dx.cf.code.Simulator::requiredArrayTypeFor (61 bytes)
Event: 21.017 Thread 0x00007f1bc40aa000 1175             com.android.dx.rop.type.Type::isArray (19 bytes)
Event: 21.018 Thread 0x00007f1bc40aa000 nmethod 1175 0x00007f1bc1220890 code [0x00007f1bc12209e0, 0x00007f1bc1220a98]
Event: 21.022 Thread 0x00007f1bc40ad000 nmethod 1174 0x00007f1bc13e18d0 code [0x00007f1bc13e1a80, 0x00007f1bc13e1e98]
Event: 21.138 Thread 0x00007f1bc40aa000 1176             com.android.dx.rop.code.Rops::opAput (97 bytes)
Event: 21.140 Thread 0x00007f1bc40aa000 nmethod 1176 0x00007f1bc10a0b50 code [0x00007f1bc10a0cc0, 0x00007f1bc10a0e08]
Event: 21.174 Thread 0x00007f1bc40ad000 1177             java.util.Arrays::copyOf (19 bytes)
Event: 21.176 Thread 0x00007f1bc40ad000 nmethod 1177 0x00007f1bc1256a50 code [0x00007f1bc1256ba0, 0x00007f1bc1256d98]
Event: 21.233 Thread 0x00007f1bc40aa000 1178             com.android.dx.dex.file.AnnotationsDirectoryItem::addMethodAnnotations (44 bytes)
Event: 21.237 Thread 0x00007f1bc40aa000 nmethod 1178 0x00007f1bc10ff210 code [0x00007f1bc10ff3c0, 0x00007f1bc10ff7e8]

GC Heap History (10 events):
Event: 19.986 GC heap after
Heap after GC invocations=32 (full 5):
 PSYoungGen      total 233472K, used 20629K [0x00000000eaa80000, 0x0000000100000000, 0x0000000100000000)
  eden space 117248K, 0% used [0x00000000eaa80000,0x00000000eaa80000,0x00000000f1d00000)
  from space 116224K, 17% used [0x00000000f1d00000,0x00000000f31257d0,0x00000000f8e80000)
  to   space 116224K, 0% used [0x00000000f8e80000,0x00000000f8e80000,0x0000000100000000)
 ParOldGen       total 535040K, used 432866K [0x00000000c0000000, 0x00000000e0a80000, 0x00000000eaa80000)
  object space 535040K, 80% used [0x00000000c0000000,0x00000000da6b8bc8,0x00000000e0a80000)
 PSPermGen       total 21504K, used 6204K [0x00000000b5a00000, 0x00000000b6f00000, 0x00000000c0000000)
  object space 21504K, 28% used [0x00000000b5a00000,0x00000000b600f150,0x00000000b6f00000)
}
Event: 20.266 GC heap before
{Heap before GC invocations=33 (full 5):
 PSYoungGen      total 233472K, used 137877K [0x00000000eaa80000, 0x0000000100000000, 0x0000000100000000)
  eden space 117248K, 100% used [0x00000000eaa80000,0x00000000f1d00000,0x00000000f1d00000)
  from space 116224K, 17% used [0x00000000f1d00000,0x00000000f31257d0,0x00000000f8e80000)
  to   space 116224K, 0% used [0x00000000f8e80000,0x00000000f8e80000,0x0000000100000000)
 ParOldGen       total 535040K, used 432866K [0x00000000c0000000, 0x00000000e0a80000, 0x00000000eaa80000)
  object space 535040K, 80% used [0x00000000c0000000,0x00000000da6b8bc8,0x00000000e0a80000)
 PSPermGen       total 21504K, used 6205K [0x00000000b5a00000, 0x00000000b6f00000, 0x00000000c0000000)
  object space 21504K, 28% used [0x00000000b5a00000,0x00000000b600f6d0,0x00000000b6f00000)
Event: 20.316 GC heap after
Heap after GC invocations=33 (full 5):
 PSYoungGen      total 233472K, used 20393K [0x00000000eaa80000, 0x0000000100000000, 0x0000000100000000)
  eden space 117248K, 0% used [0x00000000eaa80000,0x00000000eaa80000,0x00000000f1d00000)
  from space 116224K, 17% used [0x00000000f8e80000,0x00000000fa26a658,0x0000000100000000)
  to   space 116224K, 0% used [0x00000000f1d00000,0x00000000f1d00000,0x00000000f8e80000)
 ParOldGen       total 535040K, used 452449K [0x00000000c0000000, 0x00000000e0a80000, 0x00000000eaa80000)
  object space 535040K, 84% used [0x00000000c0000000,0x00000000db9d86b0,0x00000000e0a80000)
 PSPermGen       total 21504K, used 6205K [0x00000000b5a00000, 0x00000000b6f00000, 0x00000000c0000000)
  object space 21504K, 28% used [0x00000000b5a00000,0x00000000b600f6d0,0x00000000b6f00000)
}
Event: 20.582 GC heap before
{Heap before GC invocations=34 (full 5):
 PSYoungGen      total 233472K, used 137641K [0x00000000eaa80000, 0x0000000100000000, 0x0000000100000000)
  eden space 117248K, 100% used [0x00000000eaa80000,0x00000000f1d00000,0x00000000f1d00000)
  from space 116224K, 17% used [0x00000000f8e80000,0x00000000fa26a658,0x0000000100000000)
  to   space 116224K, 0% used [0x00000000f1d00000,0x00000000f1d00000,0x00000000f8e80000)
 ParOldGen       total 535040K, used 452449K [0x00000000c0000000, 0x00000000e0a80000, 0x00000000eaa80000)
  object space 535040K, 84% used [0x00000000c0000000,0x00000000db9d86b0,0x00000000e0a80000)
 PSPermGen       total 21504K, used 6209K [0x00000000b5a00000, 0x00000000b6f00000, 0x00000000c0000000)
  object space 21504K, 28% used [0x00000000b5a00000,0x00000000b6010418,0x00000000b6f00000)
Event: 20.628 GC heap after
Heap after GC invocations=34 (full 5):
 PSYoungGen      total 233472K, used 20035K [0x00000000eaa80000, 0x0000000100000000, 0x0000000100000000)
  eden space 117248K, 0% used [0x00000000eaa80000,0x00000000eaa80000,0x00000000f1d00000)
  from space 116224K, 17% used [0x00000000f1d00000,0x00000000f3090da0,0x00000000f8e80000)
  to   space 116224K, 0% used [0x00000000f8e80000,0x00000000f8e80000,0x0000000100000000)
 ParOldGen       total 535040K, used 471842K [0x00000000c0000000, 0x00000000e0a80000, 0x00000000eaa80000)
  object space 535040K, 88% used [0x00000000c0000000,0x00000000dccc8888,0x00000000e0a80000)
 PSPermGen       total 21504K, used 6209K [0x00000000b5a00000, 0x00000000b6f00000, 0x00000000c0000000)
  object space 21504K, 28% used [0x00000000b5a00000,0x00000000b6010418,0x00000000b6f00000)
}
Event: 20.903 GC heap before
{Heap before GC invocations=35 (full 5):
 PSYoungGen      total 233472K, used 137283K [0x00000000eaa80000, 0x0000000100000000, 0x0000000100000000)
  eden space 117248K, 100% used [0x00000000eaa80000,0x00000000f1d00000,0x00000000f1d00000)
  from space 116224K, 17% used [0x00000000f1d00000,0x00000000f3090da0,0x00000000f8e80000)
  to   space 116224K, 0% used [0x00000000f8e80000,0x00000000f8e80000,0x0000000100000000)
 ParOldGen       total 535040K, used 471842K [0x00000000c0000000, 0x00000000e0a80000, 0x00000000eaa80000)
  object space 535040K, 88% used [0x00000000c0000000,0x00000000dccc8888,0x00000000e0a80000)
 PSPermGen       total 21504K, used 6217K [0x00000000b5a00000, 0x00000000b6f00000, 0x00000000c0000000)
  object space 21504K, 28% used [0x00000000b5a00000,0x00000000b6012628,0x00000000b6f00000)
Event: 20.976 GC heap after
Heap after GC invocations=35 (full 5):
 PSYoungGen      total 233472K, used 20128K [0x00000000eaa80000, 0x0000000100000000, 0x0000000100000000)
  eden space 117248K, 0% used [0x00000000eaa80000,0x00000000eaa80000,0x00000000f1d00000)
  from space 116224K, 17% used [0x00000000f8e80000,0x00000000fa228000,0x0000000100000000)
  to   space 116224K, 0% used [0x00000000f1d00000,0x00000000f1d00000,0x00000000f8e80000)
 ParOldGen       total 535040K, used 490891K [0x00000000c0000000, 0x00000000e0a80000, 0x00000000eaa80000)
  object space 535040K, 91% used [0x00000000c0000000,0x00000000ddf62df0,0x00000000e0a80000)
 PSPermGen       total 21504K, used 6217K [0x00000000b5a00000, 0x00000000b6f00000, 0x00000000c0000000)
  object space 21504K, 28% used [0x00000000b5a00000,0x00000000b6012628,0x00000000b6f00000)
}
Event: 21.239 GC heap before
{Heap before GC invocations=36 (full 5):
 PSYoungGen      total 233472K, used 137376K [0x00000000eaa80000, 0x0000000100000000, 0x0000000100000000)
  eden space 117248K, 100% used [0x00000000eaa80000,0x00000000f1d00000,0x00000000f1d00000)
  from space 116224K, 17% used [0x00000000f8e80000,0x00000000fa228000,0x0000000100000000)
  to   space 116224K, 0% used [0x00000000f1d00000,0x00000000f1d00000,0x00000000f8e80000)
 ParOldGen       total 535040K, used 490891K [0x00000000c0000000, 0x00000000e0a80000, 0x00000000eaa80000)
  object space 535040K, 91% used [0x00000000c0000000,0x00000000ddf62df0,0x00000000e0a80000)
 PSPermGen       total 21504K, used 6218K [0x00000000b5a00000, 0x00000000b6f00000, 0x00000000c0000000)
  object space 21504K, 28% used [0x00000000b5a00000,0x00000000b6012bc0,0x00000000b6f00000)
Event: 21.282 GC heap after
Heap after GC invocations=36 (full 5):
 PSYoungGen      total 135680K, used 18344K [0x00000000eaa80000, 0x00000000ffc00000, 0x0000000100000000)
  eden space 117248K, 0% used [0x00000000eaa80000,0x00000000eaa80000,0x00000000f1d00000)
  from space 18432K, 99% used [0x00000000f1d00000,0x00000000f2eea250,0x00000000f2f00000)
  to   space 114176K, 0% used [0x00000000f8c80000,0x00000000f8c80000,0x00000000ffc00000)
 ParOldGen       total 535040K, used 510212K [0x00000000c0000000, 0x00000000e0a80000, 0x00000000eaa80000)
  object space 535040K, 95% used [0x00000000c0000000,0x00000000df2410c0,0x00000000e0a80000)
 PSPermGen       total 21504K, used 6218K [0x00000000b5a00000, 0x00000000b6f00000, 0x00000000c0000000)
  object space 21504K, 28% used [0x00000000b5a00000,0x00000000b6012bc0,0x00000000b6f00000)
}
Event: 21.282 GC heap before
{Heap before GC invocations=37 (full 6):
 PSYoungGen      total 135680K, used 18344K [0x00000000eaa80000, 0x00000000ffc00000, 0x0000000100000000)
  eden space 117248K, 0% used [0x00000000eaa80000,0x00000000eaa80000,0x00000000f1d00000)
  from space 18432K, 99% used [0x00000000f1d00000,0x00000000f2eea250,0x00000000f2f00000)
  to   space 114176K, 0% used [0x00000000f8c80000,0x00000000f8c80000,0x00000000ffc00000)
 ParOldGen       total 535040K, used 510212K [0x00000000c0000000, 0x00000000e0a80000, 0x00000000eaa80000)
  object space 535040K, 95% used [0x00000000c0000000,0x00000000df2410c0,0x00000000e0a80000)
 PSPermGen       total 21504K, used 6218K [0x00000000b5a00000, 0x00000000b6f00000, 0x00000000c0000000)
  object space 21504K, 28% used [0x00000000b5a00000,0x00000000b6012bc0,0x00000000b6f00000)

Deoptimization events (10 events):
Event: 15.869 Thread 0x00007f1bc400a800 Uncommon trap: reason=bimorphic action=maybe_recompile pc=0x00007f1bc139add8 method=com.android.dx.cf.code.BytecodeArray.parseInstruction(ILcom/android/dx/cf/code/BytecodeArray$Visitor;)I @ 1447
Event: 16.178 Thread 0x00007f1bc400a800 Uncommon trap: reason=bimorphic action=maybe_recompile pc=0x00007f1bc12d5ca8 method=com.android.dx.ssa.NormalSsaInsn.changeOneSource(ILcom/android/dx/rop/code/RegisterSpec;)V @ 113
Event: 16.178 Thread 0x00007f1bc400a800 Uncommon trap: reason=bimorphic action=maybe_recompile pc=0x00007f1bc12d5ca8 method=com.android.dx.ssa.NormalSsaInsn.changeOneSource(ILcom/android/dx/rop/code/RegisterSpec;)V @ 113
Event: 16.178 Thread 0x00007f1bc400a800 Uncommon trap: reason=bimorphic action=maybe_recompile pc=0x00007f1bc12d5ca8 method=com.android.dx.ssa.NormalSsaInsn.changeOneSource(ILcom/android/dx/rop/code/RegisterSpec;)V @ 113
Event: 16.178 Thread 0x00007f1bc400a800 Uncommon trap: reason=bimorphic action=maybe_recompile pc=0x00007f1bc12d5ca8 method=com.android.dx.ssa.NormalSsaInsn.changeOneSource(ILcom/android/dx/rop/code/RegisterSpec;)V @ 113
Event: 17.017 Thread 0x00007f1bc400a800 Uncommon trap: reason=bimorphic action=maybe_recompile pc=0x00007f1bc138af94 method=com.android.dx.ssa.LiteralOpUpgrader.tryReplacingWithConstant(Lcom/android/dx/ssa/NormalSsaInsn;)Z @ 62
Event: 17.049 Thread 0x00007f1bc400a800 Uncommon trap: reason=bimorphic action=maybe_recompile pc=0x00007f1bc1185894 method=com.android.dx.ssa.LiteralOpUpgrader.tryReplacingWithConstant(Lcom/android/dx/ssa/NormalSsaInsn;)Z @ 62
Event: 17.440 Thread 0x00007f1bc400a800 Uncommon trap: reason=unstable_if action=reinterpret pc=0x00007f1bc13ed194 method=com.android.dx.ssa.LiteralOpUpgrader$1.visitNonMoveInsn(Lcom/android/dx/ssa/NormalSsaInsn;)V @ 137
Event: 19.240 Thread 0x00007f1bc400a800 Uncommon trap: reason=bimorphic action=maybe_recompile pc=0x00007f1bc13f2758 method=com.android.dx.cf.code.BytecodeArray.parseInstruction(ILcom/android/dx/cf/code/BytecodeArray$Visitor;)I @ 1987
Event: 19.240 Thread 0x00007f1bc400a800 Uncommon trap: reason=bimorphic action=maybe_recompile pc=0x00007f1bc13f2758 method=com.android.dx.cf.code.BytecodeArray.parseInstruction(ILcom/android/dx/cf/code/BytecodeArray$Visitor;)I @ 1987

Internal exceptions (10 events):
Event: 6.808 Thread 0x00007f1bc400a800 Implicit null exception at 0x00007f1bc1145ce4 to 0x00007f1bc1145ff5
Event: 6.809 Thread 0x00007f1bc400a800 Implicit null exception at 0x00007f1bc11973f1 to 0x00007f1bc1198571
Event: 6.809 Thread 0x00007f1bc400a800 Implicit null exception at 0x00007f1bc10f8667 to 0x00007f1bc10f8961
Event: 6.809 Thread 0x00007f1bc400a800 Implicit null exception at 0x00007f1bc10b5c38 to 0x00007f1bc10b5d8d
Event: 7.237 Thread 0x00007f1bc400a800 Implicit null exception at 0x00007f1bc1360517 to 0x00007f1bc1362ecd
Event: 8.402 Thread 0x00007f1bc400a800 Threw 0x00000000ebbd5100 at /build/openjdk-7-HVzwJZ/openjdk-7-7u95-2.6.4/build/openjdk/hotspot/src/share/vm/prims/jvm.cpp:1322
Event: 8.405 Thread 0x00007f1bc400a800 Implicit null exception at 0x00007f1bc110ea4d to 0x00007f1bc110eb01
Event: 9.243 Thread 0x00007f1bc400a800 Threw 0x00000000ecb9d070 at /build/openjdk-7-HVzwJZ/openjdk-7-7u95-2.6.4/build/openjdk/hotspot/src/share/vm/prims/jvm.cpp:1322
Event: 9.309 Thread 0x00007f1bc400a800 Threw 0x00000000ed3fc2b8 at /build/openjdk-7-HVzwJZ/openjdk-7-7u95-2.6.4/build/openjdk/hotspot/src/share/vm/prims/jvm.cpp:1322
Event: 9.543 Thread 0x00007f1bc400a800 Threw 0x00000000f0f196a8 at /build/openjdk-7-HVzwJZ/openjdk-7-7u95-2.6.4/build/openjdk/hotspot/src/share/vm/prims/jvm.cpp:1322

Events (10 events):
Event: 20.995 Thread 0x00007f1bc40aa000 flushing nmethod 0x00007f1bc10ba690
Event: 20.999 Thread 0x00007f1bc40ad000 flushing nmethod 0x00007f1bc10dadd0
Event: 20.999 Thread 0x00007f1bc40ad000 flushing nmethod 0x00007f1bc10fef50
Event: 20.999 Thread 0x00007f1bc40ad000 flushing nmethod 0x00007f1bc1102350
Event: 21.001 Thread 0x00007f1bc40aa000 flushing nmethod 0x00007f1bc119abd0
Event: 21.001 Thread 0x00007f1bc40aa000 flushing nmethod 0x00007f1bc11ae810
Event: 21.140 Thread 0x00007f1bc40aa000 flushing nmethod 0x00007f1bc1250890
Event: 21.140 Thread 0x00007f1bc40aa000 flushing nmethod 0x00007f1bc1256a50
Event: 21.176 Thread 0x00007f1bc40ad000 flushing nmethod 0x00007f1bc125f4d0
Event: 21.239 Executing VM operation: ParallelGCFailedAllocation


Dynamic libraries:
00400000-00401000 r-xp 00000000 08:01 5508137                            /usr/lib/jvm/java-7-openjdk-amd64/jre/bin/java
00600000-00601000 r--p 00000000 08:01 5508137                            /usr/lib/jvm/java-7-openjdk-amd64/jre/bin/java
00601000-00602000 rw-p 00001000 08:01 5508137                            /usr/lib/jvm/java-7-openjdk-amd64/jre/bin/java
00b9f000-00bc0000 rw-p 00000000 00:00 0                                  [heap]
b5a00000-b6f00000 rw-p 00000000 00:00 0 
b6f00000-c0000000 rw-p 00000000 00:00 0 
c0000000-e0a80000 rw-p 00000000 00:00 0 
eaa80000-ffc00000 rw-p 00000000 00:00 0 
ffc00000-100000000 ---p 00000000 00:00 0 
7f1b8c000000-7f1b8c021000 rw-p 00000000 00:00 0 
7f1b8c021000-7f1b90000000 ---p 00000000 00:00 0 
7f1b90000000-7f1b90021000 rw-p 00000000 00:00 0 
7f1b90021000-7f1b94000000 ---p 00000000 00:00 0 
7f1b94000000-7f1b95887000 rw-p 00000000 00:00 0 
7f1b95887000-7f1b98000000 ---p 00000000 00:00 0 
7f1b98000000-7f1b9974b000 rw-p 00000000 00:00 0 
7f1b9974b000-7f1b9c000000 ---p 00000000 00:00 0 
7f1b9c000000-7f1b9c021000 rw-p 00000000 00:00 0 
7f1b9c021000-7f1ba0000000 ---p 00000000 00:00 0 
7f1ba0000000-7f1ba0021000 rw-p 00000000 00:00 0 
7f1ba0021000-7f1ba4000000 ---p 00000000 00:00 0 
7f1ba4000000-7f1ba4021000 rw-p 00000000 00:00 0 
7f1ba4021000-7f1ba8000000 ---p 00000000 00:00 0 
7f1ba8000000-7f1ba8021000 rw-p 00000000 00:00 0 
7f1ba8021000-7f1bac000000 ---p 00000000 00:00 0 
7f1bac000000-7f1bac021000 rw-p 00000000 00:00 0 
7f1bac021000-7f1bb0000000 ---p 00000000 00:00 0 
7f1bb0251000-7f1bb028e000 r-xp 00000000 08:01 790495                     /lib/x86_64-linux-gnu/libpcre.so.3.13.1
7f1bb028e000-7f1bb048d000 ---p 0003d000 08:01 790495                     /lib/x86_64-linux-gnu/libpcre.so.3.13.1
7f1bb048d000-7f1bb048e000 r--p 0003c000 08:01 790495                     /lib/x86_64-linux-gnu/libpcre.so.3.13.1
7f1bb048e000-7f1bb048f000 rw-p 0003d000 08:01 790495                     /lib/x86_64-linux-gnu/libpcre.so.3.13.1
7f1bb048f000-7f1bb0496000 r-xp 00000000 08:01 4726848                    /usr/lib/x86_64-linux-gnu/libffi.so.6.0.1
7f1bb0496000-7f1bb0695000 ---p 00007000 08:01 4726848                    /usr/lib/x86_64-linux-gnu/libffi.so.6.0.1
7f1bb0695000-7f1bb0696000 r--p 00006000 08:01 4726848                    /usr/lib/x86_64-linux-gnu/libffi.so.6.0.1
7f1bb0696000-7f1bb0697000 rw-p 00007000 08:01 4726848                    /usr/lib/x86_64-linux-gnu/libffi.so.6.0.1
7f1bb0697000-7f1bb06ae000 r-xp 00000000 08:01 786614                     /lib/x86_64-linux-gnu/libresolv-2.19.so
7f1bb06ae000-7f1bb08ae000 ---p 00017000 08:01 786614                     /lib/x86_64-linux-gnu/libresolv-2.19.so
7f1bb08ae000-7f1bb08af000 r--p 00017000 08:01 786614                     /lib/x86_64-linux-gnu/libresolv-2.19.so
7f1bb08af000-7f1bb08b0000 rw-p 00018000 08:01 786614                     /lib/x86_64-linux-gnu/libresolv-2.19.so
7f1bb08b0000-7f1bb08b2000 rw-p 00000000 00:00 0 
7f1bb08b2000-7f1bb08d2000 r-xp 00000000 08:01 790522                     /lib/x86_64-linux-gnu/libselinux.so.1
7f1bb08d2000-7f1bb0ad1000 ---p 00020000 08:01 790522                     /lib/x86_64-linux-gnu/libselinux.so.1
7f1bb0ad1000-7f1bb0ad2000 r--p 0001f000 08:01 790522                     /lib/x86_64-linux-gnu/libselinux.so.1
7f1bb0ad2000-7f1bb0ad3000 rw-p 00020000 08:01 790522                     /lib/x86_64-linux-gnu/libselinux.so.1
7f1bb0ad3000-7f1bb0ad5000 rw-p 00000000 00:00 0 
7f1bb0ad5000-7f1bb0ad8000 r-xp 00000000 08:01 4726965                    /usr/lib/x86_64-linux-gnu/libgmodule-2.0.so.0.4000.0
7f1bb0ad8000-7f1bb0cd7000 ---p 00003000 08:01 4726965                    /usr/lib/x86_64-linux-gnu/libgmodule-2.0.so.0.4000.0
7f1bb0cd7000-7f1bb0cd8000 r--p 00002000 08:01 4726965                    /usr/lib/x86_64-linux-gnu/libgmodule-2.0.so.0.4000.0
7f1bb0cd8000-7f1bb0cd9000 rw-p 00003000 08:01 4726965                    /usr/lib/x86_64-linux-gnu/libgmodule-2.0.so.0.4000.0
7f1bb0cd9000-7f1bb0ddf000 r-xp 00000000 08:01 790423                     /lib/x86_64-linux-gnu/libglib-2.0.so.0.4000.0
7f1bb0ddf000-7f1bb0fde000 ---p 00106000 08:01 790423                     /lib/x86_64-linux-gnu/libglib-2.0.so.0.4000.0
7f1bb0fde000-7f1bb0fdf000 r--p 00105000 08:01 790423                     /lib/x86_64-linux-gnu/libglib-2.0.so.0.4000.0
7f1bb0fdf000-7f1bb0fe0000 rw-p 00106000 08:01 790423                     /lib/x86_64-linux-gnu/libglib-2.0.so.0.4000.0
7f1bb0fe0000-7f1bb0fe1000 rw-p 00000000 00:00 0 
7f1bb0fe1000-7f1bb1030000 r-xp 00000000 08:01 4726981                    /usr/lib/x86_64-linux-gnu/libgobject-2.0.so.0.4000.0
7f1bb1030000-7f1bb1230000 ---p 0004f000 08:01 4726981                    /usr/lib/x86_64-linux-gnu/libgobject-2.0.so.0.4000.0
7f1bb1230000-7f1bb1231000 r--p 0004f000 08:01 4726981                    /usr/lib/x86_64-linux-gnu/libgobject-2.0.so.0.4000.0
7f1bb1231000-7f1bb1232000 rw-p 00050000 08:01 4726981                    /usr/lib/x86_64-linux-gnu/libgobject-2.0.so.0.4000.0
7f1bb1232000-7f1bb139d000 r-xp 00000000 08:01 4726951                    /usr/lib/x86_64-linux-gnu/libgio-2.0.so.0.4000.0
7f1bb139d000-7f1bb159d000 ---p 0016b000 08:01 4726951                    /usr/lib/x86_64-linux-gnu/libgio-2.0.so.0.4000.0
7f1bb159d000-7f1bb15a1000 r--p 0016b000 08:01 4726951                    /usr/lib/x86_64-linux-gnu/libgio-2.0.so.0.4000.0
7f1bb15a1000-7f1bb15a3000 rw-p 0016f000 08:01 4726951                    /usr/lib/x86_64-linux-gnu/libgio-2.0.so.0.4000.0
7f1bb15a3000-7f1bb15a5000 rw-p 00000000 00:00 0 
7f1bb15a5000-7f1bb15bc000 r-xp 00000000 08:01 5917886                    /usr/lib/jvm/java-7-openjdk-amd64/jre/lib/amd64/libnet.so
7f1bb15bc000-7f1bb17bb000 ---p 00017000 08:01 5917886                    /usr/lib/jvm/java-7-openjdk-amd64/jre/lib/amd64/libnet.so
7f1bb17bb000-7f1bb17bc000 r--p 00016000 08:01 5917886                    /usr/lib/jvm/java-7-openjdk-amd64/jre/lib/amd64/libnet.so
7f1bb17bc000-7f1bb17bd000 rw-p 00017000 08:01 5917886                    /usr/lib/jvm/java-7-openjdk-amd64/jre/lib/amd64/libnet.so
7f1bb17bd000-7f1bb17cd000 r-xp 00000000 08:01 5917910                    /usr/lib/jvm/java-7-openjdk-amd64/jre/lib/amd64/libnio.so
7f1bb17cd000-7f1bb19cd000 ---p 00010000 08:01 5917910                    /usr/lib/jvm/java-7-openjdk-amd64/jre/lib/amd64/libnio.so
7f1bb19cd000-7f1bb19ce000 r--p 00010000 08:01 5917910                    /usr/lib/jvm/java-7-openjdk-amd64/jre/lib/amd64/libnio.so
7f1bb19ce000-7f1bb19cf000 rw-p 00011000 08:01 5917910                    /usr/lib/jvm/java-7-openjdk-amd64/jre/lib/amd64/libnio.so
7f1bb19cf000-7f1bb19d0000 ---p 00000000 00:00 0 
7f1bb19d0000-7f1bb4000000 rw-p 00000000 00:00 0                          [stack:23125]
7f1bb4000000-7f1bb4021000 rw-p 00000000 00:00 0 
7f1bb4021000-7f1bb8000000 ---p 00000000 00:00 0 
7f1bb8000000-7f1bb8021000 rw-p 00000000 00:00 0 
7f1bb8021000-7f1bbc000000 ---p 00000000 00:00 0 
7f1bbc000000-7f1bbc021000 rw-p 00000000 00:00 0 
7f1bbc021000-7f1bc0000000 ---p 00000000 00:00 0 
7f1bc0049000-7f1bc00d5000 r--s 0077a000 08:01 10224546                   /home/raihan/OpenSrpWorkSpace/opensrp-client/opensrp-mcare/build/intermediates/multi-dex/debug/allclasses.jar
7f1bc00d5000-7f1bc00d8000 ---p 00000000 00:00 0 
7f1bc00d8000-7f1bc01d6000 rw-p 00000000 00:00 0                          [stack:23124]
7f1bc01d6000-7f1bc01d9000 ---p 00000000 00:00 0 
7f1bc01d9000-7f1bc02d7000 rw-p 00000000 00:00 0                          [stack:23123]
7f1bc02d7000-7f1bc02da000 ---p 00000000 00:00 0 
7f1bc02da000-7f1bc03d8000 rw-p 00000000 00:00 0                          [stack:23122]
7f1bc03d8000-7f1bc03db000 ---p 00000000 00:00 0 
7f1bc03db000-7f1bc04d9000 rw-p 00000000 00:00 0                          [stack:23121]
7f1bc04d9000-7f1bc0bfc000 r--p 00000000 08:01 4725570                    /usr/lib/locale/locale-archive
7f1bc0bfc000-7f1bc0bff000 ---p 00000000 00:00 0 
7f1bc0bff000-7f1bc0cfd000 rw-p 00000000 00:00 0                          [stack:23120]
7f1bc0cfd000-7f1bc0d00000 ---p 00000000 00:00 0 
7f1bc0d00000-7f1bc0dfe000 rw-p 00000000 00:00 0                          [stack:23119]
7f1bc0dfe000-7f1bc0dff000 ---p 00000000 00:00 0 
7f1bc0dff000-7f1bc1000000 rw-p 00000000 00:00 0                          [stack:23118]
7f1bc1000000-7f1bc1400000 rwxp 00000000 00:00 0 
7f1bc1400000-7f1bc4376000 rw-p 00000000 00:00 0 
7f1bc4376000-7f1bc8000000 ---p 00000000 00:00 0 
7f1bc8032000-7f1bc8063000 rw-p 00000000 00:00 0 
7f1bc807c000-7f1bc808b000 r--s 000dd000 08:01 6177003                    /home/raihan/android-sdk-linux/build-tools/21.1.2/lib/dx.jar
7f1bc808b000-7f1bc808e000 r--s 0000f000 08:01 5917931                    /usr/lib/jvm/java-7-openjdk-amd64/jre/lib/ext/icedtea-sound.jar
7f1bc808e000-7f1bc8f8a000 rw-p 00000000 00:00 0 
7f1bc8f8a000-7f1bc913b000 r--s 01d30000 08:01 5508152                    /usr/lib/jvm/java-7-openjdk-amd64/jre/lib/rt.jar
7f1bc913b000-7f1bc9487000 rw-p 00000000 00:00 0 
7f1bc9487000-7f1bc9488000 ---p 00000000 00:00 0 
7f1bc9488000-7f1bc9588000 rw-p 00000000 00:00 0                          [stack:23117]
7f1bc9588000-7f1bc9589000 ---p 00000000 00:00 0 
7f1bc9589000-7f1bc9689000 rw-p 00000000 00:00 0                          [stack:23116]
7f1bc9689000-7f1bc968a000 ---p 00000000 00:00 0 
7f1bc968a000-7f1bc978a000 rw-p 00000000 00:00 0                          [stack:23115]
7f1bc978a000-7f1bc978b000 ---p 00000000 00:00 0 
7f1bc978b000-7f1bc9896000 rw-p 00000000 00:00 0                          [stack:23114]
7f1bc9896000-7f1bc98de000 rw-p 00000000 00:00 0 
7f1bc98de000-7f1bc99e4000 rw-p 00000000 00:00 0 
7f1bc99e4000-7f1bc9a34000 rw-p 00000000 00:00 0 
7f1bc9a34000-7f1bc9a3f000 rw-p 00000000 00:00 0 
7f1bc9a3f000-7f1bc9a87000 rw-p 00000000 00:00 0 
7f1bc9a87000-7f1bc9b8d000 rw-p 00000000 00:00 0 
7f1bc9b8d000-7f1bc9bdc000 rw-p 00000000 00:00 0 
7f1bc9bdc000-7f1bc9c85000 rw-p 00000000 00:00 0 
7f1bc9c85000-7f1bc9c87000 ---p 00000000 00:00 0 
7f1bc9c87000-7f1bc9c88000 rw-p 00000000 00:00 0 
7f1bc9c88000-7f1bc9c90000 r-xp 00000000 08:01 5917892                    /usr/lib/jvm/java-7-openjdk-amd64/jre/lib/amd64/libzip.so
7f1bc9c90000-7f1bc9e8f000 ---p 00008000 08:01 5917892                    /usr/lib/jvm/java-7-openjdk-amd64/jre/lib/amd64/libzip.so
7f1bc9e8f000-7f1bc9e90000 r--p 00007000 08:01 5917892                    /usr/lib/jvm/java-7-openjdk-amd64/jre/lib/amd64/libzip.so
7f1bc9e90000-7f1bc9e91000 rw-p 00008000 08:01 5917892                    /usr/lib/jvm/java-7-openjdk-amd64/jre/lib/amd64/libzip.so
7f1bc9e91000-7f1bc9e9c000 r-xp 00000000 08:01 786646                     /lib/x86_64-linux-gnu/libnss_files-2.19.so
7f1bc9e9c000-7f1bca09b000 ---p 0000b000 08:01 786646                     /lib/x86_64-linux-gnu/libnss_files-2.19.so
7f1bca09b000-7f1bca09c000 r--p 0000a000 08:01 786646                     /lib/x86_64-linux-gnu/libnss_files-2.19.so
7f1bca09c000-7f1bca09d000 rw-p 0000b000 08:01 786646                     /lib/x86_64-linux-gnu/libnss_files-2.19.so
7f1bca09d000-7f1bca0a8000 r-xp 00000000 08:01 786638                     /lib/x86_64-linux-gnu/libnss_nis-2.19.so
7f1bca0a8000-7f1bca2a7000 ---p 0000b000 08:01 786638                     /lib/x86_64-linux-gnu/libnss_nis-2.19.so
7f1bca2a7000-7f1bca2a8000 r--p 0000a000 08:01 786638                     /lib/x86_64-linux-gnu/libnss_nis-2.19.so
7f1bca2a8000-7f1bca2a9000 rw-p 0000b000 08:01 786638                     /lib/x86_64-linux-gnu/libnss_nis-2.19.so
7f1bca2a9000-7f1bca2c0000 r-xp 00000000 08:01 786634                     /lib/x86_64-linux-gnu/libnsl-2.19.so
7f1bca2c0000-7f1bca4bf000 ---p 00017000 08:01 786634                     /lib/x86_64-linux-gnu/libnsl-2.19.so
7f1bca4bf000-7f1bca4c0000 r--p 00016000 08:01 786634                     /lib/x86_64-linux-gnu/libnsl-2.19.so
7f1bca4c0000-7f1bca4c1000 rw-p 00017000 08:01 786634                     /lib/x86_64-linux-gnu/libnsl-2.19.so
7f1bca4c1000-7f1bca4c3000 rw-p 00000000 00:00 0 
7f1bca4c3000-7f1bca4cc000 r-xp 00000000 08:01 786633                     /lib/x86_64-linux-gnu/libnss_compat-2.19.so
7f1bca4cc000-7f1bca6cb000 ---p 00009000 08:01 786633                     /lib/x86_64-linux-gnu/libnss_compat-2.19.so
7f1bca6cb000-7f1bca6cc000 r--p 00008000 08:01 786633                     /lib/x86_64-linux-gnu/libnss_compat-2.19.so
7f1bca6cc000-7f1bca6cd000 rw-p 00009000 08:01 786633                     /lib/x86_64-linux-gnu/libnss_compat-2.19.so
7f1bca6cd000-7f1bca6f8000 r-xp 00000000 08:01 5917877                    /usr/lib/jvm/java-7-openjdk-amd64/jre/lib/amd64/libjava.so
7f1bca6f8000-7f1bca8f8000 ---p 0002b000 08:01 5917877                    /usr/lib/jvm/java-7-openjdk-amd64/jre/lib/amd64/libjava.so
7f1bca8f8000-7f1bca8f9000 r--p 0002b000 08:01 5917877                    /usr/lib/jvm/java-7-openjdk-amd64/jre/lib/amd64/libjava.so
7f1bca8f9000-7f1bca8fb000 rw-p 0002c000 08:01 5917877                    /usr/lib/jvm/java-7-openjdk-amd64/jre/lib/amd64/libjava.so
7f1bca8fb000-7f1bca90b000 r-xp 00000000 08:01 5917878                    /usr/lib/jvm/java-7-openjdk-amd64/jre/lib/amd64/libverify.so
7f1bca90b000-7f1bcab0a000 ---p 00010000 08:01 5917878                    /usr/lib/jvm/java-7-openjdk-amd64/jre/lib/amd64/libverify.so
7f1bcab0a000-7f1bcab0c000 r--p 0000f000 08:01 5917878                    /usr/lib/jvm/java-7-openjdk-amd64/jre/lib/amd64/libverify.so
7f1bcab0c000-7f1bcab0d000 rw-p 00011000 08:01 5917878                    /usr/lib/jvm/java-7-openjdk-amd64/jre/lib/amd64/libverify.so
7f1bcab0d000-7f1bcab14000 r-xp 00000000 08:01 786642                     /lib/x86_64-linux-gnu/librt-2.19.so
7f1bcab14000-7f1bcad13000 ---p 00007000 08:01 786642                     /lib/x86_64-linux-gnu/librt-2.19.so
7f1bcad13000-7f1bcad14000 r--p 00006000 08:01 786642                     /lib/x86_64-linux-gnu/librt-2.19.so
7f1bcad14000-7f1bcad15000 rw-p 00007000 08:01 786642                     /lib/x86_64-linux-gnu/librt-2.19.so
7f1bcad15000-7f1bcad2b000 r-xp 00000000 08:01 786612                     /lib/x86_64-linux-gnu/libgcc_s.so.1
7f1bcad2b000-7f1bcaf2a000 ---p 00016000 08:01 786612                     /lib/x86_64-linux-gnu/libgcc_s.so.1
7f1bcaf2a000-7f1bcaf2b000 rw-p 00015000 08:01 786612                     /lib/x86_64-linux-gnu/libgcc_s.so.1
7f1bcaf2b000-7f1bcb030000 r-xp 00000000 08:01 786618                     /lib/x86_64-linux-gnu/libm-2.19.so
7f1bcb030000-7f1bcb22f000 ---p 00105000 08:01 786618                     /lib/x86_64-linux-gnu/libm-2.19.so
7f1bcb22f000-7f1bcb230000 r--p 00104000 08:01 786618                     /lib/x86_64-linux-gnu/libm-2.19.so
7f1bcb230000-7f1bcb231000 rw-p 00105000 08:01 786618                     /lib/x86_64-linux-gnu/libm-2.19.so
7f1bcb231000-7f1bcb317000 r-xp 00000000 08:01 4721335                    /usr/lib/x86_64-linux-gnu/libstdc++.so.6.0.19
7f1bcb317000-7f1bcb516000 ---p 000e6000 08:01 4721335                    /usr/lib/x86_64-linux-gnu/libstdc++.so.6.0.19
7f1bcb516000-7f1bcb51e000 r--p 000e5000 08:01 4721335                    /usr/lib/x86_64-linux-gnu/libstdc++.so.6.0.19
7f1bcb51e000-7f1bcb520000 rw-p 000ed000 08:01 4721335                    /usr/lib/x86_64-linux-gnu/libstdc++.so.6.0.19
7f1bcb520000-7f1bcb535000 rw-p 00000000 00:00 0 
7f1bcb535000-7f1bcc059000 r-xp 00000000 08:01 5917890                    /usr/lib/jvm/java-7-openjdk-amd64/jre/lib/amd64/server/libjvm.so
7f1bcc059000-7f1bcc259000 ---p 00b24000 08:01 5917890                    /usr/lib/jvm/java-7-openjdk-amd64/jre/lib/amd64/server/libjvm.so
7f1bcc259000-7f1bcc2f3000 r--p 00b24000 08:01 5917890                    /usr/lib/jvm/java-7-openjdk-amd64/jre/lib/amd64/server/libjvm.so
7f1bcc2f3000-7f1bcc316000 rw-p 00bbe000 08:01 5917890                    /usr/lib/jvm/java-7-openjdk-amd64/jre/lib/amd64/server/libjvm.so
7f1bcc316000-7f1bcc344000 rw-p 00000000 00:00 0 
7f1bcc344000-7f1bcc35c000 r-xp 00000000 08:01 790555                     /lib/x86_64-linux-gnu/libz.so.1.2.8
7f1bcc35c000-7f1bcc55b000 ---p 00018000 08:01 790555                     /lib/x86_64-linux-gnu/libz.so.1.2.8
7f1bcc55b000-7f1bcc55c000 r--p 00017000 08:01 790555                     /lib/x86_64-linux-gnu/libz.so.1.2.8
7f1bcc55c000-7f1bcc55d000 rw-p 00018000 08:01 790555                     /lib/x86_64-linux-gnu/libz.so.1.2.8
7f1bcc55d000-7f1bcc576000 r-xp 00000000 08:01 786635                     /lib/x86_64-linux-gnu/libpthread-2.19.so
7f1bcc576000-7f1bcc775000 ---p 00019000 08:01 786635                     /lib/x86_64-linux-gnu/libpthread-2.19.so
7f1bcc775000-7f1bcc776000 r--p 00018000 08:01 786635                     /lib/x86_64-linux-gnu/libpthread-2.19.so
7f1bcc776000-7f1bcc777000 rw-p 00019000 08:01 786635                     /lib/x86_64-linux-gnu/libpthread-2.19.so
7f1bcc777000-7f1bcc77b000 rw-p 00000000 00:00 0 
7f1bcc77b000-7f1bcc77e000 r-xp 00000000 08:01 786630                     /lib/x86_64-linux-gnu/libdl-2.19.so
7f1bcc77e000-7f1bcc97d000 ---p 00003000 08:01 786630                     /lib/x86_64-linux-gnu/libdl-2.19.so
7f1bcc97d000-7f1bcc97e000 r--p 00002000 08:01 786630                     /lib/x86_64-linux-gnu/libdl-2.19.so
7f1bcc97e000-7f1bcc97f000 rw-p 00003000 08:01 786630                     /lib/x86_64-linux-gnu/libdl-2.19.so
7f1bcc97f000-7f1bccb3a000 r-xp 00000000 08:01 786643                     /lib/x86_64-linux-gnu/libc-2.19.so
7f1bccb3a000-7f1bccd39000 ---p 001bb000 08:01 786643                     /lib/x86_64-linux-gnu/libc-2.19.so
7f1bccd39000-7f1bccd3d000 r--p 001ba000 08:01 786643                     /lib/x86_64-linux-gnu/libc-2.19.so
7f1bccd3d000-7f1bccd3f000 rw-p 001be000 08:01 786643                     /lib/x86_64-linux-gnu/libc-2.19.so
7f1bccd3f000-7f1bccd44000 rw-p 00000000 00:00 0 
7f1bccd44000-7f1bccd51000 r-xp 00000000 08:01 5917907                    /usr/lib/jvm/java-7-openjdk-amd64/jre/lib/amd64/jli/libjli.so
7f1bccd51000-7f1bccf50000 ---p 0000d000 08:01 5917907                    /usr/lib/jvm/java-7-openjdk-amd64/jre/lib/amd64/jli/libjli.so
7f1bccf50000-7f1bccf51000 r--p 0000c000 08:01 5917907                    /usr/lib/jvm/java-7-openjdk-amd64/jre/lib/amd64/jli/libjli.so
7f1bccf51000-7f1bccf52000 rw-p 0000d000 08:01 5917907                    /usr/lib/jvm/java-7-openjdk-amd64/jre/lib/amd64/jli/libjli.so
7f1bccf52000-7f1bccf75000 r-xp 00000000 08:01 786636                     /lib/x86_64-linux-gnu/ld-2.19.so
7f1bccf77000-7f1bccf7b000 r--s 00034000 08:01 5917930                    /usr/lib/jvm/java-7-openjdk-amd64/jre/lib/ext/sunjce_provider.jar
7f1bccf7b000-7f1bccfa3000 rw-p 00000000 00:00 0 
7f1bccfa3000-7f1bcd053000 rw-p 00000000 00:00 0 
7f1bcd053000-7f1bcd056000 ---p 00000000 00:00 0 
7f1bcd056000-7f1bcd159000 rw-p 00000000 00:00 0                          [stack:23113]
7f1bcd15a000-7f1bcd15b000 rw-p 00000000 00:00 0 
7f1bcd15b000-7f1bcd15d000 r--s 00012000 08:01 5917929                    /usr/lib/jvm/java-7-openjdk-amd64/jre/lib/ext/zipfs.jar
7f1bcd15d000-7f1bcd15f000 r--s 00006000 08:01 5118243                    /usr/share/java/java-atk-wrapper.jar
7f1bcd15f000-7f1bcd163000 r--s 0003c000 08:01 5917933                    /usr/lib/jvm/java-7-openjdk-amd64/jre/lib/ext/sunpkcs11.jar
7f1bcd163000-7f1bcd167000 r--s 00085000 08:01 5917932                    /usr/lib/jvm/java-7-openjdk-amd64/jre/lib/ext/localedata.jar
7f1bcd167000-7f1bcd168000 r--s 00002000 08:01 5917928                    /usr/lib/jvm/java-7-openjdk-amd64/jre/lib/ext/dnsns.jar
7f1bcd168000-7f1bcd170000 rw-s 00000000 08:01 1189093                    /tmp/hsperfdata_raihan/23108
7f1bcd170000-7f1bcd171000 rw-p 00000000 00:00 0 
7f1bcd171000-7f1bcd172000 ---p 00000000 00:00 0 
7f1bcd172000-7f1bcd174000 rw-p 00000000 00:00 0 
7f1bcd174000-7f1bcd175000 r--p 00022000 08:01 786636                     /lib/x86_64-linux-gnu/ld-2.19.so
7f1bcd175000-7f1bcd176000 rw-p 00023000 08:01 786636                     /lib/x86_64-linux-gnu/ld-2.19.so
7f1bcd176000-7f1bcd177000 rw-p 00000000 00:00 0 
7ffff68a2000-7ffff68c3000 rw-p 00000000 00:00 0                          [stack]
7ffff68c6000-7ffff68c8000 r-xp 00000000 00:00 0                          [vdso]
ffffffffff600000-ffffffffff601000 r-xp 00000000 00:00 0                  [vsyscall]

VM Arguments:
jvm_args: -Xmx1024M -Dfile.encoding=UTF-8 -Duser.country=US -Duser.language=en -Duser.variant 
java_command: com.android.dx.command.Main --dex --multi-dex --main-dex-list /home/raihan/OpenSrpWorkSpace/opensrp-client/opensrp-mcare/build/intermediates/multi-dex/debug/maindexlist.txt --output /home/raihan/OpenSrpWorkSpace/opensrp-client/opensrp-mcare/build/intermediates/dex/debug /home/raihan/OpenSrpWorkSpace/opensrp-client/opensrp-mcare/build/intermediates/multi-dex/debug/allclasses.jar
Launcher Type: SUN_STANDARD

Environment Variables:
PATH=/usr/local/sbin:/usr/local/bin:/usr/sbin:/usr/bin:/sbin:/bin:/usr/games:/usr/local/games
LD_LIBRARY_PATH=android-studio/bin:
SHELL=/bin/bash
DISPLAY=:0

Signal Handlers:
SIGSEGV: [libjvm.so+0x9548f0], sa_mask[0]=0x7ffbfeff, sa_flags=0x10000004
SIGBUS: [libjvm.so+0x9548f0], sa_mask[0]=0x7ffbfeff, sa_flags=0x10000004
SIGFPE: [libjvm.so+0x7cb0b0], sa_mask[0]=0x7ffbfeff, sa_flags=0x10000004
SIGPIPE: [libjvm.so+0x7cb0b0], sa_mask[0]=0x7ffbfeff, sa_flags=0x10000004
SIGXFSZ: [libjvm.so+0x7cb0b0], sa_mask[0]=0x7ffbfeff, sa_flags=0x10000004
SIGILL: [libjvm.so+0x7cb0b0], sa_mask[0]=0x7ffbfeff, sa_flags=0x10000004
SIGUSR1: SIG_DFL, sa_mask[0]=0x00000000, sa_flags=0x00000000
SIGUSR2: [libjvm.so+0x7caf50], sa_mask[0]=0x00000004, sa_flags=0x10000004
SIGHUP: [libjvm.so+0x7cb130], sa_mask[0]=0x7ffbfeff, sa_flags=0x10000004
SIGINT: [libjvm.so+0x7cb130], sa_mask[0]=0x7ffbfeff, sa_flags=0x10000004
SIGTERM: [libjvm.so+0x7cb130], sa_mask[0]=0x7ffbfeff, sa_flags=0x10000004
SIGQUIT: [libjvm.so+0x7cb130], sa_mask[0]=0x7ffbfeff, sa_flags=0x10000004
SIGTRAP: SIG_DFL, sa_mask[0]=0x00000000, sa_flags=0x00000000


---------------  S Y S T E M  ---------------

OS:Ubuntu 14.04 (trusty)
uname:Linux 3.13.0-24-generic #46-Ubuntu SMP Thu Apr 10 19:11:08 UTC 2014 x86_64
libc:glibc 2.19 NPTL 2.19 
rlimit: STACK 8192k, CORE 0k, NPROC 30570, NOFILE 4096, AS infinity
load average:1.74 1.12 1.21

/proc/meminfo:
MemTotal:        3934516 kB
MemFree:          143856 kB
Buffers:            1028 kB
Cached:           471424 kB
SwapCached:        20980 kB
Active:          2113236 kB
Inactive:         781852 kB
Active(anon):    2099724 kB
Inactive(anon):   767180 kB
Active(file):      13512 kB
Inactive(file):    14672 kB
Unevictable:          84 kB
Mlocked:              84 kB
SwapTotal:       4080636 kB
SwapFree:          15480 kB
Dirty:               112 kB
Writeback:             0 kB
AnonPages:       2403704 kB
Mapped:           654080 kB
Shmem:            443768 kB
Slab:              91876 kB
SReclaimable:      37576 kB
SUnreclaim:        54300 kB
KernelStack:        6384 kB
PageTables:        75920 kB
NFS_Unstable:          0 kB
Bounce:                0 kB
WritebackTmp:          0 kB
CommitLimit:     6047892 kB
Committed_AS:   14532088 kB
VmallocTotal:   34359738367 kB
VmallocUsed:      553488 kB
VmallocChunk:   34359155740 kB
HardwareCorrupted:     0 kB
AnonHugePages:    155648 kB
HugePages_Total:       0
HugePages_Free:        0
HugePages_Rsvd:        0
HugePages_Surp:        0
Hugepagesize:       2048 kB
DirectMap4k:       77312 kB
DirectMap2M:     2957312 kB
DirectMap1G:     1048576 kB


CPU:total 4 (2 cores per cpu, 2 threads per core) family 6 model 61 stepping 4, cmov, cx8, fxsr, mmx, sse, sse2, sse3, ssse3, sse4.1, sse4.2, popcnt, avx, avx2, aes, erms, ht, tsc, tscinvbit

/proc/cpuinfo:
processor	: 0
vendor_id	: GenuineIntel
cpu family	: 6
model		: 61
model name	: Intel(R) Core(TM) i5-5200U CPU @ 2.20GHz
stepping	: 4
microcode	: 0x1f
cpu MHz		: 1100.000
cache size	: 3072 KB
physical id	: 0
siblings	: 4
core id		: 0
cpu cores	: 2
apicid		: 0
initial apicid	: 0
fpu		: yes
fpu_exception	: yes
cpuid level	: 20
wp		: yes
flags		: fpu vme de pse tsc msr pae mce cx8 apic sep mtrr pge mca cmov pat pse36 clflush dts acpi mmx fxsr sse sse2 ss ht tm pbe syscall nx pdpe1gb rdtscp lm constant_tsc arch_perfmon pebs bts rep_good nopl xtopology nonstop_tsc aperfmperf eagerfpu pni pclmulqdq dtes64 monitor ds_cpl vmx est tm2 ssse3 fma cx16 xtpr pdcm pcid sse4_1 sse4_2 x2apic movbe popcnt tsc_deadline_timer aes xsave avx f16c rdrand lahf_lm abm 3dnowprefetch ida arat epb xsaveopt pln pts dtherm tpr_shadow vnmi flexpriority ept vpid fsgsbase tsc_adjust bmi1 avx2 smep bmi2 erms invpcid rdseed adx smap
bogomips	: 4389.96
clflush size	: 64
cache_alignment	: 64
address sizes	: 39 bits physical, 48 bits virtual
power management:

processor	: 1
vendor_id	: GenuineIntel
cpu family	: 6
model		: 61
model name	: Intel(R) Core(TM) i5-5200U CPU @ 2.20GHz
stepping	: 4
microcode	: 0x1f
cpu MHz		: 1500.000
cache size	: 3072 KB
physical id	: 0
siblings	: 4
core id		: 0
cpu cores	: 2
apicid		: 1
initial apicid	: 1
fpu		: yes
fpu_exception	: yes
cpuid level	: 20
wp		: yes
flags		: fpu vme de pse tsc msr pae mce cx8 apic sep mtrr pge mca cmov pat pse36 clflush dts acpi mmx fxsr sse sse2 ss ht tm pbe syscall nx pdpe1gb rdtscp lm constant_tsc arch_perfmon pebs bts rep_good nopl xtopology nonstop_tsc aperfmperf eagerfpu pni pclmulqdq dtes64 monitor ds_cpl vmx est tm2 ssse3 fma cx16 xtpr pdcm pcid sse4_1 sse4_2 x2apic movbe popcnt tsc_deadline_timer aes xsave avx f16c rdrand lahf_lm abm 3dnowprefetch ida arat epb xsaveopt pln pts dtherm tpr_shadow vnmi flexpriority ept vpid fsgsbase tsc_adjust bmi1 avx2 smep bmi2 erms invpcid rdseed adx smap
bogomips	: 4389.96
clflush size	: 64
cache_alignment	: 64
address sizes	: 39 bits physical, 48 bits virtual
power management:

processor	: 2
vendor_id	: GenuineIntel
cpu family	: 6
model		: 61
model name	: Intel(R) Core(TM) i5-5200U CPU @ 2.20GHz
stepping	: 4
microcode	: 0x1f
cpu MHz		: 2201.000
cache size	: 3072 KB
physical id	: 0
siblings	: 4
core id		: 1
cpu cores	: 2
apicid		: 2
initial apicid	: 2
fpu		: yes
fpu_exception	: yes
cpuid level	: 20
wp		: yes
flags		: fpu vme de pse tsc msr pae mce cx8 apic sep mtrr pge mca cmov pat pse36 clflush dts acpi mmx fxsr sse sse2 ss ht tm pbe syscall nx pdpe1gb rdtscp lm constant_tsc arch_perfmon pebs bts rep_good nopl xtopology nonstop_tsc aperfmperf eagerfpu pni pclmulqdq dtes64 monitor ds_cpl vmx est tm2 ssse3 fma cx16 xtpr pdcm pcid sse4_1 sse4_2 x2apic movbe popcnt tsc_deadline_timer aes xsave avx f16c rdrand lahf_lm abm 3dnowprefetch ida arat epb xsaveopt pln pts dtherm tpr_shadow vnmi flexpriority ept vpid fsgsbase tsc_adjust bmi1 avx2 smep bmi2 erms invpcid rdseed adx smap
bogomips	: 4389.96
clflush size	: 64
cache_alignment	: 64
address sizes	: 39 bits physical, 48 bits virtual
power management:

processor	: 3
vendor_id	: GenuineIntel
cpu family	: 6
model		: 61
model name	: Intel(R) Core(TM) i5-5200U CPU @ 2.20GHz
stepping	: 4
microcode	: 0x1f
cpu MHz		: 2201.000
cache size	: 3072 KB
physical id	: 0
siblings	: 4
core id		: 1
cpu cores	: 2
apicid		: 3
initial apicid	: 3
fpu		: yes
fpu_exception	: yes
cpuid level	: 20
wp		: yes
flags		: fpu vme de pse tsc msr pae mce cx8 apic sep mtrr pge mca cmov pat pse36 clflush dts acpi mmx fxsr sse sse2 ss ht tm pbe syscall nx pdpe1gb rdtscp lm constant_tsc arch_perfmon pebs bts rep_good nopl xtopology nonstop_tsc aperfmperf eagerfpu pni pclmulqdq dtes64 monitor ds_cpl vmx est tm2 ssse3 fma cx16 xtpr pdcm pcid sse4_1 sse4_2 x2apic movbe popcnt tsc_deadline_timer aes xsave avx f16c rdrand lahf_lm abm 3dnowprefetch ida arat epb xsaveopt pln pts dtherm tpr_shadow vnmi flexpriority ept vpid fsgsbase tsc_adjust bmi1 avx2 smep bmi2 erms invpcid rdseed adx smap
bogomips	: 4389.96
clflush size	: 64
cache_alignment	: 64
address sizes	: 39 bits physical, 48 bits virtual
power management:



Memory: 4k page, physical 3934516k(143856k free), swap 4080636k(15480k free)

vm_info: OpenJDK 64-Bit Server VM (24.95-b01) for linux-amd64 JRE (1.7.0_95-b00), built on Mar 24 2016 06:13:32 by "buildd" with gcc 4.8.2

time: Wed May 18 21:26:27 2016
elapsed time: 23 seconds

