#
# There is insufficient memory for the Java Runtime Environment to continue.
# Native memory allocation (malloc) failed to allocate 92798976 bytes for committing reserved memory.
# Possible reasons:
#   The system is out of physical RAM or swap space
#   In 32 bit mode, the process size limit was hit
# Possible solutions:
#   Reduce memory load on the system
#   Increase physical memory or swap space
#   Check if swap backing store is full
#   Use 64 bit Java on a 64 bit OS
#   Decrease Java heap size (-Xmx/-Xms)
#   Decrease number of Java threads
#   Decrease Java thread stack sizes (-Xss)
#   Set larger code cache with -XX:ReservedCodeCacheSize=
# This output file may be truncated or incomplete.
#
#  Out of Memory Error (os_linux.cpp:2827), pid=26959, tid=139833802716928
#
# JRE version: OpenJDK Runtime Environment (7.0_95) (build 1.7.0_95-b00)
# Java VM: OpenJDK 64-Bit Server VM (24.95-b01 mixed mode linux-amd64 compressed oops)
# Derivative: IcedTea 2.6.4
# Distribution: Ubuntu 14.04 LTS, package 7u95-2.6.4-0ubuntu0.14.04.2
# Failed to write core dump. Core dumps have been disabled. To enable core dumping, try "ulimit -c unlimited" before starting Java again
#

---------------  T H R E A D  ---------------

Current thread (0x00007f2da0076000):  VMThread [stack: 0x00007f2d98137000,0x00007f2d98238000] [id=26969]

Stack: [0x00007f2d98137000,0x00007f2d98238000],  sp=0x00007f2d98236490,  free space=1021k
Native frames: (J=compiled Java code, j=interpreted, Vv=VM code, C=native code)
V  [libjvm.so+0x953e15]
V  [libjvm.so+0x48fd94]
V  [libjvm.so+0x7cf87b]
V  [libjvm.so+0x7ca33f]
V  [libjvm.so+0x83dacb]
V  [libjvm.so+0x82d86b]
V  [libjvm.so+0x82da2b]
V  [libjvm.so+0x82e958]
V  [libjvm.so+0x8355b4]
V  [libjvm.so+0x83bc0d]
V  [libjvm.so+0x7f2083]
V  [libjvm.so+0x955814]
V  [libjvm.so+0x959917]
V  [libjvm.so+0x9583d8]
V  [libjvm.so+0x958839]
V  [libjvm.so+0x958c82]
V  [libjvm.so+0x7cc742]

VM_Operation (0x00007f2da694bec0): ParallelGCFailedAllocation, mode: safepoint, requested by thread 0x00007f2da000a800


---------------  P R O C E S S  ---------------

Java Threads: ( => current thread )
  0x00007f2da00af800 JavaThread "Service Thread" daemon [_thread_blocked, id=26975, stack(0x00007f2d8b3d8000,0x00007f2d8b4d9000)]
  0x00007f2da00ad000 JavaThread "C2 CompilerThread1" daemon [_thread_blocked, id=26974, stack(0x00007f2d8b4d9000,0x00007f2d8b5da000)]
  0x00007f2da00aa000 JavaThread "C2 CompilerThread0" daemon [_thread_blocked, id=26973, stack(0x00007f2d8b5da000,0x00007f2d8b6db000)]
  0x00007f2da00a8000 JavaThread "Signal Dispatcher" daemon [_thread_blocked, id=26972, stack(0x00007f2d8b6db000,0x00007f2d8b7dc000)]
  0x00007f2da007c000 JavaThread "Finalizer" daemon [_thread_blocked, id=26971, stack(0x00007f2d8beff000,0x00007f2d8c000000)]
  0x00007f2da007a000 JavaThread "Reference Handler" daemon [_thread_blocked, id=26970, stack(0x00007f2d98036000,0x00007f2d98137000)]
  0x00007f2da000a800 JavaThread "main" [_thread_blocked, id=26964, stack(0x00007f2da684d000,0x00007f2da694e000)]

Other Threads:
=>0x00007f2da0076000 VMThread [stack: 0x00007f2d98137000,0x00007f2d98238000] [id=26969]
  0x00007f2da00c2000 WatcherThread [stack: 0x00007f2d8b2d7000,0x00007f2d8b3d8000] [id=26976]

VM state:at safepoint (normal execution)

VM Mutex/Monitor currently owned by a thread:  ([mutex/lock_event])
[0x00007f2da0006280] ExpandHeap_lock - owner thread: 0x00007f2da0076000
[0x00007f2da0006900] Threads_lock - owner thread: 0x00007f2da0076000
[0x00007f2da0006e00] Heap_lock - owner thread: 0x00007f2da000a800

Heap
 PSYoungGen      total 218112K, used 8465K [0x00000000eaa80000, 0x00000000fcb80000, 0x0000000100000000)
  eden space 174080K, 0% used [0x00000000eaa80000,0x00000000eaa80000,0x00000000f5480000)
  from space 44032K, 19% used [0x00000000f5480000,0x00000000f5cc46e0,0x00000000f7f80000)
  to   space 45568K, 0% used [0x00000000f9f00000,0x00000000f9f00000,0x00000000fcb80000)
 ParOldGen       total 140288K, used 139858K [0x00000000c0000000, 0x00000000c8900000, 0x00000000eaa80000)
  object space 140288K, 99% used [0x00000000c0000000,0x00000000c88948e0,0x00000000c8900000)
 PSPermGen       total 21504K, used 6120K [0x00000000b5a00000, 0x00000000b6f00000, 0x00000000c0000000)
  object space 21504K, 28% used [0x00000000b5a00000,0x00000000b5ffa1d0,0x00000000b6f00000)

Card table byte_map: [0x00007f2d9c139000,0x00007f2d9c38d000] byte_map_base: 0x00007f2d9bb8c000

Polling page: 0x00007f2da696b000

Code Cache  [0x00007f2d9c38d000, 0x00007f2d9c77d000, 0x00007f2d9f38d000)
 total_blobs=1164 nmethods=936 adapters=181 free_code_cache=45390Kb largest_free_block=46204096

Compilation events (10 events):
Event: 9.609 Thread 0x00007f2da00aa000 nmethod 982 0x00007f2d9c607510 code [0x00007f2d9c607660, 0x00007f2d9c6076f8]
Event: 9.609 Thread 0x00007f2da00aa000  983             com.android.dx.ssa.Optimizer::optimize (67 bytes)
Event: 9.715 Thread 0x00007f2da00aa000 nmethod 983 0x00007f2d9c58a8d0 code [0x00007f2d9c58ada0, 0x00007f2d9c58d2d8]
Event: 9.715 Thread 0x00007f2da00aa000  984             com.android.dx.ssa.ConstCollector::process (14 bytes)
Event: 9.716 Thread 0x00007f2da00aa000 nmethod 984 0x00007f2d9c607210 code [0x00007f2d9c607360, 0x00007f2d9c607428]
Event: 9.716 Thread 0x00007f2da00aa000  985             com.android.dx.ssa.ConstCollector::<init> (10 bytes)
Event: 9.717 Thread 0x00007f2da00aa000 nmethod 985 0x00007f2d9c607010 code [0x00007f2d9c607140, 0x00007f2d9c6071b8]
Event: 9.717 Thread 0x00007f2da00aa000  986             com.android.dx.rop.code.DexTranslationAdvice::getMaxOptimalRegisterCount (3 bytes)
Event: 9.717 Thread 0x00007f2da00aa000 nmethod 986 0x00007f2d9c606d50 code [0x00007f2d9c606e80, 0x00007f2d9c606ed8]
Event: 9.717 Thread 0x00007f2da00aa000  987             com.android.dx.rop.code.LocalVariableExtractor::extract (14 bytes)

GC Heap History (10 events):
Event: 6.939 GC heap after
Heap after GC invocations=11 (full 1):
 PSYoungGen      total 169472K, used 26090K [0x00000000eaa80000, 0x00000000f9280000, 0x0000000100000000)
  eden space 143360K, 0% used [0x00000000eaa80000,0x00000000eaa80000,0x00000000f3680000)
  from space 26112K, 99% used [0x00000000f7900000,0x00000000f927ab68,0x00000000f9280000)
  to   space 33792K, 0% used [0x00000000f5080000,0x00000000f5080000,0x00000000f7180000)
 ParOldGen       total 77824K, used 50468K [0x00000000c0000000, 0x00000000c4c00000, 0x00000000eaa80000)
  object space 77824K, 64% used [0x00000000c0000000,0x00000000c3149158,0x00000000c4c00000)
 PSPermGen       total 21504K, used 6080K [0x00000000b5a00000, 0x00000000b6f00000, 0x00000000c0000000)
  object space 21504K, 28% used [0x00000000b5a00000,0x00000000b5ff03f0,0x00000000b6f00000)
}
Event: 7.503 GC heap before
{Heap before GC invocations=12 (full 1):
 PSYoungGen      total 169472K, used 169450K [0x00000000eaa80000, 0x00000000f9280000, 0x0000000100000000)
  eden space 143360K, 100% used [0x00000000eaa80000,0x00000000f3680000,0x00000000f3680000)
  from space 26112K, 99% used [0x00000000f7900000,0x00000000f927ab68,0x00000000f9280000)
  to   space 33792K, 0% used [0x00000000f5080000,0x00000000f5080000,0x00000000f7180000)
 ParOldGen       total 77824K, used 50468K [0x00000000c0000000, 0x00000000c4c00000, 0x00000000eaa80000)
  object space 77824K, 64% used [0x00000000c0000000,0x00000000c3149158,0x00000000c4c00000)
 PSPermGen       total 21504K, used 6087K [0x00000000b5a00000, 0x00000000b6f00000, 0x00000000c0000000)
  object space 21504K, 28% used [0x00000000b5a00000,0x00000000b5ff1d10,0x00000000b6f00000)
Event: 7.568 GC heap after
Heap after GC invocations=12 (full 1):
 PSYoungGen      total 203776K, used 21622K [0x00000000eaa80000, 0x00000000fa180000, 0x0000000100000000)
  eden space 169984K, 0% used [0x00000000eaa80000,0x00000000eaa80000,0x00000000f5080000)
  from space 33792K, 63% used [0x00000000f5080000,0x00000000f659db90,0x00000000f7180000)
  to   space 34816K, 0% used [0x00000000f7f80000,0x00000000f7f80000,0x00000000fa180000)
 ParOldGen       total 77824K, used 76569K [0x00000000c0000000, 0x00000000c4c00000, 0x00000000eaa80000)
  object space 77824K, 98% used [0x00000000c0000000,0x00000000c4ac64c0,0x00000000c4c00000)
 PSPermGen       total 21504K, used 6087K [0x00000000b5a00000, 0x00000000b6f00000, 0x00000000c0000000)
  object space 21504K, 28% used [0x00000000b5a00000,0x00000000b5ff1d10,0x00000000b6f00000)
}
Event: 7.568 GC heap before
{Heap before GC invocations=13 (full 2):
 PSYoungGen      total 203776K, used 21622K [0x00000000eaa80000, 0x00000000fa180000, 0x0000000100000000)
  eden space 169984K, 0% used [0x00000000eaa80000,0x00000000eaa80000,0x00000000f5080000)
  from space 33792K, 63% used [0x00000000f5080000,0x00000000f659db90,0x00000000f7180000)
  to   space 34816K, 0% used [0x00000000f7f80000,0x00000000f7f80000,0x00000000fa180000)
 ParOldGen       total 77824K, used 76569K [0x00000000c0000000, 0x00000000c4c00000, 0x00000000eaa80000)
  object space 77824K, 98% used [0x00000000c0000000,0x00000000c4ac64c0,0x00000000c4c00000)
 PSPermGen       total 21504K, used 6087K [0x00000000b5a00000, 0x00000000b6f00000, 0x00000000c0000000)
  object space 21504K, 28% used [0x00000000b5a00000,0x00000000b5ff1d10,0x00000000b6f00000)
Event: 8.088 GC heap after
Heap after GC invocations=13 (full 2):
 PSYoungGen      total 203776K, used 18355K [0x00000000eaa80000, 0x00000000fa180000, 0x0000000100000000)
  eden space 169984K, 0% used [0x00000000eaa80000,0x00000000eaa80000,0x00000000f5080000)
  from space 33792K, 54% used [0x00000000f5080000,0x00000000f626cfb0,0x00000000f7180000)
  to   space 34816K, 0% used [0x00000000f7f80000,0x00000000f7f80000,0x00000000fa180000)
 ParOldGen       total 140288K, used 77501K [0x00000000c0000000, 0x00000000c8900000, 0x00000000eaa80000)
  object space 140288K, 55% used [0x00000000c0000000,0x00000000c4baf4b0,0x00000000c8900000)
 PSPermGen       total 21504K, used 6086K [0x00000000b5a00000, 0x00000000b6f00000, 0x00000000c0000000)
  object space 21504K, 28% used [0x00000000b5a00000,0x00000000b5ff1b30,0x00000000b6f00000)
}
Event: 8.695 GC heap before
{Heap before GC invocations=14 (full 2):
 PSYoungGen      total 203776K, used 188339K [0x00000000eaa80000, 0x00000000fa180000, 0x0000000100000000)
  eden space 169984K, 100% used [0x00000000eaa80000,0x00000000f5080000,0x00000000f5080000)
  from space 33792K, 54% used [0x00000000f5080000,0x00000000f626cfb0,0x00000000f7180000)
  to   space 34816K, 0% used [0x00000000f7f80000,0x00000000f7f80000,0x00000000fa180000)
 ParOldGen       total 140288K, used 77501K [0x00000000c0000000, 0x00000000c8900000, 0x00000000eaa80000)
  object space 140288K, 55% used [0x00000000c0000000,0x00000000c4baf4b0,0x00000000c8900000)
 PSPermGen       total 21504K, used 6103K [0x00000000b5a00000, 0x00000000b6f00000, 0x00000000c0000000)
  object space 21504K, 28% used [0x00000000b5a00000,0x00000000b5ff5c50,0x00000000b6f00000)
Event: 8.762 GC heap after
Heap after GC invocations=14 (full 2):
 PSYoungGen      total 208896K, used 34785K [0x00000000eaa80000, 0x00000000fc180000, 0x0000000100000000)
  eden space 174080K, 0% used [0x00000000eaa80000,0x00000000eaa80000,0x00000000f5480000)
  from space 34816K, 99% used [0x00000000f7f80000,0x00000000fa178720,0x00000000fa180000)
  to   space 44032K, 0% used [0x00000000f5480000,0x00000000f5480000,0x00000000f7f80000)
 ParOldGen       total 140288K, used 87762K [0x00000000c0000000, 0x00000000c8900000, 0x00000000eaa80000)
  object space 140288K, 62% used [0x00000000c0000000,0x00000000c55b4b20,0x00000000c8900000)
 PSPermGen       total 21504K, used 6103K [0x00000000b5a00000, 0x00000000b6f00000, 0x00000000c0000000)
  object space 21504K, 28% used [0x00000000b5a00000,0x00000000b5ff5c50,0x00000000b6f00000)
}
Event: 9.719 GC heap before
{Heap before GC invocations=15 (full 2):
 PSYoungGen      total 208896K, used 208865K [0x00000000eaa80000, 0x00000000fc180000, 0x0000000100000000)
  eden space 174080K, 100% used [0x00000000eaa80000,0x00000000f5480000,0x00000000f5480000)
  from space 34816K, 99% used [0x00000000f7f80000,0x00000000fa178720,0x00000000fa180000)
  to   space 44032K, 0% used [0x00000000f5480000,0x00000000f5480000,0x00000000f7f80000)
 ParOldGen       total 140288K, used 87762K [0x00000000c0000000, 0x00000000c8900000, 0x00000000eaa80000)
  object space 140288K, 62% used [0x00000000c0000000,0x00000000c55b4b20,0x00000000c8900000)
 PSPermGen       total 21504K, used 6120K [0x00000000b5a00000, 0x00000000b6f00000, 0x00000000c0000000)
  object space 21504K, 28% used [0x00000000b5a00000,0x00000000b5ffa3b0,0x00000000b6f00000)
Event: 9.815 GC heap after
Heap after GC invocations=15 (full 2):
 PSYoungGen      total 218112K, used 29117K [0x00000000eaa80000, 0x00000000fcb80000, 0x0000000100000000)
  eden space 174080K, 0% used [0x00000000eaa80000,0x00000000eaa80000,0x00000000f5480000)
  from space 44032K, 66% used [0x00000000f5480000,0x00000000f70ef558,0x00000000f7f80000)
  to   space 45568K, 0% used [0x00000000f9f00000,0x00000000f9f00000,0x00000000fcb80000)
 ParOldGen       total 140288K, used 122691K [0x00000000c0000000, 0x00000000c8900000, 0x00000000eaa80000)
  object space 140288K, 87% used [0x00000000c0000000,0x00000000c77d0c10,0x00000000c8900000)
 PSPermGen       total 21504K, used 6120K [0x00000000b5a00000, 0x00000000b6f00000, 0x00000000c0000000)
  object space 21504K, 28% used [0x00000000b5a00000,0x00000000b5ffa3b0,0x00000000b6f00000)
}
Event: 9.815 GC heap before
{Heap before GC invocations=16 (full 3):
 PSYoungGen      total 218112K, used 29117K [0x00000000eaa80000, 0x00000000fcb80000, 0x0000000100000000)
  eden space 174080K, 0% used [0x00000000eaa80000,0x00000000eaa80000,0x00000000f5480000)
  from space 44032K, 66% used [0x00000000f5480000,0x00000000f70ef558,0x00000000f7f80000)
  to   space 45568K, 0% used [0x00000000f9f00000,0x00000000f9f00000,0x00000000fcb80000)
 ParOldGen       total 140288K, used 122691K [0x00000000c0000000, 0x00000000c8900000, 0x00000000eaa80000)
  object space 140288K, 87% used [0x00000000c0000000,0x00000000c77d0c10,0x00000000c8900000)
 PSPermGen       total 21504K, used 6120K [0x00000000b5a00000, 0x00000000b6f00000, 0x00000000c0000000)
  object space 21504K, 28% used [0x00000000b5a00000,0x00000000b5ffa3b0,0x00000000b6f00000)

Deoptimization events (10 events):
Event: 8.101 Thread 0x00007f2da000a800 Uncommon trap: reason=class_check action=maybe_recompile pc=0x00007f2d9c628b60 method=com.android.dx.cf.code.OneLocalsArray.set(ILcom/android/dx/rop/type/TypeBearer;)V @ 85
Event: 8.192 Thread 0x00007f2da000a800 Uncommon trap: reason=unstable_if action=reinterpret pc=0x00007f2d9c6e42fc method=com.android.dx.rop.code.Insn.contentEquals(Lcom/android/dx/rop/code/Insn;)Z @ 47
Event: 8.194 Thread 0x00007f2da000a800 Uncommon trap: reason=class_check action=maybe_recompile pc=0x00007f2d9c49f930 method=com.android.dx.rop.code.Insn.equalsHandleNulls(Ljava/lang/Object;Ljava/lang/Object;)Z @ 11
Event: 8.212 Thread 0x00007f2da000a800 Uncommon trap: reason=unstable_if action=reinterpret pc=0x00007f2d9c4646b8 method=com.android.dx.ssa.SCCP.simulateBranch(Lcom/android/dx/ssa/SsaInsn;)V @ 548
Event: 8.212 Thread 0x00007f2da000a800 Uncommon trap: reason=unstable_if action=reinterpret pc=0x00007f2d9c4b1dd8 method=com.android.dx.ssa.SCCP.run()V @ 179
Event: 8.459 Thread 0x00007f2da000a800 Uncommon trap: reason=unstable_if action=reinterpret pc=0x00007f2d9c615490 method=com.android.dx.ssa.back.FirstFitLocalCombiningAllocator.handleCheckCastResults()V @ 251
Event: 8.947 Thread 0x00007f2da000a800 Uncommon trap: reason=unstable_if action=reinterpret pc=0x00007f2d9c6cdcac method=com.android.dx.cf.direct.StdAttributeFactory.parse0(Lcom/android/dx/cf/direct/DirectClassFile;ILjava/lang/String;IILcom/android/dx/cf/iface/ParseObserver;)Lcom/android/dx/cf
Event: 8.960 Thread 0x00007f2da000a800 Uncommon trap: reason=unstable_if action=reinterpret pc=0x00007f2d9c47cb50 method=com.android.dx.ssa.InterferenceRegisterMapper.areAnyPinned(Lcom/android/dx/rop/code/RegisterSpecList;II)Z @ 38
Event: 9.200 Thread 0x00007f2da000a800 Uncommon trap: reason=unstable_if action=reinterpret pc=0x00007f2d9c6d7ea0 method=com.android.dx.cf.code.Ropper.addOrReplaceBlock(Lcom/android/dx/rop/code/BasicBlock;Lcom/android/dx/util/IntList;)Z @ 24
Event: 9.200 Thread 0x00007f2da000a800 Uncommon trap: reason=unstable_if action=reinterpret pc=0x00007f2d9c6939a4 method=com.android.dx.cf.code.Ropper.addOrReplaceBlock(Lcom/android/dx/rop/code/BasicBlock;Lcom/android/dx/util/IntList;)Z @ 24

Internal exceptions (10 events):
Event: 6.570 Thread 0x00007f2da000a800 Implicit null exception at 0x00007f2d9c51f6e4 to 0x00007f2d9c51f9f5
Event: 6.571 Thread 0x00007f2da000a800 Implicit null exception at 0x00007f2d9c52ed1b to 0x00007f2d9c52f031
Event: 6.571 Thread 0x00007f2da000a800 Implicit null exception at 0x00007f2d9c522b69 to 0x00007f2d9c5235f5
Event: 6.571 Thread 0x00007f2da000a800 Implicit null exception at 0x00007f2d9c46f767 to 0x00007f2d9c46fa61
Event: 6.571 Thread 0x00007f2da000a800 Implicit null exception at 0x00007f2d9c43c2b8 to 0x00007f2d9c43c40d
Event: 8.096 Thread 0x00007f2da000a800 Threw 0x00000000eaca0800 at /build/openjdk-7-HVzwJZ/openjdk-7-7u95-2.6.4/build/openjdk/hotspot/src/share/vm/prims/jvm.cpp:1322
Event: 8.098 Thread 0x00007f2da000a800 Implicit null exception at 0x00007f2d9c655412 to 0x00007f2d9c655735
Event: 8.880 Thread 0x00007f2da000a800 Threw 0x00000000ec3144c8 at /build/openjdk-7-HVzwJZ/openjdk-7-7u95-2.6.4/build/openjdk/hotspot/src/share/vm/prims/jvm.cpp:1322
Event: 8.947 Thread 0x00007f2da000a800 Threw 0x00000000ecb69a80 at /build/openjdk-7-HVzwJZ/openjdk-7-7u95-2.6.4/build/openjdk/hotspot/src/share/vm/prims/jvm.cpp:1322
Event: 9.342 Thread 0x00007f2da000a800 Threw 0x00000000f1372298 at /build/openjdk-7-HVzwJZ/openjdk-7-7u95-2.6.4/build/openjdk/hotspot/src/share/vm/prims/jvm.cpp:1322

Events (10 events):
Event: 9.200 Thread 0x00007f2da000a800 DEOPT PACKING pc=0x00007f2d9c6d7ea0 sp=0x00007f2da694bf50
Event: 9.200 Thread 0x00007f2da000a800 DEOPT UNPACKING pc=0x00007f2d9c3c6445 sp=0x00007f2da694bea0 mode 2
Event: 9.200 Thread 0x00007f2da000a800 Uncommon trap: trap_request=0xffffff75 fr.pc=0x00007f2d9c6939a4
Event: 9.200 Thread 0x00007f2da000a800 DEOPT PACKING pc=0x00007f2d9c6939a4 sp=0x00007f2da694bea0
Event: 9.200 Thread 0x00007f2da000a800 DEOPT UNPACKING pc=0x00007f2d9c3c6445 sp=0x00007f2da694be88 mode 2
Event: 9.342 loading class 0x00007f2da01edea0
Event: 9.342 loading class 0x00007f2da01edea0 done
Event: 9.395 loading class 0x00007f2da405b3e0
Event: 9.397 loading class 0x00007f2da405b3e0 done
Event: 9.719 Executing VM operation: ParallelGCFailedAllocation


Dynamic libraries:
00400000-00401000 r-xp 00000000 08:01 5508137                            /usr/lib/jvm/java-7-openjdk-amd64/jre/bin/java
00600000-00601000 r--p 00000000 08:01 5508137                            /usr/lib/jvm/java-7-openjdk-amd64/jre/bin/java
00601000-00602000 rw-p 00001000 08:01 5508137                            /usr/lib/jvm/java-7-openjdk-amd64/jre/bin/java
00838000-00859000 rw-p 00000000 00:00 0                                  [heap]
b5a00000-b6f00000 rw-p 00000000 00:00 0 
b6f00000-c0000000 rw-p 00000000 00:00 0 
c0000000-c8900000 rw-p 00000000 00:00 0 
ce180000-eaa80000 rw-p 00000000 00:00 0 
eaa80000-fcb80000 rw-p 00000000 00:00 0 
fcb80000-100000000 rw-p 00000000 00:00 0 
7f2d64000000-7f2d64021000 rw-p 00000000 00:00 0 
7f2d64021000-7f2d68000000 ---p 00000000 00:00 0 
7f2d68000000-7f2d68021000 rw-p 00000000 00:00 0 
7f2d68021000-7f2d6c000000 ---p 00000000 00:00 0 
7f2d6c000000-7f2d6dab2000 rw-p 00000000 00:00 0 
7f2d6dab2000-7f2d70000000 ---p 00000000 00:00 0 
7f2d70000000-7f2d71335000 rw-p 00000000 00:00 0 
7f2d71335000-7f2d74000000 ---p 00000000 00:00 0 
7f2d74000000-7f2d74021000 rw-p 00000000 00:00 0 
7f2d74021000-7f2d78000000 ---p 00000000 00:00 0 
7f2d78000000-7f2d78021000 rw-p 00000000 00:00 0 
7f2d78021000-7f2d7c000000 ---p 00000000 00:00 0 
7f2d7c000000-7f2d7c021000 rw-p 00000000 00:00 0 
7f2d7c021000-7f2d80000000 ---p 00000000 00:00 0 
7f2d80000000-7f2d80021000 rw-p 00000000 00:00 0 
7f2d80021000-7f2d84000000 ---p 00000000 00:00 0 
7f2d84000000-7f2d84021000 rw-p 00000000 00:00 0 
7f2d84021000-7f2d88000000 ---p 00000000 00:00 0 
7f2d89a9f000-7f2d89ad0000 rw-p 00000000 00:00 0 
7f2d89ad0000-7f2d89b0d000 r-xp 00000000 08:01 790495                     /lib/x86_64-linux-gnu/libpcre.so.3.13.1
7f2d89b0d000-7f2d89d0c000 ---p 0003d000 08:01 790495                     /lib/x86_64-linux-gnu/libpcre.so.3.13.1
7f2d89d0c000-7f2d89d0d000 r--p 0003c000 08:01 790495                     /lib/x86_64-linux-gnu/libpcre.so.3.13.1
7f2d89d0d000-7f2d89d0e000 rw-p 0003d000 08:01 790495                     /lib/x86_64-linux-gnu/libpcre.so.3.13.1
7f2d89d0e000-7f2d89d15000 r-xp 00000000 08:01 4726848                    /usr/lib/x86_64-linux-gnu/libffi.so.6.0.1
7f2d89d15000-7f2d89f14000 ---p 00007000 08:01 4726848                    /usr/lib/x86_64-linux-gnu/libffi.so.6.0.1
7f2d89f14000-7f2d89f15000 r--p 00006000 08:01 4726848                    /usr/lib/x86_64-linux-gnu/libffi.so.6.0.1
7f2d89f15000-7f2d89f16000 rw-p 00007000 08:01 4726848                    /usr/lib/x86_64-linux-gnu/libffi.so.6.0.1
7f2d89f16000-7f2d89f2d000 r-xp 00000000 08:01 786614                     /lib/x86_64-linux-gnu/libresolv-2.19.so
7f2d89f2d000-7f2d8a12d000 ---p 00017000 08:01 786614                     /lib/x86_64-linux-gnu/libresolv-2.19.so
7f2d8a12d000-7f2d8a12e000 r--p 00017000 08:01 786614                     /lib/x86_64-linux-gnu/libresolv-2.19.so
7f2d8a12e000-7f2d8a12f000 rw-p 00018000 08:01 786614                     /lib/x86_64-linux-gnu/libresolv-2.19.so
7f2d8a12f000-7f2d8a131000 rw-p 00000000 00:00 0 
7f2d8a131000-7f2d8a151000 r-xp 00000000 08:01 790522                     /lib/x86_64-linux-gnu/libselinux.so.1
7f2d8a151000-7f2d8a350000 ---p 00020000 08:01 790522                     /lib/x86_64-linux-gnu/libselinux.so.1
7f2d8a350000-7f2d8a351000 r--p 0001f000 08:01 790522                     /lib/x86_64-linux-gnu/libselinux.so.1
7f2d8a351000-7f2d8a352000 rw-p 00020000 08:01 790522                     /lib/x86_64-linux-gnu/libselinux.so.1
7f2d8a352000-7f2d8a354000 rw-p 00000000 00:00 0 
7f2d8a354000-7f2d8a357000 r-xp 00000000 08:01 4726965                    /usr/lib/x86_64-linux-gnu/libgmodule-2.0.so.0.4000.0
7f2d8a357000-7f2d8a556000 ---p 00003000 08:01 4726965                    /usr/lib/x86_64-linux-gnu/libgmodule-2.0.so.0.4000.0
7f2d8a556000-7f2d8a557000 r--p 00002000 08:01 4726965                    /usr/lib/x86_64-linux-gnu/libgmodule-2.0.so.0.4000.0
7f2d8a557000-7f2d8a558000 rw-p 00003000 08:01 4726965                    /usr/lib/x86_64-linux-gnu/libgmodule-2.0.so.0.4000.0
7f2d8a558000-7f2d8a65e000 r-xp 00000000 08:01 790423                     /lib/x86_64-linux-gnu/libglib-2.0.so.0.4000.0
7f2d8a65e000-7f2d8a85d000 ---p 00106000 08:01 790423                     /lib/x86_64-linux-gnu/libglib-2.0.so.0.4000.0
7f2d8a85d000-7f2d8a85e000 r--p 00105000 08:01 790423                     /lib/x86_64-linux-gnu/libglib-2.0.so.0.4000.0
7f2d8a85e000-7f2d8a85f000 rw-p 00106000 08:01 790423                     /lib/x86_64-linux-gnu/libglib-2.0.so.0.4000.0
7f2d8a85f000-7f2d8a860000 rw-p 00000000 00:00 0 
7f2d8a860000-7f2d8a8af000 r-xp 00000000 08:01 4726981                    /usr/lib/x86_64-linux-gnu/libgobject-2.0.so.0.4000.0
7f2d8a8af000-7f2d8aaaf000 ---p 0004f000 08:01 4726981                    /usr/lib/x86_64-linux-gnu/libgobject-2.0.so.0.4000.0
7f2d8aaaf000-7f2d8aab0000 r--p 0004f000 08:01 4726981                    /usr/lib/x86_64-linux-gnu/libgobject-2.0.so.0.4000.0
7f2d8aab0000-7f2d8aab1000 rw-p 00050000 08:01 4726981                    /usr/lib/x86_64-linux-gnu/libgobject-2.0.so.0.4000.0
7f2d8aab1000-7f2d8ac1c000 r-xp 00000000 08:01 4726951                    /usr/lib/x86_64-linux-gnu/libgio-2.0.so.0.4000.0
7f2d8ac1c000-7f2d8ae1c000 ---p 0016b000 08:01 4726951                    /usr/lib/x86_64-linux-gnu/libgio-2.0.so.0.4000.0
7f2d8ae1c000-7f2d8ae20000 r--p 0016b000 08:01 4726951                    /usr/lib/x86_64-linux-gnu/libgio-2.0.so.0.4000.0
7f2d8ae20000-7f2d8ae22000 rw-p 0016f000 08:01 4726951                    /usr/lib/x86_64-linux-gnu/libgio-2.0.so.0.4000.0
7f2d8ae22000-7f2d8ae24000 rw-p 00000000 00:00 0 
7f2d8ae24000-7f2d8ae3b000 r-xp 00000000 08:01 5917886                    /usr/lib/jvm/java-7-openjdk-amd64/jre/lib/amd64/libnet.so
7f2d8ae3b000-7f2d8b03a000 ---p 00017000 08:01 5917886                    /usr/lib/jvm/java-7-openjdk-amd64/jre/lib/amd64/libnet.so
7f2d8b03a000-7f2d8b03b000 r--p 00016000 08:01 5917886                    /usr/lib/jvm/java-7-openjdk-amd64/jre/lib/amd64/libnet.so
7f2d8b03b000-7f2d8b03c000 rw-p 00017000 08:01 5917886                    /usr/lib/jvm/java-7-openjdk-amd64/jre/lib/amd64/libnet.so
7f2d8b03c000-7f2d8b04c000 r-xp 00000000 08:01 5917910                    /usr/lib/jvm/java-7-openjdk-amd64/jre/lib/amd64/libnio.so
7f2d8b04c000-7f2d8b24c000 ---p 00010000 08:01 5917910                    /usr/lib/jvm/java-7-openjdk-amd64/jre/lib/amd64/libnio.so
7f2d8b24c000-7f2d8b24d000 r--p 00010000 08:01 5917910                    /usr/lib/jvm/java-7-openjdk-amd64/jre/lib/amd64/libnio.so
7f2d8b24d000-7f2d8b24e000 rw-p 00011000 08:01 5917910                    /usr/lib/jvm/java-7-openjdk-amd64/jre/lib/amd64/libnio.so
7f2d8b24e000-7f2d8b2d7000 r--s 0074b000 08:01 10224542                   /home/raihan/OpenSrpWorkSpace/opensrp-client/opensrp-mcare/build/intermediates/multi-dex/debug/allclasses.jar
7f2d8b2d7000-7f2d8b2d8000 ---p 00000000 00:00 0 
7f2d8b2d8000-7f2d8b3d8000 rw-p 00000000 00:00 0                          [stack:26976]
7f2d8b3d8000-7f2d8b3db000 ---p 00000000 00:00 0 
7f2d8b3db000-7f2d8b4d9000 rw-p 00000000 00:00 0                          [stack:26975]
7f2d8b4d9000-7f2d8b4dc000 ---p 00000000 00:00 0 
7f2d8b4dc000-7f2d8b5da000 rw-p 00000000 00:00 0                          [stack:26974]
7f2d8b5da000-7f2d8b5dd000 ---p 00000000 00:00 0 
7f2d8b5dd000-7f2d8b6db000 rw-p 00000000 00:00 0                          [stack:26973]
7f2d8b6db000-7f2d8b6de000 ---p 00000000 00:00 0 
7f2d8b6de000-7f2d8b7dc000 rw-p 00000000 00:00 0                          [stack:26972]
7f2d8b7dc000-7f2d8beff000 r--p 00000000 08:01 4725570                    /usr/lib/locale/locale-archive
7f2d8beff000-7f2d8bf02000 ---p 00000000 00:00 0 
7f2d8bf02000-7f2d8c000000 rw-p 00000000 00:00 0                          [stack:26971]
7f2d8c000000-7f2d8c021000 rw-p 00000000 00:00 0 
7f2d8c021000-7f2d90000000 ---p 00000000 00:00 0 
7f2d90000000-7f2d90021000 rw-p 00000000 00:00 0 
7f2d90021000-7f2d94000000 ---p 00000000 00:00 0 
7f2d94000000-7f2d94021000 rw-p 00000000 00:00 0 
7f2d94021000-7f2d98000000 ---p 00000000 00:00 0 
7f2d98036000-7f2d98039000 ---p 00000000 00:00 0 
7f2d98039000-7f2d98137000 rw-p 00000000 00:00 0                          [stack:26970]
7f2d98137000-7f2d98138000 ---p 00000000 00:00 0 
7f2d98138000-7f2d99235000 rw-p 00000000 00:00 0                          [stack:26969]
7f2d99235000-7f2d993e6000 r--s 01d30000 08:01 5508152                    /usr/lib/jvm/java-7-openjdk-amd64/jre/lib/rt.jar
7f2d993e6000-7f2d9bbdf000 rw-p 00000000 00:00 0 
7f2d9bbdf000-7f2d9bbe0000 ---p 00000000 00:00 0 
7f2d9bbe0000-7f2d9bce0000 rw-p 00000000 00:00 0                          [stack:26968]
7f2d9bce0000-7f2d9bce1000 ---p 00000000 00:00 0 
7f2d9bce1000-7f2d9bde1000 rw-p 00000000 00:00 0                          [stack:26967]
7f2d9bde1000-7f2d9bde2000 ---p 00000000 00:00 0 
7f2d9bde2000-7f2d9bee2000 rw-p 00000000 00:00 0                          [stack:26966]
7f2d9bee2000-7f2d9bee3000 ---p 00000000 00:00 0 
7f2d9bee3000-7f2d9c028000 rw-p 00000000 00:00 0                          [stack:26965]
7f2d9c028000-7f2d9c139000 rw-p 00000000 00:00 0 
7f2d9c139000-7f2d9c144000 rw-p 00000000 00:00 0 
7f2d9c144000-7f2d9c18c000 rw-p 00000000 00:00 0 
7f2d9c18c000-7f2d9c1d1000 rw-p 00000000 00:00 0 
7f2d9c1d1000-7f2d9c2e1000 rw-p 00000000 00:00 0 
7f2d9c2e1000-7f2d9c372000 rw-p 00000000 00:00 0 
7f2d9c372000-7f2d9c38c000 rw-p 00000000 00:00 0 
7f2d9c38c000-7f2d9c38d000 rw-p 00000000 00:00 0 
7f2d9c38d000-7f2d9c77d000 rwxp 00000000 00:00 0 
7f2d9c77d000-7f2d9f38d000 rw-p 00000000 00:00 0 
7f2d9f38d000-7f2d9f395000 r-xp 00000000 08:01 5917892                    /usr/lib/jvm/java-7-openjdk-amd64/jre/lib/amd64/libzip.so
7f2d9f395000-7f2d9f594000 ---p 00008000 08:01 5917892                    /usr/lib/jvm/java-7-openjdk-amd64/jre/lib/amd64/libzip.so
7f2d9f594000-7f2d9f595000 r--p 00007000 08:01 5917892                    /usr/lib/jvm/java-7-openjdk-amd64/jre/lib/amd64/libzip.so
7f2d9f595000-7f2d9f596000 rw-p 00008000 08:01 5917892                    /usr/lib/jvm/java-7-openjdk-amd64/jre/lib/amd64/libzip.so
7f2d9f596000-7f2d9f5a1000 r-xp 00000000 08:01 786646                     /lib/x86_64-linux-gnu/libnss_files-2.19.so
7f2d9f5a1000-7f2d9f7a0000 ---p 0000b000 08:01 786646                     /lib/x86_64-linux-gnu/libnss_files-2.19.so
7f2d9f7a0000-7f2d9f7a1000 r--p 0000a000 08:01 786646                     /lib/x86_64-linux-gnu/libnss_files-2.19.so
7f2d9f7a1000-7f2d9f7a2000 rw-p 0000b000 08:01 786646                     /lib/x86_64-linux-gnu/libnss_files-2.19.so
7f2d9f7a2000-7f2d9f7ad000 r-xp 00000000 08:01 786638                     /lib/x86_64-linux-gnu/libnss_nis-2.19.so
7f2d9f7ad000-7f2d9f9ac000 ---p 0000b000 08:01 786638                     /lib/x86_64-linux-gnu/libnss_nis-2.19.so
7f2d9f9ac000-7f2d9f9ad000 r--p 0000a000 08:01 786638                     /lib/x86_64-linux-gnu/libnss_nis-2.19.so
7f2d9f9ad000-7f2d9f9ae000 rw-p 0000b000 08:01 786638                     /lib/x86_64-linux-gnu/libnss_nis-2.19.so
7f2d9f9ae000-7f2d9f9c5000 r-xp 00000000 08:01 786634                     /lib/x86_64-linux-gnu/libnsl-2.19.so
7f2d9f9c5000-7f2d9fbc4000 ---p 00017000 08:01 786634                     /lib/x86_64-linux-gnu/libnsl-2.19.so
7f2d9fbc4000-7f2d9fbc5000 r--p 00016000 08:01 786634                     /lib/x86_64-linux-gnu/libnsl-2.19.so
7f2d9fbc5000-7f2d9fbc6000 rw-p 00017000 08:01 786634                     /lib/x86_64-linux-gnu/libnsl-2.19.so
7f2d9fbc6000-7f2d9fbc8000 rw-p 00000000 00:00 0 
7f2d9fbc8000-7f2d9fbd1000 r-xp 00000000 08:01 786633                     /lib/x86_64-linux-gnu/libnss_compat-2.19.so
7f2d9fbd1000-7f2d9fdd0000 ---p 00009000 08:01 786633                     /lib/x86_64-linux-gnu/libnss_compat-2.19.so
7f2d9fdd0000-7f2d9fdd1000 r--p 00008000 08:01 786633                     /lib/x86_64-linux-gnu/libnss_compat-2.19.so
7f2d9fdd1000-7f2d9fdd2000 rw-p 00009000 08:01 786633                     /lib/x86_64-linux-gnu/libnss_compat-2.19.so
7f2d9fdd2000-7f2d9fdfd000 r-xp 00000000 08:01 5917877                    /usr/lib/jvm/java-7-openjdk-amd64/jre/lib/amd64/libjava.so
7f2d9fdfd000-7f2d9fffd000 ---p 0002b000 08:01 5917877                    /usr/lib/jvm/java-7-openjdk-amd64/jre/lib/amd64/libjava.so
7f2d9fffd000-7f2d9fffe000 r--p 0002b000 08:01 5917877                    /usr/lib/jvm/java-7-openjdk-amd64/jre/lib/amd64/libjava.so
7f2d9fffe000-7f2da0000000 rw-p 0002c000 08:01 5917877                    /usr/lib/jvm/java-7-openjdk-amd64/jre/lib/amd64/libjava.so
7f2da0000000-7f2da02ad000 rw-p 00000000 00:00 0 
7f2da02ad000-7f2da4000000 ---p 00000000 00:00 0 
7f2da400d000-7f2da401c000 r--s 000dd000 08:01 6177003                    /home/raihan/android-sdk-linux/build-tools/21.1.2/lib/dx.jar
7f2da401c000-7f2da401f000 r--s 0000f000 08:01 5917931                    /usr/lib/jvm/java-7-openjdk-amd64/jre/lib/ext/icedtea-sound.jar
7f2da401f000-7f2da40ad000 rw-p 00000000 00:00 0 
7f2da40ad000-7f2da40f5000 rw-p 00000000 00:00 0 
7f2da40f5000-7f2da4105000 r-xp 00000000 08:01 5917878                    /usr/lib/jvm/java-7-openjdk-amd64/jre/lib/amd64/libverify.so
7f2da4105000-7f2da4304000 ---p 00010000 08:01 5917878                    /usr/lib/jvm/java-7-openjdk-amd64/jre/lib/amd64/libverify.so
7f2da4304000-7f2da4306000 r--p 0000f000 08:01 5917878                    /usr/lib/jvm/java-7-openjdk-amd64/jre/lib/amd64/libverify.so
7f2da4306000-7f2da4307000 rw-p 00011000 08:01 5917878                    /usr/lib/jvm/java-7-openjdk-amd64/jre/lib/amd64/libverify.so
7f2da4307000-7f2da430e000 r-xp 00000000 08:01 786642                     /lib/x86_64-linux-gnu/librt-2.19.so
7f2da430e000-7f2da450d000 ---p 00007000 08:01 786642                     /lib/x86_64-linux-gnu/librt-2.19.so
7f2da450d000-7f2da450e000 r--p 00006000 08:01 786642                     /lib/x86_64-linux-gnu/librt-2.19.so
7f2da450e000-7f2da450f000 rw-p 00007000 08:01 786642                     /lib/x86_64-linux-gnu/librt-2.19.so
7f2da450f000-7f2da4525000 r-xp 00000000 08:01 786612                     /lib/x86_64-linux-gnu/libgcc_s.so.1
7f2da4525000-7f2da4724000 ---p 00016000 08:01 786612                     /lib/x86_64-linux-gnu/libgcc_s.so.1
7f2da4724000-7f2da4725000 rw-p 00015000 08:01 786612                     /lib/x86_64-linux-gnu/libgcc_s.so.1
7f2da4725000-7f2da482a000 r-xp 00000000 08:01 786618                     /lib/x86_64-linux-gnu/libm-2.19.so
7f2da482a000-7f2da4a29000 ---p 00105000 08:01 786618                     /lib/x86_64-linux-gnu/libm-2.19.so
7f2da4a29000-7f2da4a2a000 r--p 00104000 08:01 786618                     /lib/x86_64-linux-gnu/libm-2.19.so
7f2da4a2a000-7f2da4a2b000 rw-p 00105000 08:01 786618                     /lib/x86_64-linux-gnu/libm-2.19.so
7f2da4a2b000-7f2da4b11000 r-xp 00000000 08:01 4721335                    /usr/lib/x86_64-linux-gnu/libstdc++.so.6.0.19
7f2da4b11000-7f2da4d10000 ---p 000e6000 08:01 4721335                    /usr/lib/x86_64-linux-gnu/libstdc++.so.6.0.19
7f2da4d10000-7f2da4d18000 r--p 000e5000 08:01 4721335                    /usr/lib/x86_64-linux-gnu/libstdc++.so.6.0.19
7f2da4d18000-7f2da4d1a000 rw-p 000ed000 08:01 4721335                    /usr/lib/x86_64-linux-gnu/libstdc++.so.6.0.19
7f2da4d1a000-7f2da4d2f000 rw-p 00000000 00:00 0 
7f2da4d2f000-7f2da5853000 r-xp 00000000 08:01 5917890                    /usr/lib/jvm/java-7-openjdk-amd64/jre/lib/amd64/server/libjvm.so
7f2da5853000-7f2da5a53000 ---p 00b24000 08:01 5917890                    /usr/lib/jvm/java-7-openjdk-amd64/jre/lib/amd64/server/libjvm.so
7f2da5a53000-7f2da5aed000 r--p 00b24000 08:01 5917890                    /usr/lib/jvm/java-7-openjdk-amd64/jre/lib/amd64/server/libjvm.so
7f2da5aed000-7f2da5b10000 rw-p 00bbe000 08:01 5917890                    /usr/lib/jvm/java-7-openjdk-amd64/jre/lib/amd64/server/libjvm.so
7f2da5b10000-7f2da5b3e000 rw-p 00000000 00:00 0 
7f2da5b3e000-7f2da5b56000 r-xp 00000000 08:01 790555                     /lib/x86_64-linux-gnu/libz.so.1.2.8
7f2da5b56000-7f2da5d55000 ---p 00018000 08:01 790555                     /lib/x86_64-linux-gnu/libz.so.1.2.8
7f2da5d55000-7f2da5d56000 r--p 00017000 08:01 790555                     /lib/x86_64-linux-gnu/libz.so.1.2.8
7f2da5d56000-7f2da5d57000 rw-p 00018000 08:01 790555                     /lib/x86_64-linux-gnu/libz.so.1.2.8
7f2da5d57000-7f2da5d70000 r-xp 00000000 08:01 786635                     /lib/x86_64-linux-gnu/libpthread-2.19.so
7f2da5d70000-7f2da5f6f000 ---p 00019000 08:01 786635                     /lib/x86_64-linux-gnu/libpthread-2.19.so
7f2da5f6f000-7f2da5f70000 r--p 00018000 08:01 786635                     /lib/x86_64-linux-gnu/libpthread-2.19.so
7f2da5f70000-7f2da5f71000 rw-p 00019000 08:01 786635                     /lib/x86_64-linux-gnu/libpthread-2.19.so
7f2da5f71000-7f2da5f75000 rw-p 00000000 00:00 0 
7f2da5f75000-7f2da5f78000 r-xp 00000000 08:01 786630                     /lib/x86_64-linux-gnu/libdl-2.19.so
7f2da5f78000-7f2da6177000 ---p 00003000 08:01 786630                     /lib/x86_64-linux-gnu/libdl-2.19.so
7f2da6177000-7f2da6178000 r--p 00002000 08:01 786630                     /lib/x86_64-linux-gnu/libdl-2.19.so
7f2da6178000-7f2da6179000 rw-p 00003000 08:01 786630                     /lib/x86_64-linux-gnu/libdl-2.19.so
7f2da6179000-7f2da6334000 r-xp 00000000 08:01 786643                     /lib/x86_64-linux-gnu/libc-2.19.so
7f2da6334000-7f2da6533000 ---p 001bb000 08:01 786643                     /lib/x86_64-linux-gnu/libc-2.19.so
7f2da6533000-7f2da6537000 r--p 001ba000 08:01 786643                     /lib/x86_64-linux-gnu/libc-2.19.so
7f2da6537000-7f2da6539000 rw-p 001be000 08:01 786643                     /lib/x86_64-linux-gnu/libc-2.19.so
7f2da6539000-7f2da653e000 rw-p 00000000 00:00 0 
7f2da653e000-7f2da654b000 r-xp 00000000 08:01 5917907                    /usr/lib/jvm/java-7-openjdk-amd64/jre/lib/amd64/jli/libjli.so
7f2da654b000-7f2da674a000 ---p 0000d000 08:01 5917907                    /usr/lib/jvm/java-7-openjdk-amd64/jre/lib/amd64/jli/libjli.so
7f2da674a000-7f2da674b000 r--p 0000c000 08:01 5917907                    /usr/lib/jvm/java-7-openjdk-amd64/jre/lib/amd64/jli/libjli.so
7f2da674b000-7f2da674c000 rw-p 0000d000 08:01 5917907                    /usr/lib/jvm/java-7-openjdk-amd64/jre/lib/amd64/jli/libjli.so
7f2da674c000-7f2da676f000 r-xp 00000000 08:01 786636                     /lib/x86_64-linux-gnu/ld-2.19.so
7f2da6771000-7f2da6775000 r--s 00034000 08:01 5917930                    /usr/lib/jvm/java-7-openjdk-amd64/jre/lib/ext/sunjce_provider.jar
7f2da6775000-7f2da679d000 rw-p 00000000 00:00 0 
7f2da679d000-7f2da684d000 rw-p 00000000 00:00 0 
7f2da684d000-7f2da6850000 ---p 00000000 00:00 0 
7f2da6850000-7f2da6953000 rw-p 00000000 00:00 0                          [stack:26964]
7f2da6954000-7f2da6955000 rw-p 00000000 00:00 0 
7f2da6955000-7f2da6957000 r--s 00012000 08:01 5917929                    /usr/lib/jvm/java-7-openjdk-amd64/jre/lib/ext/zipfs.jar
7f2da6957000-7f2da6959000 r--s 00006000 08:01 5118243                    /usr/share/java/java-atk-wrapper.jar
7f2da6959000-7f2da695d000 r--s 0003c000 08:01 5917933                    /usr/lib/jvm/java-7-openjdk-amd64/jre/lib/ext/sunpkcs11.jar
7f2da695d000-7f2da6961000 r--s 00085000 08:01 5917932                    /usr/lib/jvm/java-7-openjdk-amd64/jre/lib/ext/localedata.jar
7f2da6961000-7f2da6962000 r--s 00002000 08:01 5917928                    /usr/lib/jvm/java-7-openjdk-amd64/jre/lib/ext/dnsns.jar
7f2da6962000-7f2da696a000 rw-s 00000000 08:01 9837                       /tmp/hsperfdata_raihan/26959
7f2da696a000-7f2da696b000 rw-p 00000000 00:00 0 
7f2da696b000-7f2da696c000 ---p 00000000 00:00 0 
7f2da696c000-7f2da696e000 rw-p 00000000 00:00 0 
7f2da696e000-7f2da696f000 r--p 00022000 08:01 786636                     /lib/x86_64-linux-gnu/ld-2.19.so
7f2da696f000-7f2da6970000 rw-p 00023000 08:01 786636                     /lib/x86_64-linux-gnu/ld-2.19.so
7f2da6970000-7f2da6971000 rw-p 00000000 00:00 0 
7fff4a186000-7fff4a1a7000 rw-p 00000000 00:00 0                          [stack]
7fff4a1fe000-7fff4a200000 r-xp 00000000 00:00 0                          [vdso]
ffffffffff600000-ffffffffff601000 r-xp 00000000 00:00 0                  [vsyscall]

VM Arguments:
jvm_args: -Xmx1024M -Dfile.encoding=UTF-8 -Duser.country=US -Duser.language=en -Duser.variant 
java_command: com.android.dx.command.Main --dex --multi-dex --main-dex-list /home/raihan/OpenSrpWorkSpace/opensrp-client/opensrp-mcare/build/intermediates/multi-dex/debug/maindexlist.txt --output /home/raihan/OpenSrpWorkSpace/opensrp-client/opensrp-mcare/build/intermediates/dex/debug /home/raihan/OpenSrpWorkSpace/opensrp-client/opensrp-mcare/build/intermediates/multi-dex/debug/allclasses.jar
Launcher Type: SUN_STANDARD

Environment Variables:
PATH=/usr/local/sbin:/usr/local/bin:/usr/sbin:/usr/bin:/sbin:/bin:/usr/games:/usr/local/games
SHELL=/bin/bash
DISPLAY=:0

Signal Handlers:
SIGSEGV: [libjvm.so+0x9548f0], sa_mask[0]=0x7ffbfeff, sa_flags=0x10000004
SIGBUS: [libjvm.so+0x9548f0], sa_mask[0]=0x7ffbfeff, sa_flags=0x10000004
SIGFPE: [libjvm.so+0x7cb0b0], sa_mask[0]=0x7ffbfeff, sa_flags=0x10000004
SIGPIPE: [libjvm.so+0x7cb0b0], sa_mask[0]=0x7ffbfeff, sa_flags=0x10000004
SIGXFSZ: [libjvm.so+0x7cb0b0], sa_mask[0]=0x7ffbfeff, sa_flags=0x10000004
SIGILL: [libjvm.so+0x7cb0b0], sa_mask[0]=0x7ffbfeff, sa_flags=0x10000004
SIGUSR1: SIG_DFL, sa_mask[0]=0x00000000, sa_flags=0x00000000
SIGUSR2: [libjvm.so+0x7caf50], sa_mask[0]=0x00000004, sa_flags=0x10000004
SIGHUP: [libjvm.so+0x7cb130], sa_mask[0]=0x7ffbfeff, sa_flags=0x10000004
SIGINT: [libjvm.so+0x7cb130], sa_mask[0]=0x7ffbfeff, sa_flags=0x10000004
SIGTERM: [libjvm.so+0x7cb130], sa_mask[0]=0x7ffbfeff, sa_flags=0x10000004
SIGQUIT: [libjvm.so+0x7cb130], sa_mask[0]=0x7ffbfeff, sa_flags=0x10000004
SIGTRAP: SIG_DFL, sa_mask[0]=0x00000000, sa_flags=0x00000000


---------------  S Y S T E M  ---------------

OS:Ubuntu 14.04 (trusty)
uname:Linux 3.13.0-24-generic #46-Ubuntu SMP Thu Apr 10 19:11:08 UTC 2014 x86_64
libc:glibc 2.19 NPTL 2.19 
rlimit: STACK 8192k, CORE 0k, NPROC 30570, NOFILE 4096, AS infinity
load average:1.56 1.79 1.48

/proc/meminfo:
MemTotal:        3934516 kB
MemFree:          117012 kB
Buffers:            1104 kB
Cached:           437872 kB
SwapCached:        15452 kB
Active:          2059796 kB
Inactive:         703180 kB
Active(anon):    2039564 kB
Inactive(anon):   689380 kB
Active(file):      20232 kB
Inactive(file):    13800 kB
Unevictable:         108 kB
Mlocked:             108 kB
SwapTotal:       4080636 kB
SwapFree:           7488 kB
Dirty:               204 kB
Writeback:           880 kB
AnonPages:       2310552 kB
Mapped:           811448 kB
Shmem:            404860 kB
Slab:             100516 kB
SReclaimable:      41708 kB
SUnreclaim:        58808 kB
KernelStack:        7576 kB
PageTables:        93300 kB
NFS_Unstable:          0 kB
Bounce:                0 kB
WritebackTmp:          0 kB
CommitLimit:     6047892 kB
Committed_AS:   26974664 kB
VmallocTotal:   34359738367 kB
VmallocUsed:      553600 kB
VmallocChunk:   34359159396 kB
HardwareCorrupted:     0 kB
AnonHugePages:    190464 kB
HugePages_Total:       0
HugePages_Free:        0
HugePages_Rsvd:        0
HugePages_Surp:        0
Hugepagesize:       2048 kB
DirectMap4k:       79360 kB
DirectMap2M:     1906688 kB
DirectMap1G:     2097152 kB


CPU:total 4 (2 cores per cpu, 2 threads per core) family 6 model 61 stepping 4, cmov, cx8, fxsr, mmx, sse, sse2, sse3, ssse3, sse4.1, sse4.2, popcnt, avx, avx2, aes, erms, ht, tsc, tscinvbit

/proc/cpuinfo:
processor	: 0
vendor_id	: GenuineIntel
cpu family	: 6
model		: 61
model name	: Intel(R) Core(TM) i5-5200U CPU @ 2.20GHz
stepping	: 4
microcode	: 0x1f
cpu MHz		: 2201.000
cache size	: 3072 KB
physical id	: 0
siblings	: 4
core id		: 0
cpu cores	: 2
apicid		: 0
initial apicid	: 0
fpu		: yes
fpu_exception	: yes
cpuid level	: 20
wp		: yes
flags		: fpu vme de pse tsc msr pae mce cx8 apic sep mtrr pge mca cmov pat pse36 clflush dts acpi mmx fxsr sse sse2 ss ht tm pbe syscall nx pdpe1gb rdtscp lm constant_tsc arch_perfmon pebs bts rep_good nopl xtopology nonstop_tsc aperfmperf eagerfpu pni pclmulqdq dtes64 monitor ds_cpl vmx est tm2 ssse3 fma cx16 xtpr pdcm pcid sse4_1 sse4_2 x2apic movbe popcnt tsc_deadline_timer aes xsave avx f16c rdrand lahf_lm abm 3dnowprefetch ida arat epb xsaveopt pln pts dtherm tpr_shadow vnmi flexpriority ept vpid fsgsbase tsc_adjust bmi1 avx2 smep bmi2 erms invpcid rdseed adx smap
bogomips	: 4389.91
clflush size	: 64
cache_alignment	: 64
address sizes	: 39 bits physical, 48 bits virtual
power management:

processor	: 1
vendor_id	: GenuineIntel
cpu family	: 6
model		: 61
model name	: Intel(R) Core(TM) i5-5200U CPU @ 2.20GHz
stepping	: 4
microcode	: 0x1f
cpu MHz		: 1100.000
cache size	: 3072 KB
physical id	: 0
siblings	: 4
core id		: 0
cpu cores	: 2
apicid		: 1
initial apicid	: 1
fpu		: yes
fpu_exception	: yes
cpuid level	: 20
wp		: yes
flags		: fpu vme de pse tsc msr pae mce cx8 apic sep mtrr pge mca cmov pat pse36 clflush dts acpi mmx fxsr sse sse2 ss ht tm pbe syscall nx pdpe1gb rdtscp lm constant_tsc arch_perfmon pebs bts rep_good nopl xtopology nonstop_tsc aperfmperf eagerfpu pni pclmulqdq dtes64 monitor ds_cpl vmx est tm2 ssse3 fma cx16 xtpr pdcm pcid sse4_1 sse4_2 x2apic movbe popcnt tsc_deadline_timer aes xsave avx f16c rdrand lahf_lm abm 3dnowprefetch ida arat epb xsaveopt pln pts dtherm tpr_shadow vnmi flexpriority ept vpid fsgsbase tsc_adjust bmi1 avx2 smep bmi2 erms invpcid rdseed adx smap
bogomips	: 4389.91
clflush size	: 64
cache_alignment	: 64
address sizes	: 39 bits physical, 48 bits virtual
power management:

processor	: 2
vendor_id	: GenuineIntel
cpu family	: 6
model		: 61
model name	: Intel(R) Core(TM) i5-5200U CPU @ 2.20GHz
stepping	: 4
microcode	: 0x1f
cpu MHz		: 900.000
cache size	: 3072 KB
physical id	: 0
siblings	: 4
core id		: 1
cpu cores	: 2
apicid		: 2
initial apicid	: 2
fpu		: yes
fpu_exception	: yes
cpuid level	: 20
wp		: yes
flags		: fpu vme de pse tsc msr pae mce cx8 apic sep mtrr pge mca cmov pat pse36 clflush dts acpi mmx fxsr sse sse2 ss ht tm pbe syscall nx pdpe1gb rdtscp lm constant_tsc arch_perfmon pebs bts rep_good nopl xtopology nonstop_tsc aperfmperf eagerfpu pni pclmulqdq dtes64 monitor ds_cpl vmx est tm2 ssse3 fma cx16 xtpr pdcm pcid sse4_1 sse4_2 x2apic movbe popcnt tsc_deadline_timer aes xsave avx f16c rdrand lahf_lm abm 3dnowprefetch ida arat epb xsaveopt pln pts dtherm tpr_shadow vnmi flexpriority ept vpid fsgsbase tsc_adjust bmi1 avx2 smep bmi2 erms invpcid rdseed adx smap
bogomips	: 4389.91
clflush size	: 64
cache_alignment	: 64
address sizes	: 39 bits physical, 48 bits virtual
power management:

processor	: 3
vendor_id	: GenuineIntel
cpu family	: 6
model		: 61
model name	: Intel(R) Core(TM) i5-5200U CPU @ 2.20GHz
stepping	: 4
microcode	: 0x1f
cpu MHz		: 500.000
cache size	: 3072 KB
physical id	: 0
siblings	: 4
core id		: 1
cpu cores	: 2
apicid		: 3
initial apicid	: 3
fpu		: yes
fpu_exception	: yes
cpuid level	: 20
wp		: yes
flags		: fpu vme de pse tsc msr pae mce cx8 apic sep mtrr pge mca cmov pat pse36 clflush dts acpi mmx fxsr sse sse2 ss ht tm pbe syscall nx pdpe1gb rdtscp lm constant_tsc arch_perfmon pebs bts rep_good nopl xtopology nonstop_tsc aperfmperf eagerfpu pni pclmulqdq dtes64 monitor ds_cpl vmx est tm2 ssse3 fma cx16 xtpr pdcm pcid sse4_1 sse4_2 x2apic movbe popcnt tsc_deadline_timer aes xsave avx f16c rdrand lahf_lm abm 3dnowprefetch ida arat epb xsaveopt pln pts dtherm tpr_shadow vnmi flexpriority ept vpid fsgsbase tsc_adjust bmi1 avx2 smep bmi2 erms invpcid rdseed adx smap
bogomips	: 4389.91
clflush size	: 64
cache_alignment	: 64
address sizes	: 39 bits physical, 48 bits virtual
power management:



Memory: 4k page, physical 3934516k(117308k free), swap 4080636k(7280k free)

vm_info: OpenJDK 64-Bit Server VM (24.95-b01) for linux-amd64 JRE (1.7.0_95-b00), built on Mar 24 2016 06:13:32 by "buildd" with gcc 4.8.2

time: Thu Jun 23 14:30:29 2016
elapsed time: 10 seconds

