#
# There is insufficient memory for the Java Runtime Environment to continue.
# Native memory allocation (malloc) failed to allocate 143130624 bytes for committing reserved memory.
# Possible reasons:
#   The system is out of physical RAM or swap space
#   In 32 bit mode, the process size limit was hit
# Possible solutions:
#   Reduce memory load on the system
#   Increase physical memory or swap space
#   Check if swap backing store is full
#   Use 64 bit Java on a 64 bit OS
#   Decrease Java heap size (-Xmx/-Xms)
#   Decrease number of Java threads
#   Decrease Java thread stack sizes (-Xss)
#   Set larger code cache with -XX:ReservedCodeCacheSize=
# This output file may be truncated or incomplete.
#
#  Out of Memory Error (os_linux.cpp:2827), pid=10655, tid=140644355921664
#
# JRE version: OpenJDK Runtime Environment (7.0_95) (build 1.7.0_95-b00)
# Java VM: OpenJDK 64-Bit Server VM (24.95-b01 mixed mode linux-amd64 compressed oops)
# Derivative: IcedTea 2.6.4
# Distribution: Ubuntu 14.04 LTS, package 7u95-2.6.4-0ubuntu0.14.04.2
# Failed to write core dump. Core dumps have been disabled. To enable core dumping, try "ulimit -c unlimited" before starting Java again
#

---------------  T H R E A D  ---------------

Current thread (0x00007fea54076000):  VMThread [stack: 0x00007fea50cfd000,0x00007fea50dfe000] [id=10666]

Stack: [0x00007fea50cfd000,0x00007fea50dfe000],  sp=0x00007fea50dfc490,  free space=1021k
Native frames: (J=compiled Java code, j=interpreted, Vv=VM code, C=native code)
V  [libjvm.so+0x953e15]
V  [libjvm.so+0x48fd94]
V  [libjvm.so+0x7cf87b]
V  [libjvm.so+0x7ca33f]
V  [libjvm.so+0x83dacb]
V  [libjvm.so+0x82d86b]
V  [libjvm.so+0x82da2b]
V  [libjvm.so+0x82e958]
V  [libjvm.so+0x8355b4]
V  [libjvm.so+0x83bc0d]
V  [libjvm.so+0x7f2083]
V  [libjvm.so+0x955814]
V  [libjvm.so+0x959917]
V  [libjvm.so+0x9583d8]
V  [libjvm.so+0x958839]
V  [libjvm.so+0x958c82]
V  [libjvm.so+0x7cc742]

VM_Operation (0x00007fea5cff2e30): ParallelGCFailedAllocation, mode: safepoint, requested by thread 0x00007fea5400a800


---------------  P R O C E S S  ---------------

Java Threads: ( => current thread )
  0x00007fea540af800 JavaThread "Service Thread" daemon [_thread_blocked, id=10672, stack(0x00007fea499cf000,0x00007fea49ad0000)]
  0x00007fea540ad000 JavaThread "C2 CompilerThread1" daemon [_thread_blocked, id=10671, stack(0x00007fea500d5000,0x00007fea501d6000)]
  0x00007fea540aa000 JavaThread "C2 CompilerThread0" daemon [_thread_blocked, id=10670, stack(0x00007fea501d6000,0x00007fea502d7000)]
  0x00007fea540a8000 JavaThread "Signal Dispatcher" daemon [_thread_blocked, id=10669, stack(0x00007fea502d7000,0x00007fea503d8000)]
  0x00007fea5407c000 JavaThread "Finalizer" daemon [_thread_blocked, id=10668, stack(0x00007fea50afb000,0x00007fea50bfc000)]
  0x00007fea5407a000 JavaThread "Reference Handler" daemon [_thread_blocked, id=10667, stack(0x00007fea50bfc000,0x00007fea50cfd000)]
  0x00007fea5400a800 JavaThread "main" [_thread_blocked, id=10661, stack(0x00007fea5cef4000,0x00007fea5cff5000)]

Other Threads:
=>0x00007fea54076000 VMThread [stack: 0x00007fea50cfd000,0x00007fea50dfe000] [id=10666]
  0x00007fea540ba000 WatcherThread [stack: 0x00007fea498ce000,0x00007fea499cf000] [id=10673]

VM state:at safepoint (normal execution)

VM Mutex/Monitor currently owned by a thread:  ([mutex/lock_event])
[0x00007fea54006350] ExpandHeap_lock - owner thread: 0x00007fea54076000
[0x00007fea540069d0] Threads_lock - owner thread: 0x00007fea54076000
[0x00007fea54006ed0] Heap_lock - owner thread: 0x00007fea5400a800

Heap
 PSYoungGen      total 233472K, used 37451K [0x00000000eaa80000, 0x0000000100000000, 0x0000000100000000)
  eden space 117248K, 0% used [0x00000000eaa80000,0x00000000eaa80000,0x00000000f1d00000)
  from space 116224K, 32% used [0x00000000f8e80000,0x00000000fb312ec0,0x0000000100000000)
  to   space 116224K, 0% used [0x00000000f1d00000,0x00000000f1d00000,0x00000000f8e80000)
 ParOldGen       total 363008K, used 362833K [0x00000000c0000000, 0x00000000d6280000, 0x00000000eaa80000)
  object space 363008K, 99% used [0x00000000c0000000,0x00000000d62544d0,0x00000000d6280000)
 PSPermGen       total 21504K, used 6168K [0x00000000b5a00000, 0x00000000b6f00000, 0x00000000c0000000)
  object space 21504K, 28% used [0x00000000b5a00000,0x00000000b6006138,0x00000000b6f00000)

Card table byte_map: [0x00007fea598d4000,0x00007fea59b28000] byte_map_base: 0x00007fea59327000

Polling page: 0x00007fea5d011000

Code Cache  [0x00007fea51000000, 0x00007fea51420000, 0x00007fea54000000)
 total_blobs=1283 nmethods=1055 adapters=181 free_code_cache=45091Kb largest_free_block=46040832

Compilation events (10 events):
Event: 31.014 Thread 0x00007fea540aa000 nmethod 1127 0x00007fea513ee150 code [0x00007fea513ee2a0, 0x00007fea513ee3b8]
Event: 31.014 Thread 0x00007fea540ad000 nmethod 1128 0x00007fea512469d0 code [0x00007fea51246b20, 0x00007fea51246bb8]
Event: 31.014 Thread 0x00007fea540ad000 1129   !         java.util.WeakHashMap::expungeStaleEntries (139 bytes)
Event: 31.014 Thread 0x00007fea540aa000 1130             java.util.WeakHashMap::indexFor (6 bytes)
Event: 31.014 Thread 0x00007fea540aa000 nmethod 1130 0x00007fea51110c10 code [0x00007fea51110d40, 0x00007fea51110d78]
Event: 31.015 Thread 0x00007fea540ad000 nmethod 1129 0x00007fea510f6110 code [0x00007fea510f6260, 0x00007fea510f62f8]
Event: 31.108 Thread 0x00007fea540aa000 1131   !         java.util.zip.ZipFile$ZipFileInputStream::close (110 bytes)
Event: 31.123 Thread 0x00007fea540aa000 nmethod 1131 0x00007fea510dd2d0 code [0x00007fea510dd460, 0x00007fea510dde18]
Event: 31.144 Thread 0x00007fea540ad000 1132             com.android.dx.rop.code.RegisterSpec::withLocalItem (41 bytes)
Event: 31.148 Thread 0x00007fea540ad000 nmethod 1132 0x00007fea510cae10 code [0x00007fea510caf60, 0x00007fea510cb348]

GC Heap History (10 events):
Event: 28.857 GC heap after
Heap after GC invocations=22 (full 4):
 PSYoungGen      total 251392K, used 63647K [0x00000000eaa80000, 0x0000000100000000, 0x0000000100000000)
  eden space 160256K, 0% used [0x00000000eaa80000,0x00000000eaa80000,0x00000000f4700000)
  from space 91136K, 69% used [0x00000000fa700000,0x00000000fe527f58,0x0000000100000000)
  to   space 94720K, 0% used [0x00000000f4700000,0x00000000f4700000,0x00000000fa380000)
 ParOldGen       total 363008K, used 259128K [0x00000000c0000000, 0x00000000d6280000, 0x00000000eaa80000)
  object space 363008K, 71% used [0x00000000c0000000,0x00000000cfd0e2f0,0x00000000d6280000)
 PSPermGen       total 21504K, used 6162K [0x00000000b5a00000, 0x00000000b6f00000, 0x00000000c0000000)
  object space 21504K, 28% used [0x00000000b5a00000,0x00000000b6004998,0x00000000b6f00000)
}
Event: 29.471 GC heap before
{Heap before GC invocations=23 (full 4):
 PSYoungGen      total 251392K, used 223903K [0x00000000eaa80000, 0x0000000100000000, 0x0000000100000000)
  eden space 160256K, 100% used [0x00000000eaa80000,0x00000000f4700000,0x00000000f4700000)
  from space 91136K, 69% used [0x00000000fa700000,0x00000000fe527f58,0x0000000100000000)
  to   space 94720K, 0% used [0x00000000f4700000,0x00000000f4700000,0x00000000fa380000)
 ParOldGen       total 363008K, used 259128K [0x00000000c0000000, 0x00000000d6280000, 0x00000000eaa80000)
  object space 363008K, 71% used [0x00000000c0000000,0x00000000cfd0e2f0,0x00000000d6280000)
 PSPermGen       total 21504K, used 6163K [0x00000000b5a00000, 0x00000000b6f00000, 0x00000000c0000000)
  object space 21504K, 28% used [0x00000000b5a00000,0x00000000b6004fe0,0x00000000b6f00000)
Event: 29.837 GC heap after
Heap after GC invocations=23 (full 4):
 PSYoungGen      total 245248K, used 84970K [0x00000000eaa80000, 0x0000000100000000, 0x0000000100000000)
  eden space 160256K, 0% used [0x00000000eaa80000,0x00000000eaa80000,0x00000000f4700000)
  from space 84992K, 99% used [0x00000000f4700000,0x00000000f99fa940,0x00000000f9a00000)
  to   space 104448K, 0% used [0x00000000f9a00000,0x00000000f9a00000,0x0000000100000000)
 ParOldGen       total 363008K, used 259128K [0x00000000c0000000, 0x00000000d6280000, 0x00000000eaa80000)
  object space 363008K, 71% used [0x00000000c0000000,0x00000000cfd0e2f0,0x00000000d6280000)
 PSPermGen       total 21504K, used 6163K [0x00000000b5a00000, 0x00000000b6f00000, 0x00000000c0000000)
  object space 21504K, 28% used [0x00000000b5a00000,0x00000000b6004fe0,0x00000000b6f00000)
}
Event: 30.258 GC heap before
{Heap before GC invocations=24 (full 4):
 PSYoungGen      total 245248K, used 245226K [0x00000000eaa80000, 0x0000000100000000, 0x0000000100000000)
  eden space 160256K, 100% used [0x00000000eaa80000,0x00000000f4700000,0x00000000f4700000)
  from space 84992K, 99% used [0x00000000f4700000,0x00000000f99fa940,0x00000000f9a00000)
  to   space 104448K, 0% used [0x00000000f9a00000,0x00000000f9a00000,0x0000000100000000)
 ParOldGen       total 363008K, used 259128K [0x00000000c0000000, 0x00000000d6280000, 0x00000000eaa80000)
  object space 363008K, 71% used [0x00000000c0000000,0x00000000cfd0e2f0,0x00000000d6280000)
 PSPermGen       total 21504K, used 6163K [0x00000000b5a00000, 0x00000000b6f00000, 0x00000000c0000000)
  object space 21504K, 28% used [0x00000000b5a00000,0x00000000b6004fe0,0x00000000b6f00000)
Event: 30.386 GC heap after
Heap after GC invocations=24 (full 4):
 PSYoungGen      total 221696K, used 91347K [0x00000000eaa80000, 0x0000000100000000, 0x0000000100000000)
  eden space 117248K, 0% used [0x00000000eaa80000,0x00000000eaa80000,0x00000000f1d00000)
  from space 104448K, 87% used [0x00000000f9a00000,0x00000000ff334fa8,0x0000000100000000)
  to   space 116224K, 0% used [0x00000000f1d00000,0x00000000f1d00000,0x00000000f8e80000)
 ParOldGen       total 363008K, used 275785K [0x00000000c0000000, 0x00000000d6280000, 0x00000000eaa80000)
  object space 363008K, 75% used [0x00000000c0000000,0x00000000d0d52790,0x00000000d6280000)
 PSPermGen       total 21504K, used 6163K [0x00000000b5a00000, 0x00000000b6f00000, 0x00000000c0000000)
  object space 21504K, 28% used [0x00000000b5a00000,0x00000000b6004fe0,0x00000000b6f00000)
}
Event: 30.695 GC heap before
{Heap before GC invocations=25 (full 4):
 PSYoungGen      total 221696K, used 208595K [0x00000000eaa80000, 0x0000000100000000, 0x0000000100000000)
  eden space 117248K, 100% used [0x00000000eaa80000,0x00000000f1d00000,0x00000000f1d00000)
  from space 104448K, 87% used [0x00000000f9a00000,0x00000000ff334fa8,0x0000000100000000)
  to   space 116224K, 0% used [0x00000000f1d00000,0x00000000f1d00000,0x00000000f8e80000)
 ParOldGen       total 363008K, used 275785K [0x00000000c0000000, 0x00000000d6280000, 0x00000000eaa80000)
  object space 363008K, 75% used [0x00000000c0000000,0x00000000d0d52790,0x00000000d6280000)
 PSPermGen       total 21504K, used 6165K [0x00000000b5a00000, 0x00000000b6f00000, 0x00000000c0000000)
  object space 21504K, 28% used [0x00000000b5a00000,0x00000000b6005638,0x00000000b6f00000)
Event: 30.831 GC heap after
Heap after GC invocations=25 (full 4):
 PSYoungGen      total 233472K, used 101021K [0x00000000eaa80000, 0x0000000100000000, 0x0000000100000000)
  eden space 117248K, 0% used [0x00000000eaa80000,0x00000000eaa80000,0x00000000f1d00000)
  from space 116224K, 86% used [0x00000000f1d00000,0x00000000f7fa7710,0x00000000f8e80000)
  to   space 116224K, 0% used [0x00000000f8e80000,0x00000000f8e80000,0x0000000100000000)
 ParOldGen       total 363008K, used 283682K [0x00000000c0000000, 0x00000000d6280000, 0x00000000eaa80000)
  object space 363008K, 78% used [0x00000000c0000000,0x00000000d1508be0,0x00000000d6280000)
 PSPermGen       total 21504K, used 6165K [0x00000000b5a00000, 0x00000000b6f00000, 0x00000000c0000000)
  object space 21504K, 28% used [0x00000000b5a00000,0x00000000b6005638,0x00000000b6f00000)
}
Event: 31.250 GC heap before
{Heap before GC invocations=26 (full 4):
 PSYoungGen      total 233472K, used 218269K [0x00000000eaa80000, 0x0000000100000000, 0x0000000100000000)
  eden space 117248K, 100% used [0x00000000eaa80000,0x00000000f1d00000,0x00000000f1d00000)
  from space 116224K, 86% used [0x00000000f1d00000,0x00000000f7fa7710,0x00000000f8e80000)
  to   space 116224K, 0% used [0x00000000f8e80000,0x00000000f8e80000,0x0000000100000000)
 ParOldGen       total 363008K, used 283682K [0x00000000c0000000, 0x00000000d6280000, 0x00000000eaa80000)
  object space 363008K, 78% used [0x00000000c0000000,0x00000000d1508be0,0x00000000d6280000)
 PSPermGen       total 21504K, used 6168K [0x00000000b5a00000, 0x00000000b6f00000, 0x00000000c0000000)
  object space 21504K, 28% used [0x00000000b5a00000,0x00000000b60061f8,0x00000000b6f00000)
Event: 31.496 GC heap after
Heap after GC invocations=26 (full 4):
 PSYoungGen      total 233472K, used 80193K [0x00000000eaa80000, 0x0000000100000000, 0x0000000100000000)
  eden space 117248K, 0% used [0x00000000eaa80000,0x00000000eaa80000,0x00000000f1d00000)
  from space 116224K, 68% used [0x00000000f8e80000,0x00000000fdcd0430,0x0000000100000000)
  to   space 116224K, 0% used [0x00000000f1d00000,0x00000000f1d00000,0x00000000f8e80000)
 ParOldGen       total 363008K, used 322772K [0x00000000c0000000, 0x00000000d6280000, 0x00000000eaa80000)
  object space 363008K, 88% used [0x00000000c0000000,0x00000000d3b350e8,0x00000000d6280000)
 PSPermGen       total 21504K, used 6168K [0x00000000b5a00000, 0x00000000b6f00000, 0x00000000c0000000)
  object space 21504K, 28% used [0x00000000b5a00000,0x00000000b60061f8,0x00000000b6f00000)
}
Event: 31.496 GC heap before
{Heap before GC invocations=27 (full 5):
 PSYoungGen      total 233472K, used 80193K [0x00000000eaa80000, 0x0000000100000000, 0x0000000100000000)
  eden space 117248K, 0% used [0x00000000eaa80000,0x00000000eaa80000,0x00000000f1d00000)
  from space 116224K, 68% used [0x00000000f8e80000,0x00000000fdcd0430,0x0000000100000000)
  to   space 116224K, 0% used [0x00000000f1d00000,0x00000000f1d00000,0x00000000f8e80000)
 ParOldGen       total 363008K, used 322772K [0x00000000c0000000, 0x00000000d6280000, 0x00000000eaa80000)
  object space 363008K, 88% used [0x00000000c0000000,0x00000000d3b350e8,0x00000000d6280000)
 PSPermGen       total 21504K, used 6168K [0x00000000b5a00000, 0x00000000b6f00000, 0x00000000c0000000)
  object space 21504K, 28% used [0x00000000b5a00000,0x00000000b60061f8,0x00000000b6f00000)

Deoptimization events (10 events):
Event: 27.676 Thread 0x00007fea5400a800 Uncommon trap: reason=unstable_if action=reinterpret pc=0x00007fea51221eb0 method=com.android.dx.rop.code.RegisterSpecSet.<init>(I)V @ 2
Event: 27.886 Thread 0x00007fea5400a800 Uncommon trap: reason=unstable_if action=reinterpret pc=0x00007fea51133a20 method=com.android.dx.ssa.SCCP.simulateStmt(Lcom/android/dx/ssa/SsaInsn;)V @ 435
Event: 29.249 Thread 0x00007fea5400a800 Uncommon trap: reason=bimorphic action=maybe_recompile pc=0x00007fea513f9fb0 method=com.android.dx.cf.code.BytecodeArray.parseInstruction(ILcom/android/dx/cf/code/BytecodeArray$Visitor;)I @ 1447
Event: 29.249 Thread 0x00007fea5400a800 Uncommon trap: reason=bimorphic action=maybe_recompile pc=0x00007fea513f9fb0 method=com.android.dx.cf.code.BytecodeArray.parseInstruction(ILcom/android/dx/cf/code/BytecodeArray$Visitor;)I @ 1447
Event: 29.921 Thread 0x00007fea5400a800 Uncommon trap: reason=bimorphic action=maybe_recompile pc=0x00007fea512db5e8 method=com.android.dx.ssa.NormalSsaInsn.changeOneSource(ILcom/android/dx/rop/code/RegisterSpec;)V @ 113
Event: 29.921 Thread 0x00007fea5400a800 Uncommon trap: reason=bimorphic action=maybe_recompile pc=0x00007fea512db5e8 method=com.android.dx.ssa.NormalSsaInsn.changeOneSource(ILcom/android/dx/rop/code/RegisterSpec;)V @ 113
Event: 29.921 Thread 0x00007fea5400a800 Uncommon trap: reason=bimorphic action=maybe_recompile pc=0x00007fea512db5e8 method=com.android.dx.ssa.NormalSsaInsn.changeOneSource(ILcom/android/dx/rop/code/RegisterSpec;)V @ 113
Event: 29.921 Thread 0x00007fea5400a800 Uncommon trap: reason=bimorphic action=maybe_recompile pc=0x00007fea512db5e8 method=com.android.dx.ssa.NormalSsaInsn.changeOneSource(ILcom/android/dx/rop/code/RegisterSpec;)V @ 113
Event: 30.907 Thread 0x00007fea5400a800 Uncommon trap: reason=bimorphic action=maybe_recompile pc=0x00007fea510ea654 method=com.android.dx.ssa.LiteralOpUpgrader.tryReplacingWithConstant(Lcom/android/dx/ssa/NormalSsaInsn;)Z @ 62
Event: 30.960 Thread 0x00007fea5400a800 Uncommon trap: reason=bimorphic action=maybe_recompile pc=0x00007fea5117c6d4 method=com.android.dx.ssa.LiteralOpUpgrader.tryReplacingWithConstant(Lcom/android/dx/ssa/NormalSsaInsn;)Z @ 62

Internal exceptions (10 events):
Event: 12.290 Thread 0x00007fea5400a800 Implicit null exception at 0x00007fea512766db to 0x00007fea512769f1
Event: 12.290 Thread 0x00007fea5400a800 Implicit null exception at 0x00007fea51181211 to 0x00007fea51181cd1
Event: 12.290 Thread 0x00007fea5400a800 Implicit null exception at 0x00007fea510e2b27 to 0x00007fea510e2e21
Event: 12.290 Thread 0x00007fea5400a800 Implicit null exception at 0x00007fea510b9eb8 to 0x00007fea510ba00d
Event: 12.644 Thread 0x00007fea5400a800 Implicit null exception at 0x00007fea51317627 to 0x00007fea5131a031
Event: 15.534 Thread 0x00007fea5400a800 Threw 0x00000000eab8e748 at /build/openjdk-7-HVzwJZ/openjdk-7-7u95-2.6.4/build/openjdk/hotspot/src/share/vm/prims/jvm.cpp:1322
Event: 15.537 Thread 0x00007fea5400a800 Implicit null exception at 0x00007fea512a3ef2 to 0x00007fea512a4239
Event: 16.411 Thread 0x00007fea5400a800 Threw 0x00000000f5f5a380 at /build/openjdk-7-HVzwJZ/openjdk-7-7u95-2.6.4/build/openjdk/hotspot/src/share/vm/prims/jvm.cpp:1322
Event: 16.495 Thread 0x00007fea5400a800 Threw 0x00000000f67b8828 at /build/openjdk-7-HVzwJZ/openjdk-7-7u95-2.6.4/build/openjdk/hotspot/src/share/vm/prims/jvm.cpp:1322
Event: 17.245 Thread 0x00007fea5400a800 Threw 0x00000000ec6ca8d8 at /build/openjdk-7-HVzwJZ/openjdk-7-7u95-2.6.4/build/openjdk/hotspot/src/share/vm/prims/jvm.cpp:1322

Events (10 events):
Event: 30.907 Thread 0x00007fea5400a800 DEOPT PACKING pc=0x00007fea510ea654 sp=0x00007fea5cff2f40
Event: 30.907 Thread 0x00007fea5400a800 DEOPT UNPACKING pc=0x00007fea51039445 sp=0x00007fea5cff2e08 mode 2
Event: 30.960 Thread 0x00007fea5400a800 Uncommon trap: trap_request=0xffffffc6 fr.pc=0x00007fea5117c6d4
Event: 30.960 Thread 0x00007fea5400a800 DEOPT PACKING pc=0x00007fea5117c6d4 sp=0x00007fea5cff2eb0
Event: 30.960 Thread 0x00007fea5400a800 DEOPT UNPACKING pc=0x00007fea51039445 sp=0x00007fea5cff2df0 mode 2
Event: 30.982 Thread 0x00007fea540ad000 flushing nmethod 0x00007fea510cab50
Event: 30.985 Thread 0x00007fea540aa000 flushing nmethod 0x00007fea510f6110
Event: 31.015 Thread 0x00007fea540ad000 flushing nmethod 0x00007fea511d7a90
Event: 31.123 Thread 0x00007fea540aa000 flushing nmethod 0x00007fea5121c550
Event: 31.250 Executing VM operation: ParallelGCFailedAllocation


Dynamic libraries:
00400000-00401000 r-xp 00000000 08:01 5508137                            /usr/lib/jvm/java-7-openjdk-amd64/jre/bin/java
00600000-00601000 r--p 00000000 08:01 5508137                            /usr/lib/jvm/java-7-openjdk-amd64/jre/bin/java
00601000-00602000 rw-p 00001000 08:01 5508137                            /usr/lib/jvm/java-7-openjdk-amd64/jre/bin/java
01c26000-01c47000 rw-p 00000000 00:00 0                                  [heap]
b5a00000-b6f00000 rw-p 00000000 00:00 0 
b6f00000-c0000000 rw-p 00000000 00:00 0 
c0000000-d6280000 rw-p 00000000 00:00 0 
deb00000-eaa80000 rw-p 00000000 00:00 0 
eaa80000-100000000 rw-p 00000000 00:00 0 
7fea18000000-7fea18021000 rw-p 00000000 00:00 0 
7fea18021000-7fea1c000000 ---p 00000000 00:00 0 
7fea20000000-7fea20021000 rw-p 00000000 00:00 0 
7fea20021000-7fea24000000 ---p 00000000 00:00 0 
7fea24000000-7fea25e3a000 rw-p 00000000 00:00 0 
7fea25e3a000-7fea28000000 ---p 00000000 00:00 0 
7fea28000000-7fea291d9000 rw-p 00000000 00:00 0 
7fea291d9000-7fea2c000000 ---p 00000000 00:00 0 
7fea2c000000-7fea2c021000 rw-p 00000000 00:00 0 
7fea2c021000-7fea30000000 ---p 00000000 00:00 0 
7fea30000000-7fea30021000 rw-p 00000000 00:00 0 
7fea30021000-7fea34000000 ---p 00000000 00:00 0 
7fea34000000-7fea34021000 rw-p 00000000 00:00 0 
7fea34021000-7fea38000000 ---p 00000000 00:00 0 
7fea38000000-7fea38021000 rw-p 00000000 00:00 0 
7fea38021000-7fea3c000000 ---p 00000000 00:00 0 
7fea3c000000-7fea3c021000 rw-p 00000000 00:00 0 
7fea3c021000-7fea40000000 ---p 00000000 00:00 0 
7fea40000000-7fea40021000 rw-p 00000000 00:00 0 
7fea40021000-7fea44000000 ---p 00000000 00:00 0 
7fea44000000-7fea44021000 rw-p 00000000 00:00 0 
7fea44021000-7fea48000000 ---p 00000000 00:00 0 
7fea48150000-7fea4818d000 r-xp 00000000 08:01 790495                     /lib/x86_64-linux-gnu/libpcre.so.3.13.1
7fea4818d000-7fea4838c000 ---p 0003d000 08:01 790495                     /lib/x86_64-linux-gnu/libpcre.so.3.13.1
7fea4838c000-7fea4838d000 r--p 0003c000 08:01 790495                     /lib/x86_64-linux-gnu/libpcre.so.3.13.1
7fea4838d000-7fea4838e000 rw-p 0003d000 08:01 790495                     /lib/x86_64-linux-gnu/libpcre.so.3.13.1
7fea4838e000-7fea48395000 r-xp 00000000 08:01 4726848                    /usr/lib/x86_64-linux-gnu/libffi.so.6.0.1
7fea48395000-7fea48594000 ---p 00007000 08:01 4726848                    /usr/lib/x86_64-linux-gnu/libffi.so.6.0.1
7fea48594000-7fea48595000 r--p 00006000 08:01 4726848                    /usr/lib/x86_64-linux-gnu/libffi.so.6.0.1
7fea48595000-7fea48596000 rw-p 00007000 08:01 4726848                    /usr/lib/x86_64-linux-gnu/libffi.so.6.0.1
7fea48596000-7fea485ad000 r-xp 00000000 08:01 786614                     /lib/x86_64-linux-gnu/libresolv-2.19.so
7fea485ad000-7fea487ad000 ---p 00017000 08:01 786614                     /lib/x86_64-linux-gnu/libresolv-2.19.so
7fea487ad000-7fea487ae000 r--p 00017000 08:01 786614                     /lib/x86_64-linux-gnu/libresolv-2.19.so
7fea487ae000-7fea487af000 rw-p 00018000 08:01 786614                     /lib/x86_64-linux-gnu/libresolv-2.19.so
7fea487af000-7fea487b1000 rw-p 00000000 00:00 0 
7fea487b1000-7fea487d1000 r-xp 00000000 08:01 790522                     /lib/x86_64-linux-gnu/libselinux.so.1
7fea487d1000-7fea489d0000 ---p 00020000 08:01 790522                     /lib/x86_64-linux-gnu/libselinux.so.1
7fea489d0000-7fea489d1000 r--p 0001f000 08:01 790522                     /lib/x86_64-linux-gnu/libselinux.so.1
7fea489d1000-7fea489d2000 rw-p 00020000 08:01 790522                     /lib/x86_64-linux-gnu/libselinux.so.1
7fea489d2000-7fea489d4000 rw-p 00000000 00:00 0 
7fea489d4000-7fea489d7000 r-xp 00000000 08:01 4726965                    /usr/lib/x86_64-linux-gnu/libgmodule-2.0.so.0.4000.0
7fea489d7000-7fea48bd6000 ---p 00003000 08:01 4726965                    /usr/lib/x86_64-linux-gnu/libgmodule-2.0.so.0.4000.0
7fea48bd6000-7fea48bd7000 r--p 00002000 08:01 4726965                    /usr/lib/x86_64-linux-gnu/libgmodule-2.0.so.0.4000.0
7fea48bd7000-7fea48bd8000 rw-p 00003000 08:01 4726965                    /usr/lib/x86_64-linux-gnu/libgmodule-2.0.so.0.4000.0
7fea48bd8000-7fea48cde000 r-xp 00000000 08:01 790423                     /lib/x86_64-linux-gnu/libglib-2.0.so.0.4000.0
7fea48cde000-7fea48edd000 ---p 00106000 08:01 790423                     /lib/x86_64-linux-gnu/libglib-2.0.so.0.4000.0
7fea48edd000-7fea48ede000 r--p 00105000 08:01 790423                     /lib/x86_64-linux-gnu/libglib-2.0.so.0.4000.0
7fea48ede000-7fea48edf000 rw-p 00106000 08:01 790423                     /lib/x86_64-linux-gnu/libglib-2.0.so.0.4000.0
7fea48edf000-7fea48ee0000 rw-p 00000000 00:00 0 
7fea48ee0000-7fea48f2f000 r-xp 00000000 08:01 4726981                    /usr/lib/x86_64-linux-gnu/libgobject-2.0.so.0.4000.0
7fea48f2f000-7fea4912f000 ---p 0004f000 08:01 4726981                    /usr/lib/x86_64-linux-gnu/libgobject-2.0.so.0.4000.0
7fea4912f000-7fea49130000 r--p 0004f000 08:01 4726981                    /usr/lib/x86_64-linux-gnu/libgobject-2.0.so.0.4000.0
7fea49130000-7fea49131000 rw-p 00050000 08:01 4726981                    /usr/lib/x86_64-linux-gnu/libgobject-2.0.so.0.4000.0
7fea49131000-7fea4929c000 r-xp 00000000 08:01 4726951                    /usr/lib/x86_64-linux-gnu/libgio-2.0.so.0.4000.0
7fea4929c000-7fea4949c000 ---p 0016b000 08:01 4726951                    /usr/lib/x86_64-linux-gnu/libgio-2.0.so.0.4000.0
7fea4949c000-7fea494a0000 r--p 0016b000 08:01 4726951                    /usr/lib/x86_64-linux-gnu/libgio-2.0.so.0.4000.0
7fea494a0000-7fea494a2000 rw-p 0016f000 08:01 4726951                    /usr/lib/x86_64-linux-gnu/libgio-2.0.so.0.4000.0
7fea494a2000-7fea494a4000 rw-p 00000000 00:00 0 
7fea494a4000-7fea494bb000 r-xp 00000000 08:01 5917886                    /usr/lib/jvm/java-7-openjdk-amd64/jre/lib/amd64/libnet.so
7fea494bb000-7fea496ba000 ---p 00017000 08:01 5917886                    /usr/lib/jvm/java-7-openjdk-amd64/jre/lib/amd64/libnet.so
7fea496ba000-7fea496bb000 r--p 00016000 08:01 5917886                    /usr/lib/jvm/java-7-openjdk-amd64/jre/lib/amd64/libnet.so
7fea496bb000-7fea496bc000 rw-p 00017000 08:01 5917886                    /usr/lib/jvm/java-7-openjdk-amd64/jre/lib/amd64/libnet.so
7fea496bc000-7fea496cc000 r-xp 00000000 08:01 5917910                    /usr/lib/jvm/java-7-openjdk-amd64/jre/lib/amd64/libnio.so
7fea496cc000-7fea498cc000 ---p 00010000 08:01 5917910                    /usr/lib/jvm/java-7-openjdk-amd64/jre/lib/amd64/libnio.so
7fea498cc000-7fea498cd000 r--p 00010000 08:01 5917910                    /usr/lib/jvm/java-7-openjdk-amd64/jre/lib/amd64/libnio.so
7fea498cd000-7fea498ce000 rw-p 00011000 08:01 5917910                    /usr/lib/jvm/java-7-openjdk-amd64/jre/lib/amd64/libnio.so
7fea498ce000-7fea498cf000 ---p 00000000 00:00 0 
7fea498cf000-7fea499cf000 rw-p 00000000 00:00 0                          [stack:10673]
7fea499cf000-7fea499d2000 ---p 00000000 00:00 0 
7fea499d2000-7fea4c000000 rw-p 00000000 00:00 0                          [stack:10672]
7fea4c000000-7fea4c021000 rw-p 00000000 00:00 0 
7fea4c021000-7fea50000000 ---p 00000000 00:00 0 
7fea50018000-7fea50049000 rw-p 00000000 00:00 0 
7fea50049000-7fea500d5000 r--s 0077a000 08:01 10226802                   /home/raihan/OpenSrpWorkSpace/opensrp-client/opensrp-mcare/build/intermediates/multi-dex/debug/allclasses.jar
7fea500d5000-7fea500d8000 ---p 00000000 00:00 0 
7fea500d8000-7fea501d6000 rw-p 00000000 00:00 0                          [stack:10671]
7fea501d6000-7fea501d9000 ---p 00000000 00:00 0 
7fea501d9000-7fea502d7000 rw-p 00000000 00:00 0                          [stack:10670]
7fea502d7000-7fea502da000 ---p 00000000 00:00 0 
7fea502da000-7fea503d8000 rw-p 00000000 00:00 0                          [stack:10669]
7fea503d8000-7fea50afb000 r--p 00000000 08:01 4725570                    /usr/lib/locale/locale-archive
7fea50afb000-7fea50afe000 ---p 00000000 00:00 0 
7fea50afe000-7fea50bfc000 rw-p 00000000 00:00 0                          [stack:10668]
7fea50bfc000-7fea50bff000 ---p 00000000 00:00 0 
7fea50bff000-7fea50cfd000 rw-p 00000000 00:00 0                          [stack:10667]
7fea50cfd000-7fea50cfe000 ---p 00000000 00:00 0 
7fea50cfe000-7fea51000000 rw-p 00000000 00:00 0                          [stack:10666]
7fea51000000-7fea51420000 rwxp 00000000 00:00 0 
7fea51420000-7fea54317000 rw-p 00000000 00:00 0 
7fea54317000-7fea58000000 ---p 00000000 00:00 0 
7fea58020000-7fea5802f000 r--s 000dd000 08:01 6177003                    /home/raihan/android-sdk-linux/build-tools/21.1.2/lib/dx.jar
7fea5802f000-7fea58e2a000 rw-p 00000000 00:00 0 
7fea58e2a000-7fea58fdb000 r--s 01d30000 08:01 5508152                    /usr/lib/jvm/java-7-openjdk-amd64/jre/lib/rt.jar
7fea58fdb000-7fea59327000 rw-p 00000000 00:00 0 
7fea59327000-7fea59328000 ---p 00000000 00:00 0 
7fea59328000-7fea59428000 rw-p 00000000 00:00 0                          [stack:10665]
7fea59428000-7fea59429000 ---p 00000000 00:00 0 
7fea59429000-7fea59529000 rw-p 00000000 00:00 0                          [stack:10664]
7fea59529000-7fea5952a000 ---p 00000000 00:00 0 
7fea5952a000-7fea5962a000 rw-p 00000000 00:00 0                          [stack:10663]
7fea5962a000-7fea5962b000 ---p 00000000 00:00 0 
7fea5962b000-7fea59736000 rw-p 00000000 00:00 0                          [stack:10662]
7fea59736000-7fea5977e000 rw-p 00000000 00:00 0 
7fea5977e000-7fea59830000 rw-p 00000000 00:00 0 
7fea59830000-7fea598d4000 rw-p 00000000 00:00 0 
7fea598d4000-7fea598df000 rw-p 00000000 00:00 0 
7fea598df000-7fea59927000 rw-p 00000000 00:00 0 
7fea59927000-7fea599d9000 rw-p 00000000 00:00 0 
7fea599d9000-7fea59a7c000 rw-p 00000000 00:00 0 
7fea59a7c000-7fea59b27000 rw-p 00000000 00:00 0 
7fea59b27000-7fea59b28000 rw-p 00000000 00:00 0 
7fea59b28000-7fea59b30000 r-xp 00000000 08:01 5917892                    /usr/lib/jvm/java-7-openjdk-amd64/jre/lib/amd64/libzip.so
7fea59b30000-7fea59d2f000 ---p 00008000 08:01 5917892                    /usr/lib/jvm/java-7-openjdk-amd64/jre/lib/amd64/libzip.so
7fea59d2f000-7fea59d30000 r--p 00007000 08:01 5917892                    /usr/lib/jvm/java-7-openjdk-amd64/jre/lib/amd64/libzip.so
7fea59d30000-7fea59d31000 rw-p 00008000 08:01 5917892                    /usr/lib/jvm/java-7-openjdk-amd64/jre/lib/amd64/libzip.so
7fea59d31000-7fea59d3c000 r-xp 00000000 08:01 786646                     /lib/x86_64-linux-gnu/libnss_files-2.19.so
7fea59d3c000-7fea59f3b000 ---p 0000b000 08:01 786646                     /lib/x86_64-linux-gnu/libnss_files-2.19.so
7fea59f3b000-7fea59f3c000 r--p 0000a000 08:01 786646                     /lib/x86_64-linux-gnu/libnss_files-2.19.so
7fea59f3c000-7fea59f3d000 rw-p 0000b000 08:01 786646                     /lib/x86_64-linux-gnu/libnss_files-2.19.so
7fea59f3d000-7fea59f48000 r-xp 00000000 08:01 786638                     /lib/x86_64-linux-gnu/libnss_nis-2.19.so
7fea59f48000-7fea5a147000 ---p 0000b000 08:01 786638                     /lib/x86_64-linux-gnu/libnss_nis-2.19.so
7fea5a147000-7fea5a148000 r--p 0000a000 08:01 786638                     /lib/x86_64-linux-gnu/libnss_nis-2.19.so
7fea5a148000-7fea5a149000 rw-p 0000b000 08:01 786638                     /lib/x86_64-linux-gnu/libnss_nis-2.19.so
7fea5a149000-7fea5a160000 r-xp 00000000 08:01 786634                     /lib/x86_64-linux-gnu/libnsl-2.19.so
7fea5a160000-7fea5a35f000 ---p 00017000 08:01 786634                     /lib/x86_64-linux-gnu/libnsl-2.19.so
7fea5a35f000-7fea5a360000 r--p 00016000 08:01 786634                     /lib/x86_64-linux-gnu/libnsl-2.19.so
7fea5a360000-7fea5a361000 rw-p 00017000 08:01 786634                     /lib/x86_64-linux-gnu/libnsl-2.19.so
7fea5a361000-7fea5a363000 rw-p 00000000 00:00 0 
7fea5a363000-7fea5a36c000 r-xp 00000000 08:01 786633                     /lib/x86_64-linux-gnu/libnss_compat-2.19.so
7fea5a36c000-7fea5a56b000 ---p 00009000 08:01 786633                     /lib/x86_64-linux-gnu/libnss_compat-2.19.so
7fea5a56b000-7fea5a56c000 r--p 00008000 08:01 786633                     /lib/x86_64-linux-gnu/libnss_compat-2.19.so
7fea5a56c000-7fea5a56d000 rw-p 00009000 08:01 786633                     /lib/x86_64-linux-gnu/libnss_compat-2.19.so
7fea5a56d000-7fea5a598000 r-xp 00000000 08:01 5917877                    /usr/lib/jvm/java-7-openjdk-amd64/jre/lib/amd64/libjava.so
7fea5a598000-7fea5a798000 ---p 0002b000 08:01 5917877                    /usr/lib/jvm/java-7-openjdk-amd64/jre/lib/amd64/libjava.so
7fea5a798000-7fea5a799000 r--p 0002b000 08:01 5917877                    /usr/lib/jvm/java-7-openjdk-amd64/jre/lib/amd64/libjava.so
7fea5a799000-7fea5a79b000 rw-p 0002c000 08:01 5917877                    /usr/lib/jvm/java-7-openjdk-amd64/jre/lib/amd64/libjava.so
7fea5a79b000-7fea5a7ab000 r-xp 00000000 08:01 5917878                    /usr/lib/jvm/java-7-openjdk-amd64/jre/lib/amd64/libverify.so
7fea5a7ab000-7fea5a9aa000 ---p 00010000 08:01 5917878                    /usr/lib/jvm/java-7-openjdk-amd64/jre/lib/amd64/libverify.so
7fea5a9aa000-7fea5a9ac000 r--p 0000f000 08:01 5917878                    /usr/lib/jvm/java-7-openjdk-amd64/jre/lib/amd64/libverify.so
7fea5a9ac000-7fea5a9ad000 rw-p 00011000 08:01 5917878                    /usr/lib/jvm/java-7-openjdk-amd64/jre/lib/amd64/libverify.so
7fea5a9ad000-7fea5a9b4000 r-xp 00000000 08:01 786642                     /lib/x86_64-linux-gnu/librt-2.19.so
7fea5a9b4000-7fea5abb3000 ---p 00007000 08:01 786642                     /lib/x86_64-linux-gnu/librt-2.19.so
7fea5abb3000-7fea5abb4000 r--p 00006000 08:01 786642                     /lib/x86_64-linux-gnu/librt-2.19.so
7fea5abb4000-7fea5abb5000 rw-p 00007000 08:01 786642                     /lib/x86_64-linux-gnu/librt-2.19.so
7fea5abb5000-7fea5abcb000 r-xp 00000000 08:01 786612                     /lib/x86_64-linux-gnu/libgcc_s.so.1
7fea5abcb000-7fea5adca000 ---p 00016000 08:01 786612                     /lib/x86_64-linux-gnu/libgcc_s.so.1
7fea5adca000-7fea5adcb000 rw-p 00015000 08:01 786612                     /lib/x86_64-linux-gnu/libgcc_s.so.1
7fea5adcb000-7fea5aed0000 r-xp 00000000 08:01 786618                     /lib/x86_64-linux-gnu/libm-2.19.so
7fea5aed0000-7fea5b0cf000 ---p 00105000 08:01 786618                     /lib/x86_64-linux-gnu/libm-2.19.so
7fea5b0cf000-7fea5b0d0000 r--p 00104000 08:01 786618                     /lib/x86_64-linux-gnu/libm-2.19.so
7fea5b0d0000-7fea5b0d1000 rw-p 00105000 08:01 786618                     /lib/x86_64-linux-gnu/libm-2.19.so
7fea5b0d1000-7fea5b1b7000 r-xp 00000000 08:01 4721335                    /usr/lib/x86_64-linux-gnu/libstdc++.so.6.0.19
7fea5b1b7000-7fea5b3b6000 ---p 000e6000 08:01 4721335                    /usr/lib/x86_64-linux-gnu/libstdc++.so.6.0.19
7fea5b3b6000-7fea5b3be000 r--p 000e5000 08:01 4721335                    /usr/lib/x86_64-linux-gnu/libstdc++.so.6.0.19
7fea5b3be000-7fea5b3c0000 rw-p 000ed000 08:01 4721335                    /usr/lib/x86_64-linux-gnu/libstdc++.so.6.0.19
7fea5b3c0000-7fea5b3d5000 rw-p 00000000 00:00 0 
7fea5b3d5000-7fea5bef9000 r-xp 00000000 08:01 5917890                    /usr/lib/jvm/java-7-openjdk-amd64/jre/lib/amd64/server/libjvm.so
7fea5bef9000-7fea5c0f9000 ---p 00b24000 08:01 5917890                    /usr/lib/jvm/java-7-openjdk-amd64/jre/lib/amd64/server/libjvm.so
7fea5c0f9000-7fea5c193000 r--p 00b24000 08:01 5917890                    /usr/lib/jvm/java-7-openjdk-amd64/jre/lib/amd64/server/libjvm.so
7fea5c193000-7fea5c1b6000 rw-p 00bbe000 08:01 5917890                    /usr/lib/jvm/java-7-openjdk-amd64/jre/lib/amd64/server/libjvm.so
7fea5c1b6000-7fea5c1e4000 rw-p 00000000 00:00 0 
7fea5c1e4000-7fea5c1fc000 r-xp 00000000 08:01 790555                     /lib/x86_64-linux-gnu/libz.so.1.2.8
7fea5c1fc000-7fea5c3fb000 ---p 00018000 08:01 790555                     /lib/x86_64-linux-gnu/libz.so.1.2.8
7fea5c3fb000-7fea5c3fc000 r--p 00017000 08:01 790555                     /lib/x86_64-linux-gnu/libz.so.1.2.8
7fea5c3fc000-7fea5c3fd000 rw-p 00018000 08:01 790555                     /lib/x86_64-linux-gnu/libz.so.1.2.8
7fea5c3fd000-7fea5c416000 r-xp 00000000 08:01 786635                     /lib/x86_64-linux-gnu/libpthread-2.19.so
7fea5c416000-7fea5c615000 ---p 00019000 08:01 786635                     /lib/x86_64-linux-gnu/libpthread-2.19.so
7fea5c615000-7fea5c616000 r--p 00018000 08:01 786635                     /lib/x86_64-linux-gnu/libpthread-2.19.so
7fea5c616000-7fea5c617000 rw-p 00019000 08:01 786635                     /lib/x86_64-linux-gnu/libpthread-2.19.so
7fea5c617000-7fea5c61b000 rw-p 00000000 00:00 0 
7fea5c61b000-7fea5c61e000 r-xp 00000000 08:01 786630                     /lib/x86_64-linux-gnu/libdl-2.19.so
7fea5c61e000-7fea5c81d000 ---p 00003000 08:01 786630                     /lib/x86_64-linux-gnu/libdl-2.19.so
7fea5c81d000-7fea5c81e000 r--p 00002000 08:01 786630                     /lib/x86_64-linux-gnu/libdl-2.19.so
7fea5c81e000-7fea5c81f000 rw-p 00003000 08:01 786630                     /lib/x86_64-linux-gnu/libdl-2.19.so
7fea5c81f000-7fea5c9da000 r-xp 00000000 08:01 786643                     /lib/x86_64-linux-gnu/libc-2.19.so
7fea5c9da000-7fea5cbd9000 ---p 001bb000 08:01 786643                     /lib/x86_64-linux-gnu/libc-2.19.so
7fea5cbd9000-7fea5cbdd000 r--p 001ba000 08:01 786643                     /lib/x86_64-linux-gnu/libc-2.19.so
7fea5cbdd000-7fea5cbdf000 rw-p 001be000 08:01 786643                     /lib/x86_64-linux-gnu/libc-2.19.so
7fea5cbdf000-7fea5cbe4000 rw-p 00000000 00:00 0 
7fea5cbe4000-7fea5cbf1000 r-xp 00000000 08:01 5917907                    /usr/lib/jvm/java-7-openjdk-amd64/jre/lib/amd64/jli/libjli.so
7fea5cbf1000-7fea5cdf0000 ---p 0000d000 08:01 5917907                    /usr/lib/jvm/java-7-openjdk-amd64/jre/lib/amd64/jli/libjli.so
7fea5cdf0000-7fea5cdf1000 r--p 0000c000 08:01 5917907                    /usr/lib/jvm/java-7-openjdk-amd64/jre/lib/amd64/jli/libjli.so
7fea5cdf1000-7fea5cdf2000 rw-p 0000d000 08:01 5917907                    /usr/lib/jvm/java-7-openjdk-amd64/jre/lib/amd64/jli/libjli.so
7fea5cdf2000-7fea5ce15000 r-xp 00000000 08:01 786636                     /lib/x86_64-linux-gnu/ld-2.19.so
7fea5ce15000-7fea5ce18000 r--s 0000f000 08:01 5917931                    /usr/lib/jvm/java-7-openjdk-amd64/jre/lib/ext/icedtea-sound.jar
7fea5ce18000-7fea5ce1c000 r--s 00034000 08:01 5917930                    /usr/lib/jvm/java-7-openjdk-amd64/jre/lib/ext/sunjce_provider.jar
7fea5ce1c000-7fea5ce45000 rw-p 00000000 00:00 0 
7fea5ce45000-7fea5cef4000 rw-p 00000000 00:00 0 
7fea5cef4000-7fea5cef7000 ---p 00000000 00:00 0 
7fea5cef7000-7fea5cffb000 rw-p 00000000 00:00 0                          [stack:10661]
7fea5cffb000-7fea5cffd000 r--s 00012000 08:01 5917929                    /usr/lib/jvm/java-7-openjdk-amd64/jre/lib/ext/zipfs.jar
7fea5cffd000-7fea5cfff000 r--s 00006000 08:01 5118243                    /usr/share/java/java-atk-wrapper.jar
7fea5cfff000-7fea5d003000 r--s 0003c000 08:01 5917933                    /usr/lib/jvm/java-7-openjdk-amd64/jre/lib/ext/sunpkcs11.jar
7fea5d003000-7fea5d007000 r--s 00085000 08:01 5917932                    /usr/lib/jvm/java-7-openjdk-amd64/jre/lib/ext/localedata.jar
7fea5d007000-7fea5d008000 r--s 00002000 08:01 5917928                    /usr/lib/jvm/java-7-openjdk-amd64/jre/lib/ext/dnsns.jar
7fea5d008000-7fea5d010000 rw-s 00000000 08:01 1188867                    /tmp/hsperfdata_raihan/10655
7fea5d010000-7fea5d011000 rw-p 00000000 00:00 0 
7fea5d011000-7fea5d012000 ---p 00000000 00:00 0 
7fea5d012000-7fea5d014000 rw-p 00000000 00:00 0 
7fea5d014000-7fea5d015000 r--p 00022000 08:01 786636                     /lib/x86_64-linux-gnu/ld-2.19.so
7fea5d015000-7fea5d016000 rw-p 00023000 08:01 786636                     /lib/x86_64-linux-gnu/ld-2.19.so
7fea5d016000-7fea5d017000 rw-p 00000000 00:00 0 
7fff0d729000-7fff0d74a000 rw-p 00000000 00:00 0                          [stack]
7fff0d7fe000-7fff0d800000 r-xp 00000000 00:00 0                          [vdso]
ffffffffff600000-ffffffffff601000 r-xp 00000000 00:00 0                  [vsyscall]

VM Arguments:
jvm_args: -Xmx1024M -Dfile.encoding=UTF-8 -Duser.country=US -Duser.language=en -Duser.variant 
java_command: com.android.dx.command.Main --dex --multi-dex --main-dex-list /home/raihan/OpenSrpWorkSpace/opensrp-client/opensrp-mcare/build/intermediates/multi-dex/debug/maindexlist.txt --output /home/raihan/OpenSrpWorkSpace/opensrp-client/opensrp-mcare/build/intermediates/dex/debug /home/raihan/OpenSrpWorkSpace/opensrp-client/opensrp-mcare/build/intermediates/multi-dex/debug/allclasses.jar
Launcher Type: SUN_STANDARD

Environment Variables:
PATH=/usr/local/sbin:/usr/local/bin:/usr/sbin:/usr/bin:/sbin:/bin:/usr/games:/usr/local/games
LD_LIBRARY_PATH=android-studio/bin:
SHELL=/bin/bash
DISPLAY=:0

Signal Handlers:
SIGSEGV: [libjvm.so+0x9548f0], sa_mask[0]=0x7ffbfeff, sa_flags=0x10000004
SIGBUS: [libjvm.so+0x9548f0], sa_mask[0]=0x7ffbfeff, sa_flags=0x10000004
SIGFPE: [libjvm.so+0x7cb0b0], sa_mask[0]=0x7ffbfeff, sa_flags=0x10000004
SIGPIPE: [libjvm.so+0x7cb0b0], sa_mask[0]=0x7ffbfeff, sa_flags=0x10000004
SIGXFSZ: [libjvm.so+0x7cb0b0], sa_mask[0]=0x7ffbfeff, sa_flags=0x10000004
SIGILL: [libjvm.so+0x7cb0b0], sa_mask[0]=0x7ffbfeff, sa_flags=0x10000004
SIGUSR1: SIG_DFL, sa_mask[0]=0x00000000, sa_flags=0x00000000
SIGUSR2: [libjvm.so+0x7caf50], sa_mask[0]=0x00000004, sa_flags=0x10000004
SIGHUP: [libjvm.so+0x7cb130], sa_mask[0]=0x7ffbfeff, sa_flags=0x10000004
SIGINT: [libjvm.so+0x7cb130], sa_mask[0]=0x7ffbfeff, sa_flags=0x10000004
SIGTERM: [libjvm.so+0x7cb130], sa_mask[0]=0x7ffbfeff, sa_flags=0x10000004
SIGQUIT: [libjvm.so+0x7cb130], sa_mask[0]=0x7ffbfeff, sa_flags=0x10000004
SIGTRAP: SIG_DFL, sa_mask[0]=0x00000000, sa_flags=0x00000000


---------------  S Y S T E M  ---------------

OS:Ubuntu 14.04 (trusty)
uname:Linux 3.13.0-24-generic #46-Ubuntu SMP Thu Apr 10 19:11:08 UTC 2014 x86_64
libc:glibc 2.19 NPTL 2.19 
rlimit: STACK 8192k, CORE 0k, NPROC 30570, NOFILE 4096, AS infinity
load average:3.32 2.13 1.29

/proc/meminfo:
MemTotal:        3934516 kB
MemFree:          108932 kB
Buffers:            1200 kB
Cached:           750888 kB
SwapCached:        25068 kB
Active:          1911456 kB
Inactive:         920036 kB
Active(anon):    1887372 kB
Inactive(anon):   898108 kB
Active(file):      24084 kB
Inactive(file):    21928 kB
Unevictable:          84 kB
Mlocked:              84 kB
SwapTotal:       4080636 kB
SwapFree:          50296 kB
Dirty:               116 kB
Writeback:             0 kB
AnonPages:       2056532 kB
Mapped:           752040 kB
Shmem:            706004 kB
Slab:              91144 kB
SReclaimable:      37556 kB
SUnreclaim:        53588 kB
KernelStack:        6456 kB
PageTables:        81620 kB
NFS_Unstable:          0 kB
Bounce:                0 kB
WritebackTmp:          0 kB
CommitLimit:     6047892 kB
Committed_AS:   14937708 kB
VmallocTotal:   34359738367 kB
VmallocUsed:      553456 kB
VmallocChunk:   34359177688 kB
HardwareCorrupted:     0 kB
AnonHugePages:    219136 kB
HugePages_Total:       0
HugePages_Free:        0
HugePages_Rsvd:        0
HugePages_Surp:        0
Hugepagesize:       2048 kB
DirectMap4k:       73216 kB
DirectMap2M:     1912832 kB
DirectMap1G:     2097152 kB


CPU:total 4 (2 cores per cpu, 2 threads per core) family 6 model 61 stepping 4, cmov, cx8, fxsr, mmx, sse, sse2, sse3, ssse3, sse4.1, sse4.2, popcnt, avx, avx2, aes, erms, ht, tsc, tscinvbit

/proc/cpuinfo:
processor	: 0
vendor_id	: GenuineIntel
cpu family	: 6
model		: 61
model name	: Intel(R) Core(TM) i5-5200U CPU @ 2.20GHz
stepping	: 4
microcode	: 0x1f
cpu MHz		: 2200.000
cache size	: 3072 KB
physical id	: 0
siblings	: 4
core id		: 0
cpu cores	: 2
apicid		: 0
initial apicid	: 0
fpu		: yes
fpu_exception	: yes
cpuid level	: 20
wp		: yes
flags		: fpu vme de pse tsc msr pae mce cx8 apic sep mtrr pge mca cmov pat pse36 clflush dts acpi mmx fxsr sse sse2 ss ht tm pbe syscall nx pdpe1gb rdtscp lm constant_tsc arch_perfmon pebs bts rep_good nopl xtopology nonstop_tsc aperfmperf eagerfpu pni pclmulqdq dtes64 monitor ds_cpl vmx est tm2 ssse3 fma cx16 xtpr pdcm pcid sse4_1 sse4_2 x2apic movbe popcnt tsc_deadline_timer aes xsave avx f16c rdrand lahf_lm abm 3dnowprefetch ida arat epb xsaveopt pln pts dtherm tpr_shadow vnmi flexpriority ept vpid fsgsbase tsc_adjust bmi1 avx2 smep bmi2 erms invpcid rdseed adx smap
bogomips	: 4390.03
clflush size	: 64
cache_alignment	: 64
address sizes	: 39 bits physical, 48 bits virtual
power management:

processor	: 1
vendor_id	: GenuineIntel
cpu family	: 6
model		: 61
model name	: Intel(R) Core(TM) i5-5200U CPU @ 2.20GHz
stepping	: 4
microcode	: 0x1f
cpu MHz		: 2200.000
cache size	: 3072 KB
physical id	: 0
siblings	: 4
core id		: 0
cpu cores	: 2
apicid		: 1
initial apicid	: 1
fpu		: yes
fpu_exception	: yes
cpuid level	: 20
wp		: yes
flags		: fpu vme de pse tsc msr pae mce cx8 apic sep mtrr pge mca cmov pat pse36 clflush dts acpi mmx fxsr sse sse2 ss ht tm pbe syscall nx pdpe1gb rdtscp lm constant_tsc arch_perfmon pebs bts rep_good nopl xtopology nonstop_tsc aperfmperf eagerfpu pni pclmulqdq dtes64 monitor ds_cpl vmx est tm2 ssse3 fma cx16 xtpr pdcm pcid sse4_1 sse4_2 x2apic movbe popcnt tsc_deadline_timer aes xsave avx f16c rdrand lahf_lm abm 3dnowprefetch ida arat epb xsaveopt pln pts dtherm tpr_shadow vnmi flexpriority ept vpid fsgsbase tsc_adjust bmi1 avx2 smep bmi2 erms invpcid rdseed adx smap
bogomips	: 4390.03
clflush size	: 64
cache_alignment	: 64
address sizes	: 39 bits physical, 48 bits virtual
power management:

processor	: 2
vendor_id	: GenuineIntel
cpu family	: 6
model		: 61
model name	: Intel(R) Core(TM) i5-5200U CPU @ 2.20GHz
stepping	: 4
microcode	: 0x1f
cpu MHz		: 500.000
cache size	: 3072 KB
physical id	: 0
siblings	: 4
core id		: 1
cpu cores	: 2
apicid		: 2
initial apicid	: 2
fpu		: yes
fpu_exception	: yes
cpuid level	: 20
wp		: yes
flags		: fpu vme de pse tsc msr pae mce cx8 apic sep mtrr pge mca cmov pat pse36 clflush dts acpi mmx fxsr sse sse2 ss ht tm pbe syscall nx pdpe1gb rdtscp lm constant_tsc arch_perfmon pebs bts rep_good nopl xtopology nonstop_tsc aperfmperf eagerfpu pni pclmulqdq dtes64 monitor ds_cpl vmx est tm2 ssse3 fma cx16 xtpr pdcm pcid sse4_1 sse4_2 x2apic movbe popcnt tsc_deadline_timer aes xsave avx f16c rdrand lahf_lm abm 3dnowprefetch ida arat epb xsaveopt pln pts dtherm tpr_shadow vnmi flexpriority ept vpid fsgsbase tsc_adjust bmi1 avx2 smep bmi2 erms invpcid rdseed adx smap
bogomips	: 4390.03
clflush size	: 64
cache_alignment	: 64
address sizes	: 39 bits physical, 48 bits virtual
power management:

processor	: 3
vendor_id	: GenuineIntel
cpu family	: 6
model		: 61
model name	: Intel(R) Core(TM) i5-5200U CPU @ 2.20GHz
stepping	: 4
microcode	: 0x1f
cpu MHz		: 900.000
cache size	: 3072 KB
physical id	: 0
siblings	: 4
core id		: 1
cpu cores	: 2
apicid		: 3
initial apicid	: 3
fpu		: yes
fpu_exception	: yes
cpuid level	: 20
wp		: yes
flags		: fpu vme de pse tsc msr pae mce cx8 apic sep mtrr pge mca cmov pat pse36 clflush dts acpi mmx fxsr sse sse2 ss ht tm pbe syscall nx pdpe1gb rdtscp lm constant_tsc arch_perfmon pebs bts rep_good nopl xtopology nonstop_tsc aperfmperf eagerfpu pni pclmulqdq dtes64 monitor ds_cpl vmx est tm2 ssse3 fma cx16 xtpr pdcm pcid sse4_1 sse4_2 x2apic movbe popcnt tsc_deadline_timer aes xsave avx f16c rdrand lahf_lm abm 3dnowprefetch ida arat epb xsaveopt pln pts dtherm tpr_shadow vnmi flexpriority ept vpid fsgsbase tsc_adjust bmi1 avx2 smep bmi2 erms invpcid rdseed adx smap
bogomips	: 4390.03
clflush size	: 64
cache_alignment	: 64
address sizes	: 39 bits physical, 48 bits virtual
power management:



Memory: 4k page, physical 3934516k(108932k free), swap 4080636k(50312k free)

vm_info: OpenJDK 64-Bit Server VM (24.95-b01) for linux-amd64 JRE (1.7.0_95-b00), built on Mar 24 2016 06:13:32 by "buildd" with gcc 4.8.2

time: Thu May  5 16:03:06 2016
elapsed time: 33 seconds

