#
# There is insufficient memory for the Java Runtime Environment to continue.
# Native memory allocation (malloc) failed to allocate 175636480 bytes for committing reserved memory.
# Possible reasons:
#   The system is out of physical RAM or swap space
#   In 32 bit mode, the process size limit was hit
# Possible solutions:
#   Reduce memory load on the system
#   Increase physical memory or swap space
#   Check if swap backing store is full
#   Use 64 bit Java on a 64 bit OS
#   Decrease Java heap size (-Xmx/-Xms)
#   Decrease number of Java threads
#   Decrease Java thread stack sizes (-Xss)
#   Set larger code cache with -XX:ReservedCodeCacheSize=
# This output file may be truncated or incomplete.
#
#  Out of Memory Error (os_linux.cpp:2827), pid=19920, tid=140061907175168
#
# JRE version: OpenJDK Runtime Environment (7.0_95) (build 1.7.0_95-b00)
# Java VM: OpenJDK 64-Bit Server VM (24.95-b01 mixed mode linux-amd64 compressed oops)
# Derivative: IcedTea 2.6.4
# Distribution: Ubuntu 14.04 LTS, package 7u95-2.6.4-0ubuntu0.14.04.2
# Failed to write core dump. Core dumps have been disabled. To enable core dumping, try "ulimit -c unlimited" before starting Java again
#

---------------  T H R E A D  ---------------

Current thread (0x00007f62b0076000):  VMThread [stack: 0x00007f62b4294000,0x00007f62b4395000] [id=19930]

Stack: [0x00007f62b4294000,0x00007f62b4395000],  sp=0x00007f62b4393490,  free space=1021k
Native frames: (J=compiled Java code, j=interpreted, Vv=VM code, C=native code)
V  [libjvm.so+0x953e15]
V  [libjvm.so+0x48fd94]
V  [libjvm.so+0x7cf87b]
V  [libjvm.so+0x7ca33f]
V  [libjvm.so+0x83dacb]
V  [libjvm.so+0x82d86b]
V  [libjvm.so+0x82da2b]
V  [libjvm.so+0x82e958]
V  [libjvm.so+0x8355b4]
V  [libjvm.so+0x83bc0d]
V  [libjvm.so+0x7f2083]
V  [libjvm.so+0x955814]
V  [libjvm.so+0x959917]
V  [libjvm.so+0x9583d8]
V  [libjvm.so+0x958839]
V  [libjvm.so+0x958c82]
V  [libjvm.so+0x7cc742]

VM_Operation (0x00007f62b9559f20): ParallelGCFailedAllocation, mode: safepoint, requested by thread 0x00007f62b000a800


---------------  P R O C E S S  ---------------

Java Threads: ( => current thread )
  0x00007f62b00af800 JavaThread "Service Thread" daemon [_thread_blocked, id=19936, stack(0x00007f62ac4d9000,0x00007f62ac5da000)]
  0x00007f62b00ad000 JavaThread "C2 CompilerThread1" daemon [_thread_blocked, id=19935, stack(0x00007f62ac5da000,0x00007f62ac6db000)]
  0x00007f62b00aa000 JavaThread "C2 CompilerThread0" daemon [_thread_blocked, id=19934, stack(0x00007f62ac6db000,0x00007f62ac7dc000)]
  0x00007f62b00a8000 JavaThread "Signal Dispatcher" daemon [_thread_blocked, id=19933, stack(0x00007f62ac7dc000,0x00007f62ac8dd000)]
  0x00007f62b007c000 JavaThread "Finalizer" daemon [_thread_blocked, id=19932, stack(0x00007f62b4092000,0x00007f62b4193000)]
  0x00007f62b007a000 JavaThread "Reference Handler" daemon [_thread_blocked, id=19931, stack(0x00007f62b4193000,0x00007f62b4294000)]
  0x00007f62b000a800 JavaThread "main" [_thread_blocked, id=19925, stack(0x00007f62b945b000,0x00007f62b955c000)]

Other Threads:
=>0x00007f62b0076000 VMThread [stack: 0x00007f62b4294000,0x00007f62b4395000] [id=19930]
  0x00007f62b00ba000 WatcherThread [stack: 0x00007f62ac3d8000,0x00007f62ac4d9000] [id=19937]

VM state:at safepoint (normal execution)

VM Mutex/Monitor currently owned by a thread:  ([mutex/lock_event])
[0x00007f62b0006350] ExpandHeap_lock - owner thread: 0x00007f62b0076000
[0x00007f62b00069d0] Threads_lock - owner thread: 0x00007f62b0076000
[0x00007f62b0006ed0] Heap_lock - owner thread: 0x00007f62b000a800

Heap
 PSYoungGen      total 233472K, used 21716K [0x00000000eaa80000, 0x0000000100000000, 0x0000000100000000)
  eden space 117248K, 0% used [0x00000000eaa80000,0x00000000eaa80000,0x00000000f1d00000)
  from space 116224K, 18% used [0x00000000f8e80000,0x00000000fa3b5090,0x0000000100000000)
  to   space 116224K, 0% used [0x00000000f1d00000,0x00000000f1d00000,0x00000000f8e80000)
 ParOldGen       total 527360K, used 526979K [0x00000000c0000000, 0x00000000e0300000, 0x00000000eaa80000)
  object space 527360K, 99% used [0x00000000c0000000,0x00000000e02a0c38,0x00000000e0300000)
 PSPermGen       total 21504K, used 6217K [0x00000000b5a00000, 0x00000000b6f00000, 0x00000000c0000000)
  object space 21504K, 28% used [0x00000000b5a00000,0x00000000b6012588,0x00000000b6f00000)

Card table byte_map: [0x00007f62b5e3c000,0x00007f62b6090000] byte_map_base: 0x00007f62b588f000

Polling page: 0x00007f62b9579000

Code Cache  [0x00007f62ad000000, 0x00007f62ad410000, 0x00007f62b0000000)
 total_blobs=1356 nmethods=1128 adapters=181 free_code_cache=45303Kb largest_free_block=46087360

Compilation events (10 events):
Event: 21.478 Thread 0x00007f62b00ad000 nmethod 1225 0x00007f62ad0f46d0 code [0x00007f62ad0f4820, 0x00007f62ad0f48a8]
Event: 21.478 Thread 0x00007f62b00ad000 1226             com.android.dx.cf.direct.MemberListParser::<init> (74 bytes)
Event: 21.480 Thread 0x00007f62b00ad000 nmethod 1226 0x00007f62ad0f4390 code [0x00007f62ad0f44e0, 0x00007f62ad0f45f8]
Event: 21.480 Thread 0x00007f62b00ad000 1227             com.android.dx.cf.direct.MemberListParser::setObserver (6 bytes)
Event: 21.480 Thread 0x00007f62b00ad000 nmethod 1227 0x00007f62ad1ee210 code [0x00007f62ad1ee340, 0x00007f62ad1ee3b8]
Event: 21.480 Thread 0x00007f62b00ad000 1228             com.android.dx.cf.direct.MemberListParser::getEndOffset (9 bytes)
Event: 21.481 Thread 0x00007f62b00ad000 nmethod 1228 0x00007f62ad1edf90 code [0x00007f62ad1ee0e0, 0x00007f62ad1ee168]
Event: 21.481 Thread 0x00007f62b00ad000 1229             com.android.dx.command.dexer.Main$Arguments::access$700 (5 bytes)
Event: 21.481 Thread 0x00007f62b00ad000 nmethod 1229 0x00007f62ad3da0d0 code [0x00007f62ad3da200, 0x00007f62ad3da258]
Event: 21.517 Thread 0x00007f62b00ad000 1230             com.android.dx.ssa.back.FirstFitLocalCombiningAllocator::fitPlanForRange (250 bytes)

GC Heap History (10 events):
Event: 20.128 GC heap after
Heap after GC invocations=33 (full 5):
 PSYoungGen      total 231936K, used 59001K [0x00000000eaa80000, 0x00000000ff900000, 0x0000000100000000)
  eden space 123904K, 0% used [0x00000000eaa80000,0x00000000eaa80000,0x00000000f2380000)
  from space 108032K, 54% used [0x00000000f8c80000,0x00000000fc61e648,0x00000000ff600000)
  to   space 107520K, 0% used [0x00000000f2380000,0x00000000f2380000,0x00000000f8c80000)
 ParOldGen       total 527360K, used 415299K [0x00000000c0000000, 0x00000000e0300000, 0x00000000eaa80000)
  object space 527360K, 78% used [0x00000000c0000000,0x00000000d9590fb8,0x00000000e0300000)
 PSPermGen       total 21504K, used 6197K [0x00000000b5a00000, 0x00000000b6f00000, 0x00000000c0000000)
  object space 21504K, 28% used [0x00000000b5a00000,0x00000000b600d588,0x00000000b6f00000)
}
Event: 20.407 GC heap before
{Heap before GC invocations=34 (full 5):
 PSYoungGen      total 231936K, used 182905K [0x00000000eaa80000, 0x00000000ff900000, 0x0000000100000000)
  eden space 123904K, 100% used [0x00000000eaa80000,0x00000000f2380000,0x00000000f2380000)
  from space 108032K, 54% used [0x00000000f8c80000,0x00000000fc61e648,0x00000000ff600000)
  to   space 107520K, 0% used [0x00000000f2380000,0x00000000f2380000,0x00000000f8c80000)
 ParOldGen       total 527360K, used 415299K [0x00000000c0000000, 0x00000000e0300000, 0x00000000eaa80000)
  object space 527360K, 78% used [0x00000000c0000000,0x00000000d9590fb8,0x00000000e0300000)
 PSPermGen       total 21504K, used 6201K [0x00000000b5a00000, 0x00000000b6f00000, 0x00000000c0000000)
  object space 21504K, 28% used [0x00000000b5a00000,0x00000000b600e448,0x00000000b6f00000)
Event: 20.482 GC heap after
Heap after GC invocations=34 (full 5):
 PSYoungGen      total 231424K, used 78892K [0x00000000eaa80000, 0x0000000100000000, 0x0000000100000000)
  eden space 123904K, 0% used [0x00000000eaa80000,0x00000000eaa80000,0x00000000f2380000)
  from space 107520K, 73% used [0x00000000f2380000,0x00000000f708b2b8,0x00000000f8c80000)
  to   space 113664K, 0% used [0x00000000f9100000,0x00000000f9100000,0x0000000100000000)
 ParOldGen       total 527360K, used 415299K [0x00000000c0000000, 0x00000000e0300000, 0x00000000eaa80000)
  object space 527360K, 78% used [0x00000000c0000000,0x00000000d9590fb8,0x00000000e0300000)
 PSPermGen       total 21504K, used 6201K [0x00000000b5a00000, 0x00000000b6f00000, 0x00000000c0000000)
  object space 21504K, 28% used [0x00000000b5a00000,0x00000000b600e448,0x00000000b6f00000)
}
Event: 20.751 GC heap before
{Heap before GC invocations=35 (full 5):
 PSYoungGen      total 231424K, used 202796K [0x00000000eaa80000, 0x0000000100000000, 0x0000000100000000)
  eden space 123904K, 100% used [0x00000000eaa80000,0x00000000f2380000,0x00000000f2380000)
  from space 107520K, 73% used [0x00000000f2380000,0x00000000f708b2b8,0x00000000f8c80000)
  to   space 113664K, 0% used [0x00000000f9100000,0x00000000f9100000,0x0000000100000000)
 ParOldGen       total 527360K, used 415299K [0x00000000c0000000, 0x00000000e0300000, 0x00000000eaa80000)
  object space 527360K, 78% used [0x00000000c0000000,0x00000000d9590fb8,0x00000000e0300000)
 PSPermGen       total 21504K, used 6207K [0x00000000b5a00000, 0x00000000b6f00000, 0x00000000c0000000)
  object space 21504K, 28% used [0x00000000b5a00000,0x00000000b600ff08,0x00000000b6f00000)
Event: 20.845 GC heap after
Heap after GC invocations=35 (full 5):
 PSYoungGen      total 230912K, used 99671K [0x00000000eaa80000, 0x0000000100000000, 0x0000000100000000)
  eden space 117248K, 0% used [0x00000000eaa80000,0x00000000eaa80000,0x00000000f1d00000)
  from space 113664K, 87% used [0x00000000f9100000,0x00000000ff255d80,0x0000000100000000)
  to   space 116224K, 0% used [0x00000000f1d00000,0x00000000f1d00000,0x00000000f8e80000)
 ParOldGen       total 527360K, used 415299K [0x00000000c0000000, 0x00000000e0300000, 0x00000000eaa80000)
  object space 527360K, 78% used [0x00000000c0000000,0x00000000d9590fb8,0x00000000e0300000)
 PSPermGen       total 21504K, used 6207K [0x00000000b5a00000, 0x00000000b6f00000, 0x00000000c0000000)
  object space 21504K, 28% used [0x00000000b5a00000,0x00000000b600ff08,0x00000000b6f00000)
}
Event: 21.085 GC heap before
{Heap before GC invocations=36 (full 5):
 PSYoungGen      total 230912K, used 216919K [0x00000000eaa80000, 0x0000000100000000, 0x0000000100000000)
  eden space 117248K, 100% used [0x00000000eaa80000,0x00000000f1d00000,0x00000000f1d00000)
  from space 113664K, 87% used [0x00000000f9100000,0x00000000ff255d80,0x0000000100000000)
  to   space 116224K, 0% used [0x00000000f1d00000,0x00000000f1d00000,0x00000000f8e80000)
 ParOldGen       total 527360K, used 415299K [0x00000000c0000000, 0x00000000e0300000, 0x00000000eaa80000)
  object space 527360K, 78% used [0x00000000c0000000,0x00000000d9590fb8,0x00000000e0300000)
 PSPermGen       total 21504K, used 6217K [0x00000000b5a00000, 0x00000000b6f00000, 0x00000000c0000000)
  object space 21504K, 28% used [0x00000000b5a00000,0x00000000b6012590,0x00000000b6f00000)
Event: 21.203 GC heap after
Heap after GC invocations=36 (full 5):
 PSYoungGen      total 233472K, used 77552K [0x00000000eaa80000, 0x0000000100000000, 0x0000000100000000)
  eden space 117248K, 0% used [0x00000000eaa80000,0x00000000eaa80000,0x00000000f1d00000)
  from space 116224K, 66% used [0x00000000f1d00000,0x00000000f68bc330,0x00000000f8e80000)
  to   space 116224K, 0% used [0x00000000f8e80000,0x00000000f8e80000,0x0000000100000000)
 ParOldGen       total 527360K, used 454128K [0x00000000c0000000, 0x00000000e0300000, 0x00000000eaa80000)
  object space 527360K, 86% used [0x00000000c0000000,0x00000000dbb7c1f0,0x00000000e0300000)
 PSPermGen       total 21504K, used 6217K [0x00000000b5a00000, 0x00000000b6f00000, 0x00000000c0000000)
  object space 21504K, 28% used [0x00000000b5a00000,0x00000000b6012590,0x00000000b6f00000)
}
Event: 21.525 GC heap before
{Heap before GC invocations=37 (full 5):
 PSYoungGen      total 233472K, used 194800K [0x00000000eaa80000, 0x0000000100000000, 0x0000000100000000)
  eden space 117248K, 100% used [0x00000000eaa80000,0x00000000f1d00000,0x00000000f1d00000)
  from space 116224K, 66% used [0x00000000f1d00000,0x00000000f68bc330,0x00000000f8e80000)
  to   space 116224K, 0% used [0x00000000f8e80000,0x00000000f8e80000,0x0000000100000000)
 ParOldGen       total 527360K, used 454128K [0x00000000c0000000, 0x00000000e0300000, 0x00000000eaa80000)
  object space 527360K, 86% used [0x00000000c0000000,0x00000000dbb7c1f0,0x00000000e0300000)
 PSPermGen       total 21504K, used 6217K [0x00000000b5a00000, 0x00000000b6f00000, 0x00000000c0000000)
  object space 21504K, 28% used [0x00000000b5a00000,0x00000000b6012688,0x00000000b6f00000)
Event: 21.711 GC heap after
Heap after GC invocations=37 (full 5):
 PSYoungGen      total 233472K, used 56812K [0x00000000eaa80000, 0x0000000100000000, 0x0000000100000000)
  eden space 117248K, 0% used [0x00000000eaa80000,0x00000000eaa80000,0x00000000f1d00000)
  from space 116224K, 48% used [0x00000000f8e80000,0x00000000fc5fb228,0x0000000100000000)
  to   space 116224K, 0% used [0x00000000f1d00000,0x00000000f1d00000,0x00000000f8e80000)
 ParOldGen       total 527360K, used 493780K [0x00000000c0000000, 0x00000000e0300000, 0x00000000eaa80000)
  object space 527360K, 93% used [0x00000000c0000000,0x00000000de235328,0x00000000e0300000)
 PSPermGen       total 21504K, used 6217K [0x00000000b5a00000, 0x00000000b6f00000, 0x00000000c0000000)
  object space 21504K, 28% used [0x00000000b5a00000,0x00000000b6012688,0x00000000b6f00000)
}
Event: 21.711 GC heap before
{Heap before GC invocations=38 (full 6):
 PSYoungGen      total 233472K, used 56812K [0x00000000eaa80000, 0x0000000100000000, 0x0000000100000000)
  eden space 117248K, 0% used [0x00000000eaa80000,0x00000000eaa80000,0x00000000f1d00000)
  from space 116224K, 48% used [0x00000000f8e80000,0x00000000fc5fb228,0x0000000100000000)
  to   space 116224K, 0% used [0x00000000f1d00000,0x00000000f1d00000,0x00000000f8e80000)
 ParOldGen       total 527360K, used 493780K [0x00000000c0000000, 0x00000000e0300000, 0x00000000eaa80000)
  object space 527360K, 93% used [0x00000000c0000000,0x00000000de235328,0x00000000e0300000)
 PSPermGen       total 21504K, used 6217K [0x00000000b5a00000, 0x00000000b6f00000, 0x00000000c0000000)
  object space 21504K, 28% used [0x00000000b5a00000,0x00000000b6012688,0x00000000b6f00000)

Deoptimization events (10 events):
Event: 16.240 Thread 0x00007f62b000a800 Uncommon trap: reason=bimorphic action=maybe_recompile pc=0x00007f62ad3e2a68 method=com.android.dx.ssa.NormalSsaInsn.changeOneSource(ILcom/android/dx/rop/code/RegisterSpec;)V @ 113
Event: 16.240 Thread 0x00007f62b000a800 Uncommon trap: reason=bimorphic action=maybe_recompile pc=0x00007f62ad3e2a68 method=com.android.dx.ssa.NormalSsaInsn.changeOneSource(ILcom/android/dx/rop/code/RegisterSpec;)V @ 113
Event: 18.430 Thread 0x00007f62b000a800 Uncommon trap: reason=bimorphic action=maybe_recompile pc=0x00007f62ad239a94 method=com.android.dx.ssa.LiteralOpUpgrader.tryReplacingWithConstant(Lcom/android/dx/ssa/NormalSsaInsn;)Z @ 62
Event: 18.467 Thread 0x00007f62b000a800 Uncommon trap: reason=bimorphic action=maybe_recompile pc=0x00007f62ad183794 method=com.android.dx.ssa.LiteralOpUpgrader.tryReplacingWithConstant(Lcom/android/dx/ssa/NormalSsaInsn;)Z @ 62
Event: 18.902 Thread 0x00007f62b000a800 Uncommon trap: reason=unstable_if action=reinterpret pc=0x00007f62ad3f03d4 method=com.android.dx.ssa.LiteralOpUpgrader$1.visitNonMoveInsn(Lcom/android/dx/ssa/NormalSsaInsn;)V @ 137
Event: 19.166 Thread 0x00007f62b000a800 Uncommon trap: reason=bimorphic action=maybe_recompile pc=0x00007f62ad3fed1c method=com.android.dx.cf.code.BytecodeArray.parseInstruction(ILcom/android/dx/cf/code/BytecodeArray$Visitor;)I @ 1987
Event: 19.166 Thread 0x00007f62b000a800 Uncommon trap: reason=bimorphic action=maybe_recompile pc=0x00007f62ad3fed1c method=com.android.dx.cf.code.BytecodeArray.parseInstruction(ILcom/android/dx/cf/code/BytecodeArray$Visitor;)I @ 1987
Event: 21.285 Thread 0x00007f62b000a800 Uncommon trap: reason=bimorphic action=maybe_recompile pc=0x00007f62ad3c1f24 method=com.android.dx.cf.code.BytecodeArray.parseInstruction(ILcom/android/dx/cf/code/BytecodeArray$Visitor;)I @ 1035
Event: 21.285 Thread 0x00007f62b000a800 Uncommon trap: reason=bimorphic action=maybe_recompile pc=0x00007f62ad3c1f98 method=com.android.dx.cf.code.BytecodeArray.parseInstruction(ILcom/android/dx/cf/code/BytecodeArray$Visitor;)I @ 1051
Event: 21.285 Thread 0x00007f62b000a800 Uncommon trap: reason=bimorphic action=maybe_recompile pc=0x00007f62ad3c1f98 method=com.android.dx.cf.code.BytecodeArray.parseInstruction(ILcom/android/dx/cf/code/BytecodeArray$Visitor;)I @ 1051

Internal exceptions (10 events):
Event: 6.563 Thread 0x00007f62b000a800 Implicit null exception at 0x00007f62ad240fdb to 0x00007f62ad2412f1
Event: 6.563 Thread 0x00007f62b000a800 Implicit null exception at 0x00007f62ad188829 to 0x00007f62ad189281
Event: 6.563 Thread 0x00007f62b000a800 Implicit null exception at 0x00007f62ad0f3ba7 to 0x00007f62ad0f3ea1
Event: 6.563 Thread 0x00007f62b000a800 Implicit null exception at 0x00007f62ad0b6138 to 0x00007f62ad0b628d
Event: 6.800 Thread 0x00007f62b000a800 Implicit null exception at 0x00007f62ad3523d7 to 0x00007f62ad354d89
Event: 8.065 Thread 0x00007f62b000a800 Threw 0x00000000ebc076e8 at /build/openjdk-7-HVzwJZ/openjdk-7-7u95-2.6.4/build/openjdk/hotspot/src/share/vm/prims/jvm.cpp:1322
Event: 8.067 Thread 0x00007f62b000a800 Implicit null exception at 0x00007f62ad136612 to 0x00007f62ad136935
Event: 8.910 Thread 0x00007f62b000a800 Threw 0x00000000ecc75d58 at /build/openjdk-7-HVzwJZ/openjdk-7-7u95-2.6.4/build/openjdk/hotspot/src/share/vm/prims/jvm.cpp:1322
Event: 8.976 Thread 0x00007f62b000a800 Threw 0x00000000ed4d4880 at /build/openjdk-7-HVzwJZ/openjdk-7-7u95-2.6.4/build/openjdk/hotspot/src/share/vm/prims/jvm.cpp:1322
Event: 9.303 Thread 0x00007f62b000a800 Threw 0x00000000f1295ec0 at /build/openjdk-7-HVzwJZ/openjdk-7-7u95-2.6.4/build/openjdk/hotspot/src/share/vm/prims/jvm.cpp:1322

Events (10 events):
Event: 21.285 Thread 0x00007f62b000a800 Uncommon trap: trap_request=0xffffffc6 fr.pc=0x00007f62ad3c1f24
Event: 21.285 Thread 0x00007f62b000a800 DEOPT PACKING pc=0x00007f62ad3c1f24 sp=0x00007f62b9559e40
Event: 21.285 Thread 0x00007f62b000a800 DEOPT UNPACKING pc=0x00007f62ad039445 sp=0x00007f62b9559e08 mode 2
Event: 21.285 Thread 0x00007f62b000a800 Uncommon trap: trap_request=0xffffffc6 fr.pc=0x00007f62ad3c1f98
Event: 21.285 Thread 0x00007f62b000a800 DEOPT PACKING pc=0x00007f62ad3c1f98 sp=0x00007f62b9559e40
Event: 21.285 Thread 0x00007f62b000a800 DEOPT UNPACKING pc=0x00007f62ad039445 sp=0x00007f62b9559e08 mode 2
Event: 21.285 Thread 0x00007f62b000a800 Uncommon trap: trap_request=0xffffffc6 fr.pc=0x00007f62ad3c1f98
Event: 21.285 Thread 0x00007f62b000a800 DEOPT PACKING pc=0x00007f62ad3c1f98 sp=0x00007f62b9559e40
Event: 21.285 Thread 0x00007f62b000a800 DEOPT UNPACKING pc=0x00007f62ad039445 sp=0x00007f62b9559e08 mode 2
Event: 21.525 Executing VM operation: ParallelGCFailedAllocation


Dynamic libraries:
00400000-00401000 r-xp 00000000 08:01 5508137                            /usr/lib/jvm/java-7-openjdk-amd64/jre/bin/java
00600000-00601000 r--p 00000000 08:01 5508137                            /usr/lib/jvm/java-7-openjdk-amd64/jre/bin/java
00601000-00602000 rw-p 00001000 08:01 5508137                            /usr/lib/jvm/java-7-openjdk-amd64/jre/bin/java
00b7e000-00b9f000 rw-p 00000000 00:00 0                                  [heap]
b5a00000-b6f00000 rw-p 00000000 00:00 0 
b6f00000-c0000000 rw-p 00000000 00:00 0 
c0000000-e0300000 rw-p 00000000 00:00 0 
eaa80000-100000000 rw-p 00000000 00:00 0 
7f6270000000-7f6270021000 rw-p 00000000 00:00 0 
7f6270021000-7f6274000000 ---p 00000000 00:00 0 
7f6278000000-7f6279c73000 rw-p 00000000 00:00 0 
7f6279c73000-7f627c000000 ---p 00000000 00:00 0 
7f627c000000-7f627c021000 rw-p 00000000 00:00 0 
7f627c021000-7f6280000000 ---p 00000000 00:00 0 
7f6280000000-7f6280021000 rw-p 00000000 00:00 0 
7f6280021000-7f6284000000 ---p 00000000 00:00 0 
7f6284000000-7f6285386000 rw-p 00000000 00:00 0 
7f6285386000-7f6288000000 ---p 00000000 00:00 0 
7f6288000000-7f6288021000 rw-p 00000000 00:00 0 
7f6288021000-7f628c000000 ---p 00000000 00:00 0 
7f628c000000-7f628c021000 rw-p 00000000 00:00 0 
7f628c021000-7f6290000000 ---p 00000000 00:00 0 
7f6290000000-7f6290021000 rw-p 00000000 00:00 0 
7f6290021000-7f6294000000 ---p 00000000 00:00 0 
7f6294000000-7f6294021000 rw-p 00000000 00:00 0 
7f6294021000-7f6298000000 ---p 00000000 00:00 0 
7f6298000000-7f6298021000 rw-p 00000000 00:00 0 
7f6298021000-7f629c000000 ---p 00000000 00:00 0 
7f62a0000000-7f62a0021000 rw-p 00000000 00:00 0 
7f62a0021000-7f62a4000000 ---p 00000000 00:00 0 
7f62a4564000-7f62a45a1000 r-xp 00000000 08:01 790495                     /lib/x86_64-linux-gnu/libpcre.so.3.13.1
7f62a45a1000-7f62a47a0000 ---p 0003d000 08:01 790495                     /lib/x86_64-linux-gnu/libpcre.so.3.13.1
7f62a47a0000-7f62a47a1000 r--p 0003c000 08:01 790495                     /lib/x86_64-linux-gnu/libpcre.so.3.13.1
7f62a47a1000-7f62a47a2000 rw-p 0003d000 08:01 790495                     /lib/x86_64-linux-gnu/libpcre.so.3.13.1
7f62a47a2000-7f62a47a9000 r-xp 00000000 08:01 4726848                    /usr/lib/x86_64-linux-gnu/libffi.so.6.0.1
7f62a47a9000-7f62a49a8000 ---p 00007000 08:01 4726848                    /usr/lib/x86_64-linux-gnu/libffi.so.6.0.1
7f62a49a8000-7f62a49a9000 r--p 00006000 08:01 4726848                    /usr/lib/x86_64-linux-gnu/libffi.so.6.0.1
7f62a49a9000-7f62a49aa000 rw-p 00007000 08:01 4726848                    /usr/lib/x86_64-linux-gnu/libffi.so.6.0.1
7f62a49aa000-7f62a49c1000 r-xp 00000000 08:01 786614                     /lib/x86_64-linux-gnu/libresolv-2.19.so
7f62a49c1000-7f62a4bc1000 ---p 00017000 08:01 786614                     /lib/x86_64-linux-gnu/libresolv-2.19.so
7f62a4bc1000-7f62a4bc2000 r--p 00017000 08:01 786614                     /lib/x86_64-linux-gnu/libresolv-2.19.so
7f62a4bc2000-7f62a4bc3000 rw-p 00018000 08:01 786614                     /lib/x86_64-linux-gnu/libresolv-2.19.so
7f62a4bc3000-7f62a4bc5000 rw-p 00000000 00:00 0 
7f62a4bc5000-7f62a4be5000 r-xp 00000000 08:01 790522                     /lib/x86_64-linux-gnu/libselinux.so.1
7f62a4be5000-7f62a4de4000 ---p 00020000 08:01 790522                     /lib/x86_64-linux-gnu/libselinux.so.1
7f62a4de4000-7f62a4de5000 r--p 0001f000 08:01 790522                     /lib/x86_64-linux-gnu/libselinux.so.1
7f62a4de5000-7f62a4de6000 rw-p 00020000 08:01 790522                     /lib/x86_64-linux-gnu/libselinux.so.1
7f62a4de6000-7f62a4de8000 rw-p 00000000 00:00 0 
7f62a4de8000-7f62a4deb000 r-xp 00000000 08:01 4726965                    /usr/lib/x86_64-linux-gnu/libgmodule-2.0.so.0.4000.0
7f62a4deb000-7f62a4fea000 ---p 00003000 08:01 4726965                    /usr/lib/x86_64-linux-gnu/libgmodule-2.0.so.0.4000.0
7f62a4fea000-7f62a4feb000 r--p 00002000 08:01 4726965                    /usr/lib/x86_64-linux-gnu/libgmodule-2.0.so.0.4000.0
7f62a4feb000-7f62a4fec000 rw-p 00003000 08:01 4726965                    /usr/lib/x86_64-linux-gnu/libgmodule-2.0.so.0.4000.0
7f62a4fec000-7f62a50f2000 r-xp 00000000 08:01 790423                     /lib/x86_64-linux-gnu/libglib-2.0.so.0.4000.0
7f62a50f2000-7f62a52f1000 ---p 00106000 08:01 790423                     /lib/x86_64-linux-gnu/libglib-2.0.so.0.4000.0
7f62a52f1000-7f62a52f2000 r--p 00105000 08:01 790423                     /lib/x86_64-linux-gnu/libglib-2.0.so.0.4000.0
7f62a52f2000-7f62a52f3000 rw-p 00106000 08:01 790423                     /lib/x86_64-linux-gnu/libglib-2.0.so.0.4000.0
7f62a52f3000-7f62a52f4000 rw-p 00000000 00:00 0 
7f62a52f4000-7f62a5343000 r-xp 00000000 08:01 4726981                    /usr/lib/x86_64-linux-gnu/libgobject-2.0.so.0.4000.0
7f62a5343000-7f62a5543000 ---p 0004f000 08:01 4726981                    /usr/lib/x86_64-linux-gnu/libgobject-2.0.so.0.4000.0
7f62a5543000-7f62a5544000 r--p 0004f000 08:01 4726981                    /usr/lib/x86_64-linux-gnu/libgobject-2.0.so.0.4000.0
7f62a5544000-7f62a5545000 rw-p 00050000 08:01 4726981                    /usr/lib/x86_64-linux-gnu/libgobject-2.0.so.0.4000.0
7f62a5545000-7f62a56b0000 r-xp 00000000 08:01 4726951                    /usr/lib/x86_64-linux-gnu/libgio-2.0.so.0.4000.0
7f62a56b0000-7f62a58b0000 ---p 0016b000 08:01 4726951                    /usr/lib/x86_64-linux-gnu/libgio-2.0.so.0.4000.0
7f62a58b0000-7f62a58b4000 r--p 0016b000 08:01 4726951                    /usr/lib/x86_64-linux-gnu/libgio-2.0.so.0.4000.0
7f62a58b4000-7f62a58b6000 rw-p 0016f000 08:01 4726951                    /usr/lib/x86_64-linux-gnu/libgio-2.0.so.0.4000.0
7f62a58b6000-7f62a58b8000 rw-p 00000000 00:00 0 
7f62a58b8000-7f62a58cf000 r-xp 00000000 08:01 5917886                    /usr/lib/jvm/java-7-openjdk-amd64/jre/lib/amd64/libnet.so
7f62a58cf000-7f62a5ace000 ---p 00017000 08:01 5917886                    /usr/lib/jvm/java-7-openjdk-amd64/jre/lib/amd64/libnet.so
7f62a5ace000-7f62a5acf000 r--p 00016000 08:01 5917886                    /usr/lib/jvm/java-7-openjdk-amd64/jre/lib/amd64/libnet.so
7f62a5acf000-7f62a5ad0000 rw-p 00017000 08:01 5917886                    /usr/lib/jvm/java-7-openjdk-amd64/jre/lib/amd64/libnet.so
7f62a5ad0000-7f62a8000000 rw-p 00000000 00:00 0 
7f62a8000000-7f62a8021000 rw-p 00000000 00:00 0 
7f62a8021000-7f62ac000000 ---p 00000000 00:00 0 
7f62ac13a000-7f62ac14a000 r-xp 00000000 08:01 5917910                    /usr/lib/jvm/java-7-openjdk-amd64/jre/lib/amd64/libnio.so
7f62ac14a000-7f62ac34a000 ---p 00010000 08:01 5917910                    /usr/lib/jvm/java-7-openjdk-amd64/jre/lib/amd64/libnio.so
7f62ac34a000-7f62ac34b000 r--p 00010000 08:01 5917910                    /usr/lib/jvm/java-7-openjdk-amd64/jre/lib/amd64/libnio.so
7f62ac34b000-7f62ac34c000 rw-p 00011000 08:01 5917910                    /usr/lib/jvm/java-7-openjdk-amd64/jre/lib/amd64/libnio.so
7f62ac34c000-7f62ac3d8000 r--s 0077a000 08:01 10224546                   /home/raihan/OpenSrpWorkSpace/opensrp-client/opensrp-mcare/build/intermediates/multi-dex/debug/allclasses.jar
7f62ac3d8000-7f62ac3d9000 ---p 00000000 00:00 0 
7f62ac3d9000-7f62ac4d9000 rw-p 00000000 00:00 0                          [stack:19937]
7f62ac4d9000-7f62ac4dc000 ---p 00000000 00:00 0 
7f62ac4dc000-7f62ac5da000 rw-p 00000000 00:00 0                          [stack:19936]
7f62ac5da000-7f62ac5dd000 ---p 00000000 00:00 0 
7f62ac5dd000-7f62ac6db000 rw-p 00000000 00:00 0                          [stack:19935]
7f62ac6db000-7f62ac6de000 ---p 00000000 00:00 0 
7f62ac6de000-7f62ac7dc000 rw-p 00000000 00:00 0                          [stack:19934]
7f62ac7dc000-7f62ac7df000 ---p 00000000 00:00 0 
7f62ac7df000-7f62ac8dd000 rw-p 00000000 00:00 0                          [stack:19933]
7f62ac8dd000-7f62ad000000 r--p 00000000 08:01 4725570                    /usr/lib/locale/locale-archive
7f62ad000000-7f62ad410000 rwxp 00000000 00:00 0 
7f62ad410000-7f62b036e000 rw-p 00000000 00:00 0 
7f62b036e000-7f62b4000000 ---p 00000000 00:00 0 
7f62b4036000-7f62b4067000 rw-p 00000000 00:00 0 
7f62b4080000-7f62b408f000 r--s 000dd000 08:01 6177003                    /home/raihan/android-sdk-linux/build-tools/21.1.2/lib/dx.jar
7f62b408f000-7f62b4092000 r--s 0000f000 08:01 5917931                    /usr/lib/jvm/java-7-openjdk-amd64/jre/lib/ext/icedtea-sound.jar
7f62b4092000-7f62b4095000 ---p 00000000 00:00 0 
7f62b4095000-7f62b4193000 rw-p 00000000 00:00 0                          [stack:19932]
7f62b4193000-7f62b4196000 ---p 00000000 00:00 0 
7f62b4196000-7f62b4294000 rw-p 00000000 00:00 0                          [stack:19931]
7f62b4294000-7f62b4295000 ---p 00000000 00:00 0 
7f62b4295000-7f62b5392000 rw-p 00000000 00:00 0                          [stack:19930]
7f62b5392000-7f62b5543000 r--s 01d30000 08:01 5508152                    /usr/lib/jvm/java-7-openjdk-amd64/jre/lib/rt.jar
7f62b5543000-7f62b588f000 rw-p 00000000 00:00 0 
7f62b588f000-7f62b5890000 ---p 00000000 00:00 0 
7f62b5890000-7f62b5990000 rw-p 00000000 00:00 0                          [stack:19929]
7f62b5990000-7f62b5991000 ---p 00000000 00:00 0 
7f62b5991000-7f62b5a91000 rw-p 00000000 00:00 0                          [stack:19928]
7f62b5a91000-7f62b5a92000 ---p 00000000 00:00 0 
7f62b5a92000-7f62b5b92000 rw-p 00000000 00:00 0                          [stack:19927]
7f62b5b92000-7f62b5b93000 ---p 00000000 00:00 0 
7f62b5b93000-7f62b5c9e000 rw-p 00000000 00:00 0                          [stack:19926]
7f62b5c9e000-7f62b5ce6000 rw-p 00000000 00:00 0 
7f62b5ce6000-7f62b5de8000 rw-p 00000000 00:00 0 
7f62b5de8000-7f62b5e3c000 rw-p 00000000 00:00 0 
7f62b5e3c000-7f62b5e47000 rw-p 00000000 00:00 0 
7f62b5e47000-7f62b5e8f000 rw-p 00000000 00:00 0 
7f62b5e8f000-7f62b5f91000 rw-p 00000000 00:00 0 
7f62b5f91000-7f62b5fe4000 rw-p 00000000 00:00 0 
7f62b5fe4000-7f62b608f000 rw-p 00000000 00:00 0 
7f62b608f000-7f62b6090000 rw-p 00000000 00:00 0 
7f62b6090000-7f62b6098000 r-xp 00000000 08:01 5917892                    /usr/lib/jvm/java-7-openjdk-amd64/jre/lib/amd64/libzip.so
7f62b6098000-7f62b6297000 ---p 00008000 08:01 5917892                    /usr/lib/jvm/java-7-openjdk-amd64/jre/lib/amd64/libzip.so
7f62b6297000-7f62b6298000 r--p 00007000 08:01 5917892                    /usr/lib/jvm/java-7-openjdk-amd64/jre/lib/amd64/libzip.so
7f62b6298000-7f62b6299000 rw-p 00008000 08:01 5917892                    /usr/lib/jvm/java-7-openjdk-amd64/jre/lib/amd64/libzip.so
7f62b6299000-7f62b62a4000 r-xp 00000000 08:01 786646                     /lib/x86_64-linux-gnu/libnss_files-2.19.so
7f62b62a4000-7f62b64a3000 ---p 0000b000 08:01 786646                     /lib/x86_64-linux-gnu/libnss_files-2.19.so
7f62b64a3000-7f62b64a4000 r--p 0000a000 08:01 786646                     /lib/x86_64-linux-gnu/libnss_files-2.19.so
7f62b64a4000-7f62b64a5000 rw-p 0000b000 08:01 786646                     /lib/x86_64-linux-gnu/libnss_files-2.19.so
7f62b64a5000-7f62b64b0000 r-xp 00000000 08:01 786638                     /lib/x86_64-linux-gnu/libnss_nis-2.19.so
7f62b64b0000-7f62b66af000 ---p 0000b000 08:01 786638                     /lib/x86_64-linux-gnu/libnss_nis-2.19.so
7f62b66af000-7f62b66b0000 r--p 0000a000 08:01 786638                     /lib/x86_64-linux-gnu/libnss_nis-2.19.so
7f62b66b0000-7f62b66b1000 rw-p 0000b000 08:01 786638                     /lib/x86_64-linux-gnu/libnss_nis-2.19.so
7f62b66b1000-7f62b66c8000 r-xp 00000000 08:01 786634                     /lib/x86_64-linux-gnu/libnsl-2.19.so
7f62b66c8000-7f62b68c7000 ---p 00017000 08:01 786634                     /lib/x86_64-linux-gnu/libnsl-2.19.so
7f62b68c7000-7f62b68c8000 r--p 00016000 08:01 786634                     /lib/x86_64-linux-gnu/libnsl-2.19.so
7f62b68c8000-7f62b68c9000 rw-p 00017000 08:01 786634                     /lib/x86_64-linux-gnu/libnsl-2.19.so
7f62b68c9000-7f62b68cb000 rw-p 00000000 00:00 0 
7f62b68cb000-7f62b68d4000 r-xp 00000000 08:01 786633                     /lib/x86_64-linux-gnu/libnss_compat-2.19.so
7f62b68d4000-7f62b6ad3000 ---p 00009000 08:01 786633                     /lib/x86_64-linux-gnu/libnss_compat-2.19.so
7f62b6ad3000-7f62b6ad4000 r--p 00008000 08:01 786633                     /lib/x86_64-linux-gnu/libnss_compat-2.19.so
7f62b6ad4000-7f62b6ad5000 rw-p 00009000 08:01 786633                     /lib/x86_64-linux-gnu/libnss_compat-2.19.so
7f62b6ad5000-7f62b6b00000 r-xp 00000000 08:01 5917877                    /usr/lib/jvm/java-7-openjdk-amd64/jre/lib/amd64/libjava.so
7f62b6b00000-7f62b6d00000 ---p 0002b000 08:01 5917877                    /usr/lib/jvm/java-7-openjdk-amd64/jre/lib/amd64/libjava.so
7f62b6d00000-7f62b6d01000 r--p 0002b000 08:01 5917877                    /usr/lib/jvm/java-7-openjdk-amd64/jre/lib/amd64/libjava.so
7f62b6d01000-7f62b6d03000 rw-p 0002c000 08:01 5917877                    /usr/lib/jvm/java-7-openjdk-amd64/jre/lib/amd64/libjava.so
7f62b6d03000-7f62b6d13000 r-xp 00000000 08:01 5917878                    /usr/lib/jvm/java-7-openjdk-amd64/jre/lib/amd64/libverify.so
7f62b6d13000-7f62b6f12000 ---p 00010000 08:01 5917878                    /usr/lib/jvm/java-7-openjdk-amd64/jre/lib/amd64/libverify.so
7f62b6f12000-7f62b6f14000 r--p 0000f000 08:01 5917878                    /usr/lib/jvm/java-7-openjdk-amd64/jre/lib/amd64/libverify.so
7f62b6f14000-7f62b6f15000 rw-p 00011000 08:01 5917878                    /usr/lib/jvm/java-7-openjdk-amd64/jre/lib/amd64/libverify.so
7f62b6f15000-7f62b6f1c000 r-xp 00000000 08:01 786642                     /lib/x86_64-linux-gnu/librt-2.19.so
7f62b6f1c000-7f62b711b000 ---p 00007000 08:01 786642                     /lib/x86_64-linux-gnu/librt-2.19.so
7f62b711b000-7f62b711c000 r--p 00006000 08:01 786642                     /lib/x86_64-linux-gnu/librt-2.19.so
7f62b711c000-7f62b711d000 rw-p 00007000 08:01 786642                     /lib/x86_64-linux-gnu/librt-2.19.so
7f62b711d000-7f62b7133000 r-xp 00000000 08:01 786612                     /lib/x86_64-linux-gnu/libgcc_s.so.1
7f62b7133000-7f62b7332000 ---p 00016000 08:01 786612                     /lib/x86_64-linux-gnu/libgcc_s.so.1
7f62b7332000-7f62b7333000 rw-p 00015000 08:01 786612                     /lib/x86_64-linux-gnu/libgcc_s.so.1
7f62b7333000-7f62b7438000 r-xp 00000000 08:01 786618                     /lib/x86_64-linux-gnu/libm-2.19.so
7f62b7438000-7f62b7637000 ---p 00105000 08:01 786618                     /lib/x86_64-linux-gnu/libm-2.19.so
7f62b7637000-7f62b7638000 r--p 00104000 08:01 786618                     /lib/x86_64-linux-gnu/libm-2.19.so
7f62b7638000-7f62b7639000 rw-p 00105000 08:01 786618                     /lib/x86_64-linux-gnu/libm-2.19.so
7f62b7639000-7f62b771f000 r-xp 00000000 08:01 4721335                    /usr/lib/x86_64-linux-gnu/libstdc++.so.6.0.19
7f62b771f000-7f62b791e000 ---p 000e6000 08:01 4721335                    /usr/lib/x86_64-linux-gnu/libstdc++.so.6.0.19
7f62b791e000-7f62b7926000 r--p 000e5000 08:01 4721335                    /usr/lib/x86_64-linux-gnu/libstdc++.so.6.0.19
7f62b7926000-7f62b7928000 rw-p 000ed000 08:01 4721335                    /usr/lib/x86_64-linux-gnu/libstdc++.so.6.0.19
7f62b7928000-7f62b793d000 rw-p 00000000 00:00 0 
7f62b793d000-7f62b8461000 r-xp 00000000 08:01 5917890                    /usr/lib/jvm/java-7-openjdk-amd64/jre/lib/amd64/server/libjvm.so
7f62b8461000-7f62b8661000 ---p 00b24000 08:01 5917890                    /usr/lib/jvm/java-7-openjdk-amd64/jre/lib/amd64/server/libjvm.so
7f62b8661000-7f62b86fb000 r--p 00b24000 08:01 5917890                    /usr/lib/jvm/java-7-openjdk-amd64/jre/lib/amd64/server/libjvm.so
7f62b86fb000-7f62b871e000 rw-p 00bbe000 08:01 5917890                    /usr/lib/jvm/java-7-openjdk-amd64/jre/lib/amd64/server/libjvm.so
7f62b871e000-7f62b874c000 rw-p 00000000 00:00 0 
7f62b874c000-7f62b8764000 r-xp 00000000 08:01 790555                     /lib/x86_64-linux-gnu/libz.so.1.2.8
7f62b8764000-7f62b8963000 ---p 00018000 08:01 790555                     /lib/x86_64-linux-gnu/libz.so.1.2.8
7f62b8963000-7f62b8964000 r--p 00017000 08:01 790555                     /lib/x86_64-linux-gnu/libz.so.1.2.8
7f62b8964000-7f62b8965000 rw-p 00018000 08:01 790555                     /lib/x86_64-linux-gnu/libz.so.1.2.8
7f62b8965000-7f62b897e000 r-xp 00000000 08:01 786635                     /lib/x86_64-linux-gnu/libpthread-2.19.so
7f62b897e000-7f62b8b7d000 ---p 00019000 08:01 786635                     /lib/x86_64-linux-gnu/libpthread-2.19.so
7f62b8b7d000-7f62b8b7e000 r--p 00018000 08:01 786635                     /lib/x86_64-linux-gnu/libpthread-2.19.so
7f62b8b7e000-7f62b8b7f000 rw-p 00019000 08:01 786635                     /lib/x86_64-linux-gnu/libpthread-2.19.so
7f62b8b7f000-7f62b8b83000 rw-p 00000000 00:00 0 
7f62b8b83000-7f62b8b86000 r-xp 00000000 08:01 786630                     /lib/x86_64-linux-gnu/libdl-2.19.so
7f62b8b86000-7f62b8d85000 ---p 00003000 08:01 786630                     /lib/x86_64-linux-gnu/libdl-2.19.so
7f62b8d85000-7f62b8d86000 r--p 00002000 08:01 786630                     /lib/x86_64-linux-gnu/libdl-2.19.so
7f62b8d86000-7f62b8d87000 rw-p 00003000 08:01 786630                     /lib/x86_64-linux-gnu/libdl-2.19.so
7f62b8d87000-7f62b8f42000 r-xp 00000000 08:01 786643                     /lib/x86_64-linux-gnu/libc-2.19.so
7f62b8f42000-7f62b9141000 ---p 001bb000 08:01 786643                     /lib/x86_64-linux-gnu/libc-2.19.so
7f62b9141000-7f62b9145000 r--p 001ba000 08:01 786643                     /lib/x86_64-linux-gnu/libc-2.19.so
7f62b9145000-7f62b9147000 rw-p 001be000 08:01 786643                     /lib/x86_64-linux-gnu/libc-2.19.so
7f62b9147000-7f62b914c000 rw-p 00000000 00:00 0 
7f62b914c000-7f62b9159000 r-xp 00000000 08:01 5917907                    /usr/lib/jvm/java-7-openjdk-amd64/jre/lib/amd64/jli/libjli.so
7f62b9159000-7f62b9358000 ---p 0000d000 08:01 5917907                    /usr/lib/jvm/java-7-openjdk-amd64/jre/lib/amd64/jli/libjli.so
7f62b9358000-7f62b9359000 r--p 0000c000 08:01 5917907                    /usr/lib/jvm/java-7-openjdk-amd64/jre/lib/amd64/jli/libjli.so
7f62b9359000-7f62b935a000 rw-p 0000d000 08:01 5917907                    /usr/lib/jvm/java-7-openjdk-amd64/jre/lib/amd64/jli/libjli.so
7f62b935a000-7f62b937d000 r-xp 00000000 08:01 786636                     /lib/x86_64-linux-gnu/ld-2.19.so
7f62b937f000-7f62b9383000 r--s 00034000 08:01 5917930                    /usr/lib/jvm/java-7-openjdk-amd64/jre/lib/ext/sunjce_provider.jar
7f62b9383000-7f62b93ac000 rw-p 00000000 00:00 0 
7f62b93ac000-7f62b945b000 rw-p 00000000 00:00 0 
7f62b945b000-7f62b945e000 ---p 00000000 00:00 0 
7f62b945e000-7f62b9561000 rw-p 00000000 00:00 0                          [stack:19925]
7f62b9562000-7f62b9563000 rw-p 00000000 00:00 0 
7f62b9563000-7f62b9565000 r--s 00012000 08:01 5917929                    /usr/lib/jvm/java-7-openjdk-amd64/jre/lib/ext/zipfs.jar
7f62b9565000-7f62b9567000 r--s 00006000 08:01 5118243                    /usr/share/java/java-atk-wrapper.jar
7f62b9567000-7f62b956b000 r--s 0003c000 08:01 5917933                    /usr/lib/jvm/java-7-openjdk-amd64/jre/lib/ext/sunpkcs11.jar
7f62b956b000-7f62b956f000 r--s 00085000 08:01 5917932                    /usr/lib/jvm/java-7-openjdk-amd64/jre/lib/ext/localedata.jar
7f62b956f000-7f62b9570000 r--s 00002000 08:01 5917928                    /usr/lib/jvm/java-7-openjdk-amd64/jre/lib/ext/dnsns.jar
7f62b9570000-7f62b9578000 rw-s 00000000 08:01 1189092                    /tmp/hsperfdata_raihan/19920
7f62b9578000-7f62b9579000 rw-p 00000000 00:00 0 
7f62b9579000-7f62b957a000 ---p 00000000 00:00 0 
7f62b957a000-7f62b957c000 rw-p 00000000 00:00 0 
7f62b957c000-7f62b957d000 r--p 00022000 08:01 786636                     /lib/x86_64-linux-gnu/ld-2.19.so
7f62b957d000-7f62b957e000 rw-p 00023000 08:01 786636                     /lib/x86_64-linux-gnu/ld-2.19.so
7f62b957e000-7f62b957f000 rw-p 00000000 00:00 0 
7fffc4269000-7fffc428a000 rw-p 00000000 00:00 0                          [stack]
7fffc4298000-7fffc429a000 r-xp 00000000 00:00 0                          [vdso]
ffffffffff600000-ffffffffff601000 r-xp 00000000 00:00 0                  [vsyscall]

VM Arguments:
jvm_args: -Xmx1024M -Dfile.encoding=UTF-8 -Duser.country=US -Duser.language=en -Duser.variant 
java_command: com.android.dx.command.Main --dex --multi-dex --main-dex-list /home/raihan/OpenSrpWorkSpace/opensrp-client/opensrp-mcare/build/intermediates/multi-dex/debug/maindexlist.txt --output /home/raihan/OpenSrpWorkSpace/opensrp-client/opensrp-mcare/build/intermediates/dex/debug /home/raihan/OpenSrpWorkSpace/opensrp-client/opensrp-mcare/build/intermediates/multi-dex/debug/allclasses.jar
Launcher Type: SUN_STANDARD

Environment Variables:
PATH=/usr/local/sbin:/usr/local/bin:/usr/sbin:/usr/bin:/sbin:/bin:/usr/games:/usr/local/games
LD_LIBRARY_PATH=android-studio/bin:
SHELL=/bin/bash
DISPLAY=:0

Signal Handlers:
SIGSEGV: [libjvm.so+0x9548f0], sa_mask[0]=0x7ffbfeff, sa_flags=0x10000004
SIGBUS: [libjvm.so+0x9548f0], sa_mask[0]=0x7ffbfeff, sa_flags=0x10000004
SIGFPE: [libjvm.so+0x7cb0b0], sa_mask[0]=0x7ffbfeff, sa_flags=0x10000004
SIGPIPE: [libjvm.so+0x7cb0b0], sa_mask[0]=0x7ffbfeff, sa_flags=0x10000004
SIGXFSZ: [libjvm.so+0x7cb0b0], sa_mask[0]=0x7ffbfeff, sa_flags=0x10000004
SIGILL: [libjvm.so+0x7cb0b0], sa_mask[0]=0x7ffbfeff, sa_flags=0x10000004
SIGUSR1: SIG_DFL, sa_mask[0]=0x00000000, sa_flags=0x00000000
SIGUSR2: [libjvm.so+0x7caf50], sa_mask[0]=0x00000004, sa_flags=0x10000004
SIGHUP: [libjvm.so+0x7cb130], sa_mask[0]=0x7ffbfeff, sa_flags=0x10000004
SIGINT: [libjvm.so+0x7cb130], sa_mask[0]=0x7ffbfeff, sa_flags=0x10000004
SIGTERM: [libjvm.so+0x7cb130], sa_mask[0]=0x7ffbfeff, sa_flags=0x10000004
SIGQUIT: [libjvm.so+0x7cb130], sa_mask[0]=0x7ffbfeff, sa_flags=0x10000004
SIGTRAP: SIG_DFL, sa_mask[0]=0x00000000, sa_flags=0x00000000


---------------  S Y S T E M  ---------------

OS:Ubuntu 14.04 (trusty)
uname:Linux 3.13.0-24-generic #46-Ubuntu SMP Thu Apr 10 19:11:08 UTC 2014 x86_64
libc:glibc 2.19 NPTL 2.19 
rlimit: STACK 8192k, CORE 0k, NPROC 30570, NOFILE 4096, AS infinity
load average:1.79 1.09 0.86

/proc/meminfo:
MemTotal:        3934516 kB
MemFree:          141512 kB
Buffers:            1040 kB
Cached:           528256 kB
SwapCached:        13780 kB
Active:          2075256 kB
Inactive:         802132 kB
Active(anon):    2065584 kB
Inactive(anon):   783820 kB
Active(file):       9672 kB
Inactive(file):    18312 kB
Unevictable:         152 kB
Mlocked:             152 kB
SwapTotal:       4080636 kB
SwapFree:            336 kB
Dirty:                20 kB
Writeback:             0 kB
AnonPages:       2336924 kB
Mapped:           685624 kB
Shmem:            501032 kB
Slab:              91640 kB
SReclaimable:      38040 kB
SUnreclaim:        53600 kB
KernelStack:        6232 kB
PageTables:        76856 kB
NFS_Unstable:          0 kB
Bounce:                0 kB
WritebackTmp:          0 kB
CommitLimit:     6047892 kB
Committed_AS:   14037864 kB
VmallocTotal:   34359738367 kB
VmallocUsed:      553536 kB
VmallocChunk:   34359155036 kB
HardwareCorrupted:     0 kB
AnonHugePages:    165888 kB
HugePages_Total:       0
HugePages_Free:        0
HugePages_Rsvd:        0
HugePages_Surp:        0
Hugepagesize:       2048 kB
DirectMap4k:       67072 kB
DirectMap2M:     1918976 kB
DirectMap1G:     2097152 kB


CPU:total 4 (2 cores per cpu, 2 threads per core) family 6 model 61 stepping 4, cmov, cx8, fxsr, mmx, sse, sse2, sse3, ssse3, sse4.1, sse4.2, popcnt, avx, avx2, aes, erms, ht, tsc, tscinvbit

/proc/cpuinfo:
processor	: 0
vendor_id	: GenuineIntel
cpu family	: 6
model		: 61
model name	: Intel(R) Core(TM) i5-5200U CPU @ 2.20GHz
stepping	: 4
microcode	: 0x1f
cpu MHz		: 500.000
cache size	: 3072 KB
physical id	: 0
siblings	: 4
core id		: 0
cpu cores	: 2
apicid		: 0
initial apicid	: 0
fpu		: yes
fpu_exception	: yes
cpuid level	: 20
wp		: yes
flags		: fpu vme de pse tsc msr pae mce cx8 apic sep mtrr pge mca cmov pat pse36 clflush dts acpi mmx fxsr sse sse2 ss ht tm pbe syscall nx pdpe1gb rdtscp lm constant_tsc arch_perfmon pebs bts rep_good nopl xtopology nonstop_tsc aperfmperf eagerfpu pni pclmulqdq dtes64 monitor ds_cpl vmx est tm2 ssse3 fma cx16 xtpr pdcm pcid sse4_1 sse4_2 x2apic movbe popcnt tsc_deadline_timer aes xsave avx f16c rdrand lahf_lm abm 3dnowprefetch ida arat epb xsaveopt pln pts dtherm tpr_shadow vnmi flexpriority ept vpid fsgsbase tsc_adjust bmi1 avx2 smep bmi2 erms invpcid rdseed adx smap
bogomips	: 4389.86
clflush size	: 64
cache_alignment	: 64
address sizes	: 39 bits physical, 48 bits virtual
power management:

processor	: 1
vendor_id	: GenuineIntel
cpu family	: 6
model		: 61
model name	: Intel(R) Core(TM) i5-5200U CPU @ 2.20GHz
stepping	: 4
microcode	: 0x1f
cpu MHz		: 2201.000
cache size	: 3072 KB
physical id	: 0
siblings	: 4
core id		: 0
cpu cores	: 2
apicid		: 1
initial apicid	: 1
fpu		: yes
fpu_exception	: yes
cpuid level	: 20
wp		: yes
flags		: fpu vme de pse tsc msr pae mce cx8 apic sep mtrr pge mca cmov pat pse36 clflush dts acpi mmx fxsr sse sse2 ss ht tm pbe syscall nx pdpe1gb rdtscp lm constant_tsc arch_perfmon pebs bts rep_good nopl xtopology nonstop_tsc aperfmperf eagerfpu pni pclmulqdq dtes64 monitor ds_cpl vmx est tm2 ssse3 fma cx16 xtpr pdcm pcid sse4_1 sse4_2 x2apic movbe popcnt tsc_deadline_timer aes xsave avx f16c rdrand lahf_lm abm 3dnowprefetch ida arat epb xsaveopt pln pts dtherm tpr_shadow vnmi flexpriority ept vpid fsgsbase tsc_adjust bmi1 avx2 smep bmi2 erms invpcid rdseed adx smap
bogomips	: 4389.86
clflush size	: 64
cache_alignment	: 64
address sizes	: 39 bits physical, 48 bits virtual
power management:

processor	: 2
vendor_id	: GenuineIntel
cpu family	: 6
model		: 61
model name	: Intel(R) Core(TM) i5-5200U CPU @ 2.20GHz
stepping	: 4
microcode	: 0x1f
cpu MHz		: 900.000
cache size	: 3072 KB
physical id	: 0
siblings	: 4
core id		: 1
cpu cores	: 2
apicid		: 2
initial apicid	: 2
fpu		: yes
fpu_exception	: yes
cpuid level	: 20
wp		: yes
flags		: fpu vme de pse tsc msr pae mce cx8 apic sep mtrr pge mca cmov pat pse36 clflush dts acpi mmx fxsr sse sse2 ss ht tm pbe syscall nx pdpe1gb rdtscp lm constant_tsc arch_perfmon pebs bts rep_good nopl xtopology nonstop_tsc aperfmperf eagerfpu pni pclmulqdq dtes64 monitor ds_cpl vmx est tm2 ssse3 fma cx16 xtpr pdcm pcid sse4_1 sse4_2 x2apic movbe popcnt tsc_deadline_timer aes xsave avx f16c rdrand lahf_lm abm 3dnowprefetch ida arat epb xsaveopt pln pts dtherm tpr_shadow vnmi flexpriority ept vpid fsgsbase tsc_adjust bmi1 avx2 smep bmi2 erms invpcid rdseed adx smap
bogomips	: 4389.86
clflush size	: 64
cache_alignment	: 64
address sizes	: 39 bits physical, 48 bits virtual
power management:

processor	: 3
vendor_id	: GenuineIntel
cpu family	: 6
model		: 61
model name	: Intel(R) Core(TM) i5-5200U CPU @ 2.20GHz
stepping	: 4
microcode	: 0x1f
cpu MHz		: 1200.000
cache size	: 3072 KB
physical id	: 0
siblings	: 4
core id		: 1
cpu cores	: 2
apicid		: 3
initial apicid	: 3
fpu		: yes
fpu_exception	: yes
cpuid level	: 20
wp		: yes
flags		: fpu vme de pse tsc msr pae mce cx8 apic sep mtrr pge mca cmov pat pse36 clflush dts acpi mmx fxsr sse sse2 ss ht tm pbe syscall nx pdpe1gb rdtscp lm constant_tsc arch_perfmon pebs bts rep_good nopl xtopology nonstop_tsc aperfmperf eagerfpu pni pclmulqdq dtes64 monitor ds_cpl vmx est tm2 ssse3 fma cx16 xtpr pdcm pcid sse4_1 sse4_2 x2apic movbe popcnt tsc_deadline_timer aes xsave avx f16c rdrand lahf_lm abm 3dnowprefetch ida arat epb xsaveopt pln pts dtherm tpr_shadow vnmi flexpriority ept vpid fsgsbase tsc_adjust bmi1 avx2 smep bmi2 erms invpcid rdseed adx smap
bogomips	: 4389.86
clflush size	: 64
cache_alignment	: 64
address sizes	: 39 bits physical, 48 bits virtual
power management:



Memory: 4k page, physical 3934516k(141264k free), swap 4080636k(356k free)

vm_info: OpenJDK 64-Bit Server VM (24.95-b01) for linux-amd64 JRE (1.7.0_95-b00), built on Mar 24 2016 06:13:32 by "buildd" with gcc 4.8.2

time: Tue May 17 18:43:09 2016
elapsed time: 24 seconds

