#
# There is insufficient memory for the Java Runtime Environment to continue.
# Native memory allocation (malloc) failed to allocate 146800640 bytes for committing reserved memory.
# Possible reasons:
#   The system is out of physical RAM or swap space
#   In 32 bit mode, the process size limit was hit
# Possible solutions:
#   Reduce memory load on the system
#   Increase physical memory or swap space
#   Check if swap backing store is full
#   Use 64 bit Java on a 64 bit OS
#   Decrease Java heap size (-Xmx/-Xms)
#   Decrease number of Java threads
#   Decrease Java thread stack sizes (-Xss)
#   Set larger code cache with -XX:ReservedCodeCacheSize=
# This output file may be truncated or incomplete.
#
#  Out of Memory Error (os_linux.cpp:2827), pid=7242, tid=140141235234560
#
# JRE version: OpenJDK Runtime Environment (7.0_95) (build 1.7.0_95-b00)
# Java VM: OpenJDK 64-Bit Server VM (24.95-b01 mixed mode linux-amd64 compressed oops)
# Derivative: IcedTea 2.6.4
# Distribution: Ubuntu 14.04 LTS, package 7u95-2.6.4-0ubuntu0.14.04.2
# Failed to write core dump. Core dumps have been disabled. To enable core dumping, try "ulimit -c unlimited" before starting Java again
#

---------------  T H R E A D  ---------------

Current thread (0x00007f7530076000):  VMThread [stack: 0x00007f752c7b6000,0x00007f752c8b7000] [id=7252]

Stack: [0x00007f752c7b6000,0x00007f752c8b7000],  sp=0x00007f752c8b5490,  free space=1021k
Native frames: (J=compiled Java code, j=interpreted, Vv=VM code, C=native code)
V  [libjvm.so+0x953e15]
V  [libjvm.so+0x48fd94]
V  [libjvm.so+0x7cf87b]
V  [libjvm.so+0x7ca33f]
V  [libjvm.so+0x83dacb]
V  [libjvm.so+0x82d86b]
V  [libjvm.so+0x82da2b]
V  [libjvm.so+0x82e958]
V  [libjvm.so+0x8355b4]
V  [libjvm.so+0x83bc0d]
V  [libjvm.so+0x7f2083]
V  [libjvm.so+0x955814]
V  [libjvm.so+0x959917]
V  [libjvm.so+0x9583d8]
V  [libjvm.so+0x958839]
V  [libjvm.so+0x958c82]
V  [libjvm.so+0x7cc742]

VM_Operation (0x00007f7538a96e70): ParallelGCFailedAllocation, mode: safepoint, requested by thread 0x00007f753000a800


---------------  P R O C E S S  ---------------

Java Threads: ( => current thread )
  0x00007f75300b1800 JavaThread "Service Thread" daemon [_thread_blocked, id=7258, stack(0x00007f752c1b0000,0x00007f752c2b1000)]
  0x00007f75300af000 JavaThread "C2 CompilerThread1" daemon [_thread_blocked, id=7257, stack(0x00007f752c2b1000,0x00007f752c3b2000)]
  0x00007f75300ac000 JavaThread "C2 CompilerThread0" daemon [_thread_blocked, id=7256, stack(0x00007f752c3b2000,0x00007f752c4b3000)]
  0x00007f75300aa000 JavaThread "Signal Dispatcher" daemon [_thread_blocked, id=7255, stack(0x00007f752c4b3000,0x00007f752c5b4000)]
  0x00007f753007c000 JavaThread "Finalizer" daemon [_thread_blocked, id=7254, stack(0x00007f752c5b4000,0x00007f752c6b5000)]
  0x00007f753007a000 JavaThread "Reference Handler" daemon [_thread_blocked, id=7253, stack(0x00007f752c6b5000,0x00007f752c7b6000)]
  0x00007f753000a800 JavaThread "main" [_thread_blocked, id=7247, stack(0x00007f7538998000,0x00007f7538a99000)]

Other Threads:
=>0x00007f7530076000 VMThread [stack: 0x00007f752c7b6000,0x00007f752c8b7000] [id=7252]
  0x00007f75300bc000 WatcherThread [stack: 0x00007f752c0af000,0x00007f752c1b0000] [id=7259]

VM state:at safepoint (normal execution)

VM Mutex/Monitor currently owned by a thread:  ([mutex/lock_event])
[0x00007f7530006280] ExpandHeap_lock - owner thread: 0x00007f7530076000
[0x00007f7530006900] Threads_lock - owner thread: 0x00007f7530076000
[0x00007f7530006e00] Heap_lock - owner thread: 0x00007f753000a800

Heap
 PSYoungGen      total 253952K, used 4242K [0x00000000eaa80000, 0x0000000100000000, 0x0000000100000000)
  eden space 158208K, 0% used [0x00000000eaa80000,0x00000000eaa80000,0x00000000f4500000)
  from space 95744K, 4% used [0x00000000f4500000,0x00000000f4924b98,0x00000000fa280000)
  to   space 94720K, 0% used [0x00000000fa380000,0x00000000fa380000,0x0000000100000000)
 ParOldGen       total 259072K, used 258890K [0x00000000c0000000, 0x00000000cfd00000, 0x00000000eaa80000)
  object space 259072K, 99% used [0x00000000c0000000,0x00000000cfcd2960,0x00000000cfd00000)
 PSPermGen       total 21504K, used 6157K [0x00000000b5a00000, 0x00000000b6f00000, 0x00000000c0000000)
  object space 21504K, 28% used [0x00000000b5a00000,0x00000000b6003550,0x00000000b6f00000)

Card table byte_map: [0x00007f7535379000,0x00007f75355cd000] byte_map_base: 0x00007f7534dcc000

Polling page: 0x00007f7538ab6000

Code Cache  [0x00007f752d000000, 0x00007f752d410000, 0x00007f7530000000)
 total_blobs=1249 nmethods=1021 adapters=181 free_code_cache=45226Kb largest_free_block=46079488

Compilation events (10 events):
Event: 13.305 Thread 0x00007f75300af000 1090             com.android.dx.util.Bits::bitCount (29 bytes)
Event: 13.305 Thread 0x00007f75300ac000 1091             com.android.dx.util.BitIntSet$1::next (42 bytes)
Event: 13.307 Thread 0x00007f75300af000 nmethod 1090 0x00007f752d2c2ed0 code [0x00007f752d2c3000, 0x00007f752d2c30f8]
Event: 13.309 Thread 0x00007f75300af000 1092 %           com.android.dx.ssa.back.FirstFitLocalCombiningAllocator::processPhiInsn @ 88 (255 bytes)
Event: 13.313 Thread 0x00007f75300ac000 nmethod 1091 0x00007f752d308610 code [0x00007f752d308760, 0x00007f752d3088b8]
Event: 13.317 Thread 0x00007f75300ac000 1093             com.android.dx.ssa.back.FirstFitLocalCombiningAllocator$Multiset::add (68 bytes)
Event: 13.320 Thread 0x00007f75300ac000 nmethod 1093 0x00007f752d308150 code [0x00007f752d3082a0, 0x00007f752d3083f8]
Event: 13.329 Thread 0x00007f75300ac000 1094             com.android.dx.rop.code.LocalVariableExtractor::processBlock (327 bytes)
Event: 13.351 Thread 0x00007f75300af000 nmethod 1092% 0x00007f752d2a3910 code [0x00007f752d2a3be0, 0x00007f752d2a5230]
Event: 13.351 Thread 0x00007f75300af000 1095             com.android.dx.ssa.SCCP::replaceConstants (209 bytes)

GC Heap History (10 events):
Event: 10.409 GC heap after
Heap after GC invocations=14 (full 3):
 PSYoungGen      total 259072K, used 11758K [0x00000000eaa80000, 0x0000000100000000, 0x0000000100000000)
  eden space 205312K, 0% used [0x00000000eaa80000,0x00000000eaa80000,0x00000000f7300000)
  from space 53760K, 21% used [0x00000000f7300000,0x00000000f7e7ba70,0x00000000fa780000)
  to   space 55296K, 0% used [0x00000000fca00000,0x00000000fca00000,0x0000000100000000)
 ParOldGen       total 238080K, used 144975K [0x00000000c0000000, 0x00000000ce880000, 0x00000000eaa80000)
  object space 238080K, 60% used [0x00000000c0000000,0x00000000c8d93d90,0x00000000ce880000)
 PSPermGen       total 21504K, used 6119K [0x00000000b5a00000, 0x00000000b6f00000, 0x00000000c0000000)
  object space 21504K, 28% used [0x00000000b5a00000,0x00000000b5ff9d28,0x00000000b6f00000)
}
Event: 11.166 GC heap before
{Heap before GC invocations=15 (full 3):
 PSYoungGen      total 259072K, used 217070K [0x00000000eaa80000, 0x0000000100000000, 0x0000000100000000)
  eden space 205312K, 100% used [0x00000000eaa80000,0x00000000f7300000,0x00000000f7300000)
  from space 53760K, 21% used [0x00000000f7300000,0x00000000f7e7ba70,0x00000000fa780000)
  to   space 55296K, 0% used [0x00000000fca00000,0x00000000fca00000,0x0000000100000000)
 ParOldGen       total 238080K, used 144975K [0x00000000c0000000, 0x00000000ce880000, 0x00000000eaa80000)
  object space 238080K, 60% used [0x00000000c0000000,0x00000000c8d93d90,0x00000000ce880000)
 PSPermGen       total 21504K, used 6129K [0x00000000b5a00000, 0x00000000b6f00000, 0x00000000c0000000)
  object space 21504K, 28% used [0x00000000b5a00000,0x00000000b5ffc5e8,0x00000000b6f00000)
Event: 11.249 GC heap after
Heap after GC invocations=15 (full 3):
 PSYoungGen      total 285184K, used 44553K [0x00000000eaa80000, 0x0000000100000000, 0x0000000100000000)
  eden space 229888K, 0% used [0x00000000eaa80000,0x00000000eaa80000,0x00000000f8b00000)
  from space 55296K, 80% used [0x00000000fca00000,0x00000000ff582670,0x0000000100000000)
  to   space 59904K, 0% used [0x00000000f8b00000,0x00000000f8b00000,0x00000000fc580000)
 ParOldGen       total 238080K, used 144975K [0x00000000c0000000, 0x00000000ce880000, 0x00000000eaa80000)
  object space 238080K, 60% used [0x00000000c0000000,0x00000000c8d93d90,0x00000000ce880000)
 PSPermGen       total 21504K, used 6129K [0x00000000b5a00000, 0x00000000b6f00000, 0x00000000c0000000)
  object space 21504K, 28% used [0x00000000b5a00000,0x00000000b5ffc5e8,0x00000000b6f00000)
}
Event: 11.939 GC heap before
{Heap before GC invocations=16 (full 3):
 PSYoungGen      total 285184K, used 274441K [0x00000000eaa80000, 0x0000000100000000, 0x0000000100000000)
  eden space 229888K, 100% used [0x00000000eaa80000,0x00000000f8b00000,0x00000000f8b00000)
  from space 55296K, 80% used [0x00000000fca00000,0x00000000ff582670,0x0000000100000000)
  to   space 59904K, 0% used [0x00000000f8b00000,0x00000000f8b00000,0x00000000fc580000)
 ParOldGen       total 238080K, used 144975K [0x00000000c0000000, 0x00000000ce880000, 0x00000000eaa80000)
  object space 238080K, 60% used [0x00000000c0000000,0x00000000c8d93d90,0x00000000ce880000)
 PSPermGen       total 21504K, used 6148K [0x00000000b5a00000, 0x00000000b6f00000, 0x00000000c0000000)
  object space 21504K, 28% used [0x00000000b5a00000,0x00000000b6001068,0x00000000b6f00000)
Event: 12.020 GC heap after
Heap after GC invocations=16 (full 3):
 PSYoungGen      total 289792K, used 59876K [0x00000000eaa80000, 0x0000000100000000, 0x0000000100000000)
  eden space 229888K, 0% used [0x00000000eaa80000,0x00000000eaa80000,0x00000000f8b00000)
  from space 59904K, 99% used [0x00000000f8b00000,0x00000000fc579310,0x00000000fc580000)
  to   space 59904K, 0% used [0x00000000fc580000,0x00000000fc580000,0x0000000100000000)
 ParOldGen       total 238080K, used 167431K [0x00000000c0000000, 0x00000000ce880000, 0x00000000eaa80000)
  object space 238080K, 70% used [0x00000000c0000000,0x00000000ca381d78,0x00000000ce880000)
 PSPermGen       total 21504K, used 6148K [0x00000000b5a00000, 0x00000000b6f00000, 0x00000000c0000000)
  object space 21504K, 28% used [0x00000000b5a00000,0x00000000b6001068,0x00000000b6f00000)
}
Event: 12.559 GC heap before
{Heap before GC invocations=17 (full 3):
 PSYoungGen      total 289792K, used 289764K [0x00000000eaa80000, 0x0000000100000000, 0x0000000100000000)
  eden space 229888K, 100% used [0x00000000eaa80000,0x00000000f8b00000,0x00000000f8b00000)
  from space 59904K, 99% used [0x00000000f8b00000,0x00000000fc579310,0x00000000fc580000)
  to   space 59904K, 0% used [0x00000000fc580000,0x00000000fc580000,0x0000000100000000)
 ParOldGen       total 238080K, used 167431K [0x00000000c0000000, 0x00000000ce880000, 0x00000000eaa80000)
  object space 238080K, 70% used [0x00000000c0000000,0x00000000ca381d78,0x00000000ce880000)
 PSPermGen       total 21504K, used 6154K [0x00000000b5a00000, 0x00000000b6f00000, 0x00000000c0000000)
  object space 21504K, 28% used [0x00000000b5a00000,0x00000000b6002b88,0x00000000b6f00000)
Event: 12.717 GC heap after
Heap after GC invocations=17 (full 3):
 PSYoungGen      total 218112K, used 59902K [0x00000000eaa80000, 0x0000000100000000, 0x0000000100000000)
  eden space 158208K, 0% used [0x00000000eaa80000,0x00000000eaa80000,0x00000000f4500000)
  from space 59904K, 99% used [0x00000000fc580000,0x00000000fffff998,0x0000000100000000)
  to   space 95744K, 0% used [0x00000000f4500000,0x00000000f4500000,0x00000000fa280000)
 ParOldGen       total 238080K, used 199082K [0x00000000c0000000, 0x00000000ce880000, 0x00000000eaa80000)
  object space 238080K, 83% used [0x00000000c0000000,0x00000000cc26a8e0,0x00000000ce880000)
 PSPermGen       total 21504K, used 6154K [0x00000000b5a00000, 0x00000000b6f00000, 0x00000000c0000000)
  object space 21504K, 28% used [0x00000000b5a00000,0x00000000b6002b88,0x00000000b6f00000)
}
Event: 13.356 GC heap before
{Heap before GC invocations=18 (full 3):
 PSYoungGen      total 218112K, used 218110K [0x00000000eaa80000, 0x0000000100000000, 0x0000000100000000)
  eden space 158208K, 100% used [0x00000000eaa80000,0x00000000f4500000,0x00000000f4500000)
  from space 59904K, 99% used [0x00000000fc580000,0x00000000fffff998,0x0000000100000000)
  to   space 95744K, 0% used [0x00000000f4500000,0x00000000f4500000,0x00000000fa280000)
 ParOldGen       total 238080K, used 199082K [0x00000000c0000000, 0x00000000ce880000, 0x00000000eaa80000)
  object space 238080K, 83% used [0x00000000c0000000,0x00000000cc26a8e0,0x00000000ce880000)
 PSPermGen       total 21504K, used 6157K [0x00000000b5a00000, 0x00000000b6f00000, 0x00000000c0000000)
  object space 21504K, 28% used [0x00000000b5a00000,0x00000000b6003610,0x00000000b6f00000)
Event: 13.466 GC heap after
Heap after GC invocations=18 (full 3):
 PSYoungGen      total 253952K, used 8430K [0x00000000eaa80000, 0x0000000100000000, 0x0000000100000000)
  eden space 158208K, 0% used [0x00000000eaa80000,0x00000000eaa80000,0x00000000f4500000)
  from space 95744K, 8% used [0x00000000f4500000,0x00000000f4d3b9b0,0x00000000fa280000)
  to   space 94720K, 0% used [0x00000000fa380000,0x00000000fa380000,0x0000000100000000)
 ParOldGen       total 259072K, used 258854K [0x00000000c0000000, 0x00000000cfd00000, 0x00000000eaa80000)
  object space 259072K, 99% used [0x00000000c0000000,0x00000000cfcc9900,0x00000000cfd00000)
 PSPermGen       total 21504K, used 6157K [0x00000000b5a00000, 0x00000000b6f00000, 0x00000000c0000000)
  object space 21504K, 28% used [0x00000000b5a00000,0x00000000b6003610,0x00000000b6f00000)
}
Event: 13.466 GC heap before
{Heap before GC invocations=19 (full 4):
 PSYoungGen      total 253952K, used 8430K [0x00000000eaa80000, 0x0000000100000000, 0x0000000100000000)
  eden space 158208K, 0% used [0x00000000eaa80000,0x00000000eaa80000,0x00000000f4500000)
  from space 95744K, 8% used [0x00000000f4500000,0x00000000f4d3b9b0,0x00000000fa280000)
  to   space 94720K, 0% used [0x00000000fa380000,0x00000000fa380000,0x0000000100000000)
 ParOldGen       total 259072K, used 258854K [0x00000000c0000000, 0x00000000cfd00000, 0x00000000eaa80000)
  object space 259072K, 99% used [0x00000000c0000000,0x00000000cfcc9900,0x00000000cfd00000)
 PSPermGen       total 21504K, used 6157K [0x00000000b5a00000, 0x00000000b6f00000, 0x00000000c0000000)
  object space 21504K, 28% used [0x00000000b5a00000,0x00000000b6003610,0x00000000b6f00000)

Deoptimization events (10 events):
Event: 12.505 Thread 0x00007f753000a800 Uncommon trap: reason=bimorphic action=maybe_recompile pc=0x00007f752d37d2d4 method=com.android.dx.ssa.LiteralOpUpgrader.tryReplacingWithConstant(Lcom/android/dx/ssa/NormalSsaInsn;)Z @ 62
Event: 12.515 Thread 0x00007f753000a800 Uncommon trap: reason=class_check action=maybe_recompile pc=0x00007f752d1ab2e0 method=com.android.dx.ssa.SCCP.replaceConstants()V @ 127
Event: 12.516 Thread 0x00007f753000a800 Uncommon trap: reason=bimorphic action=maybe_recompile pc=0x00007f752d37d2d4 method=com.android.dx.ssa.LiteralOpUpgrader.tryReplacingWithConstant(Lcom/android/dx/ssa/NormalSsaInsn;)Z @ 62
Event: 13.081 Thread 0x00007f753000a800 Uncommon trap: reason=unstable_if action=reinterpret pc=0x00007f752d249a44 method=java.util.BitSet.nextClearBit(I)I @ 70
Event: 13.081 Thread 0x00007f753000a800 Uncommon trap: reason=unstable_if action=reinterpret pc=0x00007f752d249e48 method=java.util.BitSet.nextClearBit(I)I @ 70
Event: 13.082 Thread 0x00007f753000a800 Uncommon trap: reason=unstable_if action=reinterpret pc=0x00007f752d2b515c method=java.util.BitSet.nextClearBit(I)I @ 70
Event: 13.082 Thread 0x00007f753000a800 Uncommon trap: reason=unstable_if action=reinterpret pc=0x00007f752d20f338 method=java.util.BitSet.nextClearBit(I)I @ 70
Event: 13.321 Thread 0x00007f753000a800 Uncommon trap: reason=unstable_if action=reinterpret pc=0x00007f752d2c5148 method=com.android.dx.rop.code.LocalVariableExtractor.processBlock(I)V @ 208
Event: 13.348 Thread 0x00007f753000a800 Uncommon trap: reason=class_check action=maybe_recompile pc=0x00007f752d2da0f4 method=com.android.dx.ssa.SCCP.replaceConstants()V @ 182
Event: 13.350 Thread 0x00007f753000a800 Uncommon trap: reason=class_check action=maybe_recompile pc=0x00007f752d2da0f4 method=com.android.dx.ssa.SCCP.replaceConstants()V @ 182

Internal exceptions (10 events):
Event: 6.416 Thread 0x00007f753000a800 Implicit null exception at 0x00007f752d1694a4 to 0x00007f752d1697b5
Event: 6.416 Thread 0x00007f753000a800 Implicit null exception at 0x00007f752d279b9b to 0x00007f752d279eb1
Event: 6.416 Thread 0x00007f753000a800 Implicit null exception at 0x00007f752d190069 to 0x00007f752d190b05
Event: 6.416 Thread 0x00007f753000a800 Implicit null exception at 0x00007f752d0df6a7 to 0x00007f752d0df9a1
Event: 6.417 Thread 0x00007f753000a800 Implicit null exception at 0x00007f752d0941b8 to 0x00007f752d09430d
Event: 7.818 Thread 0x00007f753000a800 Threw 0x00000000eae01428 at /build/openjdk-7-HVzwJZ/openjdk-7-7u95-2.6.4/build/openjdk/hotspot/src/share/vm/prims/jvm.cpp:1322
Event: 7.821 Thread 0x00007f753000a800 Implicit null exception at 0x00007f752d25b7f2 to 0x00007f752d25bb39
Event: 8.746 Thread 0x00007f753000a800 Threw 0x00000000eab0e610 at /build/openjdk-7-HVzwJZ/openjdk-7-7u95-2.6.4/build/openjdk/hotspot/src/share/vm/prims/jvm.cpp:1322
Event: 8.803 Thread 0x00007f753000a800 Threw 0x00000000eb363070 at /build/openjdk-7-HVzwJZ/openjdk-7-7u95-2.6.4/build/openjdk/hotspot/src/share/vm/prims/jvm.cpp:1322
Event: 9.113 Thread 0x00007f753000a800 Threw 0x00000000efb344e0 at /build/openjdk-7-HVzwJZ/openjdk-7-7u95-2.6.4/build/openjdk/hotspot/src/share/vm/prims/jvm.cpp:1322

Events (10 events):
Event: 13.321 Thread 0x00007f753000a800 Uncommon trap: trap_request=0xffffff75 fr.pc=0x00007f752d2c5148
Event: 13.321 Thread 0x00007f753000a800 DEOPT PACKING pc=0x00007f752d2c5148 sp=0x00007f7538a970b0
Event: 13.321 Thread 0x00007f753000a800 DEOPT UNPACKING pc=0x00007f752d039445 sp=0x00007f7538a97038 mode 2
Event: 13.348 Thread 0x00007f753000a800 Uncommon trap: trap_request=0xffffffde fr.pc=0x00007f752d2da0f4
Event: 13.348 Thread 0x00007f753000a800 DEOPT PACKING pc=0x00007f752d2da0f4 sp=0x00007f7538a96f80
Event: 13.348 Thread 0x00007f753000a800 DEOPT UNPACKING pc=0x00007f752d039445 sp=0x00007f7538a96ef8 mode 2
Event: 13.350 Thread 0x00007f753000a800 Uncommon trap: trap_request=0xffffffde fr.pc=0x00007f752d2da0f4
Event: 13.350 Thread 0x00007f753000a800 DEOPT PACKING pc=0x00007f752d2da0f4 sp=0x00007f7538a96ed0
Event: 13.350 Thread 0x00007f753000a800 DEOPT UNPACKING pc=0x00007f752d039445 sp=0x00007f7538a96e48 mode 2
Event: 13.356 Executing VM operation: ParallelGCFailedAllocation


Dynamic libraries:
00400000-00401000 r-xp 00000000 08:01 5508137                            /usr/lib/jvm/java-7-openjdk-amd64/jre/bin/java
00600000-00601000 r--p 00000000 08:01 5508137                            /usr/lib/jvm/java-7-openjdk-amd64/jre/bin/java
00601000-00602000 rw-p 00001000 08:01 5508137                            /usr/lib/jvm/java-7-openjdk-amd64/jre/bin/java
018fb000-0191c000 rw-p 00000000 00:00 0                                  [heap]
b5a00000-b6f00000 rw-p 00000000 00:00 0 
b6f00000-c0000000 rw-p 00000000 00:00 0 
c0000000-cfd00000 rw-p 00000000 00:00 0 
d8900000-eaa80000 rw-p 00000000 00:00 0 
eaa80000-100000000 rw-p 00000000 00:00 0 
7f74f0000000-7f74f0021000 rw-p 00000000 00:00 0 
7f74f0021000-7f74f4000000 ---p 00000000 00:00 0 
7f74f8000000-7f74f9990000 rw-p 00000000 00:00 0 
7f74f9990000-7f74fc000000 ---p 00000000 00:00 0 
7f74fc000000-7f74fc021000 rw-p 00000000 00:00 0 
7f74fc021000-7f7500000000 ---p 00000000 00:00 0 
7f7500000000-7f7500021000 rw-p 00000000 00:00 0 
7f7500021000-7f7504000000 ---p 00000000 00:00 0 
7f7504000000-7f750590d000 rw-p 00000000 00:00 0 
7f750590d000-7f7508000000 ---p 00000000 00:00 0 
7f7508000000-7f7508021000 rw-p 00000000 00:00 0 
7f7508021000-7f750c000000 ---p 00000000 00:00 0 
7f750c000000-7f750c021000 rw-p 00000000 00:00 0 
7f750c021000-7f7510000000 ---p 00000000 00:00 0 
7f7510000000-7f7510021000 rw-p 00000000 00:00 0 
7f7510021000-7f7514000000 ---p 00000000 00:00 0 
7f7517bba000-7f7517bf7000 r-xp 00000000 08:01 790495                     /lib/x86_64-linux-gnu/libpcre.so.3.13.1
7f7517bf7000-7f7517df6000 ---p 0003d000 08:01 790495                     /lib/x86_64-linux-gnu/libpcre.so.3.13.1
7f7517df6000-7f7517df7000 r--p 0003c000 08:01 790495                     /lib/x86_64-linux-gnu/libpcre.so.3.13.1
7f7517df7000-7f7517df8000 rw-p 0003d000 08:01 790495                     /lib/x86_64-linux-gnu/libpcre.so.3.13.1
7f7517df8000-7f7517dff000 r-xp 00000000 08:01 4726848                    /usr/lib/x86_64-linux-gnu/libffi.so.6.0.1
7f7517dff000-7f7517ffe000 ---p 00007000 08:01 4726848                    /usr/lib/x86_64-linux-gnu/libffi.so.6.0.1
7f7517ffe000-7f7517fff000 r--p 00006000 08:01 4726848                    /usr/lib/x86_64-linux-gnu/libffi.so.6.0.1
7f7517fff000-7f7518000000 rw-p 00007000 08:01 4726848                    /usr/lib/x86_64-linux-gnu/libffi.so.6.0.1
7f7518000000-7f7518021000 rw-p 00000000 00:00 0 
7f7518021000-7f751c000000 ---p 00000000 00:00 0 
7f751c000000-7f751c021000 rw-p 00000000 00:00 0 
7f751c021000-7f7520000000 ---p 00000000 00:00 0 
7f7520000000-7f7520021000 rw-p 00000000 00:00 0 
7f7520021000-7f7524000000 ---p 00000000 00:00 0 
7f7524044000-7f7524075000 rw-p 00000000 00:00 0 
7f7524075000-7f752408c000 r-xp 00000000 08:01 786614                     /lib/x86_64-linux-gnu/libresolv-2.19.so
7f752408c000-7f752428c000 ---p 00017000 08:01 786614                     /lib/x86_64-linux-gnu/libresolv-2.19.so
7f752428c000-7f752428d000 r--p 00017000 08:01 786614                     /lib/x86_64-linux-gnu/libresolv-2.19.so
7f752428d000-7f752428e000 rw-p 00018000 08:01 786614                     /lib/x86_64-linux-gnu/libresolv-2.19.so
7f752428e000-7f7524290000 rw-p 00000000 00:00 0 
7f7524290000-7f75242b0000 r-xp 00000000 08:01 790522                     /lib/x86_64-linux-gnu/libselinux.so.1
7f75242b0000-7f75244af000 ---p 00020000 08:01 790522                     /lib/x86_64-linux-gnu/libselinux.so.1
7f75244af000-7f75244b0000 r--p 0001f000 08:01 790522                     /lib/x86_64-linux-gnu/libselinux.so.1
7f75244b0000-7f75244b1000 rw-p 00020000 08:01 790522                     /lib/x86_64-linux-gnu/libselinux.so.1
7f75244b1000-7f75244b3000 rw-p 00000000 00:00 0 
7f75244b3000-7f75244b6000 r-xp 00000000 08:01 4726965                    /usr/lib/x86_64-linux-gnu/libgmodule-2.0.so.0.4000.0
7f75244b6000-7f75246b5000 ---p 00003000 08:01 4726965                    /usr/lib/x86_64-linux-gnu/libgmodule-2.0.so.0.4000.0
7f75246b5000-7f75246b6000 r--p 00002000 08:01 4726965                    /usr/lib/x86_64-linux-gnu/libgmodule-2.0.so.0.4000.0
7f75246b6000-7f75246b7000 rw-p 00003000 08:01 4726965                    /usr/lib/x86_64-linux-gnu/libgmodule-2.0.so.0.4000.0
7f75246b7000-7f75247bd000 r-xp 00000000 08:01 790423                     /lib/x86_64-linux-gnu/libglib-2.0.so.0.4000.0
7f75247bd000-7f75249bc000 ---p 00106000 08:01 790423                     /lib/x86_64-linux-gnu/libglib-2.0.so.0.4000.0
7f75249bc000-7f75249bd000 r--p 00105000 08:01 790423                     /lib/x86_64-linux-gnu/libglib-2.0.so.0.4000.0
7f75249bd000-7f75249be000 rw-p 00106000 08:01 790423                     /lib/x86_64-linux-gnu/libglib-2.0.so.0.4000.0
7f75249be000-7f75249bf000 rw-p 00000000 00:00 0 
7f75249bf000-7f7524a0e000 r-xp 00000000 08:01 4726981                    /usr/lib/x86_64-linux-gnu/libgobject-2.0.so.0.4000.0
7f7524a0e000-7f7524c0e000 ---p 0004f000 08:01 4726981                    /usr/lib/x86_64-linux-gnu/libgobject-2.0.so.0.4000.0
7f7524c0e000-7f7524c0f000 r--p 0004f000 08:01 4726981                    /usr/lib/x86_64-linux-gnu/libgobject-2.0.so.0.4000.0
7f7524c0f000-7f7524c10000 rw-p 00050000 08:01 4726981                    /usr/lib/x86_64-linux-gnu/libgobject-2.0.so.0.4000.0
7f7524c10000-7f7524d7b000 r-xp 00000000 08:01 4726951                    /usr/lib/x86_64-linux-gnu/libgio-2.0.so.0.4000.0
7f7524d7b000-7f7524f7b000 ---p 0016b000 08:01 4726951                    /usr/lib/x86_64-linux-gnu/libgio-2.0.so.0.4000.0
7f7524f7b000-7f7524f7f000 r--p 0016b000 08:01 4726951                    /usr/lib/x86_64-linux-gnu/libgio-2.0.so.0.4000.0
7f7524f7f000-7f7524f81000 rw-p 0016f000 08:01 4726951                    /usr/lib/x86_64-linux-gnu/libgio-2.0.so.0.4000.0
7f7524f81000-7f7524f83000 rw-p 00000000 00:00 0 
7f7524f83000-7f7524f9a000 r-xp 00000000 08:01 5917886                    /usr/lib/jvm/java-7-openjdk-amd64/jre/lib/amd64/libnet.so
7f7524f9a000-7f7525199000 ---p 00017000 08:01 5917886                    /usr/lib/jvm/java-7-openjdk-amd64/jre/lib/amd64/libnet.so
7f7525199000-7f752519a000 r--p 00016000 08:01 5917886                    /usr/lib/jvm/java-7-openjdk-amd64/jre/lib/amd64/libnet.so
7f752519a000-7f752519b000 rw-p 00017000 08:01 5917886                    /usr/lib/jvm/java-7-openjdk-amd64/jre/lib/amd64/libnet.so
7f752519b000-7f75251ab000 r-xp 00000000 08:01 5917910                    /usr/lib/jvm/java-7-openjdk-amd64/jre/lib/amd64/libnio.so
7f75251ab000-7f75253ab000 ---p 00010000 08:01 5917910                    /usr/lib/jvm/java-7-openjdk-amd64/jre/lib/amd64/libnio.so
7f75253ab000-7f75253ac000 r--p 00010000 08:01 5917910                    /usr/lib/jvm/java-7-openjdk-amd64/jre/lib/amd64/libnio.so
7f75253ac000-7f75253ad000 rw-p 00011000 08:01 5917910                    /usr/lib/jvm/java-7-openjdk-amd64/jre/lib/amd64/libnio.so
7f75253ad000-7f7525ad0000 r--p 00000000 08:01 4725570                    /usr/lib/locale/locale-archive
7f7525ad0000-7f7528000000 rw-p 00000000 00:00 0 
7f7528000000-7f7528021000 rw-p 00000000 00:00 0 
7f7528021000-7f752c000000 ---p 00000000 00:00 0 
7f752c026000-7f752c0af000 r--s 0074b000 08:01 10224542                   /home/raihan/OpenSrpWorkSpace/opensrp-client/opensrp-mcare/build/intermediates/multi-dex/debug/allclasses.jar
7f752c0af000-7f752c0b0000 ---p 00000000 00:00 0 
7f752c0b0000-7f752c1b0000 rw-p 00000000 00:00 0                          [stack:7259]
7f752c1b0000-7f752c1b3000 ---p 00000000 00:00 0 
7f752c1b3000-7f752c2b1000 rw-p 00000000 00:00 0                          [stack:7258]
7f752c2b1000-7f752c2b4000 ---p 00000000 00:00 0 
7f752c2b4000-7f752c3b2000 rw-p 00000000 00:00 0                          [stack:7257]
7f752c3b2000-7f752c3b5000 ---p 00000000 00:00 0 
7f752c3b5000-7f752c4b3000 rw-p 00000000 00:00 0                          [stack:7256]
7f752c4b3000-7f752c4b6000 ---p 00000000 00:00 0 
7f752c4b6000-7f752c5b4000 rw-p 00000000 00:00 0                          [stack:7255]
7f752c5b4000-7f752c5b7000 ---p 00000000 00:00 0 
7f752c5b7000-7f752c6b5000 rw-p 00000000 00:00 0                          [stack:7254]
7f752c6b5000-7f752c6b8000 ---p 00000000 00:00 0 
7f752c6b8000-7f752c7b6000 rw-p 00000000 00:00 0                          [stack:7253]
7f752c7b6000-7f752c7b7000 ---p 00000000 00:00 0 
7f752c7b7000-7f752d000000 rw-p 00000000 00:00 0                          [stack:7252]
7f752d000000-7f752d410000 rwxp 00000000 00:00 0 
7f752d410000-7f753030c000 rw-p 00000000 00:00 0 
7f753030c000-7f7534000000 ---p 00000000 00:00 0 
7f7534009000-7f7534018000 r--s 000dd000 08:01 6177003                    /home/raihan/android-sdk-linux/build-tools/21.1.2/lib/dx.jar
7f7534018000-7f753401b000 r--s 0000f000 08:01 5917931                    /usr/lib/jvm/java-7-openjdk-amd64/jre/lib/ext/icedtea-sound.jar
7f753401b000-7f75348cf000 rw-p 00000000 00:00 0 
7f75348cf000-7f7534a80000 r--s 01d30000 08:01 5508152                    /usr/lib/jvm/java-7-openjdk-amd64/jre/lib/rt.jar
7f7534a80000-7f7534dcc000 rw-p 00000000 00:00 0 
7f7534dcc000-7f7534dcd000 ---p 00000000 00:00 0 
7f7534dcd000-7f7534ecd000 rw-p 00000000 00:00 0                          [stack:7251]
7f7534ecd000-7f7534ece000 ---p 00000000 00:00 0 
7f7534ece000-7f7534fce000 rw-p 00000000 00:00 0                          [stack:7250]
7f7534fce000-7f7534fcf000 ---p 00000000 00:00 0 
7f7534fcf000-7f75350cf000 rw-p 00000000 00:00 0                          [stack:7249]
7f75350cf000-7f75350d0000 ---p 00000000 00:00 0 
7f75350d0000-7f75351db000 rw-p 00000000 00:00 0                          [stack:7248]
7f75351db000-7f7535223000 rw-p 00000000 00:00 0 
7f7535223000-7f75352a2000 rw-p 00000000 00:00 0 
7f75352a2000-7f7535379000 rw-p 00000000 00:00 0 
7f7535379000-7f7535384000 rw-p 00000000 00:00 0 
7f7535384000-7f75353cc000 rw-p 00000000 00:00 0 
7f75353cc000-7f753544b000 rw-p 00000000 00:00 0 
7f753544b000-7f7535521000 rw-p 00000000 00:00 0 
7f7535521000-7f75355cc000 rw-p 00000000 00:00 0 
7f75355cc000-7f75355cd000 rw-p 00000000 00:00 0 
7f75355cd000-7f75355d5000 r-xp 00000000 08:01 5917892                    /usr/lib/jvm/java-7-openjdk-amd64/jre/lib/amd64/libzip.so
7f75355d5000-7f75357d4000 ---p 00008000 08:01 5917892                    /usr/lib/jvm/java-7-openjdk-amd64/jre/lib/amd64/libzip.so
7f75357d4000-7f75357d5000 r--p 00007000 08:01 5917892                    /usr/lib/jvm/java-7-openjdk-amd64/jre/lib/amd64/libzip.so
7f75357d5000-7f75357d6000 rw-p 00008000 08:01 5917892                    /usr/lib/jvm/java-7-openjdk-amd64/jre/lib/amd64/libzip.so
7f75357d6000-7f75357e1000 r-xp 00000000 08:01 786646                     /lib/x86_64-linux-gnu/libnss_files-2.19.so
7f75357e1000-7f75359e0000 ---p 0000b000 08:01 786646                     /lib/x86_64-linux-gnu/libnss_files-2.19.so
7f75359e0000-7f75359e1000 r--p 0000a000 08:01 786646                     /lib/x86_64-linux-gnu/libnss_files-2.19.so
7f75359e1000-7f75359e2000 rw-p 0000b000 08:01 786646                     /lib/x86_64-linux-gnu/libnss_files-2.19.so
7f75359e2000-7f75359ed000 r-xp 00000000 08:01 786638                     /lib/x86_64-linux-gnu/libnss_nis-2.19.so
7f75359ed000-7f7535bec000 ---p 0000b000 08:01 786638                     /lib/x86_64-linux-gnu/libnss_nis-2.19.so
7f7535bec000-7f7535bed000 r--p 0000a000 08:01 786638                     /lib/x86_64-linux-gnu/libnss_nis-2.19.so
7f7535bed000-7f7535bee000 rw-p 0000b000 08:01 786638                     /lib/x86_64-linux-gnu/libnss_nis-2.19.so
7f7535bee000-7f7535c05000 r-xp 00000000 08:01 786634                     /lib/x86_64-linux-gnu/libnsl-2.19.so
7f7535c05000-7f7535e04000 ---p 00017000 08:01 786634                     /lib/x86_64-linux-gnu/libnsl-2.19.so
7f7535e04000-7f7535e05000 r--p 00016000 08:01 786634                     /lib/x86_64-linux-gnu/libnsl-2.19.so
7f7535e05000-7f7535e06000 rw-p 00017000 08:01 786634                     /lib/x86_64-linux-gnu/libnsl-2.19.so
7f7535e06000-7f7535e08000 rw-p 00000000 00:00 0 
7f7535e08000-7f7535e11000 r-xp 00000000 08:01 786633                     /lib/x86_64-linux-gnu/libnss_compat-2.19.so
7f7535e11000-7f7536010000 ---p 00009000 08:01 786633                     /lib/x86_64-linux-gnu/libnss_compat-2.19.so
7f7536010000-7f7536011000 r--p 00008000 08:01 786633                     /lib/x86_64-linux-gnu/libnss_compat-2.19.so
7f7536011000-7f7536012000 rw-p 00009000 08:01 786633                     /lib/x86_64-linux-gnu/libnss_compat-2.19.so
7f7536012000-7f753603d000 r-xp 00000000 08:01 5917877                    /usr/lib/jvm/java-7-openjdk-amd64/jre/lib/amd64/libjava.so
7f753603d000-7f753623d000 ---p 0002b000 08:01 5917877                    /usr/lib/jvm/java-7-openjdk-amd64/jre/lib/amd64/libjava.so
7f753623d000-7f753623e000 r--p 0002b000 08:01 5917877                    /usr/lib/jvm/java-7-openjdk-amd64/jre/lib/amd64/libjava.so
7f753623e000-7f7536240000 rw-p 0002c000 08:01 5917877                    /usr/lib/jvm/java-7-openjdk-amd64/jre/lib/amd64/libjava.so
7f7536240000-7f7536250000 r-xp 00000000 08:01 5917878                    /usr/lib/jvm/java-7-openjdk-amd64/jre/lib/amd64/libverify.so
7f7536250000-7f753644f000 ---p 00010000 08:01 5917878                    /usr/lib/jvm/java-7-openjdk-amd64/jre/lib/amd64/libverify.so
7f753644f000-7f7536451000 r--p 0000f000 08:01 5917878                    /usr/lib/jvm/java-7-openjdk-amd64/jre/lib/amd64/libverify.so
7f7536451000-7f7536452000 rw-p 00011000 08:01 5917878                    /usr/lib/jvm/java-7-openjdk-amd64/jre/lib/amd64/libverify.so
7f7536452000-7f7536459000 r-xp 00000000 08:01 786642                     /lib/x86_64-linux-gnu/librt-2.19.so
7f7536459000-7f7536658000 ---p 00007000 08:01 786642                     /lib/x86_64-linux-gnu/librt-2.19.so
7f7536658000-7f7536659000 r--p 00006000 08:01 786642                     /lib/x86_64-linux-gnu/librt-2.19.so
7f7536659000-7f753665a000 rw-p 00007000 08:01 786642                     /lib/x86_64-linux-gnu/librt-2.19.so
7f753665a000-7f7536670000 r-xp 00000000 08:01 786612                     /lib/x86_64-linux-gnu/libgcc_s.so.1
7f7536670000-7f753686f000 ---p 00016000 08:01 786612                     /lib/x86_64-linux-gnu/libgcc_s.so.1
7f753686f000-7f7536870000 rw-p 00015000 08:01 786612                     /lib/x86_64-linux-gnu/libgcc_s.so.1
7f7536870000-7f7536975000 r-xp 00000000 08:01 786618                     /lib/x86_64-linux-gnu/libm-2.19.so
7f7536975000-7f7536b74000 ---p 00105000 08:01 786618                     /lib/x86_64-linux-gnu/libm-2.19.so
7f7536b74000-7f7536b75000 r--p 00104000 08:01 786618                     /lib/x86_64-linux-gnu/libm-2.19.so
7f7536b75000-7f7536b76000 rw-p 00105000 08:01 786618                     /lib/x86_64-linux-gnu/libm-2.19.so
7f7536b76000-7f7536c5c000 r-xp 00000000 08:01 4721335                    /usr/lib/x86_64-linux-gnu/libstdc++.so.6.0.19
7f7536c5c000-7f7536e5b000 ---p 000e6000 08:01 4721335                    /usr/lib/x86_64-linux-gnu/libstdc++.so.6.0.19
7f7536e5b000-7f7536e63000 r--p 000e5000 08:01 4721335                    /usr/lib/x86_64-linux-gnu/libstdc++.so.6.0.19
7f7536e63000-7f7536e65000 rw-p 000ed000 08:01 4721335                    /usr/lib/x86_64-linux-gnu/libstdc++.so.6.0.19
7f7536e65000-7f7536e7a000 rw-p 00000000 00:00 0 
7f7536e7a000-7f753799e000 r-xp 00000000 08:01 5917890                    /usr/lib/jvm/java-7-openjdk-amd64/jre/lib/amd64/server/libjvm.so
7f753799e000-7f7537b9e000 ---p 00b24000 08:01 5917890                    /usr/lib/jvm/java-7-openjdk-amd64/jre/lib/amd64/server/libjvm.so
7f7537b9e000-7f7537c38000 r--p 00b24000 08:01 5917890                    /usr/lib/jvm/java-7-openjdk-amd64/jre/lib/amd64/server/libjvm.so
7f7537c38000-7f7537c5b000 rw-p 00bbe000 08:01 5917890                    /usr/lib/jvm/java-7-openjdk-amd64/jre/lib/amd64/server/libjvm.so
7f7537c5b000-7f7537c89000 rw-p 00000000 00:00 0 
7f7537c89000-7f7537ca1000 r-xp 00000000 08:01 790555                     /lib/x86_64-linux-gnu/libz.so.1.2.8
7f7537ca1000-7f7537ea0000 ---p 00018000 08:01 790555                     /lib/x86_64-linux-gnu/libz.so.1.2.8
7f7537ea0000-7f7537ea1000 r--p 00017000 08:01 790555                     /lib/x86_64-linux-gnu/libz.so.1.2.8
7f7537ea1000-7f7537ea2000 rw-p 00018000 08:01 790555                     /lib/x86_64-linux-gnu/libz.so.1.2.8
7f7537ea2000-7f7537ebb000 r-xp 00000000 08:01 786635                     /lib/x86_64-linux-gnu/libpthread-2.19.so
7f7537ebb000-7f75380ba000 ---p 00019000 08:01 786635                     /lib/x86_64-linux-gnu/libpthread-2.19.so
7f75380ba000-7f75380bb000 r--p 00018000 08:01 786635                     /lib/x86_64-linux-gnu/libpthread-2.19.so
7f75380bb000-7f75380bc000 rw-p 00019000 08:01 786635                     /lib/x86_64-linux-gnu/libpthread-2.19.so
7f75380bc000-7f75380c0000 rw-p 00000000 00:00 0 
7f75380c0000-7f75380c3000 r-xp 00000000 08:01 786630                     /lib/x86_64-linux-gnu/libdl-2.19.so
7f75380c3000-7f75382c2000 ---p 00003000 08:01 786630                     /lib/x86_64-linux-gnu/libdl-2.19.so
7f75382c2000-7f75382c3000 r--p 00002000 08:01 786630                     /lib/x86_64-linux-gnu/libdl-2.19.so
7f75382c3000-7f75382c4000 rw-p 00003000 08:01 786630                     /lib/x86_64-linux-gnu/libdl-2.19.so
7f75382c4000-7f753847f000 r-xp 00000000 08:01 786643                     /lib/x86_64-linux-gnu/libc-2.19.so
7f753847f000-7f753867e000 ---p 001bb000 08:01 786643                     /lib/x86_64-linux-gnu/libc-2.19.so
7f753867e000-7f7538682000 r--p 001ba000 08:01 786643                     /lib/x86_64-linux-gnu/libc-2.19.so
7f7538682000-7f7538684000 rw-p 001be000 08:01 786643                     /lib/x86_64-linux-gnu/libc-2.19.so
7f7538684000-7f7538689000 rw-p 00000000 00:00 0 
7f7538689000-7f7538696000 r-xp 00000000 08:01 5917907                    /usr/lib/jvm/java-7-openjdk-amd64/jre/lib/amd64/jli/libjli.so
7f7538696000-7f7538895000 ---p 0000d000 08:01 5917907                    /usr/lib/jvm/java-7-openjdk-amd64/jre/lib/amd64/jli/libjli.so
7f7538895000-7f7538896000 r--p 0000c000 08:01 5917907                    /usr/lib/jvm/java-7-openjdk-amd64/jre/lib/amd64/jli/libjli.so
7f7538896000-7f7538897000 rw-p 0000d000 08:01 5917907                    /usr/lib/jvm/java-7-openjdk-amd64/jre/lib/amd64/jli/libjli.so
7f7538897000-7f75388ba000 r-xp 00000000 08:01 786636                     /lib/x86_64-linux-gnu/ld-2.19.so
7f75388bc000-7f75388c0000 r--s 00034000 08:01 5917930                    /usr/lib/jvm/java-7-openjdk-amd64/jre/lib/ext/sunjce_provider.jar
7f75388c0000-7f75388e9000 rw-p 00000000 00:00 0 
7f75388e9000-7f7538998000 rw-p 00000000 00:00 0 
7f7538998000-7f753899b000 ---p 00000000 00:00 0 
7f753899b000-7f7538a9e000 rw-p 00000000 00:00 0                          [stack:7247]
7f7538a9f000-7f7538aa0000 rw-p 00000000 00:00 0 
7f7538aa0000-7f7538aa2000 r--s 00012000 08:01 5917929                    /usr/lib/jvm/java-7-openjdk-amd64/jre/lib/ext/zipfs.jar
7f7538aa2000-7f7538aa4000 r--s 00006000 08:01 5118243                    /usr/share/java/java-atk-wrapper.jar
7f7538aa4000-7f7538aa8000 r--s 0003c000 08:01 5917933                    /usr/lib/jvm/java-7-openjdk-amd64/jre/lib/ext/sunpkcs11.jar
7f7538aa8000-7f7538aac000 r--s 00085000 08:01 5917932                    /usr/lib/jvm/java-7-openjdk-amd64/jre/lib/ext/localedata.jar
7f7538aac000-7f7538aad000 r--s 00002000 08:01 5917928                    /usr/lib/jvm/java-7-openjdk-amd64/jre/lib/ext/dnsns.jar
7f7538aad000-7f7538ab5000 rw-s 00000000 08:01 1191129                    /tmp/hsperfdata_raihan/7242
7f7538ab5000-7f7538ab6000 rw-p 00000000 00:00 0 
7f7538ab6000-7f7538ab7000 ---p 00000000 00:00 0 
7f7538ab7000-7f7538ab9000 rw-p 00000000 00:00 0 
7f7538ab9000-7f7538aba000 r--p 00022000 08:01 786636                     /lib/x86_64-linux-gnu/ld-2.19.so
7f7538aba000-7f7538abb000 rw-p 00023000 08:01 786636                     /lib/x86_64-linux-gnu/ld-2.19.so
7f7538abb000-7f7538abc000 rw-p 00000000 00:00 0 
7fff1b6cb000-7fff1b6ec000 rw-p 00000000 00:00 0                          [stack]
7fff1b7fe000-7fff1b800000 r-xp 00000000 00:00 0                          [vdso]
ffffffffff600000-ffffffffff601000 r-xp 00000000 00:00 0                  [vsyscall]

VM Arguments:
jvm_args: -Xmx1024M -Dfile.encoding=UTF-8 -Duser.country=US -Duser.language=en -Duser.variant 
java_command: com.android.dx.command.Main --dex --multi-dex --main-dex-list /home/raihan/OpenSrpWorkSpace/opensrp-client/opensrp-mcare/build/intermediates/multi-dex/debug/maindexlist.txt --output /home/raihan/OpenSrpWorkSpace/opensrp-client/opensrp-mcare/build/intermediates/dex/debug /home/raihan/OpenSrpWorkSpace/opensrp-client/opensrp-mcare/build/intermediates/multi-dex/debug/allclasses.jar
Launcher Type: SUN_STANDARD

Environment Variables:
PATH=/usr/local/sbin:/usr/local/bin:/usr/sbin:/usr/bin:/sbin:/bin:/usr/games:/usr/local/games
SHELL=/bin/bash
DISPLAY=:0

Signal Handlers:
SIGSEGV: [libjvm.so+0x9548f0], sa_mask[0]=0x7ffbfeff, sa_flags=0x10000004
SIGBUS: [libjvm.so+0x9548f0], sa_mask[0]=0x7ffbfeff, sa_flags=0x10000004
SIGFPE: [libjvm.so+0x7cb0b0], sa_mask[0]=0x7ffbfeff, sa_flags=0x10000004
SIGPIPE: [libjvm.so+0x7cb0b0], sa_mask[0]=0x7ffbfeff, sa_flags=0x10000004
SIGXFSZ: [libjvm.so+0x7cb0b0], sa_mask[0]=0x7ffbfeff, sa_flags=0x10000004
SIGILL: [libjvm.so+0x7cb0b0], sa_mask[0]=0x7ffbfeff, sa_flags=0x10000004
SIGUSR1: SIG_DFL, sa_mask[0]=0x00000000, sa_flags=0x00000000
SIGUSR2: [libjvm.so+0x7caf50], sa_mask[0]=0x00000004, sa_flags=0x10000004
SIGHUP: [libjvm.so+0x7cb130], sa_mask[0]=0x7ffbfeff, sa_flags=0x10000004
SIGINT: [libjvm.so+0x7cb130], sa_mask[0]=0x7ffbfeff, sa_flags=0x10000004
SIGTERM: [libjvm.so+0x7cb130], sa_mask[0]=0x7ffbfeff, sa_flags=0x10000004
SIGQUIT: [libjvm.so+0x7cb130], sa_mask[0]=0x7ffbfeff, sa_flags=0x10000004
SIGTRAP: SIG_DFL, sa_mask[0]=0x00000000, sa_flags=0x00000000


---------------  S Y S T E M  ---------------

OS:Ubuntu 14.04 (trusty)
uname:Linux 3.13.0-24-generic #46-Ubuntu SMP Thu Apr 10 19:11:08 UTC 2014 x86_64
libc:glibc 2.19 NPTL 2.19 
rlimit: STACK 8192k, CORE 0k, NPROC 30570, NOFILE 4096, AS infinity
load average:2.46 1.54 1.13

/proc/meminfo:
MemTotal:        3934516 kB
MemFree:           87660 kB
Buffers:             628 kB
Cached:           582104 kB
SwapCached:         7704 kB
Active:          2042320 kB
Inactive:         735248 kB
Active(anon):    2038760 kB
Inactive(anon):   709264 kB
Active(file):       3560 kB
Inactive(file):    25984 kB
Unevictable:          88 kB
Mlocked:              88 kB
SwapTotal:       4080636 kB
SwapFree:              0 kB
Dirty:                24 kB
Writeback:             0 kB
AnonPages:       2189096 kB
Mapped:           826832 kB
Shmem:            552928 kB
Slab:              85396 kB
SReclaimable:      31484 kB
SUnreclaim:        53912 kB
KernelStack:        6144 kB
PageTables:        76888 kB
NFS_Unstable:          0 kB
Bounce:                0 kB
WritebackTmp:          0 kB
CommitLimit:     6047892 kB
Committed_AS:   14429532 kB
VmallocTotal:   34359738367 kB
VmallocUsed:      553472 kB
VmallocChunk:   34359176188 kB
HardwareCorrupted:     0 kB
AnonHugePages:     83968 kB
HugePages_Total:       0
HugePages_Free:        0
HugePages_Rsvd:        0
HugePages_Surp:        0
Hugepagesize:       2048 kB
DirectMap4k:       77312 kB
DirectMap2M:     2957312 kB
DirectMap1G:     1048576 kB


CPU:total 4 (2 cores per cpu, 2 threads per core) family 6 model 61 stepping 4, cmov, cx8, fxsr, mmx, sse, sse2, sse3, ssse3, sse4.1, sse4.2, popcnt, avx, avx2, aes, erms, ht, tsc, tscinvbit

/proc/cpuinfo:
processor	: 0
vendor_id	: GenuineIntel
cpu family	: 6
model		: 61
model name	: Intel(R) Core(TM) i5-5200U CPU @ 2.20GHz
stepping	: 4
microcode	: 0x1f
cpu MHz		: 2201.000
cache size	: 3072 KB
physical id	: 0
siblings	: 4
core id		: 0
cpu cores	: 2
apicid		: 0
initial apicid	: 0
fpu		: yes
fpu_exception	: yes
cpuid level	: 20
wp		: yes
flags		: fpu vme de pse tsc msr pae mce cx8 apic sep mtrr pge mca cmov pat pse36 clflush dts acpi mmx fxsr sse sse2 ss ht tm pbe syscall nx pdpe1gb rdtscp lm constant_tsc arch_perfmon pebs bts rep_good nopl xtopology nonstop_tsc aperfmperf eagerfpu pni pclmulqdq dtes64 monitor ds_cpl vmx est tm2 ssse3 fma cx16 xtpr pdcm pcid sse4_1 sse4_2 x2apic movbe popcnt tsc_deadline_timer aes xsave avx f16c rdrand lahf_lm abm 3dnowprefetch ida arat epb xsaveopt pln pts dtherm tpr_shadow vnmi flexpriority ept vpid fsgsbase tsc_adjust bmi1 avx2 smep bmi2 erms invpcid rdseed adx smap
bogomips	: 4390.26
clflush size	: 64
cache_alignment	: 64
address sizes	: 39 bits physical, 48 bits virtual
power management:

processor	: 1
vendor_id	: GenuineIntel
cpu family	: 6
model		: 61
model name	: Intel(R) Core(TM) i5-5200U CPU @ 2.20GHz
stepping	: 4
microcode	: 0x1f
cpu MHz		: 2201.000
cache size	: 3072 KB
physical id	: 0
siblings	: 4
core id		: 0
cpu cores	: 2
apicid		: 1
initial apicid	: 1
fpu		: yes
fpu_exception	: yes
cpuid level	: 20
wp		: yes
flags		: fpu vme de pse tsc msr pae mce cx8 apic sep mtrr pge mca cmov pat pse36 clflush dts acpi mmx fxsr sse sse2 ss ht tm pbe syscall nx pdpe1gb rdtscp lm constant_tsc arch_perfmon pebs bts rep_good nopl xtopology nonstop_tsc aperfmperf eagerfpu pni pclmulqdq dtes64 monitor ds_cpl vmx est tm2 ssse3 fma cx16 xtpr pdcm pcid sse4_1 sse4_2 x2apic movbe popcnt tsc_deadline_timer aes xsave avx f16c rdrand lahf_lm abm 3dnowprefetch ida arat epb xsaveopt pln pts dtherm tpr_shadow vnmi flexpriority ept vpid fsgsbase tsc_adjust bmi1 avx2 smep bmi2 erms invpcid rdseed adx smap
bogomips	: 4390.26
clflush size	: 64
cache_alignment	: 64
address sizes	: 39 bits physical, 48 bits virtual
power management:

processor	: 2
vendor_id	: GenuineIntel
cpu family	: 6
model		: 61
model name	: Intel(R) Core(TM) i5-5200U CPU @ 2.20GHz
stepping	: 4
microcode	: 0x1f
cpu MHz		: 2201.000
cache size	: 3072 KB
physical id	: 0
siblings	: 4
core id		: 1
cpu cores	: 2
apicid		: 2
initial apicid	: 2
fpu		: yes
fpu_exception	: yes
cpuid level	: 20
wp		: yes
flags		: fpu vme de pse tsc msr pae mce cx8 apic sep mtrr pge mca cmov pat pse36 clflush dts acpi mmx fxsr sse sse2 ss ht tm pbe syscall nx pdpe1gb rdtscp lm constant_tsc arch_perfmon pebs bts rep_good nopl xtopology nonstop_tsc aperfmperf eagerfpu pni pclmulqdq dtes64 monitor ds_cpl vmx est tm2 ssse3 fma cx16 xtpr pdcm pcid sse4_1 sse4_2 x2apic movbe popcnt tsc_deadline_timer aes xsave avx f16c rdrand lahf_lm abm 3dnowprefetch ida arat epb xsaveopt pln pts dtherm tpr_shadow vnmi flexpriority ept vpid fsgsbase tsc_adjust bmi1 avx2 smep bmi2 erms invpcid rdseed adx smap
bogomips	: 4390.26
clflush size	: 64
cache_alignment	: 64
address sizes	: 39 bits physical, 48 bits virtual
power management:

processor	: 3
vendor_id	: GenuineIntel
cpu family	: 6
model		: 61
model name	: Intel(R) Core(TM) i5-5200U CPU @ 2.20GHz
stepping	: 4
microcode	: 0x1f
cpu MHz		: 2201.000
cache size	: 3072 KB
physical id	: 0
siblings	: 4
core id		: 1
cpu cores	: 2
apicid		: 3
initial apicid	: 3
fpu		: yes
fpu_exception	: yes
cpuid level	: 20
wp		: yes
flags		: fpu vme de pse tsc msr pae mce cx8 apic sep mtrr pge mca cmov pat pse36 clflush dts acpi mmx fxsr sse sse2 ss ht tm pbe syscall nx pdpe1gb rdtscp lm constant_tsc arch_perfmon pebs bts rep_good nopl xtopology nonstop_tsc aperfmperf eagerfpu pni pclmulqdq dtes64 monitor ds_cpl vmx est tm2 ssse3 fma cx16 xtpr pdcm pcid sse4_1 sse4_2 x2apic movbe popcnt tsc_deadline_timer aes xsave avx f16c rdrand lahf_lm abm 3dnowprefetch ida arat epb xsaveopt pln pts dtherm tpr_shadow vnmi flexpriority ept vpid fsgsbase tsc_adjust bmi1 avx2 smep bmi2 erms invpcid rdseed adx smap
bogomips	: 4390.26
clflush size	: 64
cache_alignment	: 64
address sizes	: 39 bits physical, 48 bits virtual
power management:



Memory: 4k page, physical 3934516k(87820k free), swap 4080636k(0k free)

vm_info: OpenJDK 64-Bit Server VM (24.95-b01) for linux-amd64 JRE (1.7.0_95-b00), built on Mar 24 2016 06:13:32 by "buildd" with gcc 4.8.2

time: Thu Jun 16 15:35:07 2016
elapsed time: 16 seconds

