#
# There is insufficient memory for the Java Runtime Environment to continue.
# Native memory allocation (malloc) failed to allocate 156237824 bytes for committing reserved memory.
# Possible reasons:
#   The system is out of physical RAM or swap space
#   In 32 bit mode, the process size limit was hit
# Possible solutions:
#   Reduce memory load on the system
#   Increase physical memory or swap space
#   Check if swap backing store is full
#   Use 64 bit Java on a 64 bit OS
#   Decrease Java heap size (-Xmx/-Xms)
#   Decrease number of Java threads
#   Decrease Java thread stack sizes (-Xss)
#   Set larger code cache with -XX:ReservedCodeCacheSize=
# This output file may be truncated or incomplete.
#
#  Out of Memory Error (os_linux.cpp:2827), pid=19366, tid=140411346630400
#
# JRE version: OpenJDK Runtime Environment (7.0_95) (build 1.7.0_95-b00)
# Java VM: OpenJDK 64-Bit Server VM (24.95-b01 mixed mode linux-amd64 compressed oops)
# Derivative: IcedTea 2.6.4
# Distribution: Ubuntu 14.04 LTS, package 7u95-2.6.4-0ubuntu0.14.04.2
# Failed to write core dump. Core dumps have been disabled. To enable core dumping, try "ulimit -c unlimited" before starting Java again
#

---------------  T H R E A D  ---------------

Current thread (0x00007fb40c076000):  VMThread [stack: 0x00007fb410603000,0x00007fb410704000] [id=19375]

Stack: [0x00007fb410603000,0x00007fb410704000],  sp=0x00007fb410702490,  free space=1021k
Native frames: (J=compiled Java code, j=interpreted, Vv=VM code, C=native code)
V  [libjvm.so+0x953e15]
V  [libjvm.so+0x48fd94]
V  [libjvm.so+0x7cf87b]
V  [libjvm.so+0x7ca33f]
V  [libjvm.so+0x83dacb]
V  [libjvm.so+0x82d86b]
V  [libjvm.so+0x82da2b]
V  [libjvm.so+0x82e958]
V  [libjvm.so+0x8355b4]
V  [libjvm.so+0x83bc0d]
V  [libjvm.so+0x7f2083]
V  [libjvm.so+0x955814]
V  [libjvm.so+0x959917]
V  [libjvm.so+0x9583d8]
V  [libjvm.so+0x958839]
V  [libjvm.so+0x958c82]
V  [libjvm.so+0x7cc742]

VM_Operation (0x00007fb4158c8da0): ParallelGCFailedAllocation, mode: safepoint, requested by thread 0x00007fb40c00a800


---------------  P R O C E S S  ---------------

Java Threads: ( => current thread )
  0x00007fb40c0af800 JavaThread "Service Thread" daemon [_thread_blocked, id=19381, stack(0x00007fb4087dc000,0x00007fb4088dd000)]
  0x00007fb40c0ad000 JavaThread "C2 CompilerThread1" daemon [_thread_blocked, id=19380, stack(0x00007fb4100fe000,0x00007fb4101ff000)]
  0x00007fb40c0aa000 JavaThread "C2 CompilerThread0" daemon [_thread_blocked, id=19379, stack(0x00007fb4101ff000,0x00007fb410300000)]
  0x00007fb40c0a8000 JavaThread "Signal Dispatcher" daemon [_thread_blocked, id=19378, stack(0x00007fb410300000,0x00007fb410401000)]
  0x00007fb40c07c000 JavaThread "Finalizer" daemon [_thread_blocked, id=19377, stack(0x00007fb410401000,0x00007fb410502000)]
  0x00007fb40c07a000 JavaThread "Reference Handler" daemon [_thread_blocked, id=19376, stack(0x00007fb410502000,0x00007fb410603000)]
  0x00007fb40c00a800 JavaThread "main" [_thread_blocked, id=19370, stack(0x00007fb4157ca000,0x00007fb4158cb000)]

Other Threads:
=>0x00007fb40c076000 VMThread [stack: 0x00007fb410603000,0x00007fb410704000] [id=19375]
  0x00007fb40c0ba000 WatcherThread [stack: 0x00007fb4086db000,0x00007fb4087dc000] [id=19382]

VM state:at safepoint (normal execution)

VM Mutex/Monitor currently owned by a thread:  ([mutex/lock_event])
[0x00007fb40c006350] ExpandHeap_lock - owner thread: 0x00007fb40c076000
[0x00007fb40c0069d0] Threads_lock - owner thread: 0x00007fb40c076000
[0x00007fb40c006ed0] Heap_lock - owner thread: 0x00007fb40c00a800

Heap
 PSYoungGen      total 233472K, used 0K [0x00000000eaa80000, 0x0000000100000000, 0x0000000100000000)
  eden space 117248K, 0% used [0x00000000eaa80000,0x00000000eaa80000,0x00000000f1d00000)
  from space 116224K, 0% used [0x00000000f1d00000,0x00000000f1d00000,0x00000000f8e80000)
  to   space 116224K, 0% used [0x00000000f8e80000,0x00000000f8e80000,0x0000000100000000)
 ParOldGen       total 508416K, used 484254K [0x00000000c0000000, 0x00000000df080000, 0x00000000eaa80000)
  object space 508416K, 95% used [0x00000000c0000000,0x00000000dd8e7b70,0x00000000df080000)
 PSPermGen       total 21504K, used 6194K [0x00000000b5a00000, 0x00000000b6f00000, 0x00000000c0000000)
  object space 21504K, 28% used [0x00000000b5a00000,0x00000000b600c8c8,0x00000000b6f00000)

Card table byte_map: [0x00007fb4121ab000,0x00007fb4123ff000] byte_map_base: 0x00007fb411bfe000

Polling page: 0x00007fb4158e8000

Code Cache  [0x00007fb409000000, 0x00007fb409420000, 0x00007fb40c000000)
 total_blobs=1320 nmethods=1092 adapters=181 free_code_cache=45191Kb largest_free_block=46031360

Compilation events (10 events):
Event: 20.277 Thread 0x00007fb40c0aa000 1162             java.io.FilterInputStream::<init> (10 bytes)
Event: 20.278 Thread 0x00007fb40c0aa000 nmethod 1162 0x00007fb4093a4ed0 code [0x00007fb4093a5000, 0x00007fb4093a5098]
Event: 20.330 Thread 0x00007fb40c0ad000 1163             com.android.dx.cf.direct.StdAttributeFactory::innerClasses (383 bytes)
Event: 20.346 Thread 0x00007fb40c0ad000 nmethod 1163 0x00007fb4093620d0 code [0x00007fb409362320, 0x00007fb409363088]
Event: 20.540 Thread 0x00007fb40c0aa000 1164             com.android.dx.rop.annotation.Annotations::<init> (16 bytes)
Event: 20.541 Thread 0x00007fb40c0aa000 nmethod 1164 0x00007fb4093a4bd0 code [0x00007fb4093a4d20, 0x00007fb4093a4e18]
Event: 20.558 Thread 0x00007fb40c0ad000 1165             com.android.dx.cf.attrib.RawAttribute::byteLength (11 bytes)
Event: 20.559 Thread 0x00007fb40c0ad000 nmethod 1165 0x00007fb409361e90 code [0x00007fb409361fc0, 0x00007fb409362038]
Event: 20.618 Thread 0x00007fb40c0aa000 1166             com.android.dx.rop.cst.CstLiteral32::isCategory2 (2 bytes)
Event: 20.618 Thread 0x00007fb40c0aa000 nmethod 1166 0x00007fb4093a49d0 code [0x00007fb4093a4b00, 0x00007fb4093a4b58]

GC Heap History (10 events):
Event: 19.377 GC heap after
Heap after GC invocations=28 (full 5):
 PSYoungGen      total 233472K, used 24776K [0x00000000eaa80000, 0x0000000100000000, 0x0000000100000000)
  eden space 117248K, 0% used [0x00000000eaa80000,0x00000000eaa80000,0x00000000f1d00000)
  from space 116224K, 21% used [0x00000000f1d00000,0x00000000f35321c0,0x00000000f8e80000)
  to   space 116224K, 0% used [0x00000000f8e80000,0x00000000f8e80000,0x0000000100000000)
 ParOldGen       total 508416K, used 382950K [0x00000000c0000000, 0x00000000df080000, 0x00000000eaa80000)
  object space 508416K, 75% used [0x00000000c0000000,0x00000000d75f9a28,0x00000000df080000)
 PSPermGen       total 21504K, used 6166K [0x00000000b5a00000, 0x00000000b6f00000, 0x00000000c0000000)
  object space 21504K, 28% used [0x00000000b5a00000,0x00000000b60058d0,0x00000000b6f00000)
}
Event: 19.677 GC heap before
{Heap before GC invocations=29 (full 5):
 PSYoungGen      total 233472K, used 142024K [0x00000000eaa80000, 0x0000000100000000, 0x0000000100000000)
  eden space 117248K, 100% used [0x00000000eaa80000,0x00000000f1d00000,0x00000000f1d00000)
  from space 116224K, 21% used [0x00000000f1d00000,0x00000000f35321c0,0x00000000f8e80000)
  to   space 116224K, 0% used [0x00000000f8e80000,0x00000000f8e80000,0x0000000100000000)
 ParOldGen       total 508416K, used 382950K [0x00000000c0000000, 0x00000000df080000, 0x00000000eaa80000)
  object space 508416K, 75% used [0x00000000c0000000,0x00000000d75f9a28,0x00000000df080000)
 PSPermGen       total 21504K, used 6187K [0x00000000b5a00000, 0x00000000b6f00000, 0x00000000c0000000)
  object space 21504K, 28% used [0x00000000b5a00000,0x00000000b600ac78,0x00000000b6f00000)
Event: 19.735 GC heap after
Heap after GC invocations=29 (full 5):
 PSYoungGen      total 233472K, used 37684K [0x00000000eaa80000, 0x0000000100000000, 0x0000000100000000)
  eden space 117248K, 0% used [0x00000000eaa80000,0x00000000eaa80000,0x00000000f1d00000)
  from space 116224K, 32% used [0x00000000f8e80000,0x00000000fb34d050,0x0000000100000000)
  to   space 116224K, 0% used [0x00000000f1d00000,0x00000000f1d00000,0x00000000f8e80000)
 ParOldGen       total 508416K, used 389772K [0x00000000c0000000, 0x00000000df080000, 0x00000000eaa80000)
  object space 508416K, 76% used [0x00000000c0000000,0x00000000d7ca3350,0x00000000df080000)
 PSPermGen       total 21504K, used 6187K [0x00000000b5a00000, 0x00000000b6f00000, 0x00000000c0000000)
  object space 21504K, 28% used [0x00000000b5a00000,0x00000000b600ac78,0x00000000b6f00000)
}
Event: 20.020 GC heap before
{Heap before GC invocations=30 (full 5):
 PSYoungGen      total 233472K, used 154932K [0x00000000eaa80000, 0x0000000100000000, 0x0000000100000000)
  eden space 117248K, 100% used [0x00000000eaa80000,0x00000000f1d00000,0x00000000f1d00000)
  from space 116224K, 32% used [0x00000000f8e80000,0x00000000fb34d050,0x0000000100000000)
  to   space 116224K, 0% used [0x00000000f1d00000,0x00000000f1d00000,0x00000000f8e80000)
 ParOldGen       total 508416K, used 389772K [0x00000000c0000000, 0x00000000df080000, 0x00000000eaa80000)
  object space 508416K, 76% used [0x00000000c0000000,0x00000000d7ca3350,0x00000000df080000)
 PSPermGen       total 21504K, used 6188K [0x00000000b5a00000, 0x00000000b6f00000, 0x00000000c0000000)
  object space 21504K, 28% used [0x00000000b5a00000,0x00000000b600b3d8,0x00000000b6f00000)
Event: 20.099 GC heap after
Heap after GC invocations=30 (full 5):
 PSYoungGen      total 233472K, used 20608K [0x00000000eaa80000, 0x0000000100000000, 0x0000000100000000)
  eden space 117248K, 0% used [0x00000000eaa80000,0x00000000eaa80000,0x00000000f1d00000)
  from space 116224K, 17% used [0x00000000f1d00000,0x00000000f3120000,0x00000000f8e80000)
  to   space 116224K, 0% used [0x00000000f8e80000,0x00000000f8e80000,0x0000000100000000)
 ParOldGen       total 508416K, used 426595K [0x00000000c0000000, 0x00000000df080000, 0x00000000eaa80000)
  object space 508416K, 83% used [0x00000000c0000000,0x00000000da098f30,0x00000000df080000)
 PSPermGen       total 21504K, used 6188K [0x00000000b5a00000, 0x00000000b6f00000, 0x00000000c0000000)
  object space 21504K, 28% used [0x00000000b5a00000,0x00000000b600b3d8,0x00000000b6f00000)
}
Event: 20.389 GC heap before
{Heap before GC invocations=31 (full 5):
 PSYoungGen      total 233472K, used 137856K [0x00000000eaa80000, 0x0000000100000000, 0x0000000100000000)
  eden space 117248K, 100% used [0x00000000eaa80000,0x00000000f1d00000,0x00000000f1d00000)
  from space 116224K, 17% used [0x00000000f1d00000,0x00000000f3120000,0x00000000f8e80000)
  to   space 116224K, 0% used [0x00000000f8e80000,0x00000000f8e80000,0x0000000100000000)
 ParOldGen       total 508416K, used 426595K [0x00000000c0000000, 0x00000000df080000, 0x00000000eaa80000)
  object space 508416K, 83% used [0x00000000c0000000,0x00000000da098f30,0x00000000df080000)
 PSPermGen       total 21504K, used 6190K [0x00000000b5a00000, 0x00000000b6f00000, 0x00000000c0000000)
  object space 21504K, 28% used [0x00000000b5a00000,0x00000000b600b978,0x00000000b6f00000)
Event: 20.439 GC heap after
Heap after GC invocations=31 (full 5):
 PSYoungGen      total 233472K, used 20645K [0x00000000eaa80000, 0x0000000100000000, 0x0000000100000000)
  eden space 117248K, 0% used [0x00000000eaa80000,0x00000000eaa80000,0x00000000f1d00000)
  from space 116224K, 17% used [0x00000000f8e80000,0x00000000fa2a9500,0x0000000100000000)
  to   space 116224K, 0% used [0x00000000f1d00000,0x00000000f1d00000,0x00000000f8e80000)
 ParOldGen       total 508416K, used 446121K [0x00000000c0000000, 0x00000000df080000, 0x00000000eaa80000)
  object space 508416K, 87% used [0x00000000c0000000,0x00000000db3aa748,0x00000000df080000)
 PSPermGen       total 21504K, used 6190K [0x00000000b5a00000, 0x00000000b6f00000, 0x00000000c0000000)
  object space 21504K, 28% used [0x00000000b5a00000,0x00000000b600b978,0x00000000b6f00000)
}
Event: 20.710 GC heap before
{Heap before GC invocations=32 (full 5):
 PSYoungGen      total 233472K, used 137893K [0x00000000eaa80000, 0x0000000100000000, 0x0000000100000000)
  eden space 117248K, 100% used [0x00000000eaa80000,0x00000000f1d00000,0x00000000f1d00000)
  from space 116224K, 17% used [0x00000000f8e80000,0x00000000fa2a9500,0x0000000100000000)
  to   space 116224K, 0% used [0x00000000f1d00000,0x00000000f1d00000,0x00000000f8e80000)
 ParOldGen       total 508416K, used 446121K [0x00000000c0000000, 0x00000000df080000, 0x00000000eaa80000)
  object space 508416K, 87% used [0x00000000c0000000,0x00000000db3aa748,0x00000000df080000)
 PSPermGen       total 21504K, used 6194K [0x00000000b5a00000, 0x00000000b6f00000, 0x00000000c0000000)
  object space 21504K, 28% used [0x00000000b5a00000,0x00000000b600c928,0x00000000b6f00000)
Event: 20.764 GC heap after
Heap after GC invocations=32 (full 5):
 PSYoungGen      total 233472K, used 20112K [0x00000000eaa80000, 0x0000000100000000, 0x0000000100000000)
  eden space 117248K, 0% used [0x00000000eaa80000,0x00000000eaa80000,0x00000000f1d00000)
  from space 116224K, 17% used [0x00000000f1d00000,0x00000000f30a4010,0x00000000f8e80000)
  to   space 116224K, 0% used [0x00000000f8e80000,0x00000000f8e80000,0x0000000100000000)
 ParOldGen       total 508416K, used 465687K [0x00000000c0000000, 0x00000000df080000, 0x00000000eaa80000)
  object space 508416K, 91% used [0x00000000c0000000,0x00000000dc6c5e38,0x00000000df080000)
 PSPermGen       total 21504K, used 6194K [0x00000000b5a00000, 0x00000000b6f00000, 0x00000000c0000000)
  object space 21504K, 28% used [0x00000000b5a00000,0x00000000b600c928,0x00000000b6f00000)
}
Event: 20.764 GC heap before
{Heap before GC invocations=33 (full 6):
 PSYoungGen      total 233472K, used 20112K [0x00000000eaa80000, 0x0000000100000000, 0x0000000100000000)
  eden space 117248K, 0% used [0x00000000eaa80000,0x00000000eaa80000,0x00000000f1d00000)
  from space 116224K, 17% used [0x00000000f1d00000,0x00000000f30a4010,0x00000000f8e80000)
  to   space 116224K, 0% used [0x00000000f8e80000,0x00000000f8e80000,0x0000000100000000)
 ParOldGen       total 508416K, used 465687K [0x00000000c0000000, 0x00000000df080000, 0x00000000eaa80000)
  object space 508416K, 91% used [0x00000000c0000000,0x00000000dc6c5e38,0x00000000df080000)
 PSPermGen       total 21504K, used 6194K [0x00000000b5a00000, 0x00000000b6f00000, 0x00000000c0000000)
  object space 21504K, 28% used [0x00000000b5a00000,0x00000000b600c928,0x00000000b6f00000)

Deoptimization events (10 events):
Event: 16.401 Thread 0x00007fb40c00a800 Uncommon trap: reason=bimorphic action=maybe_recompile pc=0x00007fb40936f1b0 method=com.android.dx.cf.code.BytecodeArray.parseInstruction(ILcom/android/dx/cf/code/BytecodeArray$Visitor;)I @ 1447
Event: 16.725 Thread 0x00007fb40c00a800 Uncommon trap: reason=bimorphic action=maybe_recompile pc=0x00007fb4092f3168 method=com.android.dx.ssa.NormalSsaInsn.changeOneSource(ILcom/android/dx/rop/code/RegisterSpec;)V @ 113
Event: 16.725 Thread 0x00007fb40c00a800 Uncommon trap: reason=bimorphic action=maybe_recompile pc=0x00007fb4092f3168 method=com.android.dx.ssa.NormalSsaInsn.changeOneSource(ILcom/android/dx/rop/code/RegisterSpec;)V @ 113
Event: 16.725 Thread 0x00007fb40c00a800 Uncommon trap: reason=bimorphic action=maybe_recompile pc=0x00007fb4092f3168 method=com.android.dx.ssa.NormalSsaInsn.changeOneSource(ILcom/android/dx/rop/code/RegisterSpec;)V @ 113
Event: 16.725 Thread 0x00007fb40c00a800 Uncommon trap: reason=bimorphic action=maybe_recompile pc=0x00007fb4092f3168 method=com.android.dx.ssa.NormalSsaInsn.changeOneSource(ILcom/android/dx/rop/code/RegisterSpec;)V @ 113
Event: 17.535 Thread 0x00007fb40c00a800 Uncommon trap: reason=bimorphic action=maybe_recompile pc=0x00007fb40939c314 method=com.android.dx.ssa.LiteralOpUpgrader.tryReplacingWithConstant(Lcom/android/dx/ssa/NormalSsaInsn;)Z @ 62
Event: 17.568 Thread 0x00007fb40c00a800 Uncommon trap: reason=bimorphic action=maybe_recompile pc=0x00007fb409163454 method=com.android.dx.ssa.LiteralOpUpgrader.tryReplacingWithConstant(Lcom/android/dx/ssa/NormalSsaInsn;)Z @ 62
Event: 19.215 Thread 0x00007fb40c00a800 Uncommon trap: reason=unstable_if action=reinterpret pc=0x00007fb40935c994 method=com.android.dx.ssa.LiteralOpUpgrader$1.visitNonMoveInsn(Lcom/android/dx/ssa/NormalSsaInsn;)V @ 137
Event: 19.600 Thread 0x00007fb40c00a800 Uncommon trap: reason=bimorphic action=maybe_recompile pc=0x00007fb4093a9ba0 method=com.android.dx.cf.code.BytecodeArray.parseInstruction(ILcom/android/dx/cf/code/BytecodeArray$Visitor;)I @ 1987
Event: 19.600 Thread 0x00007fb40c00a800 Uncommon trap: reason=bimorphic action=maybe_recompile pc=0x00007fb4093a9ba0 method=com.android.dx.cf.code.BytecodeArray.parseInstruction(ILcom/android/dx/cf/code/BytecodeArray$Visitor;)I @ 1987

Internal exceptions (10 events):
Event: 6.998 Thread 0x00007fb40c00a800 Implicit null exception at 0x00007fb40918c124 to 0x00007fb40918c435
Event: 6.999 Thread 0x00007fb40c00a800 Implicit null exception at 0x00007fb409188871 to 0x00007fb4091899e5
Event: 6.999 Thread 0x00007fb40c00a800 Implicit null exception at 0x00007fb409110267 to 0x00007fb409110561
Event: 6.999 Thread 0x00007fb40c00a800 Implicit null exception at 0x00007fb4090b5eb8 to 0x00007fb4090b600d
Event: 7.288 Thread 0x00007fb40c00a800 Implicit null exception at 0x00007fb409377d93 to 0x00007fb40937a741
Event: 8.526 Thread 0x00007fb40c00a800 Threw 0x00000000eb2560f8 at /build/openjdk-7-HVzwJZ/openjdk-7-7u95-2.6.4/build/openjdk/hotspot/src/share/vm/prims/jvm.cpp:1322
Event: 8.527 Thread 0x00007fb40c00a800 Implicit null exception at 0x00007fb4092c42f1 to 0x00007fb4092c43bd
Event: 9.301 Thread 0x00007fb40c00a800 Threw 0x00000000f6923898 at /build/openjdk-7-HVzwJZ/openjdk-7-7u95-2.6.4/build/openjdk/hotspot/src/share/vm/prims/jvm.cpp:1322
Event: 9.363 Thread 0x00007fb40c00a800 Threw 0x00000000f71829c0 at /build/openjdk-7-HVzwJZ/openjdk-7-7u95-2.6.4/build/openjdk/hotspot/src/share/vm/prims/jvm.cpp:1322
Event: 9.743 Thread 0x00007fb40c00a800 Threw 0x00000000eddb8aa8 at /build/openjdk-7-HVzwJZ/openjdk-7-7u95-2.6.4/build/openjdk/hotspot/src/share/vm/prims/jvm.cpp:1322

Events (10 events):
Event: 19.600 Thread 0x00007fb40c00a800 DEOPT UNPACKING pc=0x00007fb409039445 sp=0x00007fb4158c8d10 mode 2
Event: 19.677 Executing VM operation: ParallelGCFailedAllocation
Event: 19.735 Executing VM operation: ParallelGCFailedAllocation done
Event: 19.773 Thread 0x00007fb40c0ad000 flushing nmethod 0x00007fb4093dda10
Event: 20.020 Executing VM operation: ParallelGCFailedAllocation
Event: 20.099 Executing VM operation: ParallelGCFailedAllocation done
Event: 20.177 Thread 0x00007fb40c0aa000 flushing nmethod 0x00007fb409077350
Event: 20.389 Executing VM operation: ParallelGCFailedAllocation
Event: 20.439 Executing VM operation: ParallelGCFailedAllocation done
Event: 20.710 Executing VM operation: ParallelGCFailedAllocation


Dynamic libraries:
00400000-00401000 r-xp 00000000 08:01 5508137                            /usr/lib/jvm/java-7-openjdk-amd64/jre/bin/java
00600000-00601000 r--p 00000000 08:01 5508137                            /usr/lib/jvm/java-7-openjdk-amd64/jre/bin/java
00601000-00602000 rw-p 00001000 08:01 5508137                            /usr/lib/jvm/java-7-openjdk-amd64/jre/bin/java
00fa7000-00fc8000 rw-p 00000000 00:00 0                                  [heap]
b5a00000-b6f00000 rw-p 00000000 00:00 0 
b6f00000-c0000000 rw-p 00000000 00:00 0 
c0000000-df080000 rw-p 00000000 00:00 0 
e8580000-eaa80000 rw-p 00000000 00:00 0 
eaa80000-100000000 rw-p 00000000 00:00 0 
7fb3d4000000-7fb3d4021000 rw-p 00000000 00:00 0 
7fb3d4021000-7fb3d8000000 ---p 00000000 00:00 0 
7fb3d8000000-7fb3d8021000 rw-p 00000000 00:00 0 
7fb3d8021000-7fb3dc000000 ---p 00000000 00:00 0 
7fb3dc000000-7fb3dd3d5000 rw-p 00000000 00:00 0 
7fb3dd3d5000-7fb3e0000000 ---p 00000000 00:00 0 
7fb3e0000000-7fb3e1d82000 rw-p 00000000 00:00 0 
7fb3e1d82000-7fb3e4000000 ---p 00000000 00:00 0 
7fb3e4000000-7fb3e4021000 rw-p 00000000 00:00 0 
7fb3e4021000-7fb3e8000000 ---p 00000000 00:00 0 
7fb3e8000000-7fb3e8021000 rw-p 00000000 00:00 0 
7fb3e8021000-7fb3ec000000 ---p 00000000 00:00 0 
7fb3ec000000-7fb3ec021000 rw-p 00000000 00:00 0 
7fb3ec021000-7fb3f0000000 ---p 00000000 00:00 0 
7fb3f0000000-7fb3f0021000 rw-p 00000000 00:00 0 
7fb3f0021000-7fb3f4000000 ---p 00000000 00:00 0 
7fb3f4000000-7fb3f4021000 rw-p 00000000 00:00 0 
7fb3f4021000-7fb3f8000000 ---p 00000000 00:00 0 
7fb3f8000000-7fb3f8021000 rw-p 00000000 00:00 0 
7fb3f8021000-7fb3fc000000 ---p 00000000 00:00 0 
7fb3fc000000-7fb3fc021000 rw-p 00000000 00:00 0 
7fb3fc021000-7fb400000000 ---p 00000000 00:00 0 
7fb4009cd000-7fb400a0a000 r-xp 00000000 08:01 790495                     /lib/x86_64-linux-gnu/libpcre.so.3.13.1
7fb400a0a000-7fb400c09000 ---p 0003d000 08:01 790495                     /lib/x86_64-linux-gnu/libpcre.so.3.13.1
7fb400c09000-7fb400c0a000 r--p 0003c000 08:01 790495                     /lib/x86_64-linux-gnu/libpcre.so.3.13.1
7fb400c0a000-7fb400c0b000 rw-p 0003d000 08:01 790495                     /lib/x86_64-linux-gnu/libpcre.so.3.13.1
7fb400c0b000-7fb400c12000 r-xp 00000000 08:01 4726848                    /usr/lib/x86_64-linux-gnu/libffi.so.6.0.1
7fb400c12000-7fb400e11000 ---p 00007000 08:01 4726848                    /usr/lib/x86_64-linux-gnu/libffi.so.6.0.1
7fb400e11000-7fb400e12000 r--p 00006000 08:01 4726848                    /usr/lib/x86_64-linux-gnu/libffi.so.6.0.1
7fb400e12000-7fb400e13000 rw-p 00007000 08:01 4726848                    /usr/lib/x86_64-linux-gnu/libffi.so.6.0.1
7fb400e13000-7fb400e2a000 r-xp 00000000 08:01 786614                     /lib/x86_64-linux-gnu/libresolv-2.19.so
7fb400e2a000-7fb40102a000 ---p 00017000 08:01 786614                     /lib/x86_64-linux-gnu/libresolv-2.19.so
7fb40102a000-7fb40102b000 r--p 00017000 08:01 786614                     /lib/x86_64-linux-gnu/libresolv-2.19.so
7fb40102b000-7fb40102c000 rw-p 00018000 08:01 786614                     /lib/x86_64-linux-gnu/libresolv-2.19.so
7fb40102c000-7fb40102e000 rw-p 00000000 00:00 0 
7fb40102e000-7fb40104e000 r-xp 00000000 08:01 790522                     /lib/x86_64-linux-gnu/libselinux.so.1
7fb40104e000-7fb40124d000 ---p 00020000 08:01 790522                     /lib/x86_64-linux-gnu/libselinux.so.1
7fb40124d000-7fb40124e000 r--p 0001f000 08:01 790522                     /lib/x86_64-linux-gnu/libselinux.so.1
7fb40124e000-7fb40124f000 rw-p 00020000 08:01 790522                     /lib/x86_64-linux-gnu/libselinux.so.1
7fb40124f000-7fb401251000 rw-p 00000000 00:00 0 
7fb401251000-7fb401254000 r-xp 00000000 08:01 4726965                    /usr/lib/x86_64-linux-gnu/libgmodule-2.0.so.0.4000.0
7fb401254000-7fb401453000 ---p 00003000 08:01 4726965                    /usr/lib/x86_64-linux-gnu/libgmodule-2.0.so.0.4000.0
7fb401453000-7fb401454000 r--p 00002000 08:01 4726965                    /usr/lib/x86_64-linux-gnu/libgmodule-2.0.so.0.4000.0
7fb401454000-7fb401455000 rw-p 00003000 08:01 4726965                    /usr/lib/x86_64-linux-gnu/libgmodule-2.0.so.0.4000.0
7fb401455000-7fb40155b000 r-xp 00000000 08:01 790423                     /lib/x86_64-linux-gnu/libglib-2.0.so.0.4000.0
7fb40155b000-7fb40175a000 ---p 00106000 08:01 790423                     /lib/x86_64-linux-gnu/libglib-2.0.so.0.4000.0
7fb40175a000-7fb40175b000 r--p 00105000 08:01 790423                     /lib/x86_64-linux-gnu/libglib-2.0.so.0.4000.0
7fb40175b000-7fb40175c000 rw-p 00106000 08:01 790423                     /lib/x86_64-linux-gnu/libglib-2.0.so.0.4000.0
7fb40175c000-7fb40175d000 rw-p 00000000 00:00 0 
7fb40175d000-7fb4018c8000 r-xp 00000000 08:01 4726951                    /usr/lib/x86_64-linux-gnu/libgio-2.0.so.0.4000.0
7fb4018c8000-7fb401ac8000 ---p 0016b000 08:01 4726951                    /usr/lib/x86_64-linux-gnu/libgio-2.0.so.0.4000.0
7fb401ac8000-7fb401acc000 r--p 0016b000 08:01 4726951                    /usr/lib/x86_64-linux-gnu/libgio-2.0.so.0.4000.0
7fb401acc000-7fb401ace000 rw-p 0016f000 08:01 4726951                    /usr/lib/x86_64-linux-gnu/libgio-2.0.so.0.4000.0
7fb401ace000-7fb404000000 rw-p 00000000 00:00 0 
7fb404000000-7fb404021000 rw-p 00000000 00:00 0 
7fb404021000-7fb408000000 ---p 00000000 00:00 0 
7fb408060000-7fb4080af000 r-xp 00000000 08:01 4726981                    /usr/lib/x86_64-linux-gnu/libgobject-2.0.so.0.4000.0
7fb4080af000-7fb4082af000 ---p 0004f000 08:01 4726981                    /usr/lib/x86_64-linux-gnu/libgobject-2.0.so.0.4000.0
7fb4082af000-7fb4082b0000 r--p 0004f000 08:01 4726981                    /usr/lib/x86_64-linux-gnu/libgobject-2.0.so.0.4000.0
7fb4082b0000-7fb4082b1000 rw-p 00050000 08:01 4726981                    /usr/lib/x86_64-linux-gnu/libgobject-2.0.so.0.4000.0
7fb4082b1000-7fb4082c8000 r-xp 00000000 08:01 5917886                    /usr/lib/jvm/java-7-openjdk-amd64/jre/lib/amd64/libnet.so
7fb4082c8000-7fb4084c7000 ---p 00017000 08:01 5917886                    /usr/lib/jvm/java-7-openjdk-amd64/jre/lib/amd64/libnet.so
7fb4084c7000-7fb4084c8000 r--p 00016000 08:01 5917886                    /usr/lib/jvm/java-7-openjdk-amd64/jre/lib/amd64/libnet.so
7fb4084c8000-7fb4084c9000 rw-p 00017000 08:01 5917886                    /usr/lib/jvm/java-7-openjdk-amd64/jre/lib/amd64/libnet.so
7fb4084c9000-7fb4084d9000 r-xp 00000000 08:01 5917910                    /usr/lib/jvm/java-7-openjdk-amd64/jre/lib/amd64/libnio.so
7fb4084d9000-7fb4086d9000 ---p 00010000 08:01 5917910                    /usr/lib/jvm/java-7-openjdk-amd64/jre/lib/amd64/libnio.so
7fb4086d9000-7fb4086da000 r--p 00010000 08:01 5917910                    /usr/lib/jvm/java-7-openjdk-amd64/jre/lib/amd64/libnio.so
7fb4086da000-7fb4086db000 rw-p 00011000 08:01 5917910                    /usr/lib/jvm/java-7-openjdk-amd64/jre/lib/amd64/libnio.so
7fb4086db000-7fb4086dc000 ---p 00000000 00:00 0 
7fb4086dc000-7fb4087dc000 rw-p 00000000 00:00 0                          [stack:19382]
7fb4087dc000-7fb4087df000 ---p 00000000 00:00 0 
7fb4087df000-7fb4088dd000 rw-p 00000000 00:00 0                          [stack:19381]
7fb4088dd000-7fb409000000 r--p 00000000 08:01 4725570                    /usr/lib/locale/locale-archive
7fb409000000-7fb409420000 rwxp 00000000 00:00 0 
7fb409420000-7fb40c347000 rw-p 00000000 00:00 0 
7fb40c347000-7fb410000000 ---p 00000000 00:00 0 
7fb410016000-7fb410047000 rw-p 00000000 00:00 0 
7fb410060000-7fb4100ec000 r--s 0077a000 08:01 10224546                   /home/raihan/OpenSrpWorkSpace/opensrp-client/opensrp-mcare/build/intermediates/multi-dex/debug/allclasses.jar
7fb4100ec000-7fb4100fb000 r--s 000dd000 08:01 6177003                    /home/raihan/android-sdk-linux/build-tools/21.1.2/lib/dx.jar
7fb4100fb000-7fb4100fe000 r--s 0000f000 08:01 5917931                    /usr/lib/jvm/java-7-openjdk-amd64/jre/lib/ext/icedtea-sound.jar
7fb4100fe000-7fb410101000 ---p 00000000 00:00 0 
7fb410101000-7fb4101ff000 rw-p 00000000 00:00 0                          [stack:19380]
7fb4101ff000-7fb410202000 ---p 00000000 00:00 0 
7fb410202000-7fb410300000 rw-p 00000000 00:00 0                          [stack:19379]
7fb410300000-7fb410303000 ---p 00000000 00:00 0 
7fb410303000-7fb410401000 rw-p 00000000 00:00 0                          [stack:19378]
7fb410401000-7fb410404000 ---p 00000000 00:00 0 
7fb410404000-7fb410502000 rw-p 00000000 00:00 0                          [stack:19377]
7fb410502000-7fb410505000 ---p 00000000 00:00 0 
7fb410505000-7fb410603000 rw-p 00000000 00:00 0                          [stack:19376]
7fb410603000-7fb410604000 ---p 00000000 00:00 0 
7fb410604000-7fb411701000 rw-p 00000000 00:00 0                          [stack:19375]
7fb411701000-7fb4118b2000 r--s 01d30000 08:01 5508152                    /usr/lib/jvm/java-7-openjdk-amd64/jre/lib/rt.jar
7fb4118b2000-7fb411bfe000 rw-p 00000000 00:00 0 
7fb411bfe000-7fb411bff000 ---p 00000000 00:00 0 
7fb411bff000-7fb411cff000 rw-p 00000000 00:00 0                          [stack:19374]
7fb411cff000-7fb411d00000 ---p 00000000 00:00 0 
7fb411d00000-7fb411e00000 rw-p 00000000 00:00 0                          [stack:19373]
7fb411e00000-7fb411e01000 ---p 00000000 00:00 0 
7fb411e01000-7fb411f01000 rw-p 00000000 00:00 0                          [stack:19372]
7fb411f01000-7fb411f02000 ---p 00000000 00:00 0 
7fb411f02000-7fb41200d000 rw-p 00000000 00:00 0                          [stack:19371]
7fb41200d000-7fb412055000 rw-p 00000000 00:00 0 
7fb412055000-7fb41214e000 rw-p 00000000 00:00 0 
7fb41214e000-7fb4121ab000 rw-p 00000000 00:00 0 
7fb4121ab000-7fb4121b6000 rw-p 00000000 00:00 0 
7fb4121b6000-7fb4121fe000 rw-p 00000000 00:00 0 
7fb4121fe000-7fb4122f7000 rw-p 00000000 00:00 0 
7fb4122f7000-7fb412353000 rw-p 00000000 00:00 0 
7fb412353000-7fb4123fe000 rw-p 00000000 00:00 0 
7fb4123fe000-7fb4123ff000 rw-p 00000000 00:00 0 
7fb4123ff000-7fb412407000 r-xp 00000000 08:01 5917892                    /usr/lib/jvm/java-7-openjdk-amd64/jre/lib/amd64/libzip.so
7fb412407000-7fb412606000 ---p 00008000 08:01 5917892                    /usr/lib/jvm/java-7-openjdk-amd64/jre/lib/amd64/libzip.so
7fb412606000-7fb412607000 r--p 00007000 08:01 5917892                    /usr/lib/jvm/java-7-openjdk-amd64/jre/lib/amd64/libzip.so
7fb412607000-7fb412608000 rw-p 00008000 08:01 5917892                    /usr/lib/jvm/java-7-openjdk-amd64/jre/lib/amd64/libzip.so
7fb412608000-7fb412613000 r-xp 00000000 08:01 786646                     /lib/x86_64-linux-gnu/libnss_files-2.19.so
7fb412613000-7fb412812000 ---p 0000b000 08:01 786646                     /lib/x86_64-linux-gnu/libnss_files-2.19.so
7fb412812000-7fb412813000 r--p 0000a000 08:01 786646                     /lib/x86_64-linux-gnu/libnss_files-2.19.so
7fb412813000-7fb412814000 rw-p 0000b000 08:01 786646                     /lib/x86_64-linux-gnu/libnss_files-2.19.so
7fb412814000-7fb41281f000 r-xp 00000000 08:01 786638                     /lib/x86_64-linux-gnu/libnss_nis-2.19.so
7fb41281f000-7fb412a1e000 ---p 0000b000 08:01 786638                     /lib/x86_64-linux-gnu/libnss_nis-2.19.so
7fb412a1e000-7fb412a1f000 r--p 0000a000 08:01 786638                     /lib/x86_64-linux-gnu/libnss_nis-2.19.so
7fb412a1f000-7fb412a20000 rw-p 0000b000 08:01 786638                     /lib/x86_64-linux-gnu/libnss_nis-2.19.so
7fb412a20000-7fb412a37000 r-xp 00000000 08:01 786634                     /lib/x86_64-linux-gnu/libnsl-2.19.so
7fb412a37000-7fb412c36000 ---p 00017000 08:01 786634                     /lib/x86_64-linux-gnu/libnsl-2.19.so
7fb412c36000-7fb412c37000 r--p 00016000 08:01 786634                     /lib/x86_64-linux-gnu/libnsl-2.19.so
7fb412c37000-7fb412c38000 rw-p 00017000 08:01 786634                     /lib/x86_64-linux-gnu/libnsl-2.19.so
7fb412c38000-7fb412c3a000 rw-p 00000000 00:00 0 
7fb412c3a000-7fb412c43000 r-xp 00000000 08:01 786633                     /lib/x86_64-linux-gnu/libnss_compat-2.19.so
7fb412c43000-7fb412e42000 ---p 00009000 08:01 786633                     /lib/x86_64-linux-gnu/libnss_compat-2.19.so
7fb412e42000-7fb412e43000 r--p 00008000 08:01 786633                     /lib/x86_64-linux-gnu/libnss_compat-2.19.so
7fb412e43000-7fb412e44000 rw-p 00009000 08:01 786633                     /lib/x86_64-linux-gnu/libnss_compat-2.19.so
7fb412e44000-7fb412e6f000 r-xp 00000000 08:01 5917877                    /usr/lib/jvm/java-7-openjdk-amd64/jre/lib/amd64/libjava.so
7fb412e6f000-7fb41306f000 ---p 0002b000 08:01 5917877                    /usr/lib/jvm/java-7-openjdk-amd64/jre/lib/amd64/libjava.so
7fb41306f000-7fb413070000 r--p 0002b000 08:01 5917877                    /usr/lib/jvm/java-7-openjdk-amd64/jre/lib/amd64/libjava.so
7fb413070000-7fb413072000 rw-p 0002c000 08:01 5917877                    /usr/lib/jvm/java-7-openjdk-amd64/jre/lib/amd64/libjava.so
7fb413072000-7fb413082000 r-xp 00000000 08:01 5917878                    /usr/lib/jvm/java-7-openjdk-amd64/jre/lib/amd64/libverify.so
7fb413082000-7fb413281000 ---p 00010000 08:01 5917878                    /usr/lib/jvm/java-7-openjdk-amd64/jre/lib/amd64/libverify.so
7fb413281000-7fb413283000 r--p 0000f000 08:01 5917878                    /usr/lib/jvm/java-7-openjdk-amd64/jre/lib/amd64/libverify.so
7fb413283000-7fb413284000 rw-p 00011000 08:01 5917878                    /usr/lib/jvm/java-7-openjdk-amd64/jre/lib/amd64/libverify.so
7fb413284000-7fb41328b000 r-xp 00000000 08:01 786642                     /lib/x86_64-linux-gnu/librt-2.19.so
7fb41328b000-7fb41348a000 ---p 00007000 08:01 786642                     /lib/x86_64-linux-gnu/librt-2.19.so
7fb41348a000-7fb41348b000 r--p 00006000 08:01 786642                     /lib/x86_64-linux-gnu/librt-2.19.so
7fb41348b000-7fb41348c000 rw-p 00007000 08:01 786642                     /lib/x86_64-linux-gnu/librt-2.19.so
7fb41348c000-7fb4134a2000 r-xp 00000000 08:01 786612                     /lib/x86_64-linux-gnu/libgcc_s.so.1
7fb4134a2000-7fb4136a1000 ---p 00016000 08:01 786612                     /lib/x86_64-linux-gnu/libgcc_s.so.1
7fb4136a1000-7fb4136a2000 rw-p 00015000 08:01 786612                     /lib/x86_64-linux-gnu/libgcc_s.so.1
7fb4136a2000-7fb4137a7000 r-xp 00000000 08:01 786618                     /lib/x86_64-linux-gnu/libm-2.19.so
7fb4137a7000-7fb4139a6000 ---p 00105000 08:01 786618                     /lib/x86_64-linux-gnu/libm-2.19.so
7fb4139a6000-7fb4139a7000 r--p 00104000 08:01 786618                     /lib/x86_64-linux-gnu/libm-2.19.so
7fb4139a7000-7fb4139a8000 rw-p 00105000 08:01 786618                     /lib/x86_64-linux-gnu/libm-2.19.so
7fb4139a8000-7fb413a8e000 r-xp 00000000 08:01 4721335                    /usr/lib/x86_64-linux-gnu/libstdc++.so.6.0.19
7fb413a8e000-7fb413c8d000 ---p 000e6000 08:01 4721335                    /usr/lib/x86_64-linux-gnu/libstdc++.so.6.0.19
7fb413c8d000-7fb413c95000 r--p 000e5000 08:01 4721335                    /usr/lib/x86_64-linux-gnu/libstdc++.so.6.0.19
7fb413c95000-7fb413c97000 rw-p 000ed000 08:01 4721335                    /usr/lib/x86_64-linux-gnu/libstdc++.so.6.0.19
7fb413c97000-7fb413cac000 rw-p 00000000 00:00 0 
7fb413cac000-7fb4147d0000 r-xp 00000000 08:01 5917890                    /usr/lib/jvm/java-7-openjdk-amd64/jre/lib/amd64/server/libjvm.so
7fb4147d0000-7fb4149d0000 ---p 00b24000 08:01 5917890                    /usr/lib/jvm/java-7-openjdk-amd64/jre/lib/amd64/server/libjvm.so
7fb4149d0000-7fb414a6a000 r--p 00b24000 08:01 5917890                    /usr/lib/jvm/java-7-openjdk-amd64/jre/lib/amd64/server/libjvm.so
7fb414a6a000-7fb414a8d000 rw-p 00bbe000 08:01 5917890                    /usr/lib/jvm/java-7-openjdk-amd64/jre/lib/amd64/server/libjvm.so
7fb414a8d000-7fb414abb000 rw-p 00000000 00:00 0 
7fb414abb000-7fb414ad3000 r-xp 00000000 08:01 790555                     /lib/x86_64-linux-gnu/libz.so.1.2.8
7fb414ad3000-7fb414cd2000 ---p 00018000 08:01 790555                     /lib/x86_64-linux-gnu/libz.so.1.2.8
7fb414cd2000-7fb414cd3000 r--p 00017000 08:01 790555                     /lib/x86_64-linux-gnu/libz.so.1.2.8
7fb414cd3000-7fb414cd4000 rw-p 00018000 08:01 790555                     /lib/x86_64-linux-gnu/libz.so.1.2.8
7fb414cd4000-7fb414ced000 r-xp 00000000 08:01 786635                     /lib/x86_64-linux-gnu/libpthread-2.19.so
7fb414ced000-7fb414eec000 ---p 00019000 08:01 786635                     /lib/x86_64-linux-gnu/libpthread-2.19.so
7fb414eec000-7fb414eed000 r--p 00018000 08:01 786635                     /lib/x86_64-linux-gnu/libpthread-2.19.so
7fb414eed000-7fb414eee000 rw-p 00019000 08:01 786635                     /lib/x86_64-linux-gnu/libpthread-2.19.so
7fb414eee000-7fb414ef2000 rw-p 00000000 00:00 0 
7fb414ef2000-7fb414ef5000 r-xp 00000000 08:01 786630                     /lib/x86_64-linux-gnu/libdl-2.19.so
7fb414ef5000-7fb4150f4000 ---p 00003000 08:01 786630                     /lib/x86_64-linux-gnu/libdl-2.19.so
7fb4150f4000-7fb4150f5000 r--p 00002000 08:01 786630                     /lib/x86_64-linux-gnu/libdl-2.19.so
7fb4150f5000-7fb4150f6000 rw-p 00003000 08:01 786630                     /lib/x86_64-linux-gnu/libdl-2.19.so
7fb4150f6000-7fb4152b1000 r-xp 00000000 08:01 786643                     /lib/x86_64-linux-gnu/libc-2.19.so
7fb4152b1000-7fb4154b0000 ---p 001bb000 08:01 786643                     /lib/x86_64-linux-gnu/libc-2.19.so
7fb4154b0000-7fb4154b4000 r--p 001ba000 08:01 786643                     /lib/x86_64-linux-gnu/libc-2.19.so
7fb4154b4000-7fb4154b6000 rw-p 001be000 08:01 786643                     /lib/x86_64-linux-gnu/libc-2.19.so
7fb4154b6000-7fb4154bb000 rw-p 00000000 00:00 0 
7fb4154bb000-7fb4154c8000 r-xp 00000000 08:01 5917907                    /usr/lib/jvm/java-7-openjdk-amd64/jre/lib/amd64/jli/libjli.so
7fb4154c8000-7fb4156c7000 ---p 0000d000 08:01 5917907                    /usr/lib/jvm/java-7-openjdk-amd64/jre/lib/amd64/jli/libjli.so
7fb4156c7000-7fb4156c8000 r--p 0000c000 08:01 5917907                    /usr/lib/jvm/java-7-openjdk-amd64/jre/lib/amd64/jli/libjli.so
7fb4156c8000-7fb4156c9000 rw-p 0000d000 08:01 5917907                    /usr/lib/jvm/java-7-openjdk-amd64/jre/lib/amd64/jli/libjli.so
7fb4156c9000-7fb4156ec000 r-xp 00000000 08:01 786636                     /lib/x86_64-linux-gnu/ld-2.19.so
7fb4156ee000-7fb4156f2000 r--s 00034000 08:01 5917930                    /usr/lib/jvm/java-7-openjdk-amd64/jre/lib/ext/sunjce_provider.jar
7fb4156f2000-7fb41571b000 rw-p 00000000 00:00 0 
7fb41571b000-7fb4157ca000 rw-p 00000000 00:00 0 
7fb4157ca000-7fb4157cd000 ---p 00000000 00:00 0 
7fb4157cd000-7fb4158d0000 rw-p 00000000 00:00 0                          [stack:19370]
7fb4158d1000-7fb4158d2000 rw-p 00000000 00:00 0 
7fb4158d2000-7fb4158d4000 r--s 00012000 08:01 5917929                    /usr/lib/jvm/java-7-openjdk-amd64/jre/lib/ext/zipfs.jar
7fb4158d4000-7fb4158d6000 r--s 00006000 08:01 5118243                    /usr/share/java/java-atk-wrapper.jar
7fb4158d6000-7fb4158da000 r--s 0003c000 08:01 5917933                    /usr/lib/jvm/java-7-openjdk-amd64/jre/lib/ext/sunpkcs11.jar
7fb4158da000-7fb4158de000 r--s 00085000 08:01 5917932                    /usr/lib/jvm/java-7-openjdk-amd64/jre/lib/ext/localedata.jar
7fb4158de000-7fb4158df000 r--s 00002000 08:01 5917928                    /usr/lib/jvm/java-7-openjdk-amd64/jre/lib/ext/dnsns.jar
7fb4158df000-7fb4158e7000 rw-s 00000000 08:01 1189093                    /tmp/hsperfdata_raihan/19366
7fb4158e7000-7fb4158e8000 rw-p 00000000 00:00 0 
7fb4158e8000-7fb4158e9000 ---p 00000000 00:00 0 
7fb4158e9000-7fb4158eb000 rw-p 00000000 00:00 0 
7fb4158eb000-7fb4158ec000 r--p 00022000 08:01 786636                     /lib/x86_64-linux-gnu/ld-2.19.so
7fb4158ec000-7fb4158ed000 rw-p 00023000 08:01 786636                     /lib/x86_64-linux-gnu/ld-2.19.so
7fb4158ed000-7fb4158ee000 rw-p 00000000 00:00 0 
7fff4a35a000-7fff4a37b000 rw-p 00000000 00:00 0                          [stack]
7fff4a3e7000-7fff4a3e9000 r-xp 00000000 00:00 0                          [vdso]
ffffffffff600000-ffffffffff601000 r-xp 00000000 00:00 0                  [vsyscall]

VM Arguments:
jvm_args: -Xmx1024M -Dfile.encoding=UTF-8 -Duser.country=US -Duser.language=en -Duser.variant 
java_command: com.android.dx.command.Main --dex --multi-dex --main-dex-list /home/raihan/OpenSrpWorkSpace/opensrp-client/opensrp-mcare/build/intermediates/multi-dex/debug/maindexlist.txt --output /home/raihan/OpenSrpWorkSpace/opensrp-client/opensrp-mcare/build/intermediates/dex/debug /home/raihan/OpenSrpWorkSpace/opensrp-client/opensrp-mcare/build/intermediates/multi-dex/debug/allclasses.jar
Launcher Type: SUN_STANDARD

Environment Variables:
PATH=/usr/local/sbin:/usr/local/bin:/usr/sbin:/usr/bin:/sbin:/bin:/usr/games:/usr/local/games
LD_LIBRARY_PATH=android-studio/bin:
SHELL=/bin/bash
DISPLAY=:0

Signal Handlers:
SIGSEGV: [libjvm.so+0x9548f0], sa_mask[0]=0x7ffbfeff, sa_flags=0x10000004
SIGBUS: [libjvm.so+0x9548f0], sa_mask[0]=0x7ffbfeff, sa_flags=0x10000004
SIGFPE: [libjvm.so+0x7cb0b0], sa_mask[0]=0x7ffbfeff, sa_flags=0x10000004
SIGPIPE: [libjvm.so+0x7cb0b0], sa_mask[0]=0x7ffbfeff, sa_flags=0x10000004
SIGXFSZ: [libjvm.so+0x7cb0b0], sa_mask[0]=0x7ffbfeff, sa_flags=0x10000004
SIGILL: [libjvm.so+0x7cb0b0], sa_mask[0]=0x7ffbfeff, sa_flags=0x10000004
SIGUSR1: SIG_DFL, sa_mask[0]=0x00000000, sa_flags=0x00000000
SIGUSR2: [libjvm.so+0x7caf50], sa_mask[0]=0x00000004, sa_flags=0x10000004
SIGHUP: [libjvm.so+0x7cb130], sa_mask[0]=0x7ffbfeff, sa_flags=0x10000004
SIGINT: [libjvm.so+0x7cb130], sa_mask[0]=0x7ffbfeff, sa_flags=0x10000004
SIGTERM: [libjvm.so+0x7cb130], sa_mask[0]=0x7ffbfeff, sa_flags=0x10000004
SIGQUIT: [libjvm.so+0x7cb130], sa_mask[0]=0x7ffbfeff, sa_flags=0x10000004
SIGTRAP: SIG_DFL, sa_mask[0]=0x00000000, sa_flags=0x00000000


---------------  S Y S T E M  ---------------

OS:Ubuntu 14.04 (trusty)
uname:Linux 3.13.0-24-generic #46-Ubuntu SMP Thu Apr 10 19:11:08 UTC 2014 x86_64
libc:glibc 2.19 NPTL 2.19 
rlimit: STACK 8192k, CORE 0k, NPROC 30570, NOFILE 4096, AS infinity
load average:1.59 1.00 0.76

/proc/meminfo:
MemTotal:        3934516 kB
MemFree:          117540 kB
Buffers:            1328 kB
Cached:           470256 kB
SwapCached:        36308 kB
Active:          2242220 kB
Inactive:         858448 kB
Active(anon):    2223192 kB
Inactive(anon):   837428 kB
Active(file):      19028 kB
Inactive(file):    21020 kB
Unevictable:          64 kB
Mlocked:              64 kB
SwapTotal:       4080636 kB
SwapFree:          26540 kB
Dirty:                28 kB
Writeback:             0 kB
AnonPages:       2595852 kB
Mapped:           505824 kB
Shmem:            431112 kB
Slab:              93376 kB
SReclaimable:      40708 kB
SUnreclaim:        52668 kB
KernelStack:        6848 kB
PageTables:        82372 kB
NFS_Unstable:          0 kB
Bounce:                0 kB
WritebackTmp:          0 kB
CommitLimit:     6047892 kB
Committed_AS:   15500992 kB
VmallocTotal:   34359738367 kB
VmallocUsed:      553488 kB
VmallocChunk:   34359161480 kB
HardwareCorrupted:     0 kB
AnonHugePages:    278528 kB
HugePages_Total:       0
HugePages_Free:        0
HugePages_Rsvd:        0
HugePages_Surp:        0
Hugepagesize:       2048 kB
DirectMap4k:       77312 kB
DirectMap2M:     2957312 kB
DirectMap1G:     1048576 kB


CPU:total 4 (2 cores per cpu, 2 threads per core) family 6 model 61 stepping 4, cmov, cx8, fxsr, mmx, sse, sse2, sse3, ssse3, sse4.1, sse4.2, popcnt, avx, avx2, aes, erms, ht, tsc, tscinvbit

/proc/cpuinfo:
processor	: 0
vendor_id	: GenuineIntel
cpu family	: 6
model		: 61
model name	: Intel(R) Core(TM) i5-5200U CPU @ 2.20GHz
stepping	: 4
microcode	: 0x1f
cpu MHz		: 1600.000
cache size	: 3072 KB
physical id	: 0
siblings	: 4
core id		: 0
cpu cores	: 2
apicid		: 0
initial apicid	: 0
fpu		: yes
fpu_exception	: yes
cpuid level	: 20
wp		: yes
flags		: fpu vme de pse tsc msr pae mce cx8 apic sep mtrr pge mca cmov pat pse36 clflush dts acpi mmx fxsr sse sse2 ss ht tm pbe syscall nx pdpe1gb rdtscp lm constant_tsc arch_perfmon pebs bts rep_good nopl xtopology nonstop_tsc aperfmperf eagerfpu pni pclmulqdq dtes64 monitor ds_cpl vmx est tm2 ssse3 fma cx16 xtpr pdcm pcid sse4_1 sse4_2 x2apic movbe popcnt tsc_deadline_timer aes xsave avx f16c rdrand lahf_lm abm 3dnowprefetch ida arat epb xsaveopt pln pts dtherm tpr_shadow vnmi flexpriority ept vpid fsgsbase tsc_adjust bmi1 avx2 smep bmi2 erms invpcid rdseed adx smap
bogomips	: 4389.96
clflush size	: 64
cache_alignment	: 64
address sizes	: 39 bits physical, 48 bits virtual
power management:

processor	: 1
vendor_id	: GenuineIntel
cpu family	: 6
model		: 61
model name	: Intel(R) Core(TM) i5-5200U CPU @ 2.20GHz
stepping	: 4
microcode	: 0x1f
cpu MHz		: 2201.000
cache size	: 3072 KB
physical id	: 0
siblings	: 4
core id		: 0
cpu cores	: 2
apicid		: 1
initial apicid	: 1
fpu		: yes
fpu_exception	: yes
cpuid level	: 20
wp		: yes
flags		: fpu vme de pse tsc msr pae mce cx8 apic sep mtrr pge mca cmov pat pse36 clflush dts acpi mmx fxsr sse sse2 ss ht tm pbe syscall nx pdpe1gb rdtscp lm constant_tsc arch_perfmon pebs bts rep_good nopl xtopology nonstop_tsc aperfmperf eagerfpu pni pclmulqdq dtes64 monitor ds_cpl vmx est tm2 ssse3 fma cx16 xtpr pdcm pcid sse4_1 sse4_2 x2apic movbe popcnt tsc_deadline_timer aes xsave avx f16c rdrand lahf_lm abm 3dnowprefetch ida arat epb xsaveopt pln pts dtherm tpr_shadow vnmi flexpriority ept vpid fsgsbase tsc_adjust bmi1 avx2 smep bmi2 erms invpcid rdseed adx smap
bogomips	: 4389.96
clflush size	: 64
cache_alignment	: 64
address sizes	: 39 bits physical, 48 bits virtual
power management:

processor	: 2
vendor_id	: GenuineIntel
cpu family	: 6
model		: 61
model name	: Intel(R) Core(TM) i5-5200U CPU @ 2.20GHz
stepping	: 4
microcode	: 0x1f
cpu MHz		: 500.000
cache size	: 3072 KB
physical id	: 0
siblings	: 4
core id		: 1
cpu cores	: 2
apicid		: 2
initial apicid	: 2
fpu		: yes
fpu_exception	: yes
cpuid level	: 20
wp		: yes
flags		: fpu vme de pse tsc msr pae mce cx8 apic sep mtrr pge mca cmov pat pse36 clflush dts acpi mmx fxsr sse sse2 ss ht tm pbe syscall nx pdpe1gb rdtscp lm constant_tsc arch_perfmon pebs bts rep_good nopl xtopology nonstop_tsc aperfmperf eagerfpu pni pclmulqdq dtes64 monitor ds_cpl vmx est tm2 ssse3 fma cx16 xtpr pdcm pcid sse4_1 sse4_2 x2apic movbe popcnt tsc_deadline_timer aes xsave avx f16c rdrand lahf_lm abm 3dnowprefetch ida arat epb xsaveopt pln pts dtherm tpr_shadow vnmi flexpriority ept vpid fsgsbase tsc_adjust bmi1 avx2 smep bmi2 erms invpcid rdseed adx smap
bogomips	: 4389.96
clflush size	: 64
cache_alignment	: 64
address sizes	: 39 bits physical, 48 bits virtual
power management:

processor	: 3
vendor_id	: GenuineIntel
cpu family	: 6
model		: 61
model name	: Intel(R) Core(TM) i5-5200U CPU @ 2.20GHz
stepping	: 4
microcode	: 0x1f
cpu MHz		: 2201.000
cache size	: 3072 KB
physical id	: 0
siblings	: 4
core id		: 1
cpu cores	: 2
apicid		: 3
initial apicid	: 3
fpu		: yes
fpu_exception	: yes
cpuid level	: 20
wp		: yes
flags		: fpu vme de pse tsc msr pae mce cx8 apic sep mtrr pge mca cmov pat pse36 clflush dts acpi mmx fxsr sse sse2 ss ht tm pbe syscall nx pdpe1gb rdtscp lm constant_tsc arch_perfmon pebs bts rep_good nopl xtopology nonstop_tsc aperfmperf eagerfpu pni pclmulqdq dtes64 monitor ds_cpl vmx est tm2 ssse3 fma cx16 xtpr pdcm pcid sse4_1 sse4_2 x2apic movbe popcnt tsc_deadline_timer aes xsave avx f16c rdrand lahf_lm abm 3dnowprefetch ida arat epb xsaveopt pln pts dtherm tpr_shadow vnmi flexpriority ept vpid fsgsbase tsc_adjust bmi1 avx2 smep bmi2 erms invpcid rdseed adx smap
bogomips	: 4389.96
clflush size	: 64
cache_alignment	: 64
address sizes	: 39 bits physical, 48 bits virtual
power management:



Memory: 4k page, physical 3934516k(117416k free), swap 4080636k(26572k free)

vm_info: OpenJDK 64-Bit Server VM (24.95-b01) for linux-amd64 JRE (1.7.0_95-b00), built on Mar 24 2016 06:13:32 by "buildd" with gcc 4.8.2

time: Wed May 18 19:46:45 2016
elapsed time: 22 seconds

