#
# There is insufficient memory for the Java Runtime Environment to continue.
# Native memory allocation (malloc) failed to allocate 164102144 bytes for committing reserved memory.
# Possible reasons:
#   The system is out of physical RAM or swap space
#   In 32 bit mode, the process size limit was hit
# Possible solutions:
#   Reduce memory load on the system
#   Increase physical memory or swap space
#   Check if swap backing store is full
#   Use 64 bit Java on a 64 bit OS
#   Decrease Java heap size (-Xmx/-Xms)
#   Decrease number of Java threads
#   Decrease Java thread stack sizes (-Xss)
#   Set larger code cache with -XX:ReservedCodeCacheSize=
# This output file may be truncated or incomplete.
#
#  Out of Memory Error (os_linux.cpp:2827), pid=8079, tid=140121101793024
#
# JRE version: OpenJDK Runtime Environment (7.0_95) (build 1.7.0_95-b00)
# Java VM: OpenJDK 64-Bit Server VM (24.95-b01 mixed mode linux-amd64 compressed oops)
# Derivative: IcedTea 2.6.4
# Distribution: Ubuntu 14.04 LTS, package 7u95-2.6.4-0ubuntu0.14.04.2
# Failed to write core dump. Core dumps have been disabled. To enable core dumping, try "ulimit -c unlimited" before starting Java again
#

---------------  T H R E A D  ---------------

Current thread (0x00007f7080076000):  VMThread [stack: 0x00007f707c6f7000,0x00007f707c7f8000] [id=8089]

Stack: [0x00007f707c6f7000,0x00007f707c7f8000],  sp=0x00007f707c7f6490,  free space=1021k
Native frames: (J=compiled Java code, j=interpreted, Vv=VM code, C=native code)
V  [libjvm.so+0x953e15]
V  [libjvm.so+0x48fd94]
V  [libjvm.so+0x7cf87b]
V  [libjvm.so+0x7ca33f]
V  [libjvm.so+0x83dacb]
V  [libjvm.so+0x82d86b]
V  [libjvm.so+0x82da2b]
V  [libjvm.so+0x82e958]
V  [libjvm.so+0x8355b4]
V  [libjvm.so+0x83bc0d]
V  [libjvm.so+0x7f2083]
V  [libjvm.so+0x955814]
V  [libjvm.so+0x959917]
V  [libjvm.so+0x9583d8]
V  [libjvm.so+0x958839]
V  [libjvm.so+0x958c82]
V  [libjvm.so+0x7cc742]

VM_Operation (0x00007f7088a14d40): ParallelGCFailedAllocation, mode: safepoint, requested by thread 0x00007f708000a800


---------------  P R O C E S S  ---------------

Java Threads: ( => current thread )
  0x00007f70800af800 JavaThread "Service Thread" daemon [_thread_blocked, id=8095, stack(0x00007f707c0f1000,0x00007f707c1f2000)]
  0x00007f70800ad000 JavaThread "C2 CompilerThread1" daemon [_thread_blocked, id=8094, stack(0x00007f707c1f2000,0x00007f707c2f3000)]
  0x00007f70800aa000 JavaThread "C2 CompilerThread0" daemon [_thread_blocked, id=8093, stack(0x00007f707c2f3000,0x00007f707c3f4000)]
  0x00007f70800a8000 JavaThread "Signal Dispatcher" daemon [_thread_blocked, id=8092, stack(0x00007f707c3f4000,0x00007f707c4f5000)]
  0x00007f708007c000 JavaThread "Finalizer" daemon [_thread_blocked, id=8091, stack(0x00007f707c4f5000,0x00007f707c5f6000)]
  0x00007f708007a000 JavaThread "Reference Handler" daemon [_thread_blocked, id=8090, stack(0x00007f707c5f6000,0x00007f707c6f7000)]
  0x00007f708000a800 JavaThread "main" [_thread_blocked, id=8084, stack(0x00007f7088916000,0x00007f7088a17000)]

Other Threads:
=>0x00007f7080076000 VMThread [stack: 0x00007f707c6f7000,0x00007f707c7f8000] [id=8089]
  0x00007f70800ba000 WatcherThread [stack: 0x00007f706d2ac000,0x00007f706d3ad000] [id=8096]

VM state:at safepoint (normal execution)

VM Mutex/Monitor currently owned by a thread:  ([mutex/lock_event])
[0x00007f7080006280] ExpandHeap_lock - owner thread: 0x00007f7080076000
[0x00007f7080006900] Threads_lock - owner thread: 0x00007f7080076000
[0x00007f7080006e00] Heap_lock - owner thread: 0x00007f708000a800

Heap
 PSYoungGen      total 233472K, used 9141K [0x00000000eaa80000, 0x0000000100000000, 0x0000000100000000)
  eden space 117248K, 0% used [0x00000000eaa80000,0x00000000eaa80000,0x00000000f1d00000)
  from space 116224K, 7% used [0x00000000f1d00000,0x00000000f25ed550,0x00000000f8e80000)
  to   space 116224K, 0% used [0x00000000f8e80000,0x00000000f8e80000,0x0000000100000000)
 ParOldGen       total 374272K, used 373943K [0x00000000c0000000, 0x00000000d6d80000, 0x00000000eaa80000)
  object space 374272K, 99% used [0x00000000c0000000,0x00000000d6d2dfa8,0x00000000d6d80000)
 PSPermGen       total 21504K, used 6173K [0x00000000b5a00000, 0x00000000b6f00000, 0x00000000c0000000)
  object space 21504K, 28% used [0x00000000b5a00000,0x00000000b6007708,0x00000000b6f00000)

Card table byte_map: [0x00007f70852f7000,0x00007f708554b000] byte_map_base: 0x00007f7084d4a000

Polling page: 0x00007f7088a34000

Code Cache  [0x00007f707d000000, 0x00007f707d410000, 0x00007f7080000000)
 total_blobs=1290 nmethods=1062 adapters=181 free_code_cache=45241Kb largest_free_block=46124096

Compilation events (10 events):
Event: 17.637 Thread 0x00007f70800ad000 1132             java.util.WeakHashMap::maskNull (12 bytes)
Event: 17.637 Thread 0x00007f70800aa000 1133             java.util.WeakHashMap::hash (65 bytes)
Event: 17.637 Thread 0x00007f70800ad000 nmethod 1132 0x00007f707d3eff90 code [0x00007f707d3f00c0, 0x00007f707d3f0118]
Event: 17.638 Thread 0x00007f70800ad000 1134             java.util.WeakHashMap::getTable (9 bytes)
Event: 17.638 Thread 0x00007f70800ad000 nmethod 1134 0x00007f707d3ef350 code [0x00007f707d3ef4a0, 0x00007f707d3ef538]
Event: 17.638 Thread 0x00007f70800aa000 nmethod 1133 0x00007f707d2c5350 code [0x00007f707d2c54a0, 0x00007f707d2c55b8]
Event: 17.638 Thread 0x00007f70800aa000 1135   !         java.util.WeakHashMap::expungeStaleEntries (139 bytes)
Event: 17.638 Thread 0x00007f70800ad000 1136             java.util.WeakHashMap::indexFor (6 bytes)
Event: 17.639 Thread 0x00007f70800ad000 nmethod 1136 0x00007f707d0fd4d0 code [0x00007f707d0fd600, 0x00007f707d0fd638]
Event: 17.639 Thread 0x00007f70800aa000 nmethod 1135 0x00007f707d2c8350 code [0x00007f707d2c84a0, 0x00007f707d2c8538]

GC Heap History (10 events):
Event: 16.090 GC heap after
Heap after GC invocations=23 (full 4):
 PSYoungGen      total 232960K, used 59328K [0x00000000eaa80000, 0x0000000100000000, 0x0000000100000000)
  eden space 173568K, 0% used [0x00000000eaa80000,0x00000000eaa80000,0x00000000f5400000)
  from space 59392K, 99% used [0x00000000f5400000,0x00000000f8df00a0,0x00000000f8e00000)
  to   space 91648K, 0% used [0x00000000fa680000,0x00000000fa680000,0x0000000100000000)
 ParOldGen       total 374272K, used 244243K [0x00000000c0000000, 0x00000000d6d80000, 0x00000000eaa80000)
  object space 374272K, 65% used [0x00000000c0000000,0x00000000cee84f70,0x00000000d6d80000)
 PSPermGen       total 21504K, used 6163K [0x00000000b5a00000, 0x00000000b6f00000, 0x00000000c0000000)
  object space 21504K, 28% used [0x00000000b5a00000,0x00000000b6004f80,0x00000000b6f00000)
}
Event: 16.480 GC heap before
{Heap before GC invocations=24 (full 4):
 PSYoungGen      total 232960K, used 232896K [0x00000000eaa80000, 0x0000000100000000, 0x0000000100000000)
  eden space 173568K, 100% used [0x00000000eaa80000,0x00000000f5400000,0x00000000f5400000)
  from space 59392K, 99% used [0x00000000f5400000,0x00000000f8df00a0,0x00000000f8e00000)
  to   space 91648K, 0% used [0x00000000fa680000,0x00000000fa680000,0x0000000100000000)
 ParOldGen       total 374272K, used 244243K [0x00000000c0000000, 0x00000000d6d80000, 0x00000000eaa80000)
  object space 374272K, 65% used [0x00000000c0000000,0x00000000cee84f70,0x00000000d6d80000)
 PSPermGen       total 21504K, used 6164K [0x00000000b5a00000, 0x00000000b6f00000, 0x00000000c0000000)
  object space 21504K, 28% used [0x00000000b5a00000,0x00000000b6005148,0x00000000b6f00000)
Event: 16.556 GC heap after
Heap after GC invocations=24 (full 4):
 PSYoungGen      total 235520K, used 82194K [0x00000000eaa80000, 0x0000000100000000, 0x0000000100000000)
  eden space 143872K, 0% used [0x00000000eaa80000,0x00000000eaa80000,0x00000000f3700000)
  from space 91648K, 89% used [0x00000000fa680000,0x00000000ff6c48d8,0x0000000100000000)
  to   space 102912K, 0% used [0x00000000f3700000,0x00000000f3700000,0x00000000f9b80000)
 ParOldGen       total 374272K, used 244243K [0x00000000c0000000, 0x00000000d6d80000, 0x00000000eaa80000)
  object space 374272K, 65% used [0x00000000c0000000,0x00000000cee84f70,0x00000000d6d80000)
 PSPermGen       total 21504K, used 6164K [0x00000000b5a00000, 0x00000000b6f00000, 0x00000000c0000000)
  object space 21504K, 28% used [0x00000000b5a00000,0x00000000b6005148,0x00000000b6f00000)
}
Event: 16.872 GC heap before
{Heap before GC invocations=25 (full 4):
 PSYoungGen      total 235520K, used 226066K [0x00000000eaa80000, 0x0000000100000000, 0x0000000100000000)
  eden space 143872K, 100% used [0x00000000eaa80000,0x00000000f3700000,0x00000000f3700000)
  from space 91648K, 89% used [0x00000000fa680000,0x00000000ff6c48d8,0x0000000100000000)
  to   space 102912K, 0% used [0x00000000f3700000,0x00000000f3700000,0x00000000f9b80000)
 ParOldGen       total 374272K, used 244243K [0x00000000c0000000, 0x00000000d6d80000, 0x00000000eaa80000)
  object space 374272K, 65% used [0x00000000c0000000,0x00000000cee84f70,0x00000000d6d80000)
 PSPermGen       total 21504K, used 6164K [0x00000000b5a00000, 0x00000000b6f00000, 0x00000000c0000000)
  object space 21504K, 28% used [0x00000000b5a00000,0x00000000b60052b8,0x00000000b6f00000)
Event: 16.961 GC heap after
Heap after GC invocations=25 (full 4):
 PSYoungGen      total 246784K, used 102773K [0x00000000eaa80000, 0x0000000100000000, 0x0000000100000000)
  eden space 143872K, 0% used [0x00000000eaa80000,0x00000000eaa80000,0x00000000f3700000)
  from space 102912K, 99% used [0x00000000f3700000,0x00000000f9b5d7c0,0x00000000f9b80000)
  to   space 102912K, 0% used [0x00000000f9b80000,0x00000000f9b80000,0x0000000100000000)
 ParOldGen       total 374272K, used 244243K [0x00000000c0000000, 0x00000000d6d80000, 0x00000000eaa80000)
  object space 374272K, 65% used [0x00000000c0000000,0x00000000cee84f70,0x00000000d6d80000)
 PSPermGen       total 21504K, used 6164K [0x00000000b5a00000, 0x00000000b6f00000, 0x00000000c0000000)
  object space 21504K, 28% used [0x00000000b5a00000,0x00000000b60052b8,0x00000000b6f00000)
}
Event: 17.268 GC heap before
{Heap before GC invocations=26 (full 4):
 PSYoungGen      total 246784K, used 246645K [0x00000000eaa80000, 0x0000000100000000, 0x0000000100000000)
  eden space 143872K, 100% used [0x00000000eaa80000,0x00000000f3700000,0x00000000f3700000)
  from space 102912K, 99% used [0x00000000f3700000,0x00000000f9b5d7c0,0x00000000f9b80000)
  to   space 102912K, 0% used [0x00000000f9b80000,0x00000000f9b80000,0x0000000100000000)
 ParOldGen       total 374272K, used 244243K [0x00000000c0000000, 0x00000000d6d80000, 0x00000000eaa80000)
  object space 374272K, 65% used [0x00000000c0000000,0x00000000cee84f70,0x00000000d6d80000)
 PSPermGen       total 21504K, used 6166K [0x00000000b5a00000, 0x00000000b6f00000, 0x00000000c0000000)
  object space 21504K, 28% used [0x00000000b5a00000,0x00000000b6005a60,0x00000000b6f00000)
Event: 17.381 GC heap after
Heap after GC invocations=26 (full 4):
 PSYoungGen      total 220160K, used 89330K [0x00000000eaa80000, 0x0000000100000000, 0x0000000100000000)
  eden space 117248K, 0% used [0x00000000eaa80000,0x00000000eaa80000,0x00000000f1d00000)
  from space 102912K, 86% used [0x00000000f9b80000,0x00000000ff2bc8d0,0x0000000100000000)
  to   space 116224K, 0% used [0x00000000f1d00000,0x00000000f1d00000,0x00000000f8e80000)
 ParOldGen       total 374272K, used 279461K [0x00000000c0000000, 0x00000000d6d80000, 0x00000000eaa80000)
  object space 374272K, 74% used [0x00000000c0000000,0x00000000d10e9470,0x00000000d6d80000)
 PSPermGen       total 21504K, used 6166K [0x00000000b5a00000, 0x00000000b6f00000, 0x00000000c0000000)
  object space 21504K, 28% used [0x00000000b5a00000,0x00000000b6005a60,0x00000000b6f00000)
}
Event: 17.640 GC heap before
{Heap before GC invocations=27 (full 4):
 PSYoungGen      total 220160K, used 206578K [0x00000000eaa80000, 0x0000000100000000, 0x0000000100000000)
  eden space 117248K, 100% used [0x00000000eaa80000,0x00000000f1d00000,0x00000000f1d00000)
  from space 102912K, 86% used [0x00000000f9b80000,0x00000000ff2bc8d0,0x0000000100000000)
  to   space 116224K, 0% used [0x00000000f1d00000,0x00000000f1d00000,0x00000000f8e80000)
 ParOldGen       total 374272K, used 279461K [0x00000000c0000000, 0x00000000d6d80000, 0x00000000eaa80000)
  object space 374272K, 74% used [0x00000000c0000000,0x00000000d10e9470,0x00000000d6d80000)
 PSPermGen       total 21504K, used 6173K [0x00000000b5a00000, 0x00000000b6f00000, 0x00000000c0000000)
  object space 21504K, 28% used [0x00000000b5a00000,0x00000000b6007768,0x00000000b6f00000)
Event: 17.780 GC heap after
Heap after GC invocations=27 (full 4):
 PSYoungGen      total 233472K, used 60481K [0x00000000eaa80000, 0x0000000100000000, 0x0000000100000000)
  eden space 117248K, 0% used [0x00000000eaa80000,0x00000000eaa80000,0x00000000f1d00000)
  from space 116224K, 52% used [0x00000000f1d00000,0x00000000f58106f8,0x00000000f8e80000)
  to   space 116224K, 0% used [0x00000000f8e80000,0x00000000f8e80000,0x0000000100000000)
 ParOldGen       total 374272K, used 326178K [0x00000000c0000000, 0x00000000d6d80000, 0x00000000eaa80000)
  object space 374272K, 87% used [0x00000000c0000000,0x00000000d3e88960,0x00000000d6d80000)
 PSPermGen       total 21504K, used 6173K [0x00000000b5a00000, 0x00000000b6f00000, 0x00000000c0000000)
  object space 21504K, 28% used [0x00000000b5a00000,0x00000000b6007768,0x00000000b6f00000)
}
Event: 17.780 GC heap before
{Heap before GC invocations=28 (full 5):
 PSYoungGen      total 233472K, used 60481K [0x00000000eaa80000, 0x0000000100000000, 0x0000000100000000)
  eden space 117248K, 0% used [0x00000000eaa80000,0x00000000eaa80000,0x00000000f1d00000)
  from space 116224K, 52% used [0x00000000f1d00000,0x00000000f58106f8,0x00000000f8e80000)
  to   space 116224K, 0% used [0x00000000f8e80000,0x00000000f8e80000,0x0000000100000000)
 ParOldGen       total 374272K, used 326178K [0x00000000c0000000, 0x00000000d6d80000, 0x00000000eaa80000)
  object space 374272K, 87% used [0x00000000c0000000,0x00000000d3e88960,0x00000000d6d80000)
 PSPermGen       total 21504K, used 6173K [0x00000000b5a00000, 0x00000000b6f00000, 0x00000000c0000000)
  object space 21504K, 28% used [0x00000000b5a00000,0x00000000b6007768,0x00000000b6f00000)

Deoptimization events (10 events):
Event: 14.112 Thread 0x00007f708000a800 Uncommon trap: reason=unstable_if action=reinterpret pc=0x00007f707d3683b4 method=com.android.dx.ssa.back.IdenticalBlockCombiner.replaceSucc(Lcom/android/dx/rop/code/BasicBlock;II)V @ 30
Event: 14.151 Thread 0x00007f708000a800 Uncommon trap: reason=unstable_if action=reinterpret pc=0x00007f707d0ff5c0 method=com.android.dx.ssa.SCCP.simulateStmt(Lcom/android/dx/ssa/SsaInsn;)V @ 435
Event: 16.320 Thread 0x00007f708000a800 Uncommon trap: reason=bimorphic action=maybe_recompile pc=0x00007f707d2d7eb8 method=com.android.dx.cf.code.BytecodeArray.parseInstruction(ILcom/android/dx/cf/code/BytecodeArray$Visitor;)I @ 1447
Event: 16.320 Thread 0x00007f708000a800 Uncommon trap: reason=bimorphic action=maybe_recompile pc=0x00007f707d2d7eb8 method=com.android.dx.cf.code.BytecodeArray.parseInstruction(ILcom/android/dx/cf/code/BytecodeArray$Visitor;)I @ 1447
Event: 16.584 Thread 0x00007f708000a800 Uncommon trap: reason=bimorphic action=maybe_recompile pc=0x00007f707d14172c method=com.android.dx.ssa.NormalSsaInsn.changeOneSource(ILcom/android/dx/rop/code/RegisterSpec;)V @ 113
Event: 16.584 Thread 0x00007f708000a800 Uncommon trap: reason=bimorphic action=maybe_recompile pc=0x00007f707d14172c method=com.android.dx.ssa.NormalSsaInsn.changeOneSource(ILcom/android/dx/rop/code/RegisterSpec;)V @ 113
Event: 16.584 Thread 0x00007f708000a800 Uncommon trap: reason=bimorphic action=maybe_recompile pc=0x00007f707d14172c method=com.android.dx.ssa.NormalSsaInsn.changeOneSource(ILcom/android/dx/rop/code/RegisterSpec;)V @ 113
Event: 16.584 Thread 0x00007f708000a800 Uncommon trap: reason=bimorphic action=maybe_recompile pc=0x00007f707d14172c method=com.android.dx.ssa.NormalSsaInsn.changeOneSource(ILcom/android/dx/rop/code/RegisterSpec;)V @ 113
Event: 17.249 Thread 0x00007f708000a800 Uncommon trap: reason=bimorphic action=maybe_recompile pc=0x00007f707d38fd14 method=com.android.dx.ssa.LiteralOpUpgrader.tryReplacingWithConstant(Lcom/android/dx/ssa/NormalSsaInsn;)Z @ 62
Event: 17.395 Thread 0x00007f708000a800 Uncommon trap: reason=bimorphic action=maybe_recompile pc=0x00007f707d168f94 method=com.android.dx.ssa.LiteralOpUpgrader.tryReplacingWithConstant(Lcom/android/dx/ssa/NormalSsaInsn;)Z @ 62

Internal exceptions (10 events):
Event: 6.592 Thread 0x00007f708000a800 Implicit null exception at 0x00007f707d0bdab1 to 0x00007f707d0be159
Event: 6.592 Thread 0x00007f708000a800 Implicit null exception at 0x00007f707d167ae4 to 0x00007f707d167df5
Event: 6.592 Thread 0x00007f708000a800 Implicit null exception at 0x00007f707d193532 to 0x00007f707d1946a1
Event: 6.592 Thread 0x00007f708000a800 Implicit null exception at 0x00007f707d0e10e7 to 0x00007f707d0e13e1
Event: 6.592 Thread 0x00007f708000a800 Implicit null exception at 0x00007f707d0b4bf8 to 0x00007f707d0b4d4d
Event: 8.229 Thread 0x00007f708000a800 Threw 0x00000000eab2b440 at /build/openjdk-7-HVzwJZ/openjdk-7-7u95-2.6.4/build/openjdk/hotspot/src/share/vm/prims/jvm.cpp:1322
Event: 8.306 Thread 0x00007f708000a800 Implicit null exception at 0x00007f707d106312 to 0x00007f707d106635
Event: 9.722 Thread 0x00007f708000a800 Threw 0x00000000ebf36510 at /build/openjdk-7-HVzwJZ/openjdk-7-7u95-2.6.4/build/openjdk/hotspot/src/share/vm/prims/jvm.cpp:1322
Event: 9.839 Thread 0x00007f708000a800 Threw 0x00000000ec78ae40 at /build/openjdk-7-HVzwJZ/openjdk-7-7u95-2.6.4/build/openjdk/hotspot/src/share/vm/prims/jvm.cpp:1322
Event: 10.074 Thread 0x00007f708000a800 Threw 0x00000000f0f588c8 at /build/openjdk-7-HVzwJZ/openjdk-7-7u95-2.6.4/build/openjdk/hotspot/src/share/vm/prims/jvm.cpp:1322

Events (10 events):
Event: 16.961 Executing VM operation: ParallelGCFailedAllocation done
Event: 17.249 Thread 0x00007f708000a800 Uncommon trap: trap_request=0xffffffc6 fr.pc=0x00007f707d38fd14
Event: 17.249 Thread 0x00007f708000a800 DEOPT PACKING pc=0x00007f707d38fd14 sp=0x00007f7088a14f60
Event: 17.249 Thread 0x00007f708000a800 DEOPT UNPACKING pc=0x00007f707d039445 sp=0x00007f7088a14e28 mode 2
Event: 17.268 Executing VM operation: ParallelGCFailedAllocation
Event: 17.381 Executing VM operation: ParallelGCFailedAllocation done
Event: 17.395 Thread 0x00007f708000a800 Uncommon trap: trap_request=0xffffffc6 fr.pc=0x00007f707d168f94
Event: 17.395 Thread 0x00007f708000a800 DEOPT PACKING pc=0x00007f707d168f94 sp=0x00007f7088a14ed0
Event: 17.395 Thread 0x00007f708000a800 DEOPT UNPACKING pc=0x00007f707d039445 sp=0x00007f7088a14e10 mode 2
Event: 17.640 Executing VM operation: ParallelGCFailedAllocation


Dynamic libraries:
00400000-00401000 r-xp 00000000 08:01 5508137                            /usr/lib/jvm/java-7-openjdk-amd64/jre/bin/java
00600000-00601000 r--p 00000000 08:01 5508137                            /usr/lib/jvm/java-7-openjdk-amd64/jre/bin/java
00601000-00602000 rw-p 00001000 08:01 5508137                            /usr/lib/jvm/java-7-openjdk-amd64/jre/bin/java
00876000-00897000 rw-p 00000000 00:00 0                                  [heap]
b5a00000-b6f00000 rw-p 00000000 00:00 0 
b6f00000-c0000000 rw-p 00000000 00:00 0 
c0000000-d6d80000 rw-p 00000000 00:00 0 
e0a00000-eaa80000 rw-p 00000000 00:00 0 
eaa80000-100000000 rw-p 00000000 00:00 0 
7f704799f000-7f70479dc000 r-xp 00000000 08:01 790495                     /lib/x86_64-linux-gnu/libpcre.so.3.13.1
7f70479dc000-7f7047bdb000 ---p 0003d000 08:01 790495                     /lib/x86_64-linux-gnu/libpcre.so.3.13.1
7f7047bdb000-7f7047bdc000 r--p 0003c000 08:01 790495                     /lib/x86_64-linux-gnu/libpcre.so.3.13.1
7f7047bdc000-7f7047bdd000 rw-p 0003d000 08:01 790495                     /lib/x86_64-linux-gnu/libpcre.so.3.13.1
7f7047bdd000-7f7047be4000 r-xp 00000000 08:01 4726848                    /usr/lib/x86_64-linux-gnu/libffi.so.6.0.1
7f7047be4000-7f7047de3000 ---p 00007000 08:01 4726848                    /usr/lib/x86_64-linux-gnu/libffi.so.6.0.1
7f7047de3000-7f7047de4000 r--p 00006000 08:01 4726848                    /usr/lib/x86_64-linux-gnu/libffi.so.6.0.1
7f7047de4000-7f7047de5000 rw-p 00007000 08:01 4726848                    /usr/lib/x86_64-linux-gnu/libffi.so.6.0.1
7f7047de5000-7f7047dfc000 r-xp 00000000 08:01 786614                     /lib/x86_64-linux-gnu/libresolv-2.19.so
7f7047dfc000-7f7047ffc000 ---p 00017000 08:01 786614                     /lib/x86_64-linux-gnu/libresolv-2.19.so
7f7047ffc000-7f7047ffd000 r--p 00017000 08:01 786614                     /lib/x86_64-linux-gnu/libresolv-2.19.so
7f7047ffd000-7f7047ffe000 rw-p 00018000 08:01 786614                     /lib/x86_64-linux-gnu/libresolv-2.19.so
7f7047ffe000-7f7048000000 rw-p 00000000 00:00 0 
7f7048000000-7f7048021000 rw-p 00000000 00:00 0 
7f7048021000-7f704c000000 ---p 00000000 00:00 0 
7f704c000000-7f704c021000 rw-p 00000000 00:00 0 
7f704c021000-7f7050000000 ---p 00000000 00:00 0 
7f7050000000-7f70512cc000 rw-p 00000000 00:00 0 
7f70512cc000-7f7054000000 ---p 00000000 00:00 0 
7f7054000000-7f7055b13000 rw-p 00000000 00:00 0 
7f7055b13000-7f7058000000 ---p 00000000 00:00 0 
7f7058000000-7f7058021000 rw-p 00000000 00:00 0 
7f7058021000-7f705c000000 ---p 00000000 00:00 0 
7f705c000000-7f705c021000 rw-p 00000000 00:00 0 
7f705c021000-7f7060000000 ---p 00000000 00:00 0 
7f7060000000-7f7060021000 rw-p 00000000 00:00 0 
7f7060021000-7f7064000000 ---p 00000000 00:00 0 
7f7064000000-7f7064021000 rw-p 00000000 00:00 0 
7f7064021000-7f7068000000 ---p 00000000 00:00 0 
7f7068000000-7f7068021000 rw-p 00000000 00:00 0 
7f7068021000-7f706c000000 ---p 00000000 00:00 0 
7f706c18f000-7f706c1af000 r-xp 00000000 08:01 790522                     /lib/x86_64-linux-gnu/libselinux.so.1
7f706c1af000-7f706c3ae000 ---p 00020000 08:01 790522                     /lib/x86_64-linux-gnu/libselinux.so.1
7f706c3ae000-7f706c3af000 r--p 0001f000 08:01 790522                     /lib/x86_64-linux-gnu/libselinux.so.1
7f706c3af000-7f706c3b0000 rw-p 00020000 08:01 790522                     /lib/x86_64-linux-gnu/libselinux.so.1
7f706c3b0000-7f706c3b2000 rw-p 00000000 00:00 0 
7f706c3b2000-7f706c3b5000 r-xp 00000000 08:01 4726965                    /usr/lib/x86_64-linux-gnu/libgmodule-2.0.so.0.4000.0
7f706c3b5000-7f706c5b4000 ---p 00003000 08:01 4726965                    /usr/lib/x86_64-linux-gnu/libgmodule-2.0.so.0.4000.0
7f706c5b4000-7f706c5b5000 r--p 00002000 08:01 4726965                    /usr/lib/x86_64-linux-gnu/libgmodule-2.0.so.0.4000.0
7f706c5b5000-7f706c5b6000 rw-p 00003000 08:01 4726965                    /usr/lib/x86_64-linux-gnu/libgmodule-2.0.so.0.4000.0
7f706c5b6000-7f706c6bc000 r-xp 00000000 08:01 790423                     /lib/x86_64-linux-gnu/libglib-2.0.so.0.4000.0
7f706c6bc000-7f706c8bb000 ---p 00106000 08:01 790423                     /lib/x86_64-linux-gnu/libglib-2.0.so.0.4000.0
7f706c8bb000-7f706c8bc000 r--p 00105000 08:01 790423                     /lib/x86_64-linux-gnu/libglib-2.0.so.0.4000.0
7f706c8bc000-7f706c8bd000 rw-p 00106000 08:01 790423                     /lib/x86_64-linux-gnu/libglib-2.0.so.0.4000.0
7f706c8bd000-7f706c8be000 rw-p 00000000 00:00 0 
7f706c8be000-7f706c90d000 r-xp 00000000 08:01 4726981                    /usr/lib/x86_64-linux-gnu/libgobject-2.0.so.0.4000.0
7f706c90d000-7f706cb0d000 ---p 0004f000 08:01 4726981                    /usr/lib/x86_64-linux-gnu/libgobject-2.0.so.0.4000.0
7f706cb0d000-7f706cb0e000 r--p 0004f000 08:01 4726981                    /usr/lib/x86_64-linux-gnu/libgobject-2.0.so.0.4000.0
7f706cb0e000-7f706cb0f000 rw-p 00050000 08:01 4726981                    /usr/lib/x86_64-linux-gnu/libgobject-2.0.so.0.4000.0
7f706cb0f000-7f706cc7a000 r-xp 00000000 08:01 4726951                    /usr/lib/x86_64-linux-gnu/libgio-2.0.so.0.4000.0
7f706cc7a000-7f706ce7a000 ---p 0016b000 08:01 4726951                    /usr/lib/x86_64-linux-gnu/libgio-2.0.so.0.4000.0
7f706ce7a000-7f706ce7e000 r--p 0016b000 08:01 4726951                    /usr/lib/x86_64-linux-gnu/libgio-2.0.so.0.4000.0
7f706ce7e000-7f706ce80000 rw-p 0016f000 08:01 4726951                    /usr/lib/x86_64-linux-gnu/libgio-2.0.so.0.4000.0
7f706ce80000-7f706ce82000 rw-p 00000000 00:00 0 
7f706ce82000-7f706ce99000 r-xp 00000000 08:01 5917886                    /usr/lib/jvm/java-7-openjdk-amd64/jre/lib/amd64/libnet.so
7f706ce99000-7f706d098000 ---p 00017000 08:01 5917886                    /usr/lib/jvm/java-7-openjdk-amd64/jre/lib/amd64/libnet.so
7f706d098000-7f706d099000 r--p 00016000 08:01 5917886                    /usr/lib/jvm/java-7-openjdk-amd64/jre/lib/amd64/libnet.so
7f706d099000-7f706d09a000 rw-p 00017000 08:01 5917886                    /usr/lib/jvm/java-7-openjdk-amd64/jre/lib/amd64/libnet.so
7f706d09a000-7f706d0aa000 r-xp 00000000 08:01 5917910                    /usr/lib/jvm/java-7-openjdk-amd64/jre/lib/amd64/libnio.so
7f706d0aa000-7f706d2aa000 ---p 00010000 08:01 5917910                    /usr/lib/jvm/java-7-openjdk-amd64/jre/lib/amd64/libnio.so
7f706d2aa000-7f706d2ab000 r--p 00010000 08:01 5917910                    /usr/lib/jvm/java-7-openjdk-amd64/jre/lib/amd64/libnio.so
7f706d2ab000-7f706d2ac000 rw-p 00011000 08:01 5917910                    /usr/lib/jvm/java-7-openjdk-amd64/jre/lib/amd64/libnio.so
7f706d2ac000-7f706d2ad000 ---p 00000000 00:00 0 
7f706d2ad000-7f706d3ad000 rw-p 00000000 00:00 0                          [stack:8096]
7f706d3ad000-7f706dad0000 r--p 00000000 08:01 4725570                    /usr/lib/locale/locale-archive
7f706dad0000-7f7070000000 rw-p 00000000 00:00 0 
7f7070000000-7f7070021000 rw-p 00000000 00:00 0 
7f7070021000-7f7074000000 ---p 00000000 00:00 0 
7f7074000000-7f7074021000 rw-p 00000000 00:00 0 
7f7074021000-7f7078000000 ---p 00000000 00:00 0 
7f7078000000-7f7078021000 rw-p 00000000 00:00 0 
7f7078021000-7f707c000000 ---p 00000000 00:00 0 
7f707c037000-7f707c068000 rw-p 00000000 00:00 0 
7f707c068000-7f707c0f1000 r--s 0074b000 08:01 10224542                   /home/raihan/OpenSrpWorkSpace/opensrp-client/opensrp-mcare/build/intermediates/multi-dex/debug/allclasses.jar
7f707c0f1000-7f707c0f4000 ---p 00000000 00:00 0 
7f707c0f4000-7f707c1f2000 rw-p 00000000 00:00 0                          [stack:8095]
7f707c1f2000-7f707c1f5000 ---p 00000000 00:00 0 
7f707c1f5000-7f707c2f3000 rw-p 00000000 00:00 0                          [stack:8094]
7f707c2f3000-7f707c2f6000 ---p 00000000 00:00 0 
7f707c2f6000-7f707c3f4000 rw-p 00000000 00:00 0                          [stack:8093]
7f707c3f4000-7f707c3f7000 ---p 00000000 00:00 0 
7f707c3f7000-7f707c4f5000 rw-p 00000000 00:00 0                          [stack:8092]
7f707c4f5000-7f707c4f8000 ---p 00000000 00:00 0 
7f707c4f8000-7f707c5f6000 rw-p 00000000 00:00 0                          [stack:8091]
7f707c5f6000-7f707c5f9000 ---p 00000000 00:00 0 
7f707c5f9000-7f707c6f7000 rw-p 00000000 00:00 0                          [stack:8090]
7f707c6f7000-7f707c6f8000 ---p 00000000 00:00 0 
7f707c6f8000-7f707d000000 rw-p 00000000 00:00 0                          [stack:8089]
7f707d000000-7f707d410000 rwxp 00000000 00:00 0 
7f707d410000-7f7080312000 rw-p 00000000 00:00 0 
7f7080312000-7f7084000000 ---p 00000000 00:00 0 
7f7084046000-7f7084055000 r--s 000dd000 08:01 6177003                    /home/raihan/android-sdk-linux/build-tools/21.1.2/lib/dx.jar
7f7084055000-7f7084058000 r--s 0000f000 08:01 5917931                    /usr/lib/jvm/java-7-openjdk-amd64/jre/lib/ext/icedtea-sound.jar
7f7084058000-7f708484d000 rw-p 00000000 00:00 0 
7f708484d000-7f70849fe000 r--s 01d30000 08:01 5508152                    /usr/lib/jvm/java-7-openjdk-amd64/jre/lib/rt.jar
7f70849fe000-7f7084d4a000 rw-p 00000000 00:00 0 
7f7084d4a000-7f7084d4b000 ---p 00000000 00:00 0 
7f7084d4b000-7f7084e4b000 rw-p 00000000 00:00 0                          [stack:8088]
7f7084e4b000-7f7084e4c000 ---p 00000000 00:00 0 
7f7084e4c000-7f7084f4c000 rw-p 00000000 00:00 0                          [stack:8087]
7f7084f4c000-7f7084f4d000 ---p 00000000 00:00 0 
7f7084f4d000-7f708504d000 rw-p 00000000 00:00 0                          [stack:8086]
7f708504d000-7f708504e000 ---p 00000000 00:00 0 
7f708504e000-7f7085159000 rw-p 00000000 00:00 0                          [stack:8085]
7f7085159000-7f70851a1000 rw-p 00000000 00:00 0 
7f70851a1000-7f7085258000 rw-p 00000000 00:00 0 
7f7085258000-7f70852f7000 rw-p 00000000 00:00 0 
7f70852f7000-7f7085302000 rw-p 00000000 00:00 0 
7f7085302000-7f708534a000 rw-p 00000000 00:00 0 
7f708534a000-7f7085401000 rw-p 00000000 00:00 0 
7f7085401000-7f708549f000 rw-p 00000000 00:00 0 
7f708549f000-7f708554a000 rw-p 00000000 00:00 0 
7f708554a000-7f708554b000 rw-p 00000000 00:00 0 
7f708554b000-7f7085553000 r-xp 00000000 08:01 5917892                    /usr/lib/jvm/java-7-openjdk-amd64/jre/lib/amd64/libzip.so
7f7085553000-7f7085752000 ---p 00008000 08:01 5917892                    /usr/lib/jvm/java-7-openjdk-amd64/jre/lib/amd64/libzip.so
7f7085752000-7f7085753000 r--p 00007000 08:01 5917892                    /usr/lib/jvm/java-7-openjdk-amd64/jre/lib/amd64/libzip.so
7f7085753000-7f7085754000 rw-p 00008000 08:01 5917892                    /usr/lib/jvm/java-7-openjdk-amd64/jre/lib/amd64/libzip.so
7f7085754000-7f708575f000 r-xp 00000000 08:01 786646                     /lib/x86_64-linux-gnu/libnss_files-2.19.so
7f708575f000-7f708595e000 ---p 0000b000 08:01 786646                     /lib/x86_64-linux-gnu/libnss_files-2.19.so
7f708595e000-7f708595f000 r--p 0000a000 08:01 786646                     /lib/x86_64-linux-gnu/libnss_files-2.19.so
7f708595f000-7f7085960000 rw-p 0000b000 08:01 786646                     /lib/x86_64-linux-gnu/libnss_files-2.19.so
7f7085960000-7f708596b000 r-xp 00000000 08:01 786638                     /lib/x86_64-linux-gnu/libnss_nis-2.19.so
7f708596b000-7f7085b6a000 ---p 0000b000 08:01 786638                     /lib/x86_64-linux-gnu/libnss_nis-2.19.so
7f7085b6a000-7f7085b6b000 r--p 0000a000 08:01 786638                     /lib/x86_64-linux-gnu/libnss_nis-2.19.so
7f7085b6b000-7f7085b6c000 rw-p 0000b000 08:01 786638                     /lib/x86_64-linux-gnu/libnss_nis-2.19.so
7f7085b6c000-7f7085b83000 r-xp 00000000 08:01 786634                     /lib/x86_64-linux-gnu/libnsl-2.19.so
7f7085b83000-7f7085d82000 ---p 00017000 08:01 786634                     /lib/x86_64-linux-gnu/libnsl-2.19.so
7f7085d82000-7f7085d83000 r--p 00016000 08:01 786634                     /lib/x86_64-linux-gnu/libnsl-2.19.so
7f7085d83000-7f7085d84000 rw-p 00017000 08:01 786634                     /lib/x86_64-linux-gnu/libnsl-2.19.so
7f7085d84000-7f7085d86000 rw-p 00000000 00:00 0 
7f7085d86000-7f7085d8f000 r-xp 00000000 08:01 786633                     /lib/x86_64-linux-gnu/libnss_compat-2.19.so
7f7085d8f000-7f7085f8e000 ---p 00009000 08:01 786633                     /lib/x86_64-linux-gnu/libnss_compat-2.19.so
7f7085f8e000-7f7085f8f000 r--p 00008000 08:01 786633                     /lib/x86_64-linux-gnu/libnss_compat-2.19.so
7f7085f8f000-7f7085f90000 rw-p 00009000 08:01 786633                     /lib/x86_64-linux-gnu/libnss_compat-2.19.so
7f7085f90000-7f7085fbb000 r-xp 00000000 08:01 5917877                    /usr/lib/jvm/java-7-openjdk-amd64/jre/lib/amd64/libjava.so
7f7085fbb000-7f70861bb000 ---p 0002b000 08:01 5917877                    /usr/lib/jvm/java-7-openjdk-amd64/jre/lib/amd64/libjava.so
7f70861bb000-7f70861bc000 r--p 0002b000 08:01 5917877                    /usr/lib/jvm/java-7-openjdk-amd64/jre/lib/amd64/libjava.so
7f70861bc000-7f70861be000 rw-p 0002c000 08:01 5917877                    /usr/lib/jvm/java-7-openjdk-amd64/jre/lib/amd64/libjava.so
7f70861be000-7f70861ce000 r-xp 00000000 08:01 5917878                    /usr/lib/jvm/java-7-openjdk-amd64/jre/lib/amd64/libverify.so
7f70861ce000-7f70863cd000 ---p 00010000 08:01 5917878                    /usr/lib/jvm/java-7-openjdk-amd64/jre/lib/amd64/libverify.so
7f70863cd000-7f70863cf000 r--p 0000f000 08:01 5917878                    /usr/lib/jvm/java-7-openjdk-amd64/jre/lib/amd64/libverify.so
7f70863cf000-7f70863d0000 rw-p 00011000 08:01 5917878                    /usr/lib/jvm/java-7-openjdk-amd64/jre/lib/amd64/libverify.so
7f70863d0000-7f70863d7000 r-xp 00000000 08:01 786642                     /lib/x86_64-linux-gnu/librt-2.19.so
7f70863d7000-7f70865d6000 ---p 00007000 08:01 786642                     /lib/x86_64-linux-gnu/librt-2.19.so
7f70865d6000-7f70865d7000 r--p 00006000 08:01 786642                     /lib/x86_64-linux-gnu/librt-2.19.so
7f70865d7000-7f70865d8000 rw-p 00007000 08:01 786642                     /lib/x86_64-linux-gnu/librt-2.19.so
7f70865d8000-7f70865ee000 r-xp 00000000 08:01 786612                     /lib/x86_64-linux-gnu/libgcc_s.so.1
7f70865ee000-7f70867ed000 ---p 00016000 08:01 786612                     /lib/x86_64-linux-gnu/libgcc_s.so.1
7f70867ed000-7f70867ee000 rw-p 00015000 08:01 786612                     /lib/x86_64-linux-gnu/libgcc_s.so.1
7f70867ee000-7f70868f3000 r-xp 00000000 08:01 786618                     /lib/x86_64-linux-gnu/libm-2.19.so
7f70868f3000-7f7086af2000 ---p 00105000 08:01 786618                     /lib/x86_64-linux-gnu/libm-2.19.so
7f7086af2000-7f7086af3000 r--p 00104000 08:01 786618                     /lib/x86_64-linux-gnu/libm-2.19.so
7f7086af3000-7f7086af4000 rw-p 00105000 08:01 786618                     /lib/x86_64-linux-gnu/libm-2.19.so
7f7086af4000-7f7086bda000 r-xp 00000000 08:01 4721335                    /usr/lib/x86_64-linux-gnu/libstdc++.so.6.0.19
7f7086bda000-7f7086dd9000 ---p 000e6000 08:01 4721335                    /usr/lib/x86_64-linux-gnu/libstdc++.so.6.0.19
7f7086dd9000-7f7086de1000 r--p 000e5000 08:01 4721335                    /usr/lib/x86_64-linux-gnu/libstdc++.so.6.0.19
7f7086de1000-7f7086de3000 rw-p 000ed000 08:01 4721335                    /usr/lib/x86_64-linux-gnu/libstdc++.so.6.0.19
7f7086de3000-7f7086df8000 rw-p 00000000 00:00 0 
7f7086df8000-7f708791c000 r-xp 00000000 08:01 5917890                    /usr/lib/jvm/java-7-openjdk-amd64/jre/lib/amd64/server/libjvm.so
7f708791c000-7f7087b1c000 ---p 00b24000 08:01 5917890                    /usr/lib/jvm/java-7-openjdk-amd64/jre/lib/amd64/server/libjvm.so
7f7087b1c000-7f7087bb6000 r--p 00b24000 08:01 5917890                    /usr/lib/jvm/java-7-openjdk-amd64/jre/lib/amd64/server/libjvm.so
7f7087bb6000-7f7087bd9000 rw-p 00bbe000 08:01 5917890                    /usr/lib/jvm/java-7-openjdk-amd64/jre/lib/amd64/server/libjvm.so
7f7087bd9000-7f7087c07000 rw-p 00000000 00:00 0 
7f7087c07000-7f7087c1f000 r-xp 00000000 08:01 790555                     /lib/x86_64-linux-gnu/libz.so.1.2.8
7f7087c1f000-7f7087e1e000 ---p 00018000 08:01 790555                     /lib/x86_64-linux-gnu/libz.so.1.2.8
7f7087e1e000-7f7087e1f000 r--p 00017000 08:01 790555                     /lib/x86_64-linux-gnu/libz.so.1.2.8
7f7087e1f000-7f7087e20000 rw-p 00018000 08:01 790555                     /lib/x86_64-linux-gnu/libz.so.1.2.8
7f7087e20000-7f7087e39000 r-xp 00000000 08:01 786635                     /lib/x86_64-linux-gnu/libpthread-2.19.so
7f7087e39000-7f7088038000 ---p 00019000 08:01 786635                     /lib/x86_64-linux-gnu/libpthread-2.19.so
7f7088038000-7f7088039000 r--p 00018000 08:01 786635                     /lib/x86_64-linux-gnu/libpthread-2.19.so
7f7088039000-7f708803a000 rw-p 00019000 08:01 786635                     /lib/x86_64-linux-gnu/libpthread-2.19.so
7f708803a000-7f708803e000 rw-p 00000000 00:00 0 
7f708803e000-7f7088041000 r-xp 00000000 08:01 786630                     /lib/x86_64-linux-gnu/libdl-2.19.so
7f7088041000-7f7088240000 ---p 00003000 08:01 786630                     /lib/x86_64-linux-gnu/libdl-2.19.so
7f7088240000-7f7088241000 r--p 00002000 08:01 786630                     /lib/x86_64-linux-gnu/libdl-2.19.so
7f7088241000-7f7088242000 rw-p 00003000 08:01 786630                     /lib/x86_64-linux-gnu/libdl-2.19.so
7f7088242000-7f70883fd000 r-xp 00000000 08:01 786643                     /lib/x86_64-linux-gnu/libc-2.19.so
7f70883fd000-7f70885fc000 ---p 001bb000 08:01 786643                     /lib/x86_64-linux-gnu/libc-2.19.so
7f70885fc000-7f7088600000 r--p 001ba000 08:01 786643                     /lib/x86_64-linux-gnu/libc-2.19.so
7f7088600000-7f7088602000 rw-p 001be000 08:01 786643                     /lib/x86_64-linux-gnu/libc-2.19.so
7f7088602000-7f7088607000 rw-p 00000000 00:00 0 
7f7088607000-7f7088614000 r-xp 00000000 08:01 5917907                    /usr/lib/jvm/java-7-openjdk-amd64/jre/lib/amd64/jli/libjli.so
7f7088614000-7f7088813000 ---p 0000d000 08:01 5917907                    /usr/lib/jvm/java-7-openjdk-amd64/jre/lib/amd64/jli/libjli.so
7f7088813000-7f7088814000 r--p 0000c000 08:01 5917907                    /usr/lib/jvm/java-7-openjdk-amd64/jre/lib/amd64/jli/libjli.so
7f7088814000-7f7088815000 rw-p 0000d000 08:01 5917907                    /usr/lib/jvm/java-7-openjdk-amd64/jre/lib/amd64/jli/libjli.so
7f7088815000-7f7088838000 r-xp 00000000 08:01 786636                     /lib/x86_64-linux-gnu/ld-2.19.so
7f708883a000-7f708883e000 r--s 00034000 08:01 5917930                    /usr/lib/jvm/java-7-openjdk-amd64/jre/lib/ext/sunjce_provider.jar
7f708883e000-7f7088867000 rw-p 00000000 00:00 0 
7f7088867000-7f7088916000 rw-p 00000000 00:00 0 
7f7088916000-7f7088919000 ---p 00000000 00:00 0 
7f7088919000-7f7088a1c000 rw-p 00000000 00:00 0                          [stack:8084]
7f7088a1d000-7f7088a1e000 rw-p 00000000 00:00 0 
7f7088a1e000-7f7088a20000 r--s 00012000 08:01 5917929                    /usr/lib/jvm/java-7-openjdk-amd64/jre/lib/ext/zipfs.jar
7f7088a20000-7f7088a22000 r--s 00006000 08:01 5118243                    /usr/share/java/java-atk-wrapper.jar
7f7088a22000-7f7088a26000 r--s 0003c000 08:01 5917933                    /usr/lib/jvm/java-7-openjdk-amd64/jre/lib/ext/sunpkcs11.jar
7f7088a26000-7f7088a2a000 r--s 00085000 08:01 5917932                    /usr/lib/jvm/java-7-openjdk-amd64/jre/lib/ext/localedata.jar
7f7088a2a000-7f7088a2b000 r--s 00002000 08:01 5917928                    /usr/lib/jvm/java-7-openjdk-amd64/jre/lib/ext/dnsns.jar
7f7088a2b000-7f7088a33000 rw-s 00000000 08:01 1191129                    /tmp/hsperfdata_raihan/8079
7f7088a33000-7f7088a34000 rw-p 00000000 00:00 0 
7f7088a34000-7f7088a35000 ---p 00000000 00:00 0 
7f7088a35000-7f7088a37000 rw-p 00000000 00:00 0 
7f7088a37000-7f7088a38000 r--p 00022000 08:01 786636                     /lib/x86_64-linux-gnu/ld-2.19.so
7f7088a38000-7f7088a39000 rw-p 00023000 08:01 786636                     /lib/x86_64-linux-gnu/ld-2.19.so
7f7088a39000-7f7088a3a000 rw-p 00000000 00:00 0 
7ffff6c0e000-7ffff6c2f000 rw-p 00000000 00:00 0                          [stack]
7ffff6c5c000-7ffff6c5e000 r-xp 00000000 00:00 0                          [vdso]
ffffffffff600000-ffffffffff601000 r-xp 00000000 00:00 0                  [vsyscall]

VM Arguments:
jvm_args: -Xmx1024M -Dfile.encoding=UTF-8 -Duser.country=US -Duser.language=en -Duser.variant 
java_command: com.android.dx.command.Main --dex --multi-dex --main-dex-list /home/raihan/OpenSrpWorkSpace/opensrp-client/opensrp-mcare/build/intermediates/multi-dex/debug/maindexlist.txt --output /home/raihan/OpenSrpWorkSpace/opensrp-client/opensrp-mcare/build/intermediates/dex/debug /home/raihan/OpenSrpWorkSpace/opensrp-client/opensrp-mcare/build/intermediates/multi-dex/debug/allclasses.jar
Launcher Type: SUN_STANDARD

Environment Variables:
PATH=/usr/local/sbin:/usr/local/bin:/usr/sbin:/usr/bin:/sbin:/bin:/usr/games:/usr/local/games
SHELL=/bin/bash
DISPLAY=:0

Signal Handlers:
SIGSEGV: [libjvm.so+0x9548f0], sa_mask[0]=0x7ffbfeff, sa_flags=0x10000004
SIGBUS: [libjvm.so+0x9548f0], sa_mask[0]=0x7ffbfeff, sa_flags=0x10000004
SIGFPE: [libjvm.so+0x7cb0b0], sa_mask[0]=0x7ffbfeff, sa_flags=0x10000004
SIGPIPE: [libjvm.so+0x7cb0b0], sa_mask[0]=0x7ffbfeff, sa_flags=0x10000004
SIGXFSZ: [libjvm.so+0x7cb0b0], sa_mask[0]=0x7ffbfeff, sa_flags=0x10000004
SIGILL: [libjvm.so+0x7cb0b0], sa_mask[0]=0x7ffbfeff, sa_flags=0x10000004
SIGUSR1: SIG_DFL, sa_mask[0]=0x00000000, sa_flags=0x00000000
SIGUSR2: [libjvm.so+0x7caf50], sa_mask[0]=0x00000004, sa_flags=0x10000004
SIGHUP: [libjvm.so+0x7cb130], sa_mask[0]=0x7ffbfeff, sa_flags=0x10000004
SIGINT: [libjvm.so+0x7cb130], sa_mask[0]=0x7ffbfeff, sa_flags=0x10000004
SIGTERM: [libjvm.so+0x7cb130], sa_mask[0]=0x7ffbfeff, sa_flags=0x10000004
SIGQUIT: [libjvm.so+0x7cb130], sa_mask[0]=0x7ffbfeff, sa_flags=0x10000004
SIGTRAP: SIG_DFL, sa_mask[0]=0x00000000, sa_flags=0x00000000


---------------  S Y S T E M  ---------------

OS:Ubuntu 14.04 (trusty)
uname:Linux 3.13.0-24-generic #46-Ubuntu SMP Thu Apr 10 19:11:08 UTC 2014 x86_64
libc:glibc 2.19 NPTL 2.19 
rlimit: STACK 8192k, CORE 0k, NPROC 30570, NOFILE 4096, AS infinity
load average:3.12 1.85 1.52

/proc/meminfo:
MemTotal:        3934516 kB
MemFree:          112456 kB
Buffers:             872 kB
Cached:           443284 kB
SwapCached:        64580 kB
Active:          2056196 kB
Inactive:         754464 kB
Active(anon):    2050664 kB
Inactive(anon):   739024 kB
Active(file):       5532 kB
Inactive(file):    15440 kB
Unevictable:          88 kB
Mlocked:              88 kB
SwapTotal:       4080636 kB
SwapFree:             52 kB
Dirty:               132 kB
Writeback:             0 kB
AnonPages:       2304828 kB
Mapped:           767048 kB
Shmem:            422564 kB
Slab:              85852 kB
SReclaimable:      32472 kB
SUnreclaim:        53380 kB
KernelStack:        6096 kB
PageTables:        76784 kB
NFS_Unstable:          0 kB
Bounce:                0 kB
WritebackTmp:          0 kB
CommitLimit:     6047892 kB
Committed_AS:   14408704 kB
VmallocTotal:   34359738367 kB
VmallocUsed:      553472 kB
VmallocChunk:   34359172740 kB
HardwareCorrupted:     0 kB
AnonHugePages:     77824 kB
HugePages_Total:       0
HugePages_Free:        0
HugePages_Rsvd:        0
HugePages_Surp:        0
Hugepagesize:       2048 kB
DirectMap4k:       77312 kB
DirectMap2M:     2957312 kB
DirectMap1G:     1048576 kB


CPU:total 4 (2 cores per cpu, 2 threads per core) family 6 model 61 stepping 4, cmov, cx8, fxsr, mmx, sse, sse2, sse3, ssse3, sse4.1, sse4.2, popcnt, avx, avx2, aes, erms, ht, tsc, tscinvbit

/proc/cpuinfo:
processor	: 0
vendor_id	: GenuineIntel
cpu family	: 6
model		: 61
model name	: Intel(R) Core(TM) i5-5200U CPU @ 2.20GHz
stepping	: 4
microcode	: 0x1f
cpu MHz		: 2000.000
cache size	: 3072 KB
physical id	: 0
siblings	: 4
core id		: 0
cpu cores	: 2
apicid		: 0
initial apicid	: 0
fpu		: yes
fpu_exception	: yes
cpuid level	: 20
wp		: yes
flags		: fpu vme de pse tsc msr pae mce cx8 apic sep mtrr pge mca cmov pat pse36 clflush dts acpi mmx fxsr sse sse2 ss ht tm pbe syscall nx pdpe1gb rdtscp lm constant_tsc arch_perfmon pebs bts rep_good nopl xtopology nonstop_tsc aperfmperf eagerfpu pni pclmulqdq dtes64 monitor ds_cpl vmx est tm2 ssse3 fma cx16 xtpr pdcm pcid sse4_1 sse4_2 x2apic movbe popcnt tsc_deadline_timer aes xsave avx f16c rdrand lahf_lm abm 3dnowprefetch ida arat epb xsaveopt pln pts dtherm tpr_shadow vnmi flexpriority ept vpid fsgsbase tsc_adjust bmi1 avx2 smep bmi2 erms invpcid rdseed adx smap
bogomips	: 4390.26
clflush size	: 64
cache_alignment	: 64
address sizes	: 39 bits physical, 48 bits virtual
power management:

processor	: 1
vendor_id	: GenuineIntel
cpu family	: 6
model		: 61
model name	: Intel(R) Core(TM) i5-5200U CPU @ 2.20GHz
stepping	: 4
microcode	: 0x1f
cpu MHz		: 1600.000
cache size	: 3072 KB
physical id	: 0
siblings	: 4
core id		: 0
cpu cores	: 2
apicid		: 1
initial apicid	: 1
fpu		: yes
fpu_exception	: yes
cpuid level	: 20
wp		: yes
flags		: fpu vme de pse tsc msr pae mce cx8 apic sep mtrr pge mca cmov pat pse36 clflush dts acpi mmx fxsr sse sse2 ss ht tm pbe syscall nx pdpe1gb rdtscp lm constant_tsc arch_perfmon pebs bts rep_good nopl xtopology nonstop_tsc aperfmperf eagerfpu pni pclmulqdq dtes64 monitor ds_cpl vmx est tm2 ssse3 fma cx16 xtpr pdcm pcid sse4_1 sse4_2 x2apic movbe popcnt tsc_deadline_timer aes xsave avx f16c rdrand lahf_lm abm 3dnowprefetch ida arat epb xsaveopt pln pts dtherm tpr_shadow vnmi flexpriority ept vpid fsgsbase tsc_adjust bmi1 avx2 smep bmi2 erms invpcid rdseed adx smap
bogomips	: 4390.26
clflush size	: 64
cache_alignment	: 64
address sizes	: 39 bits physical, 48 bits virtual
power management:

processor	: 2
vendor_id	: GenuineIntel
cpu family	: 6
model		: 61
model name	: Intel(R) Core(TM) i5-5200U CPU @ 2.20GHz
stepping	: 4
microcode	: 0x1f
cpu MHz		: 1100.000
cache size	: 3072 KB
physical id	: 0
siblings	: 4
core id		: 1
cpu cores	: 2
apicid		: 2
initial apicid	: 2
fpu		: yes
fpu_exception	: yes
cpuid level	: 20
wp		: yes
flags		: fpu vme de pse tsc msr pae mce cx8 apic sep mtrr pge mca cmov pat pse36 clflush dts acpi mmx fxsr sse sse2 ss ht tm pbe syscall nx pdpe1gb rdtscp lm constant_tsc arch_perfmon pebs bts rep_good nopl xtopology nonstop_tsc aperfmperf eagerfpu pni pclmulqdq dtes64 monitor ds_cpl vmx est tm2 ssse3 fma cx16 xtpr pdcm pcid sse4_1 sse4_2 x2apic movbe popcnt tsc_deadline_timer aes xsave avx f16c rdrand lahf_lm abm 3dnowprefetch ida arat epb xsaveopt pln pts dtherm tpr_shadow vnmi flexpriority ept vpid fsgsbase tsc_adjust bmi1 avx2 smep bmi2 erms invpcid rdseed adx smap
bogomips	: 4390.26
clflush size	: 64
cache_alignment	: 64
address sizes	: 39 bits physical, 48 bits virtual
power management:

processor	: 3
vendor_id	: GenuineIntel
cpu family	: 6
model		: 61
model name	: Intel(R) Core(TM) i5-5200U CPU @ 2.20GHz
stepping	: 4
microcode	: 0x1f
cpu MHz		: 600.000
cache size	: 3072 KB
physical id	: 0
siblings	: 4
core id		: 1
cpu cores	: 2
apicid		: 3
initial apicid	: 3
fpu		: yes
fpu_exception	: yes
cpuid level	: 20
wp		: yes
flags		: fpu vme de pse tsc msr pae mce cx8 apic sep mtrr pge mca cmov pat pse36 clflush dts acpi mmx fxsr sse sse2 ss ht tm pbe syscall nx pdpe1gb rdtscp lm constant_tsc arch_perfmon pebs bts rep_good nopl xtopology nonstop_tsc aperfmperf eagerfpu pni pclmulqdq dtes64 monitor ds_cpl vmx est tm2 ssse3 fma cx16 xtpr pdcm pcid sse4_1 sse4_2 x2apic movbe popcnt tsc_deadline_timer aes xsave avx f16c rdrand lahf_lm abm 3dnowprefetch ida arat epb xsaveopt pln pts dtherm tpr_shadow vnmi flexpriority ept vpid fsgsbase tsc_adjust bmi1 avx2 smep bmi2 erms invpcid rdseed adx smap
bogomips	: 4390.26
clflush size	: 64
cache_alignment	: 64
address sizes	: 39 bits physical, 48 bits virtual
power management:



Memory: 4k page, physical 3934516k(112456k free), swap 4080636k(52k free)

vm_info: OpenJDK 64-Bit Server VM (24.95-b01) for linux-amd64 JRE (1.7.0_95-b00), built on Mar 24 2016 06:13:32 by "buildd" with gcc 4.8.2

time: Thu Jun 16 15:49:32 2016
elapsed time: 19 seconds

