#
# There is insufficient memory for the Java Runtime Environment to continue.
# Native memory allocation (malloc) failed to allocate 152567808 bytes for committing reserved memory.
# Possible reasons:
#   The system is out of physical RAM or swap space
#   In 32 bit mode, the process size limit was hit
# Possible solutions:
#   Reduce memory load on the system
#   Increase physical memory or swap space
#   Check if swap backing store is full
#   Use 64 bit Java on a 64 bit OS
#   Decrease Java heap size (-Xmx/-Xms)
#   Decrease number of Java threads
#   Decrease Java thread stack sizes (-Xss)
#   Set larger code cache with -XX:ReservedCodeCacheSize=
# This output file may be truncated or incomplete.
#
#  Out of Memory Error (os_linux.cpp:2827), pid=19517, tid=139960507860736
#
# JRE version: OpenJDK Runtime Environment (7.0_95) (build 1.7.0_95-b00)
# Java VM: OpenJDK 64-Bit Server VM (24.95-b01 mixed mode linux-amd64 compressed oops)
# Derivative: IcedTea 2.6.4
# Distribution: Ubuntu 14.04 LTS, package 7u95-2.6.4-0ubuntu0.14.04.2
# Failed to write core dump. Core dumps have been disabled. To enable core dumping, try "ulimit -c unlimited" before starting Java again
#

---------------  T H R E A D  ---------------

Current thread (0x00007f4b14076000):  VMThread [stack: 0x00007f4b184a8000,0x00007f4b185a9000] [id=19527]

Stack: [0x00007f4b184a8000,0x00007f4b185a9000],  sp=0x00007f4b185a7490,  free space=1021k
Native frames: (J=compiled Java code, j=interpreted, Vv=VM code, C=native code)
V  [libjvm.so+0x953e15]
V  [libjvm.so+0x48fd94]
V  [libjvm.so+0x7cf87b]
V  [libjvm.so+0x7ca33f]
V  [libjvm.so+0x83dacb]
V  [libjvm.so+0x82d86b]
V  [libjvm.so+0x82da2b]
V  [libjvm.so+0x82e958]
V  [libjvm.so+0x8355b4]
V  [libjvm.so+0x83bc0d]
V  [libjvm.so+0x7f2083]
V  [libjvm.so+0x955814]
V  [libjvm.so+0x959917]
V  [libjvm.so+0x9583d8]
V  [libjvm.so+0x958839]
V  [libjvm.so+0x958c82]
V  [libjvm.so+0x7cc742]

VM_Operation (0x00007f4b1d76dee0): ParallelGCFailedAllocation, mode: safepoint, requested by thread 0x00007f4b1400a800


---------------  P R O C E S S  ---------------

Java Threads: ( => current thread )
  0x00007f4b140af800 JavaThread "Service Thread" daemon [_thread_blocked, id=19533, stack(0x00007f4b106db000,0x00007f4b107dc000)]
  0x00007f4b140ad000 JavaThread "C2 CompilerThread1" daemon [_thread_blocked, id=19532, stack(0x00007f4b107dc000,0x00007f4b108dd000)]
  0x00007f4b140aa000 JavaThread "C2 CompilerThread0" daemon [_thread_blocked, id=19531, stack(0x00007f4b180a4000,0x00007f4b181a5000)]
  0x00007f4b140a8000 JavaThread "Signal Dispatcher" daemon [_thread_blocked, id=19530, stack(0x00007f4b181a5000,0x00007f4b182a6000)]
  0x00007f4b1407c000 JavaThread "Finalizer" daemon [_thread_blocked, id=19529, stack(0x00007f4b182a6000,0x00007f4b183a7000)]
  0x00007f4b1407a000 JavaThread "Reference Handler" daemon [_thread_blocked, id=19528, stack(0x00007f4b183a7000,0x00007f4b184a8000)]
  0x00007f4b1400a800 JavaThread "main" [_thread_blocked, id=19522, stack(0x00007f4b1d66f000,0x00007f4b1d770000)]

Other Threads:
=>0x00007f4b14076000 VMThread [stack: 0x00007f4b184a8000,0x00007f4b185a9000] [id=19527]
  0x00007f4b140ba000 WatcherThread [stack: 0x00007f4b105da000,0x00007f4b106db000] [id=19534]

VM state:at safepoint (normal execution)

VM Mutex/Monitor currently owned by a thread:  ([mutex/lock_event])
[0x00007f4b14006350] ExpandHeap_lock - owner thread: 0x00007f4b14076000
[0x00007f4b140069d0] Threads_lock - owner thread: 0x00007f4b14076000
[0x00007f4b14006ed0] Heap_lock - owner thread: 0x00007f4b1400a800

Heap
 PSYoungGen      total 233472K, used 13009K [0x00000000eaa80000, 0x00000000ffe00000, 0x0000000100000000)
  eden space 117248K, 0% used [0x00000000eaa80000,0x00000000eaa80000,0x00000000f1d00000)
  from space 116224K, 11% used [0x00000000f1d00000,0x00000000f29b4750,0x00000000f8e80000)
  to   space 112640K, 0% used [0x00000000f9000000,0x00000000f9000000,0x00000000ffe00000)
 ParOldGen       total 366080K, used 365600K [0x00000000c0000000, 0x00000000d6580000, 0x00000000eaa80000)
  object space 366080K, 99% used [0x00000000c0000000,0x00000000d6508008,0x00000000d6580000)
 PSPermGen       total 21504K, used 6165K [0x00000000b5a00000, 0x00000000b6f00000, 0x00000000c0000000)
  object space 21504K, 28% used [0x00000000b5a00000,0x00000000b60054b8,0x00000000b6f00000)

Card table byte_map: [0x00007f4b1a050000,0x00007f4b1a2a4000] byte_map_base: 0x00007f4b19aa3000

Polling page: 0x00007f4b1d78d000

Code Cache  [0x00007f4b11000000, 0x00007f4b11400000, 0x00007f4b14000000)
 total_blobs=1288 nmethods=1060 adapters=181 free_code_cache=45278Kb largest_free_block=46194240

Compilation events (10 events):
Event: 23.962 Thread 0x00007f4b140ad000 1129             com.android.dx.ssa.PhiInsn::<init> (26 bytes)
Event: 23.963 Thread 0x00007f4b140ad000 nmethod 1129 0x00007f4b112eb850 code [0x00007f4b112eb9a0, 0x00007f4b112ebaf8]
Event: 23.997 Thread 0x00007f4b140aa000 nmethod 1122 0x00007f4b113cf950 code [0x00007f4b113d1240, 0x00007f4b113d8ab0]
Event: 24.015 Thread 0x00007f4b140ad000 1130             com.android.dx.rop.cst.CstLong::getType (4 bytes)
Event: 24.015 Thread 0x00007f4b140ad000 nmethod 1130 0x00007f4b112a11d0 code [0x00007f4b112a1300, 0x00007f4b112a1358]
Event: 24.061 Thread 0x00007f4b140aa000 1131             com.android.dx.ssa.SsaBasicBlock::addPhiInsnForReg (18 bytes)
Event: 24.067 Thread 0x00007f4b140aa000 nmethod 1131 0x00007f4b1130d690 code [0x00007f4b1130d820, 0x00007f4b1130dc38]
Event: 24.276 Thread 0x00007f4b140ad000 1132             com.android.dx.rop.code.RegisterSpec::withLocalItem (41 bytes)
Event: 24.278 Thread 0x00007f4b140ad000 nmethod 1132 0x00007f4b110da910 code [0x00007f4b110daa60, 0x00007f4b110dae48]
Event: 24.473 Thread 0x00007f4b140aa000 1133             com.android.dx.ssa.NormalSsaInsn::changeOneSource (120 bytes)

GC Heap History (10 events):
Event: 21.966 GC heap after
Heap after GC invocations=23 (full 4):
 PSYoungGen      total 227840K, used 59323K [0x00000000eaa80000, 0x0000000100000000, 0x0000000100000000)
  eden space 168448K, 0% used [0x00000000eaa80000,0x00000000eaa80000,0x00000000f4f00000)
  from space 59392K, 99% used [0x00000000f4f00000,0x00000000f88eeef8,0x00000000f8900000)
  to   space 93696K, 0% used [0x00000000fa480000,0x00000000fa480000,0x0000000100000000)
 ParOldGen       total 366080K, used 241335K [0x00000000c0000000, 0x00000000d6580000, 0x00000000eaa80000)
  object space 366080K, 65% used [0x00000000c0000000,0x00000000cebadde0,0x00000000d6580000)
 PSPermGen       total 21504K, used 6160K [0x00000000b5a00000, 0x00000000b6f00000, 0x00000000c0000000)
  object space 21504K, 28% used [0x00000000b5a00000,0x00000000b60042f0,0x00000000b6f00000)
}
Event: 22.459 GC heap before
{Heap before GC invocations=24 (full 4):
 PSYoungGen      total 227840K, used 227771K [0x00000000eaa80000, 0x0000000100000000, 0x0000000100000000)
  eden space 168448K, 100% used [0x00000000eaa80000,0x00000000f4f00000,0x00000000f4f00000)
  from space 59392K, 99% used [0x00000000f4f00000,0x00000000f88eeef8,0x00000000f8900000)
  to   space 93696K, 0% used [0x00000000fa480000,0x00000000fa480000,0x0000000100000000)
 ParOldGen       total 366080K, used 241335K [0x00000000c0000000, 0x00000000d6580000, 0x00000000eaa80000)
  object space 366080K, 65% used [0x00000000c0000000,0x00000000cebadde0,0x00000000d6580000)
 PSPermGen       total 21504K, used 6162K [0x00000000b5a00000, 0x00000000b6f00000, 0x00000000c0000000)
  object space 21504K, 28% used [0x00000000b5a00000,0x00000000b6004ac8,0x00000000b6f00000)
Event: 22.819 GC heap after
Heap after GC invocations=24 (full 4):
 PSYoungGen      total 234496K, used 82530K [0x00000000eaa80000, 0x0000000100000000, 0x0000000100000000)
  eden space 140800K, 0% used [0x00000000eaa80000,0x00000000eaa80000,0x00000000f3400000)
  from space 93696K, 88% used [0x00000000fa480000,0x00000000ff5188b0,0x0000000100000000)
  to   space 104448K, 0% used [0x00000000f3400000,0x00000000f3400000,0x00000000f9a00000)
 ParOldGen       total 366080K, used 241335K [0x00000000c0000000, 0x00000000d6580000, 0x00000000eaa80000)
  object space 366080K, 65% used [0x00000000c0000000,0x00000000cebadde0,0x00000000d6580000)
 PSPermGen       total 21504K, used 6162K [0x00000000b5a00000, 0x00000000b6f00000, 0x00000000c0000000)
  object space 21504K, 28% used [0x00000000b5a00000,0x00000000b6004ac8,0x00000000b6f00000)
}
Event: 23.385 GC heap before
{Heap before GC invocations=25 (full 4):
 PSYoungGen      total 234496K, used 223330K [0x00000000eaa80000, 0x0000000100000000, 0x0000000100000000)
  eden space 140800K, 100% used [0x00000000eaa80000,0x00000000f3400000,0x00000000f3400000)
  from space 93696K, 88% used [0x00000000fa480000,0x00000000ff5188b0,0x0000000100000000)
  to   space 104448K, 0% used [0x00000000f3400000,0x00000000f3400000,0x00000000f9a00000)
 ParOldGen       total 366080K, used 241335K [0x00000000c0000000, 0x00000000d6580000, 0x00000000eaa80000)
  object space 366080K, 65% used [0x00000000c0000000,0x00000000cebadde0,0x00000000d6580000)
 PSPermGen       total 21504K, used 6163K [0x00000000b5a00000, 0x00000000b6f00000, 0x00000000c0000000)
  object space 21504K, 28% used [0x00000000b5a00000,0x00000000b6004f98,0x00000000b6f00000)
Event: 23.544 GC heap after
Heap after GC invocations=25 (full 4):
 PSYoungGen      total 217600K, used 76664K [0x00000000eaa80000, 0x0000000100000000, 0x0000000100000000)
  eden space 140800K, 0% used [0x00000000eaa80000,0x00000000eaa80000,0x00000000f3400000)
  from space 76800K, 99% used [0x00000000f3400000,0x00000000f7ede230,0x00000000f7f00000)
  to   space 111104K, 0% used [0x00000000f9380000,0x00000000f9380000,0x0000000100000000)
 ParOldGen       total 366080K, used 265565K [0x00000000c0000000, 0x00000000d6580000, 0x00000000eaa80000)
  object space 366080K, 72% used [0x00000000c0000000,0x00000000d0357518,0x00000000d6580000)
 PSPermGen       total 21504K, used 6163K [0x00000000b5a00000, 0x00000000b6f00000, 0x00000000c0000000)
  object space 21504K, 28% used [0x00000000b5a00000,0x00000000b6004f98,0x00000000b6f00000)
}
Event: 24.109 GC heap before
{Heap before GC invocations=26 (full 4):
 PSYoungGen      total 217600K, used 217464K [0x00000000eaa80000, 0x0000000100000000, 0x0000000100000000)
  eden space 140800K, 100% used [0x00000000eaa80000,0x00000000f3400000,0x00000000f3400000)
  from space 76800K, 99% used [0x00000000f3400000,0x00000000f7ede230,0x00000000f7f00000)
  to   space 111104K, 0% used [0x00000000f9380000,0x00000000f9380000,0x0000000100000000)
 ParOldGen       total 366080K, used 265565K [0x00000000c0000000, 0x00000000d6580000, 0x00000000eaa80000)
  object space 366080K, 72% used [0x00000000c0000000,0x00000000d0357518,0x00000000d6580000)
 PSPermGen       total 21504K, used 6163K [0x00000000b5a00000, 0x00000000b6f00000, 0x00000000c0000000)
  object space 21504K, 28% used [0x00000000b5a00000,0x00000000b6004fb8,0x00000000b6f00000)
Event: 24.210 GC heap after
Heap after GC invocations=26 (full 4):
 PSYoungGen      total 228352K, used 79458K [0x00000000eaa80000, 0x0000000100000000, 0x0000000100000000)
  eden space 117248K, 0% used [0x00000000eaa80000,0x00000000eaa80000,0x00000000f1d00000)
  from space 111104K, 71% used [0x00000000f9380000,0x00000000fe118a58,0x0000000100000000)
  to   space 116224K, 0% used [0x00000000f1d00000,0x00000000f1d00000,0x00000000f8e80000)
 ParOldGen       total 366080K, used 282652K [0x00000000c0000000, 0x00000000d6580000, 0x00000000eaa80000)
  object space 366080K, 77% used [0x00000000c0000000,0x00000000d1407130,0x00000000d6580000)
 PSPermGen       total 21504K, used 6163K [0x00000000b5a00000, 0x00000000b6f00000, 0x00000000c0000000)
  object space 21504K, 28% used [0x00000000b5a00000,0x00000000b6004fb8,0x00000000b6f00000)
}
Event: 24.477 GC heap before
{Heap before GC invocations=27 (full 4):
 PSYoungGen      total 228352K, used 196706K [0x00000000eaa80000, 0x0000000100000000, 0x0000000100000000)
  eden space 117248K, 100% used [0x00000000eaa80000,0x00000000f1d00000,0x00000000f1d00000)
  from space 111104K, 71% used [0x00000000f9380000,0x00000000fe118a58,0x0000000100000000)
  to   space 116224K, 0% used [0x00000000f1d00000,0x00000000f1d00000,0x00000000f8e80000)
 ParOldGen       total 366080K, used 282652K [0x00000000c0000000, 0x00000000d6580000, 0x00000000eaa80000)
  object space 366080K, 77% used [0x00000000c0000000,0x00000000d1407130,0x00000000d6580000)
 PSPermGen       total 21504K, used 6165K [0x00000000b5a00000, 0x00000000b6f00000, 0x00000000c0000000)
  object space 21504K, 28% used [0x00000000b5a00000,0x00000000b6005578,0x00000000b6f00000)
Event: 24.613 GC heap after
Heap after GC invocations=27 (full 4):
 PSYoungGen      total 233472K, used 56177K [0x00000000eaa80000, 0x00000000ffe00000, 0x0000000100000000)
  eden space 117248K, 0% used [0x00000000eaa80000,0x00000000eaa80000,0x00000000f1d00000)
  from space 116224K, 48% used [0x00000000f1d00000,0x00000000f53dc7f0,0x00000000f8e80000)
  to   space 112640K, 0% used [0x00000000f9000000,0x00000000f9000000,0x00000000ffe00000)
 ParOldGen       total 366080K, used 323771K [0x00000000c0000000, 0x00000000d6580000, 0x00000000eaa80000)
  object space 366080K, 88% used [0x00000000c0000000,0x00000000d3c2ec30,0x00000000d6580000)
 PSPermGen       total 21504K, used 6165K [0x00000000b5a00000, 0x00000000b6f00000, 0x00000000c0000000)
  object space 21504K, 28% used [0x00000000b5a00000,0x00000000b6005578,0x00000000b6f00000)
}
Event: 24.618 GC heap before
{Heap before GC invocations=28 (full 5):
 PSYoungGen      total 233472K, used 56177K [0x00000000eaa80000, 0x00000000ffe00000, 0x0000000100000000)
  eden space 117248K, 0% used [0x00000000eaa80000,0x00000000eaa80000,0x00000000f1d00000)
  from space 116224K, 48% used [0x00000000f1d00000,0x00000000f53dc7f0,0x00000000f8e80000)
  to   space 112640K, 0% used [0x00000000f9000000,0x00000000f9000000,0x00000000ffe00000)
 ParOldGen       total 366080K, used 323771K [0x00000000c0000000, 0x00000000d6580000, 0x00000000eaa80000)
  object space 366080K, 88% used [0x00000000c0000000,0x00000000d3c2ec30,0x00000000d6580000)
 PSPermGen       total 21504K, used 6165K [0x00000000b5a00000, 0x00000000b6f00000, 0x00000000c0000000)
  object space 21504K, 28% used [0x00000000b5a00000,0x00000000b6005578,0x00000000b6f00000)

Deoptimization events (10 events):
Event: 21.012 Thread 0x00007f4b1400a800 Uncommon trap: reason=unstable_if action=reinterpret pc=0x00007f4b1127e2c8 method=com.android.dx.rop.code.RegisterSpecSet.<init>(I)V @ 2
Event: 21.012 Thread 0x00007f4b1400a800 Uncommon trap: reason=unstable_if action=reinterpret pc=0x00007f4b112b4860 method=com.android.dx.rop.code.RegisterSpecSet.<init>(I)V @ 2
Event: 21.012 Thread 0x00007f4b1400a800 Uncommon trap: reason=unstable_if action=reinterpret pc=0x00007f4b1123abb0 method=com.android.dx.rop.code.RegisterSpecSet.<init>(I)V @ 2
Event: 21.415 Thread 0x00007f4b1400a800 Uncommon trap: reason=unstable_if action=reinterpret pc=0x00007f4b110f3f64 method=com.android.dx.ssa.SCCP.simulateStmt(Lcom/android/dx/ssa/SsaInsn;)V @ 435
Event: 23.195 Thread 0x00007f4b1400a800 Uncommon trap: reason=bimorphic action=maybe_recompile pc=0x00007f4b113a8194 method=com.android.dx.cf.code.BytecodeArray.parseInstruction(ILcom/android/dx/cf/code/BytecodeArray$Visitor;)I @ 1447
Event: 23.198 Thread 0x00007f4b1400a800 Uncommon trap: reason=bimorphic action=maybe_recompile pc=0x00007f4b113a8194 method=com.android.dx.cf.code.BytecodeArray.parseInstruction(ILcom/android/dx/cf/code/BytecodeArray$Visitor;)I @ 1447
Event: 23.715 Thread 0x00007f4b1400a800 Uncommon trap: reason=bimorphic action=maybe_recompile pc=0x00007f4b1122ede8 method=com.android.dx.ssa.NormalSsaInsn.changeOneSource(ILcom/android/dx/rop/code/RegisterSpec;)V @ 113
Event: 23.715 Thread 0x00007f4b1400a800 Uncommon trap: reason=bimorphic action=maybe_recompile pc=0x00007f4b1122ede8 method=com.android.dx.ssa.NormalSsaInsn.changeOneSource(ILcom/android/dx/rop/code/RegisterSpec;)V @ 113
Event: 23.715 Thread 0x00007f4b1400a800 Uncommon trap: reason=bimorphic action=maybe_recompile pc=0x00007f4b1122ede8 method=com.android.dx.ssa.NormalSsaInsn.changeOneSource(ILcom/android/dx/rop/code/RegisterSpec;)V @ 113
Event: 23.715 Thread 0x00007f4b1400a800 Uncommon trap: reason=bimorphic action=maybe_recompile pc=0x00007f4b1122ede8 method=com.android.dx.ssa.NormalSsaInsn.changeOneSource(ILcom/android/dx/rop/code/RegisterSpec;)V @ 113

Internal exceptions (10 events):
Event: 7.226 Thread 0x00007f4b1400a800 Implicit null exception at 0x00007f4b1113f9a4 to 0x00007f4b1113fcb5
Event: 7.226 Thread 0x00007f4b1400a800 Implicit null exception at 0x00007f4b111a0bb1 to 0x00007f4b111a1d31
Event: 7.226 Thread 0x00007f4b1400a800 Implicit null exception at 0x00007f4b110e69a7 to 0x00007f4b110e6ca1
Event: 7.226 Thread 0x00007f4b1400a800 Implicit null exception at 0x00007f4b110914f8 to 0x00007f4b1109164d
Event: 7.622 Thread 0x00007f4b1400a800 Implicit null exception at 0x00007f4b113587d7 to 0x00007f4b1135b189
Event: 9.306 Thread 0x00007f4b1400a800 Threw 0x00000000eba3d7b0 at /build/openjdk-7-HVzwJZ/openjdk-7-7u95-2.6.4/build/openjdk/hotspot/src/share/vm/prims/jvm.cpp:1322
Event: 9.309 Thread 0x00007f4b1400a800 Implicit null exception at 0x00007f4b112973d2 to 0x00007f4b112976f5
Event: 10.160 Thread 0x00007f4b1400a800 Threw 0x00000000ec7f6eb8 at /build/openjdk-7-HVzwJZ/openjdk-7-7u95-2.6.4/build/openjdk/hotspot/src/share/vm/prims/jvm.cpp:1322
Event: 10.229 Thread 0x00007f4b1400a800 Threw 0x00000000ed055158 at /build/openjdk-7-HVzwJZ/openjdk-7-7u95-2.6.4/build/openjdk/hotspot/src/share/vm/prims/jvm.cpp:1322
Event: 10.485 Thread 0x00007f4b1400a800 Threw 0x00000000f0a68860 at /build/openjdk-7-HVzwJZ/openjdk-7-7u95-2.6.4/build/openjdk/hotspot/src/share/vm/prims/jvm.cpp:1322

Events (10 events):
Event: 23.715 Thread 0x00007f4b1400a800 Uncommon trap: trap_request=0xffffffc6 fr.pc=0x00007f4b1122ede8
Event: 23.715 Thread 0x00007f4b1400a800 DEOPT PACKING pc=0x00007f4b1122ede8 sp=0x00007f4b1d76def0
Event: 23.715 Thread 0x00007f4b1400a800 DEOPT UNPACKING pc=0x00007f4b11039445 sp=0x00007f4b1d76de98 mode 2
Event: 23.715 Thread 0x00007f4b1400a800 Uncommon trap: trap_request=0xffffffc6 fr.pc=0x00007f4b1122ede8
Event: 23.715 Thread 0x00007f4b1400a800 DEOPT PACKING pc=0x00007f4b1122ede8 sp=0x00007f4b1d76def0
Event: 23.715 Thread 0x00007f4b1400a800 DEOPT UNPACKING pc=0x00007f4b11039445 sp=0x00007f4b1d76de98 mode 2
Event: 23.835 Thread 0x00007f4b140ad000 flushing nmethod 0x00007f4b113bf810
Event: 24.109 Executing VM operation: ParallelGCFailedAllocation
Event: 24.210 Executing VM operation: ParallelGCFailedAllocation done
Event: 24.477 Executing VM operation: ParallelGCFailedAllocation


Dynamic libraries:
00400000-00401000 r-xp 00000000 08:01 5508137                            /usr/lib/jvm/java-7-openjdk-amd64/jre/bin/java
00600000-00601000 r--p 00000000 08:01 5508137                            /usr/lib/jvm/java-7-openjdk-amd64/jre/bin/java
00601000-00602000 rw-p 00001000 08:01 5508137                            /usr/lib/jvm/java-7-openjdk-amd64/jre/bin/java
0218d000-021ae000 rw-p 00000000 00:00 0                                  [heap]
b5a00000-b6f00000 rw-p 00000000 00:00 0 
b6f00000-c0000000 rw-p 00000000 00:00 0 
c0000000-d6580000 rw-p 00000000 00:00 0 
df700000-eaa80000 rw-p 00000000 00:00 0 
eaa80000-ffe00000 rw-p 00000000 00:00 0 
ffe00000-100000000 ---p 00000000 00:00 0 
7f4ad4000000-7f4ad4021000 rw-p 00000000 00:00 0 
7f4ad4021000-7f4ad8000000 ---p 00000000 00:00 0 
7f4adc000000-7f4addcfe000 rw-p 00000000 00:00 0 
7f4addcfe000-7f4ae0000000 ---p 00000000 00:00 0 
7f4ae0000000-7f4ae0021000 rw-p 00000000 00:00 0 
7f4ae0021000-7f4ae4000000 ---p 00000000 00:00 0 
7f4ae4000000-7f4ae4021000 rw-p 00000000 00:00 0 
7f4ae4021000-7f4ae8000000 ---p 00000000 00:00 0 
7f4ae8000000-7f4ae97c4000 rw-p 00000000 00:00 0 
7f4ae97c4000-7f4aec000000 ---p 00000000 00:00 0 
7f4aec000000-7f4aec021000 rw-p 00000000 00:00 0 
7f4aec021000-7f4af0000000 ---p 00000000 00:00 0 
7f4af0000000-7f4af0021000 rw-p 00000000 00:00 0 
7f4af0021000-7f4af4000000 ---p 00000000 00:00 0 
7f4af4000000-7f4af4021000 rw-p 00000000 00:00 0 
7f4af4021000-7f4af8000000 ---p 00000000 00:00 0 
7f4afc000000-7f4afc021000 rw-p 00000000 00:00 0 
7f4afc021000-7f4b00000000 ---p 00000000 00:00 0 
7f4b00000000-7f4b00021000 rw-p 00000000 00:00 0 
7f4b00021000-7f4b04000000 ---p 00000000 00:00 0 
7f4b04000000-7f4b04021000 rw-p 00000000 00:00 0 
7f4b04021000-7f4b08000000 ---p 00000000 00:00 0 
7f4b0877c000-7f4b087b9000 r-xp 00000000 08:01 790495                     /lib/x86_64-linux-gnu/libpcre.so.3.13.1
7f4b087b9000-7f4b089b8000 ---p 0003d000 08:01 790495                     /lib/x86_64-linux-gnu/libpcre.so.3.13.1
7f4b089b8000-7f4b089b9000 r--p 0003c000 08:01 790495                     /lib/x86_64-linux-gnu/libpcre.so.3.13.1
7f4b089b9000-7f4b089ba000 rw-p 0003d000 08:01 790495                     /lib/x86_64-linux-gnu/libpcre.so.3.13.1
7f4b089ba000-7f4b089c1000 r-xp 00000000 08:01 4726848                    /usr/lib/x86_64-linux-gnu/libffi.so.6.0.1
7f4b089c1000-7f4b08bc0000 ---p 00007000 08:01 4726848                    /usr/lib/x86_64-linux-gnu/libffi.so.6.0.1
7f4b08bc0000-7f4b08bc1000 r--p 00006000 08:01 4726848                    /usr/lib/x86_64-linux-gnu/libffi.so.6.0.1
7f4b08bc1000-7f4b08bc2000 rw-p 00007000 08:01 4726848                    /usr/lib/x86_64-linux-gnu/libffi.so.6.0.1
7f4b08bc2000-7f4b08bd9000 r-xp 00000000 08:01 786614                     /lib/x86_64-linux-gnu/libresolv-2.19.so
7f4b08bd9000-7f4b08dd9000 ---p 00017000 08:01 786614                     /lib/x86_64-linux-gnu/libresolv-2.19.so
7f4b08dd9000-7f4b08dda000 r--p 00017000 08:01 786614                     /lib/x86_64-linux-gnu/libresolv-2.19.so
7f4b08dda000-7f4b08ddb000 rw-p 00018000 08:01 786614                     /lib/x86_64-linux-gnu/libresolv-2.19.so
7f4b08ddb000-7f4b08ddd000 rw-p 00000000 00:00 0 
7f4b08ddd000-7f4b08dfd000 r-xp 00000000 08:01 790522                     /lib/x86_64-linux-gnu/libselinux.so.1
7f4b08dfd000-7f4b08ffc000 ---p 00020000 08:01 790522                     /lib/x86_64-linux-gnu/libselinux.so.1
7f4b08ffc000-7f4b08ffd000 r--p 0001f000 08:01 790522                     /lib/x86_64-linux-gnu/libselinux.so.1
7f4b08ffd000-7f4b08ffe000 rw-p 00020000 08:01 790522                     /lib/x86_64-linux-gnu/libselinux.so.1
7f4b08ffe000-7f4b09000000 rw-p 00000000 00:00 0 
7f4b09000000-7f4b09003000 r-xp 00000000 08:01 4726965                    /usr/lib/x86_64-linux-gnu/libgmodule-2.0.so.0.4000.0
7f4b09003000-7f4b09202000 ---p 00003000 08:01 4726965                    /usr/lib/x86_64-linux-gnu/libgmodule-2.0.so.0.4000.0
7f4b09202000-7f4b09203000 r--p 00002000 08:01 4726965                    /usr/lib/x86_64-linux-gnu/libgmodule-2.0.so.0.4000.0
7f4b09203000-7f4b09204000 rw-p 00003000 08:01 4726965                    /usr/lib/x86_64-linux-gnu/libgmodule-2.0.so.0.4000.0
7f4b09204000-7f4b0930a000 r-xp 00000000 08:01 790423                     /lib/x86_64-linux-gnu/libglib-2.0.so.0.4000.0
7f4b0930a000-7f4b09509000 ---p 00106000 08:01 790423                     /lib/x86_64-linux-gnu/libglib-2.0.so.0.4000.0
7f4b09509000-7f4b0950a000 r--p 00105000 08:01 790423                     /lib/x86_64-linux-gnu/libglib-2.0.so.0.4000.0
7f4b0950a000-7f4b0950b000 rw-p 00106000 08:01 790423                     /lib/x86_64-linux-gnu/libglib-2.0.so.0.4000.0
7f4b0950b000-7f4b0950c000 rw-p 00000000 00:00 0 
7f4b0950c000-7f4b0955b000 r-xp 00000000 08:01 4726981                    /usr/lib/x86_64-linux-gnu/libgobject-2.0.so.0.4000.0
7f4b0955b000-7f4b0975b000 ---p 0004f000 08:01 4726981                    /usr/lib/x86_64-linux-gnu/libgobject-2.0.so.0.4000.0
7f4b0975b000-7f4b0975c000 r--p 0004f000 08:01 4726981                    /usr/lib/x86_64-linux-gnu/libgobject-2.0.so.0.4000.0
7f4b0975c000-7f4b0975d000 rw-p 00050000 08:01 4726981                    /usr/lib/x86_64-linux-gnu/libgobject-2.0.so.0.4000.0
7f4b0975d000-7f4b098c8000 r-xp 00000000 08:01 4726951                    /usr/lib/x86_64-linux-gnu/libgio-2.0.so.0.4000.0
7f4b098c8000-7f4b09ac8000 ---p 0016b000 08:01 4726951                    /usr/lib/x86_64-linux-gnu/libgio-2.0.so.0.4000.0
7f4b09ac8000-7f4b09acc000 r--p 0016b000 08:01 4726951                    /usr/lib/x86_64-linux-gnu/libgio-2.0.so.0.4000.0
7f4b09acc000-7f4b09ace000 rw-p 0016f000 08:01 4726951                    /usr/lib/x86_64-linux-gnu/libgio-2.0.so.0.4000.0
7f4b09ace000-7f4b0c000000 rw-p 00000000 00:00 0 
7f4b0c000000-7f4b0c021000 rw-p 00000000 00:00 0 
7f4b0c021000-7f4b10000000 ---p 00000000 00:00 0 
7f4b10166000-7f4b10197000 rw-p 00000000 00:00 0 
7f4b101b0000-7f4b101c7000 r-xp 00000000 08:01 5917886                    /usr/lib/jvm/java-7-openjdk-amd64/jre/lib/amd64/libnet.so
7f4b101c7000-7f4b103c6000 ---p 00017000 08:01 5917886                    /usr/lib/jvm/java-7-openjdk-amd64/jre/lib/amd64/libnet.so
7f4b103c6000-7f4b103c7000 r--p 00016000 08:01 5917886                    /usr/lib/jvm/java-7-openjdk-amd64/jre/lib/amd64/libnet.so
7f4b103c7000-7f4b103c8000 rw-p 00017000 08:01 5917886                    /usr/lib/jvm/java-7-openjdk-amd64/jre/lib/amd64/libnet.so
7f4b103c8000-7f4b103d8000 r-xp 00000000 08:01 5917910                    /usr/lib/jvm/java-7-openjdk-amd64/jre/lib/amd64/libnio.so
7f4b103d8000-7f4b105d8000 ---p 00010000 08:01 5917910                    /usr/lib/jvm/java-7-openjdk-amd64/jre/lib/amd64/libnio.so
7f4b105d8000-7f4b105d9000 r--p 00010000 08:01 5917910                    /usr/lib/jvm/java-7-openjdk-amd64/jre/lib/amd64/libnio.so
7f4b105d9000-7f4b105da000 rw-p 00011000 08:01 5917910                    /usr/lib/jvm/java-7-openjdk-amd64/jre/lib/amd64/libnio.so
7f4b105da000-7f4b105db000 ---p 00000000 00:00 0 
7f4b105db000-7f4b106db000 rw-p 00000000 00:00 0                          [stack:19534]
7f4b106db000-7f4b106de000 ---p 00000000 00:00 0 
7f4b106de000-7f4b107dc000 rw-p 00000000 00:00 0                          [stack:19533]
7f4b107dc000-7f4b107df000 ---p 00000000 00:00 0 
7f4b107df000-7f4b108dd000 rw-p 00000000 00:00 0                          [stack:19532]
7f4b108dd000-7f4b11000000 r--p 00000000 08:01 4725570                    /usr/lib/locale/locale-archive
7f4b11000000-7f4b11400000 rwxp 00000000 00:00 0 
7f4b11400000-7f4b14318000 rw-p 00000000 00:00 0 
7f4b14318000-7f4b18000000 ---p 00000000 00:00 0 
7f4b18006000-7f4b18092000 r--s 0077a000 08:01 10226802                   /home/raihan/OpenSrpWorkSpace/opensrp-client/opensrp-mcare/build/intermediates/multi-dex/debug/allclasses.jar
7f4b18092000-7f4b180a1000 r--s 000dd000 08:01 6177003                    /home/raihan/android-sdk-linux/build-tools/21.1.2/lib/dx.jar
7f4b180a1000-7f4b180a4000 r--s 0000f000 08:01 5917931                    /usr/lib/jvm/java-7-openjdk-amd64/jre/lib/ext/icedtea-sound.jar
7f4b180a4000-7f4b180a7000 ---p 00000000 00:00 0 
7f4b180a7000-7f4b181a5000 rw-p 00000000 00:00 0                          [stack:19531]
7f4b181a5000-7f4b181a8000 ---p 00000000 00:00 0 
7f4b181a8000-7f4b182a6000 rw-p 00000000 00:00 0                          [stack:19530]
7f4b182a6000-7f4b182a9000 ---p 00000000 00:00 0 
7f4b182a9000-7f4b183a7000 rw-p 00000000 00:00 0                          [stack:19529]
7f4b183a7000-7f4b183aa000 ---p 00000000 00:00 0 
7f4b183aa000-7f4b184a8000 rw-p 00000000 00:00 0                          [stack:19528]
7f4b184a8000-7f4b184a9000 ---p 00000000 00:00 0 
7f4b184a9000-7f4b195a6000 rw-p 00000000 00:00 0                          [stack:19527]
7f4b195a6000-7f4b19757000 r--s 01d30000 08:01 5508152                    /usr/lib/jvm/java-7-openjdk-amd64/jre/lib/rt.jar
7f4b19757000-7f4b19aa3000 rw-p 00000000 00:00 0 
7f4b19aa3000-7f4b19aa4000 ---p 00000000 00:00 0 
7f4b19aa4000-7f4b19ba4000 rw-p 00000000 00:00 0                          [stack:19526]
7f4b19ba4000-7f4b19ba5000 ---p 00000000 00:00 0 
7f4b19ba5000-7f4b19ca5000 rw-p 00000000 00:00 0                          [stack:19525]
7f4b19ca5000-7f4b19ca6000 ---p 00000000 00:00 0 
7f4b19ca6000-7f4b19da6000 rw-p 00000000 00:00 0                          [stack:19524]
7f4b19da6000-7f4b19da7000 ---p 00000000 00:00 0 
7f4b19da7000-7f4b19eb2000 rw-p 00000000 00:00 0                          [stack:19523]
7f4b19eb2000-7f4b19efa000 rw-p 00000000 00:00 0 
7f4b19efa000-7f4b19fad000 rw-p 00000000 00:00 0 
7f4b19fad000-7f4b1a050000 rw-p 00000000 00:00 0 
7f4b1a050000-7f4b1a05b000 rw-p 00000000 00:00 0 
7f4b1a05b000-7f4b1a0a3000 rw-p 00000000 00:00 0 
7f4b1a0a3000-7f4b1a156000 rw-p 00000000 00:00 0 
7f4b1a156000-7f4b1a1f8000 rw-p 00000000 00:00 0 
7f4b1a1f8000-7f4b1a2a2000 rw-p 00000000 00:00 0 
7f4b1a2a2000-7f4b1a2a3000 ---p 00000000 00:00 0 
7f4b1a2a3000-7f4b1a2a4000 rw-p 00000000 00:00 0 
7f4b1a2a4000-7f4b1a2ac000 r-xp 00000000 08:01 5917892                    /usr/lib/jvm/java-7-openjdk-amd64/jre/lib/amd64/libzip.so
7f4b1a2ac000-7f4b1a4ab000 ---p 00008000 08:01 5917892                    /usr/lib/jvm/java-7-openjdk-amd64/jre/lib/amd64/libzip.so
7f4b1a4ab000-7f4b1a4ac000 r--p 00007000 08:01 5917892                    /usr/lib/jvm/java-7-openjdk-amd64/jre/lib/amd64/libzip.so
7f4b1a4ac000-7f4b1a4ad000 rw-p 00008000 08:01 5917892                    /usr/lib/jvm/java-7-openjdk-amd64/jre/lib/amd64/libzip.so
7f4b1a4ad000-7f4b1a4b8000 r-xp 00000000 08:01 786646                     /lib/x86_64-linux-gnu/libnss_files-2.19.so
7f4b1a4b8000-7f4b1a6b7000 ---p 0000b000 08:01 786646                     /lib/x86_64-linux-gnu/libnss_files-2.19.so
7f4b1a6b7000-7f4b1a6b8000 r--p 0000a000 08:01 786646                     /lib/x86_64-linux-gnu/libnss_files-2.19.so
7f4b1a6b8000-7f4b1a6b9000 rw-p 0000b000 08:01 786646                     /lib/x86_64-linux-gnu/libnss_files-2.19.so
7f4b1a6b9000-7f4b1a6c4000 r-xp 00000000 08:01 786638                     /lib/x86_64-linux-gnu/libnss_nis-2.19.so
7f4b1a6c4000-7f4b1a8c3000 ---p 0000b000 08:01 786638                     /lib/x86_64-linux-gnu/libnss_nis-2.19.so
7f4b1a8c3000-7f4b1a8c4000 r--p 0000a000 08:01 786638                     /lib/x86_64-linux-gnu/libnss_nis-2.19.so
7f4b1a8c4000-7f4b1a8c5000 rw-p 0000b000 08:01 786638                     /lib/x86_64-linux-gnu/libnss_nis-2.19.so
7f4b1a8c5000-7f4b1a8dc000 r-xp 00000000 08:01 786634                     /lib/x86_64-linux-gnu/libnsl-2.19.so
7f4b1a8dc000-7f4b1aadb000 ---p 00017000 08:01 786634                     /lib/x86_64-linux-gnu/libnsl-2.19.so
7f4b1aadb000-7f4b1aadc000 r--p 00016000 08:01 786634                     /lib/x86_64-linux-gnu/libnsl-2.19.so
7f4b1aadc000-7f4b1aadd000 rw-p 00017000 08:01 786634                     /lib/x86_64-linux-gnu/libnsl-2.19.so
7f4b1aadd000-7f4b1aadf000 rw-p 00000000 00:00 0 
7f4b1aadf000-7f4b1aae8000 r-xp 00000000 08:01 786633                     /lib/x86_64-linux-gnu/libnss_compat-2.19.so
7f4b1aae8000-7f4b1ace7000 ---p 00009000 08:01 786633                     /lib/x86_64-linux-gnu/libnss_compat-2.19.so
7f4b1ace7000-7f4b1ace8000 r--p 00008000 08:01 786633                     /lib/x86_64-linux-gnu/libnss_compat-2.19.so
7f4b1ace8000-7f4b1ace9000 rw-p 00009000 08:01 786633                     /lib/x86_64-linux-gnu/libnss_compat-2.19.so
7f4b1ace9000-7f4b1ad14000 r-xp 00000000 08:01 5917877                    /usr/lib/jvm/java-7-openjdk-amd64/jre/lib/amd64/libjava.so
7f4b1ad14000-7f4b1af14000 ---p 0002b000 08:01 5917877                    /usr/lib/jvm/java-7-openjdk-amd64/jre/lib/amd64/libjava.so
7f4b1af14000-7f4b1af15000 r--p 0002b000 08:01 5917877                    /usr/lib/jvm/java-7-openjdk-amd64/jre/lib/amd64/libjava.so
7f4b1af15000-7f4b1af17000 rw-p 0002c000 08:01 5917877                    /usr/lib/jvm/java-7-openjdk-amd64/jre/lib/amd64/libjava.so
7f4b1af17000-7f4b1af27000 r-xp 00000000 08:01 5917878                    /usr/lib/jvm/java-7-openjdk-amd64/jre/lib/amd64/libverify.so
7f4b1af27000-7f4b1b126000 ---p 00010000 08:01 5917878                    /usr/lib/jvm/java-7-openjdk-amd64/jre/lib/amd64/libverify.so
7f4b1b126000-7f4b1b128000 r--p 0000f000 08:01 5917878                    /usr/lib/jvm/java-7-openjdk-amd64/jre/lib/amd64/libverify.so
7f4b1b128000-7f4b1b129000 rw-p 00011000 08:01 5917878                    /usr/lib/jvm/java-7-openjdk-amd64/jre/lib/amd64/libverify.so
7f4b1b129000-7f4b1b130000 r-xp 00000000 08:01 786642                     /lib/x86_64-linux-gnu/librt-2.19.so
7f4b1b130000-7f4b1b32f000 ---p 00007000 08:01 786642                     /lib/x86_64-linux-gnu/librt-2.19.so
7f4b1b32f000-7f4b1b330000 r--p 00006000 08:01 786642                     /lib/x86_64-linux-gnu/librt-2.19.so
7f4b1b330000-7f4b1b331000 rw-p 00007000 08:01 786642                     /lib/x86_64-linux-gnu/librt-2.19.so
7f4b1b331000-7f4b1b347000 r-xp 00000000 08:01 786612                     /lib/x86_64-linux-gnu/libgcc_s.so.1
7f4b1b347000-7f4b1b546000 ---p 00016000 08:01 786612                     /lib/x86_64-linux-gnu/libgcc_s.so.1
7f4b1b546000-7f4b1b547000 rw-p 00015000 08:01 786612                     /lib/x86_64-linux-gnu/libgcc_s.so.1
7f4b1b547000-7f4b1b64c000 r-xp 00000000 08:01 786618                     /lib/x86_64-linux-gnu/libm-2.19.so
7f4b1b64c000-7f4b1b84b000 ---p 00105000 08:01 786618                     /lib/x86_64-linux-gnu/libm-2.19.so
7f4b1b84b000-7f4b1b84c000 r--p 00104000 08:01 786618                     /lib/x86_64-linux-gnu/libm-2.19.so
7f4b1b84c000-7f4b1b84d000 rw-p 00105000 08:01 786618                     /lib/x86_64-linux-gnu/libm-2.19.so
7f4b1b84d000-7f4b1b933000 r-xp 00000000 08:01 4721335                    /usr/lib/x86_64-linux-gnu/libstdc++.so.6.0.19
7f4b1b933000-7f4b1bb32000 ---p 000e6000 08:01 4721335                    /usr/lib/x86_64-linux-gnu/libstdc++.so.6.0.19
7f4b1bb32000-7f4b1bb3a000 r--p 000e5000 08:01 4721335                    /usr/lib/x86_64-linux-gnu/libstdc++.so.6.0.19
7f4b1bb3a000-7f4b1bb3c000 rw-p 000ed000 08:01 4721335                    /usr/lib/x86_64-linux-gnu/libstdc++.so.6.0.19
7f4b1bb3c000-7f4b1bb51000 rw-p 00000000 00:00 0 
7f4b1bb51000-7f4b1c675000 r-xp 00000000 08:01 5917890                    /usr/lib/jvm/java-7-openjdk-amd64/jre/lib/amd64/server/libjvm.so
7f4b1c675000-7f4b1c875000 ---p 00b24000 08:01 5917890                    /usr/lib/jvm/java-7-openjdk-amd64/jre/lib/amd64/server/libjvm.so
7f4b1c875000-7f4b1c90f000 r--p 00b24000 08:01 5917890                    /usr/lib/jvm/java-7-openjdk-amd64/jre/lib/amd64/server/libjvm.so
7f4b1c90f000-7f4b1c932000 rw-p 00bbe000 08:01 5917890                    /usr/lib/jvm/java-7-openjdk-amd64/jre/lib/amd64/server/libjvm.so
7f4b1c932000-7f4b1c960000 rw-p 00000000 00:00 0 
7f4b1c960000-7f4b1c978000 r-xp 00000000 08:01 790555                     /lib/x86_64-linux-gnu/libz.so.1.2.8
7f4b1c978000-7f4b1cb77000 ---p 00018000 08:01 790555                     /lib/x86_64-linux-gnu/libz.so.1.2.8
7f4b1cb77000-7f4b1cb78000 r--p 00017000 08:01 790555                     /lib/x86_64-linux-gnu/libz.so.1.2.8
7f4b1cb78000-7f4b1cb79000 rw-p 00018000 08:01 790555                     /lib/x86_64-linux-gnu/libz.so.1.2.8
7f4b1cb79000-7f4b1cb92000 r-xp 00000000 08:01 786635                     /lib/x86_64-linux-gnu/libpthread-2.19.so
7f4b1cb92000-7f4b1cd91000 ---p 00019000 08:01 786635                     /lib/x86_64-linux-gnu/libpthread-2.19.so
7f4b1cd91000-7f4b1cd92000 r--p 00018000 08:01 786635                     /lib/x86_64-linux-gnu/libpthread-2.19.so
7f4b1cd92000-7f4b1cd93000 rw-p 00019000 08:01 786635                     /lib/x86_64-linux-gnu/libpthread-2.19.so
7f4b1cd93000-7f4b1cd97000 rw-p 00000000 00:00 0 
7f4b1cd97000-7f4b1cd9a000 r-xp 00000000 08:01 786630                     /lib/x86_64-linux-gnu/libdl-2.19.so
7f4b1cd9a000-7f4b1cf99000 ---p 00003000 08:01 786630                     /lib/x86_64-linux-gnu/libdl-2.19.so
7f4b1cf99000-7f4b1cf9a000 r--p 00002000 08:01 786630                     /lib/x86_64-linux-gnu/libdl-2.19.so
7f4b1cf9a000-7f4b1cf9b000 rw-p 00003000 08:01 786630                     /lib/x86_64-linux-gnu/libdl-2.19.so
7f4b1cf9b000-7f4b1d156000 r-xp 00000000 08:01 786643                     /lib/x86_64-linux-gnu/libc-2.19.so
7f4b1d156000-7f4b1d355000 ---p 001bb000 08:01 786643                     /lib/x86_64-linux-gnu/libc-2.19.so
7f4b1d355000-7f4b1d359000 r--p 001ba000 08:01 786643                     /lib/x86_64-linux-gnu/libc-2.19.so
7f4b1d359000-7f4b1d35b000 rw-p 001be000 08:01 786643                     /lib/x86_64-linux-gnu/libc-2.19.so
7f4b1d35b000-7f4b1d360000 rw-p 00000000 00:00 0 
7f4b1d360000-7f4b1d36d000 r-xp 00000000 08:01 5917907                    /usr/lib/jvm/java-7-openjdk-amd64/jre/lib/amd64/jli/libjli.so
7f4b1d36d000-7f4b1d56c000 ---p 0000d000 08:01 5917907                    /usr/lib/jvm/java-7-openjdk-amd64/jre/lib/amd64/jli/libjli.so
7f4b1d56c000-7f4b1d56d000 r--p 0000c000 08:01 5917907                    /usr/lib/jvm/java-7-openjdk-amd64/jre/lib/amd64/jli/libjli.so
7f4b1d56d000-7f4b1d56e000 rw-p 0000d000 08:01 5917907                    /usr/lib/jvm/java-7-openjdk-amd64/jre/lib/amd64/jli/libjli.so
7f4b1d56e000-7f4b1d591000 r-xp 00000000 08:01 786636                     /lib/x86_64-linux-gnu/ld-2.19.so
7f4b1d593000-7f4b1d597000 r--s 00034000 08:01 5917930                    /usr/lib/jvm/java-7-openjdk-amd64/jre/lib/ext/sunjce_provider.jar
7f4b1d597000-7f4b1d5bf000 rw-p 00000000 00:00 0 
7f4b1d5bf000-7f4b1d66f000 rw-p 00000000 00:00 0 
7f4b1d66f000-7f4b1d672000 ---p 00000000 00:00 0 
7f4b1d672000-7f4b1d775000 rw-p 00000000 00:00 0                          [stack:19522]
7f4b1d776000-7f4b1d777000 rw-p 00000000 00:00 0 
7f4b1d777000-7f4b1d779000 r--s 00012000 08:01 5917929                    /usr/lib/jvm/java-7-openjdk-amd64/jre/lib/ext/zipfs.jar
7f4b1d779000-7f4b1d77b000 r--s 00006000 08:01 5118243                    /usr/share/java/java-atk-wrapper.jar
7f4b1d77b000-7f4b1d77f000 r--s 0003c000 08:01 5917933                    /usr/lib/jvm/java-7-openjdk-amd64/jre/lib/ext/sunpkcs11.jar
7f4b1d77f000-7f4b1d783000 r--s 00085000 08:01 5917932                    /usr/lib/jvm/java-7-openjdk-amd64/jre/lib/ext/localedata.jar
7f4b1d783000-7f4b1d784000 r--s 00002000 08:01 5917928                    /usr/lib/jvm/java-7-openjdk-amd64/jre/lib/ext/dnsns.jar
7f4b1d784000-7f4b1d78c000 rw-s 00000000 08:01 1188992                    /tmp/hsperfdata_raihan/19517
7f4b1d78c000-7f4b1d78d000 rw-p 00000000 00:00 0 
7f4b1d78d000-7f4b1d78e000 ---p 00000000 00:00 0 
7f4b1d78e000-7f4b1d790000 rw-p 00000000 00:00 0 
7f4b1d790000-7f4b1d791000 r--p 00022000 08:01 786636                     /lib/x86_64-linux-gnu/ld-2.19.so
7f4b1d791000-7f4b1d792000 rw-p 00023000 08:01 786636                     /lib/x86_64-linux-gnu/ld-2.19.so
7f4b1d792000-7f4b1d793000 rw-p 00000000 00:00 0 
7fffa07ce000-7fffa07ef000 rw-p 00000000 00:00 0                          [stack]
7fffa07f5000-7fffa07f7000 r-xp 00000000 00:00 0                          [vdso]
ffffffffff600000-ffffffffff601000 r-xp 00000000 00:00 0                  [vsyscall]

VM Arguments:
jvm_args: -Xmx1024M -Dfile.encoding=UTF-8 -Duser.country=US -Duser.language=en -Duser.variant 
java_command: com.android.dx.command.Main --dex --multi-dex --main-dex-list /home/raihan/OpenSrpWorkSpace/opensrp-client/opensrp-mcare/build/intermediates/multi-dex/debug/maindexlist.txt --output /home/raihan/OpenSrpWorkSpace/opensrp-client/opensrp-mcare/build/intermediates/dex/debug /home/raihan/OpenSrpWorkSpace/opensrp-client/opensrp-mcare/build/intermediates/multi-dex/debug/allclasses.jar
Launcher Type: SUN_STANDARD

Environment Variables:
PATH=/usr/local/sbin:/usr/local/bin:/usr/sbin:/usr/bin:/sbin:/bin:/usr/games:/usr/local/games
LD_LIBRARY_PATH=android-studio/bin:
SHELL=/bin/bash
DISPLAY=:0

Signal Handlers:
SIGSEGV: [libjvm.so+0x9548f0], sa_mask[0]=0x7ffbfeff, sa_flags=0x10000004
SIGBUS: [libjvm.so+0x9548f0], sa_mask[0]=0x7ffbfeff, sa_flags=0x10000004
SIGFPE: [libjvm.so+0x7cb0b0], sa_mask[0]=0x7ffbfeff, sa_flags=0x10000004
SIGPIPE: [libjvm.so+0x7cb0b0], sa_mask[0]=0x7ffbfeff, sa_flags=0x10000004
SIGXFSZ: [libjvm.so+0x7cb0b0], sa_mask[0]=0x7ffbfeff, sa_flags=0x10000004
SIGILL: [libjvm.so+0x7cb0b0], sa_mask[0]=0x7ffbfeff, sa_flags=0x10000004
SIGUSR1: SIG_DFL, sa_mask[0]=0x00000000, sa_flags=0x00000000
SIGUSR2: [libjvm.so+0x7caf50], sa_mask[0]=0x00000004, sa_flags=0x10000004
SIGHUP: [libjvm.so+0x7cb130], sa_mask[0]=0x7ffbfeff, sa_flags=0x10000004
SIGINT: [libjvm.so+0x7cb130], sa_mask[0]=0x7ffbfeff, sa_flags=0x10000004
SIGTERM: [libjvm.so+0x7cb130], sa_mask[0]=0x7ffbfeff, sa_flags=0x10000004
SIGQUIT: [libjvm.so+0x7cb130], sa_mask[0]=0x7ffbfeff, sa_flags=0x10000004
SIGTRAP: SIG_DFL, sa_mask[0]=0x00000000, sa_flags=0x00000000


---------------  S Y S T E M  ---------------

OS:Ubuntu 14.04 (trusty)
uname:Linux 3.13.0-24-generic #46-Ubuntu SMP Thu Apr 10 19:11:08 UTC 2014 x86_64
libc:glibc 2.19 NPTL 2.19 
rlimit: STACK 8192k, CORE 0k, NPROC 30570, NOFILE 4096, AS infinity
load average:2.25 1.05 0.95

/proc/meminfo:
MemTotal:        3934516 kB
MemFree:           87936 kB
Buffers:             924 kB
Cached:           455916 kB
SwapCached:        54140 kB
Active:          2165328 kB
Inactive:         785536 kB
Active(anon):    2155408 kB
Inactive(anon):   776904 kB
Active(file):       9920 kB
Inactive(file):     8632 kB
Unevictable:          84 kB
Mlocked:              84 kB
SwapTotal:       4080636 kB
SwapFree:             36 kB
Dirty:                12 kB
Writeback:            56 kB
AnonPages:       2441304 kB
Mapped:           645900 kB
Shmem:            438588 kB
Slab:              90088 kB
SReclaimable:      35932 kB
SUnreclaim:        54156 kB
KernelStack:        6768 kB
PageTables:        86396 kB
NFS_Unstable:          0 kB
Bounce:                0 kB
WritebackTmp:          0 kB
CommitLimit:     6047892 kB
Committed_AS:   15414352 kB
VmallocTotal:   34359738367 kB
VmallocUsed:      553488 kB
VmallocChunk:   34359165228 kB
HardwareCorrupted:     0 kB
AnonHugePages:     61440 kB
HugePages_Total:       0
HugePages_Free:        0
HugePages_Rsvd:        0
HugePages_Surp:        0
Hugepagesize:       2048 kB
DirectMap4k:       62976 kB
DirectMap2M:     1923072 kB
DirectMap1G:     2097152 kB


CPU:total 4 (2 cores per cpu, 2 threads per core) family 6 model 61 stepping 4, cmov, cx8, fxsr, mmx, sse, sse2, sse3, ssse3, sse4.1, sse4.2, popcnt, avx, avx2, aes, erms, ht, tsc, tscinvbit

/proc/cpuinfo:
processor	: 0
vendor_id	: GenuineIntel
cpu family	: 6
model		: 61
model name	: Intel(R) Core(TM) i5-5200U CPU @ 2.20GHz
stepping	: 4
microcode	: 0x1f
cpu MHz		: 2201.000
cache size	: 3072 KB
physical id	: 0
siblings	: 4
core id		: 0
cpu cores	: 2
apicid		: 0
initial apicid	: 0
fpu		: yes
fpu_exception	: yes
cpuid level	: 20
wp		: yes
flags		: fpu vme de pse tsc msr pae mce cx8 apic sep mtrr pge mca cmov pat pse36 clflush dts acpi mmx fxsr sse sse2 ss ht tm pbe syscall nx pdpe1gb rdtscp lm constant_tsc arch_perfmon pebs bts rep_good nopl xtopology nonstop_tsc aperfmperf eagerfpu pni pclmulqdq dtes64 monitor ds_cpl vmx est tm2 ssse3 fma cx16 xtpr pdcm pcid sse4_1 sse4_2 x2apic movbe popcnt tsc_deadline_timer aes xsave avx f16c rdrand lahf_lm abm 3dnowprefetch ida arat epb xsaveopt pln pts dtherm tpr_shadow vnmi flexpriority ept vpid fsgsbase tsc_adjust bmi1 avx2 smep bmi2 erms invpcid rdseed adx smap
bogomips	: 4389.57
clflush size	: 64
cache_alignment	: 64
address sizes	: 39 bits physical, 48 bits virtual
power management:

processor	: 1
vendor_id	: GenuineIntel
cpu family	: 6
model		: 61
model name	: Intel(R) Core(TM) i5-5200U CPU @ 2.20GHz
stepping	: 4
microcode	: 0x1f
cpu MHz		: 2201.000
cache size	: 3072 KB
physical id	: 0
siblings	: 4
core id		: 0
cpu cores	: 2
apicid		: 1
initial apicid	: 1
fpu		: yes
fpu_exception	: yes
cpuid level	: 20
wp		: yes
flags		: fpu vme de pse tsc msr pae mce cx8 apic sep mtrr pge mca cmov pat pse36 clflush dts acpi mmx fxsr sse sse2 ss ht tm pbe syscall nx pdpe1gb rdtscp lm constant_tsc arch_perfmon pebs bts rep_good nopl xtopology nonstop_tsc aperfmperf eagerfpu pni pclmulqdq dtes64 monitor ds_cpl vmx est tm2 ssse3 fma cx16 xtpr pdcm pcid sse4_1 sse4_2 x2apic movbe popcnt tsc_deadline_timer aes xsave avx f16c rdrand lahf_lm abm 3dnowprefetch ida arat epb xsaveopt pln pts dtherm tpr_shadow vnmi flexpriority ept vpid fsgsbase tsc_adjust bmi1 avx2 smep bmi2 erms invpcid rdseed adx smap
bogomips	: 4389.57
clflush size	: 64
cache_alignment	: 64
address sizes	: 39 bits physical, 48 bits virtual
power management:

processor	: 2
vendor_id	: GenuineIntel
cpu family	: 6
model		: 61
model name	: Intel(R) Core(TM) i5-5200U CPU @ 2.20GHz
stepping	: 4
microcode	: 0x1f
cpu MHz		: 2201.000
cache size	: 3072 KB
physical id	: 0
siblings	: 4
core id		: 1
cpu cores	: 2
apicid		: 2
initial apicid	: 2
fpu		: yes
fpu_exception	: yes
cpuid level	: 20
wp		: yes
flags		: fpu vme de pse tsc msr pae mce cx8 apic sep mtrr pge mca cmov pat pse36 clflush dts acpi mmx fxsr sse sse2 ss ht tm pbe syscall nx pdpe1gb rdtscp lm constant_tsc arch_perfmon pebs bts rep_good nopl xtopology nonstop_tsc aperfmperf eagerfpu pni pclmulqdq dtes64 monitor ds_cpl vmx est tm2 ssse3 fma cx16 xtpr pdcm pcid sse4_1 sse4_2 x2apic movbe popcnt tsc_deadline_timer aes xsave avx f16c rdrand lahf_lm abm 3dnowprefetch ida arat epb xsaveopt pln pts dtherm tpr_shadow vnmi flexpriority ept vpid fsgsbase tsc_adjust bmi1 avx2 smep bmi2 erms invpcid rdseed adx smap
bogomips	: 4389.57
clflush size	: 64
cache_alignment	: 64
address sizes	: 39 bits physical, 48 bits virtual
power management:

processor	: 3
vendor_id	: GenuineIntel
cpu family	: 6
model		: 61
model name	: Intel(R) Core(TM) i5-5200U CPU @ 2.20GHz
stepping	: 4
microcode	: 0x1f
cpu MHz		: 2201.000
cache size	: 3072 KB
physical id	: 0
siblings	: 4
core id		: 1
cpu cores	: 2
apicid		: 3
initial apicid	: 3
fpu		: yes
fpu_exception	: yes
cpuid level	: 20
wp		: yes
flags		: fpu vme de pse tsc msr pae mce cx8 apic sep mtrr pge mca cmov pat pse36 clflush dts acpi mmx fxsr sse sse2 ss ht tm pbe syscall nx pdpe1gb rdtscp lm constant_tsc arch_perfmon pebs bts rep_good nopl xtopology nonstop_tsc aperfmperf eagerfpu pni pclmulqdq dtes64 monitor ds_cpl vmx est tm2 ssse3 fma cx16 xtpr pdcm pcid sse4_1 sse4_2 x2apic movbe popcnt tsc_deadline_timer aes xsave avx f16c rdrand lahf_lm abm 3dnowprefetch ida arat epb xsaveopt pln pts dtherm tpr_shadow vnmi flexpriority ept vpid fsgsbase tsc_adjust bmi1 avx2 smep bmi2 erms invpcid rdseed adx smap
bogomips	: 4389.57
clflush size	: 64
cache_alignment	: 64
address sizes	: 39 bits physical, 48 bits virtual
power management:



Memory: 4k page, physical 3934516k(87684k free), swap 4080636k(52k free)

vm_info: OpenJDK 64-Bit Server VM (24.95-b01) for linux-amd64 JRE (1.7.0_95-b00), built on Mar 24 2016 06:13:32 by "buildd" with gcc 4.8.2

time: Mon May  9 19:55:21 2016
elapsed time: 31 seconds

