#
# There is insufficient memory for the Java Runtime Environment to continue.
# Native memory allocation (malloc) failed to allocate 128450560 bytes for committing reserved memory.
# Possible reasons:
#   The system is out of physical RAM or swap space
#   In 32 bit mode, the process size limit was hit
# Possible solutions:
#   Reduce memory load on the system
#   Increase physical memory or swap space
#   Check if swap backing store is full
#   Use 64 bit Java on a 64 bit OS
#   Decrease Java heap size (-Xmx/-Xms)
#   Decrease number of Java threads
#   Decrease Java thread stack sizes (-Xss)
#   Set larger code cache with -XX:ReservedCodeCacheSize=
# This output file may be truncated or incomplete.
#
#  Out of Memory Error (os_linux.cpp:2827), pid=4186, tid=140627720050432
#
# JRE version: OpenJDK Runtime Environment (7.0_95) (build 1.7.0_95-b00)
# Java VM: OpenJDK 64-Bit Server VM (24.95-b01 mixed mode linux-amd64 compressed oops)
# Derivative: IcedTea 2.6.4
# Distribution: Ubuntu 14.04 LTS, package 7u95-2.6.4-0ubuntu0.14.04.2
# Failed to write core dump. Core dumps have been disabled. To enable core dumping, try "ulimit -c unlimited" before starting Java again
#

---------------  T H R E A D  ---------------

Current thread (0x00007fe67c076000):  VMThread [stack: 0x00007fe6713c9000,0x00007fe6714ca000] [id=4195]

Stack: [0x00007fe6713c9000,0x00007fe6714ca000],  sp=0x00007fe6714c8490,  free space=1021k
Native frames: (J=compiled Java code, j=interpreted, Vv=VM code, C=native code)
V  [libjvm.so+0x953e15]
V  [libjvm.so+0x48fd94]
V  [libjvm.so+0x7cf87b]
V  [libjvm.so+0x7ca33f]
V  [libjvm.so+0x83dacb]
V  [libjvm.so+0x82d86b]
V  [libjvm.so+0x82da2b]
V  [libjvm.so+0x82e958]
V  [libjvm.so+0x8355b4]
V  [libjvm.so+0x83bc0d]
V  [libjvm.so+0x7f2083]
V  [libjvm.so+0x955814]
V  [libjvm.so+0x959917]
V  [libjvm.so+0x9583d8]
V  [libjvm.so+0x958839]
V  [libjvm.so+0x958c82]
V  [libjvm.so+0x7cc742]

VM_Operation (0x00007fe683c3fdf0): ParallelGCFailedAllocation, mode: safepoint, requested by thread 0x00007fe67c00a800


---------------  P R O C E S S  ---------------

Java Threads: ( => current thread )
  0x00007fe67c0af800 JavaThread "Service Thread" daemon [_thread_blocked, id=4201, stack(0x00007fe6706a0000,0x00007fe6707a1000)]
  0x00007fe67c0ad000 JavaThread "C2 CompilerThread1" daemon [_thread_blocked, id=4200, stack(0x00007fe6707a1000,0x00007fe6708a2000)]
  0x00007fe67c0aa000 JavaThread "C2 CompilerThread0" daemon [_thread_blocked, id=4199, stack(0x00007fe6708a2000,0x00007fe6709a3000)]
  0x00007fe67c0a8000 JavaThread "Signal Dispatcher" daemon [_thread_blocked, id=4198, stack(0x00007fe6709a3000,0x00007fe670aa4000)]
  0x00007fe67c07c000 JavaThread "Finalizer" daemon [_thread_blocked, id=4197, stack(0x00007fe6711c7000,0x00007fe6712c8000)]
  0x00007fe67c07a000 JavaThread "Reference Handler" daemon [_thread_blocked, id=4196, stack(0x00007fe6712c8000,0x00007fe6713c9000)]
  0x00007fe67c00a800 JavaThread "main" [_thread_blocked, id=4190, stack(0x00007fe683b41000,0x00007fe683c42000)]

Other Threads:
=>0x00007fe67c076000 VMThread [stack: 0x00007fe6713c9000,0x00007fe6714ca000] [id=4195]
  0x00007fe67c0ba000 WatcherThread [stack: 0x00007fe67059f000,0x00007fe6706a0000] [id=4202]

VM state:at safepoint (normal execution)

VM Mutex/Monitor currently owned by a thread:  ([mutex/lock_event])
[0x00007fe67c006280] ExpandHeap_lock - owner thread: 0x00007fe67c076000
[0x00007fe67c006900] Threads_lock - owner thread: 0x00007fe67c076000
[0x00007fe67c006e00] Heap_lock - owner thread: 0x00007fe67c00a800

Heap
 PSYoungGen      total 284160K, used 27397K [0x00000000eaa80000, 0x0000000100000000, 0x0000000100000000)
  eden space 217600K, 0% used [0x00000000eaa80000,0x00000000eaa80000,0x00000000f7f00000)
  from space 66560K, 41% used [0x00000000fbf00000,0x00000000fd9c1578,0x0000000100000000)
  to   space 65536K, 0% used [0x00000000f7f00000,0x00000000f7f00000,0x00000000fbf00000)
 ParOldGen       total 224256K, used 224067K [0x00000000c0000000, 0x00000000cdb00000, 0x00000000eaa80000)
  object space 224256K, 99% used [0x00000000c0000000,0x00000000cdad0f70,0x00000000cdb00000)
 PSPermGen       total 21504K, used 6150K [0x00000000b5a00000, 0x00000000b6f00000, 0x00000000c0000000)
  object space 21504K, 28% used [0x00000000b5a00000,0x00000000b6001940,0x00000000b6f00000)

Card table byte_map: [0x00007fe680522000,0x00007fe680776000] byte_map_base: 0x00007fe67ff75000

Polling page: 0x00007fe683c5f000

Code Cache  [0x00007fe679000000, 0x00007fe679410000, 0x00007fe67c000000)
 total_blobs=1248 nmethods=1020 adapters=181 free_code_cache=45292Kb largest_free_block=46125760

Compilation events (10 events):
Event: 16.757 Thread 0x00007fe67c0ad000 nmethod 1092 0x00007fe679337910 code [0x00007fe679337a80, 0x00007fe679337e38]
Event: 16.814 Thread 0x00007fe67c0aa000 1094             java.util.zip.ZipFile::access$000 (5 bytes)
Event: 16.815 Thread 0x00007fe67c0aa000 nmethod 1094 0x00007fe6790ed590 code [0x00007fe6790ed6c0, 0x00007fe6790ed718]
Event: 16.880 Thread 0x00007fe67c0ad000 1095 % !         com.android.dx.dex.cf.CfTranslator::processMethods @ 24 (583 bytes)
Event: 16.943 Thread 0x00007fe67c0aa000 1096             com.android.dx.ssa.back.IdenticalBlockCombiner::replaceSucc (83 bytes)
Event: 17.004 Thread 0x00007fe67c0aa000 nmethod 1096 0x00007fe6792bd450 code [0x00007fe6792bd620, 0x00007fe6792bdc70]
Event: 17.004 Thread 0x00007fe67c0aa000 1097             java.util.Arrays::copyOf (19 bytes)
Event: 17.016 Thread 0x00007fe67c0aa000 nmethod 1097 0x00007fe679185f90 code [0x00007fe6791860e0, 0x00007fe679186278]
Event: 17.141 Thread 0x00007fe67c0ad000 nmethod 1095% 0x00007fe6792de690 code [0x00007fe6792dec60, 0x00007fe6792e30c0]
Event: 17.142 Thread 0x00007fe67c0aa000 1098   !         com.android.dx.dex.cf.CfTranslator::processMethods (583 bytes)

GC Heap History (10 events):
Event: 13.678 GC heap after
Heap after GC invocations=15 (full 2):
 PSYoungGen      total 229888K, used 37887K [0x00000000eaa80000, 0x00000000ff000000, 0x0000000100000000)
  eden space 192000K, 0% used [0x00000000eaa80000,0x00000000eaa80000,0x00000000f6600000)
  from space 37888K, 99% used [0x00000000f6600000,0x00000000f8affc20,0x00000000f8b00000)
  to   space 51200K, 0% used [0x00000000fbe00000,0x00000000fbe00000,0x00000000ff000000)
 ParOldGen       total 139264K, used 116434K [0x00000000c0000000, 0x00000000c8800000, 0x00000000eaa80000)
  object space 139264K, 83% used [0x00000000c0000000,0x00000000c71b4940,0x00000000c8800000)
 PSPermGen       total 21504K, used 6116K [0x00000000b5a00000, 0x00000000b6f00000, 0x00000000c0000000)
  object space 21504K, 28% used [0x00000000b5a00000,0x00000000b5ff9248,0x00000000b6f00000)
}
Event: 13.678 GC heap before
{Heap before GC invocations=16 (full 3):
 PSYoungGen      total 229888K, used 37887K [0x00000000eaa80000, 0x00000000ff000000, 0x0000000100000000)
  eden space 192000K, 0% used [0x00000000eaa80000,0x00000000eaa80000,0x00000000f6600000)
  from space 37888K, 99% used [0x00000000f6600000,0x00000000f8affc20,0x00000000f8b00000)
  to   space 51200K, 0% used [0x00000000fbe00000,0x00000000fbe00000,0x00000000ff000000)
 ParOldGen       total 139264K, used 116434K [0x00000000c0000000, 0x00000000c8800000, 0x00000000eaa80000)
  object space 139264K, 83% used [0x00000000c0000000,0x00000000c71b4940,0x00000000c8800000)
 PSPermGen       total 21504K, used 6116K [0x00000000b5a00000, 0x00000000b6f00000, 0x00000000c0000000)
  object space 21504K, 28% used [0x00000000b5a00000,0x00000000b5ff9248,0x00000000b6f00000)
Event: 14.357 GC heap after
Heap after GC invocations=16 (full 3):
 PSYoungGen      total 229888K, used 12775K [0x00000000eaa80000, 0x00000000ff000000, 0x0000000100000000)
  eden space 192000K, 0% used [0x00000000eaa80000,0x00000000eaa80000,0x00000000f6600000)
  from space 37888K, 33% used [0x00000000f6600000,0x00000000f7279c18,0x00000000f8b00000)
  to   space 51200K, 0% used [0x00000000fbe00000,0x00000000fbe00000,0x00000000ff000000)
 ParOldGen       total 224256K, used 138958K [0x00000000c0000000, 0x00000000cdb00000, 0x00000000eaa80000)
  object space 224256K, 61% used [0x00000000c0000000,0x00000000c87b3818,0x00000000cdb00000)
 PSPermGen       total 21504K, used 6116K [0x00000000b5a00000, 0x00000000b6f00000, 0x00000000c0000000)
  object space 21504K, 28% used [0x00000000b5a00000,0x00000000b5ff9088,0x00000000b6f00000)
}
Event: 14.997 GC heap before
{Heap before GC invocations=17 (full 3):
 PSYoungGen      total 229888K, used 204775K [0x00000000eaa80000, 0x00000000ff000000, 0x0000000100000000)
  eden space 192000K, 100% used [0x00000000eaa80000,0x00000000f6600000,0x00000000f6600000)
  from space 37888K, 33% used [0x00000000f6600000,0x00000000f7279c18,0x00000000f8b00000)
  to   space 51200K, 0% used [0x00000000fbe00000,0x00000000fbe00000,0x00000000ff000000)
 ParOldGen       total 224256K, used 138958K [0x00000000c0000000, 0x00000000cdb00000, 0x00000000eaa80000)
  object space 224256K, 61% used [0x00000000c0000000,0x00000000c87b3818,0x00000000cdb00000)
 PSPermGen       total 21504K, used 6122K [0x00000000b5a00000, 0x00000000b6f00000, 0x00000000c0000000)
  object space 21504K, 28% used [0x00000000b5a00000,0x00000000b5ffaa10,0x00000000b6f00000)
Event: 15.144 GC heap after
Heap after GC invocations=17 (full 3):
 PSYoungGen      total 276992K, used 31698K [0x00000000eaa80000, 0x00000000fef00000, 0x0000000100000000)
  eden space 226816K, 0% used [0x00000000eaa80000,0x00000000eaa80000,0x00000000f8800000)
  from space 50176K, 63% used [0x00000000fbe00000,0x00000000fdcf49d8,0x00000000fef00000)
  to   space 52736K, 0% used [0x00000000f8800000,0x00000000f8800000,0x00000000fbb80000)
 ParOldGen       total 224256K, used 151836K [0x00000000c0000000, 0x00000000cdb00000, 0x00000000eaa80000)
  object space 224256K, 67% used [0x00000000c0000000,0x00000000c9447178,0x00000000cdb00000)
 PSPermGen       total 21504K, used 6122K [0x00000000b5a00000, 0x00000000b6f00000, 0x00000000c0000000)
  object space 21504K, 28% used [0x00000000b5a00000,0x00000000b5ffaa10,0x00000000b6f00000)
}
Event: 16.257 GC heap before
{Heap before GC invocations=18 (full 3):
 PSYoungGen      total 276992K, used 258514K [0x00000000eaa80000, 0x00000000fef00000, 0x0000000100000000)
  eden space 226816K, 100% used [0x00000000eaa80000,0x00000000f8800000,0x00000000f8800000)
  from space 50176K, 63% used [0x00000000fbe00000,0x00000000fdcf49d8,0x00000000fef00000)
  to   space 52736K, 0% used [0x00000000f8800000,0x00000000f8800000,0x00000000fbb80000)
 ParOldGen       total 224256K, used 151836K [0x00000000c0000000, 0x00000000cdb00000, 0x00000000eaa80000)
  object space 224256K, 67% used [0x00000000c0000000,0x00000000c9447178,0x00000000cdb00000)
 PSPermGen       total 21504K, used 6143K [0x00000000b5a00000, 0x00000000b6f00000, 0x00000000c0000000)
  object space 21504K, 28% used [0x00000000b5a00000,0x00000000b5fffc48,0x00000000b6f00000)
Event: 16.363 GC heap after
Heap after GC invocations=18 (full 3):
 PSYoungGen      total 279552K, used 52721K [0x00000000eaa80000, 0x0000000100000000, 0x0000000100000000)
  eden space 226816K, 0% used [0x00000000eaa80000,0x00000000eaa80000,0x00000000f8800000)
  from space 52736K, 99% used [0x00000000f8800000,0x00000000fbb7c4b8,0x00000000fbb80000)
  to   space 66560K, 0% used [0x00000000fbf00000,0x00000000fbf00000,0x0000000100000000)
 ParOldGen       total 224256K, used 167207K [0x00000000c0000000, 0x00000000cdb00000, 0x00000000eaa80000)
  object space 224256K, 74% used [0x00000000c0000000,0x00000000ca349e10,0x00000000cdb00000)
 PSPermGen       total 21504K, used 6143K [0x00000000b5a00000, 0x00000000b6f00000, 0x00000000c0000000)
  object space 21504K, 28% used [0x00000000b5a00000,0x00000000b5fffc48,0x00000000b6f00000)
}
Event: 17.305 GC heap before
{Heap before GC invocations=19 (full 3):
 PSYoungGen      total 279552K, used 279537K [0x00000000eaa80000, 0x0000000100000000, 0x0000000100000000)
  eden space 226816K, 100% used [0x00000000eaa80000,0x00000000f8800000,0x00000000f8800000)
  from space 52736K, 99% used [0x00000000f8800000,0x00000000fbb7c4b8,0x00000000fbb80000)
  to   space 66560K, 0% used [0x00000000fbf00000,0x00000000fbf00000,0x0000000100000000)
 ParOldGen       total 224256K, used 167207K [0x00000000c0000000, 0x00000000cdb00000, 0x00000000eaa80000)
  object space 224256K, 74% used [0x00000000c0000000,0x00000000ca349e10,0x00000000cdb00000)
 PSPermGen       total 21504K, used 6150K [0x00000000b5a00000, 0x00000000b6f00000, 0x00000000c0000000)
  object space 21504K, 28% used [0x00000000b5a00000,0x00000000b6001960,0x00000000b6f00000)
Event: 17.475 GC heap after
Heap after GC invocations=19 (full 3):
 PSYoungGen      total 284160K, used 33276K [0x00000000eaa80000, 0x0000000100000000, 0x0000000100000000)
  eden space 217600K, 0% used [0x00000000eaa80000,0x00000000eaa80000,0x00000000f7f00000)
  from space 66560K, 49% used [0x00000000fbf00000,0x00000000fdf7f3d0,0x0000000100000000)
  to   space 65536K, 0% used [0x00000000f7f00000,0x00000000f7f00000,0x00000000fbf00000)
 ParOldGen       total 224256K, used 220193K [0x00000000c0000000, 0x00000000cdb00000, 0x00000000eaa80000)
  object space 224256K, 98% used [0x00000000c0000000,0x00000000cd708480,0x00000000cdb00000)
 PSPermGen       total 21504K, used 6150K [0x00000000b5a00000, 0x00000000b6f00000, 0x00000000c0000000)
  object space 21504K, 28% used [0x00000000b5a00000,0x00000000b6001960,0x00000000b6f00000)
}
Event: 17.483 GC heap before
{Heap before GC invocations=20 (full 4):
 PSYoungGen      total 284160K, used 33276K [0x00000000eaa80000, 0x0000000100000000, 0x0000000100000000)
  eden space 217600K, 0% used [0x00000000eaa80000,0x00000000eaa80000,0x00000000f7f00000)
  from space 66560K, 49% used [0x00000000fbf00000,0x00000000fdf7f3d0,0x0000000100000000)
  to   space 65536K, 0% used [0x00000000f7f00000,0x00000000f7f00000,0x00000000fbf00000)
 ParOldGen       total 224256K, used 220193K [0x00000000c0000000, 0x00000000cdb00000, 0x00000000eaa80000)
  object space 224256K, 98% used [0x00000000c0000000,0x00000000cd708480,0x00000000cdb00000)
 PSPermGen       total 21504K, used 6150K [0x00000000b5a00000, 0x00000000b6f00000, 0x00000000c0000000)
  object space 21504K, 28% used [0x00000000b5a00000,0x00000000b6001960,0x00000000b6f00000)

Deoptimization events (10 events):
Event: 14.750 Thread 0x00007fe67c00a800 Uncommon trap: reason=class_check action=maybe_recompile pc=0x00007fe6792ecbf0 method=com.android.dx.rop.code.Insn.equalsHandleNulls(Ljava/lang/Object;Ljava/lang/Object;)Z @ 11
Event: 14.751 Thread 0x00007fe67c00a800 Uncommon trap: reason=class_check action=maybe_recompile pc=0x00007fe6792ecbf0 method=com.android.dx.rop.code.Insn.equalsHandleNulls(Ljava/lang/Object;Ljava/lang/Object;)Z @ 11
Event: 14.751 Thread 0x00007fe67c00a800 Uncommon trap: reason=class_check action=maybe_recompile pc=0x00007fe6792ecbf0 method=com.android.dx.rop.code.Insn.equalsHandleNulls(Ljava/lang/Object;Ljava/lang/Object;)Z @ 11
Event: 15.522 Thread 0x00007fe67c00a800 Uncommon trap: reason=unstable_if action=reinterpret pc=0x00007fe6793ca24c method=com.android.dx.rop.code.AccessFlags.isNative(I)Z @ 5
Event: 15.522 Thread 0x00007fe67c00a800 Uncommon trap: reason=unstable_if action=reinterpret pc=0x00007fe6790c3fb0 method=com.android.dx.rop.code.AccessFlags.isNative(I)Z @ 5
Event: 15.570 Thread 0x00007fe67c00a800 Uncommon trap: reason=unstable_if action=reinterpret pc=0x00007fe679376734 method=com.android.dx.cf.code.Ropper.processBlock(Lcom/android/dx/cf/code/ByteBlock;Lcom/android/dx/cf/code/Frame;[I)V @ 651
Event: 16.224 Thread 0x00007fe67c00a800 Uncommon trap: reason=unstable_if action=reinterpret pc=0x00007fe6792f4488 method=com.android.dx.rop.code.RegisterSpecSet.<init>(I)V @ 2
Event: 16.224 Thread 0x00007fe67c00a800 Uncommon trap: reason=unstable_if action=reinterpret pc=0x00007fe6790bb088 method=com.android.dx.ssa.LocalVariableExtractor.doit()Lcom/android/dx/ssa/LocalVariableInfo; @ 7
Event: 16.225 Thread 0x00007fe67c00a800 Uncommon trap: reason=unstable_if action=reinterpret pc=0x00007fe6793b9fb0 method=com.android.dx.rop.code.RegisterSpecSet.<init>(I)V @ 2
Event: 17.226 Thread 0x00007fe67c00a800 Uncommon trap: reason=class_check action=maybe_recompile pc=0x00007fe6790c2760 method=com.android.dx.ssa.SCCP.replaceConstants()V @ 127

Internal exceptions (10 events):
Event: 9.061 Thread 0x00007fe67c00a800 Implicit null exception at 0x00007fe679135551 to 0x00007fe679135731
Event: 9.062 Thread 0x00007fe67c00a800 Implicit null exception at 0x00007fe67918ea39 to 0x00007fe67918fc6d
Event: 9.063 Thread 0x00007fe67c00a800 Implicit null exception at 0x00007fe6790f9a14 to 0x00007fe6790f9bdd
Event: 9.063 Thread 0x00007fe67c00a800 Implicit null exception at 0x00007fe679187eac to 0x00007fe6791891cd
Event: 9.063 Thread 0x00007fe67c00a800 Implicit null exception at 0x00007fe6790b8db8 to 0x00007fe6790b8f0d
Event: 10.861 Thread 0x00007fe67c00a800 Threw 0x00000000f37df7b8 at /build/openjdk-7-HVzwJZ/openjdk-7-7u95-2.6.4/build/openjdk/hotspot/src/share/vm/prims/jvm.cpp:1322
Event: 10.861 Thread 0x00007fe67c00a800 Implicit null exception at 0x00007fe679312bf1 to 0x00007fe679312cbd
Event: 12.817 Thread 0x00007fe67c00a800 Threw 0x00000000ebd5cad0 at /build/openjdk-7-HVzwJZ/openjdk-7-7u95-2.6.4/build/openjdk/hotspot/src/share/vm/prims/jvm.cpp:1322
Event: 12.898 Thread 0x00007fe67c00a800 Threw 0x00000000ec5b1b48 at /build/openjdk-7-HVzwJZ/openjdk-7-7u95-2.6.4/build/openjdk/hotspot/src/share/vm/prims/jvm.cpp:1322
Event: 15.192 Thread 0x00007fe67c00a800 Threw 0x00000000eb5367c0 at /build/openjdk-7-HVzwJZ/openjdk-7-7u95-2.6.4/build/openjdk/hotspot/src/share/vm/prims/jvm.cpp:1322

Events (10 events):
Event: 16.410 Thread 0x00007fe67c0aa000 flushing nmethod 0x00007fe6790ed590
Event: 16.754 Thread 0x00007fe67c0aa000 flushing nmethod 0x00007fe679185810
Event: 16.757 Thread 0x00007fe67c0ad000 flushing nmethod 0x00007fe6791c35d0
Event: 17.016 Thread 0x00007fe67c0aa000 flushing nmethod 0x00007fe679227810
Event: 17.141 Thread 0x00007fe67c0ad000 flushing nmethod 0x00007fe67923fc50
Event: 17.142 Thread 0x00007fe67c0ad000 flushing nmethod 0x00007fe679251c90
Event: 17.226 Thread 0x00007fe67c00a800 Uncommon trap: trap_request=0xffffffde fr.pc=0x00007fe6790c2760
Event: 17.226 Thread 0x00007fe67c00a800 DEOPT PACKING pc=0x00007fe6790c2760 sp=0x00007fe683c3ff60
Event: 17.227 Thread 0x00007fe67c00a800 DEOPT UNPACKING pc=0x00007fe679039445 sp=0x00007fe683c3fed0 mode 2
Event: 17.304 Executing VM operation: ParallelGCFailedAllocation


Dynamic libraries:
00400000-00401000 r-xp 00000000 08:01 5508137                            /usr/lib/jvm/java-7-openjdk-amd64/jre/bin/java
00600000-00601000 r--p 00000000 08:01 5508137                            /usr/lib/jvm/java-7-openjdk-amd64/jre/bin/java
00601000-00602000 rw-p 00001000 08:01 5508137                            /usr/lib/jvm/java-7-openjdk-amd64/jre/bin/java
010f5000-01116000 rw-p 00000000 00:00 0                                  [heap]
b5a00000-b6f00000 rw-p 00000000 00:00 0 
b6f00000-c0000000 rw-p 00000000 00:00 0 
c0000000-cdb00000 rw-p 00000000 00:00 0 
d5580000-eaa80000 rw-p 00000000 00:00 0 
eaa80000-100000000 rw-p 00000000 00:00 0 
7fe642cac000-7fe642ce9000 r-xp 00000000 08:01 790495                     /lib/x86_64-linux-gnu/libpcre.so.3.13.1
7fe642ce9000-7fe642ee8000 ---p 0003d000 08:01 790495                     /lib/x86_64-linux-gnu/libpcre.so.3.13.1
7fe642ee8000-7fe642ee9000 r--p 0003c000 08:01 790495                     /lib/x86_64-linux-gnu/libpcre.so.3.13.1
7fe642ee9000-7fe642eea000 rw-p 0003d000 08:01 790495                     /lib/x86_64-linux-gnu/libpcre.so.3.13.1
7fe642eea000-7fe642ef1000 r-xp 00000000 08:01 4726848                    /usr/lib/x86_64-linux-gnu/libffi.so.6.0.1
7fe642ef1000-7fe6430f0000 ---p 00007000 08:01 4726848                    /usr/lib/x86_64-linux-gnu/libffi.so.6.0.1
7fe6430f0000-7fe6430f1000 r--p 00006000 08:01 4726848                    /usr/lib/x86_64-linux-gnu/libffi.so.6.0.1
7fe6430f1000-7fe6430f2000 rw-p 00007000 08:01 4726848                    /usr/lib/x86_64-linux-gnu/libffi.so.6.0.1
7fe6430f2000-7fe643109000 r-xp 00000000 08:01 786614                     /lib/x86_64-linux-gnu/libresolv-2.19.so
7fe643109000-7fe643309000 ---p 00017000 08:01 786614                     /lib/x86_64-linux-gnu/libresolv-2.19.so
7fe643309000-7fe64330a000 r--p 00017000 08:01 786614                     /lib/x86_64-linux-gnu/libresolv-2.19.so
7fe64330a000-7fe64330b000 rw-p 00018000 08:01 786614                     /lib/x86_64-linux-gnu/libresolv-2.19.so
7fe64330b000-7fe64330d000 rw-p 00000000 00:00 0 
7fe64330d000-7fe64332d000 r-xp 00000000 08:01 790522                     /lib/x86_64-linux-gnu/libselinux.so.1
7fe64332d000-7fe64352c000 ---p 00020000 08:01 790522                     /lib/x86_64-linux-gnu/libselinux.so.1
7fe64352c000-7fe64352d000 r--p 0001f000 08:01 790522                     /lib/x86_64-linux-gnu/libselinux.so.1
7fe64352d000-7fe64352e000 rw-p 00020000 08:01 790522                     /lib/x86_64-linux-gnu/libselinux.so.1
7fe64352e000-7fe643530000 rw-p 00000000 00:00 0 
7fe643530000-7fe643533000 r-xp 00000000 08:01 4726965                    /usr/lib/x86_64-linux-gnu/libgmodule-2.0.so.0.4000.0
7fe643533000-7fe643732000 ---p 00003000 08:01 4726965                    /usr/lib/x86_64-linux-gnu/libgmodule-2.0.so.0.4000.0
7fe643732000-7fe643733000 r--p 00002000 08:01 4726965                    /usr/lib/x86_64-linux-gnu/libgmodule-2.0.so.0.4000.0
7fe643733000-7fe643734000 rw-p 00003000 08:01 4726965                    /usr/lib/x86_64-linux-gnu/libgmodule-2.0.so.0.4000.0
7fe643734000-7fe64383a000 r-xp 00000000 08:01 790423                     /lib/x86_64-linux-gnu/libglib-2.0.so.0.4000.0
7fe64383a000-7fe643a39000 ---p 00106000 08:01 790423                     /lib/x86_64-linux-gnu/libglib-2.0.so.0.4000.0
7fe643a39000-7fe643a3a000 r--p 00105000 08:01 790423                     /lib/x86_64-linux-gnu/libglib-2.0.so.0.4000.0
7fe643a3a000-7fe643a3b000 rw-p 00106000 08:01 790423                     /lib/x86_64-linux-gnu/libglib-2.0.so.0.4000.0
7fe643a3b000-7fe643a3c000 rw-p 00000000 00:00 0 
7fe643a3c000-7fe643a8b000 r-xp 00000000 08:01 4726981                    /usr/lib/x86_64-linux-gnu/libgobject-2.0.so.0.4000.0
7fe643a8b000-7fe643c8b000 ---p 0004f000 08:01 4726981                    /usr/lib/x86_64-linux-gnu/libgobject-2.0.so.0.4000.0
7fe643c8b000-7fe643c8c000 r--p 0004f000 08:01 4726981                    /usr/lib/x86_64-linux-gnu/libgobject-2.0.so.0.4000.0
7fe643c8c000-7fe643c8d000 rw-p 00050000 08:01 4726981                    /usr/lib/x86_64-linux-gnu/libgobject-2.0.so.0.4000.0
7fe643c8d000-7fe643df8000 r-xp 00000000 08:01 4726951                    /usr/lib/x86_64-linux-gnu/libgio-2.0.so.0.4000.0
7fe643df8000-7fe643ff8000 ---p 0016b000 08:01 4726951                    /usr/lib/x86_64-linux-gnu/libgio-2.0.so.0.4000.0
7fe643ff8000-7fe643ffc000 r--p 0016b000 08:01 4726951                    /usr/lib/x86_64-linux-gnu/libgio-2.0.so.0.4000.0
7fe643ffc000-7fe643ffe000 rw-p 0016f000 08:01 4726951                    /usr/lib/x86_64-linux-gnu/libgio-2.0.so.0.4000.0
7fe643ffe000-7fe644000000 rw-p 00000000 00:00 0 
7fe644000000-7fe644021000 rw-p 00000000 00:00 0 
7fe644021000-7fe648000000 ---p 00000000 00:00 0 
7fe648000000-7fe648021000 rw-p 00000000 00:00 0 
7fe648021000-7fe64c000000 ---p 00000000 00:00 0 
7fe64c000000-7fe64dd9e000 rw-p 00000000 00:00 0 
7fe64dd9e000-7fe650000000 ---p 00000000 00:00 0 
7fe650000000-7fe651669000 rw-p 00000000 00:00 0 
7fe651669000-7fe654000000 ---p 00000000 00:00 0 
7fe654000000-7fe654021000 rw-p 00000000 00:00 0 
7fe654021000-7fe658000000 ---p 00000000 00:00 0 
7fe658000000-7fe658021000 rw-p 00000000 00:00 0 
7fe658021000-7fe65c000000 ---p 00000000 00:00 0 
7fe65c000000-7fe65c021000 rw-p 00000000 00:00 0 
7fe65c021000-7fe660000000 ---p 00000000 00:00 0 
7fe660000000-7fe660021000 rw-p 00000000 00:00 0 
7fe660021000-7fe664000000 ---p 00000000 00:00 0 
7fe664000000-7fe664021000 rw-p 00000000 00:00 0 
7fe664021000-7fe668000000 ---p 00000000 00:00 0 
7fe668000000-7fe668021000 rw-p 00000000 00:00 0 
7fe668021000-7fe66c000000 ---p 00000000 00:00 0 
7fe66c000000-7fe66c021000 rw-p 00000000 00:00 0 
7fe66c021000-7fe670000000 ---p 00000000 00:00 0 
7fe6700ec000-7fe670103000 r-xp 00000000 08:01 5917886                    /usr/lib/jvm/java-7-openjdk-amd64/jre/lib/amd64/libnet.so
7fe670103000-7fe670302000 ---p 00017000 08:01 5917886                    /usr/lib/jvm/java-7-openjdk-amd64/jre/lib/amd64/libnet.so
7fe670302000-7fe670303000 r--p 00016000 08:01 5917886                    /usr/lib/jvm/java-7-openjdk-amd64/jre/lib/amd64/libnet.so
7fe670303000-7fe670304000 rw-p 00017000 08:01 5917886                    /usr/lib/jvm/java-7-openjdk-amd64/jre/lib/amd64/libnet.so
7fe670304000-7fe670314000 r-xp 00000000 08:01 5917910                    /usr/lib/jvm/java-7-openjdk-amd64/jre/lib/amd64/libnio.so
7fe670314000-7fe670514000 ---p 00010000 08:01 5917910                    /usr/lib/jvm/java-7-openjdk-amd64/jre/lib/amd64/libnio.so
7fe670514000-7fe670515000 r--p 00010000 08:01 5917910                    /usr/lib/jvm/java-7-openjdk-amd64/jre/lib/amd64/libnio.so
7fe670515000-7fe670516000 rw-p 00011000 08:01 5917910                    /usr/lib/jvm/java-7-openjdk-amd64/jre/lib/amd64/libnio.so
7fe670516000-7fe67059f000 r--s 0074b000 08:01 9581085                    /home/raihan/OpenSrpWorkSpace/opensrp-client/opensrp-mcare/build/intermediates/multi-dex/debug/allclasses.jar
7fe67059f000-7fe6705a0000 ---p 00000000 00:00 0 
7fe6705a0000-7fe6706a0000 rw-p 00000000 00:00 0                          [stack:4202]
7fe6706a0000-7fe6706a3000 ---p 00000000 00:00 0 
7fe6706a3000-7fe6707a1000 rw-p 00000000 00:00 0                          [stack:4201]
7fe6707a1000-7fe6707a4000 ---p 00000000 00:00 0 
7fe6707a4000-7fe6708a2000 rw-p 00000000 00:00 0                          [stack:4200]
7fe6708a2000-7fe6708a5000 ---p 00000000 00:00 0 
7fe6708a5000-7fe6709a3000 rw-p 00000000 00:00 0                          [stack:4199]
7fe6709a3000-7fe6709a6000 ---p 00000000 00:00 0 
7fe6709a6000-7fe670aa4000 rw-p 00000000 00:00 0                          [stack:4198]
7fe670aa4000-7fe6711c7000 r--p 00000000 08:01 4725570                    /usr/lib/locale/locale-archive
7fe6711c7000-7fe6711ca000 ---p 00000000 00:00 0 
7fe6711ca000-7fe6712c8000 rw-p 00000000 00:00 0                          [stack:4197]
7fe6712c8000-7fe6712cb000 ---p 00000000 00:00 0 
7fe6712cb000-7fe6713c9000 rw-p 00000000 00:00 0                          [stack:4196]
7fe6713c9000-7fe6713ca000 ---p 00000000 00:00 0 
7fe6713ca000-7fe674000000 rw-p 00000000 00:00 0                          [stack:4195]
7fe674000000-7fe674021000 rw-p 00000000 00:00 0 
7fe674021000-7fe678000000 ---p 00000000 00:00 0 
7fe678023000-7fe678054000 rw-p 00000000 00:00 0 
7fe67806d000-7fe67807c000 r--s 000dd000 08:01 6177003                    /home/raihan/android-sdk-linux/build-tools/21.1.2/lib/dx.jar
7fe67807c000-7fe678a2a000 rw-p 00000000 00:00 0 
7fe678a2a000-7fe678bdb000 r--s 01d30000 08:01 5508152                    /usr/lib/jvm/java-7-openjdk-amd64/jre/lib/rt.jar
7fe678bdb000-7fe678eff000 rw-p 00000000 00:00 0 
7fe678eff000-7fe678f00000 ---p 00000000 00:00 0 
7fe678f00000-7fe679000000 rw-p 00000000 00:00 0                          [stack:4194]
7fe679000000-7fe679410000 rwxp 00000000 00:00 0 
7fe679410000-7fe67c2c9000 rw-p 00000000 00:00 0 
7fe67c2c9000-7fe680000000 ---p 00000000 00:00 0 
7fe680002000-7fe680005000 r--s 0000f000 08:01 5917931                    /usr/lib/jvm/java-7-openjdk-amd64/jre/lib/ext/icedtea-sound.jar
7fe680005000-7fe680076000 rw-p 00000000 00:00 0 
7fe680076000-7fe680077000 ---p 00000000 00:00 0 
7fe680077000-7fe680177000 rw-p 00000000 00:00 0                          [stack:4193]
7fe680177000-7fe680178000 ---p 00000000 00:00 0 
7fe680178000-7fe680278000 rw-p 00000000 00:00 0                          [stack:4192]
7fe680278000-7fe680279000 ---p 00000000 00:00 0 
7fe680279000-7fe680384000 rw-p 00000000 00:00 0                          [stack:4191]
7fe680384000-7fe6803cc000 rw-p 00000000 00:00 0 
7fe6803cc000-7fe68043a000 rw-p 00000000 00:00 0 
7fe68043a000-7fe680522000 rw-p 00000000 00:00 0 
7fe680522000-7fe68052d000 rw-p 00000000 00:00 0 
7fe68052d000-7fe680575000 rw-p 00000000 00:00 0 
7fe680575000-7fe6805e3000 rw-p 00000000 00:00 0 
7fe6805e3000-7fe6806ca000 rw-p 00000000 00:00 0 
7fe6806ca000-7fe680775000 rw-p 00000000 00:00 0 
7fe680775000-7fe680776000 rw-p 00000000 00:00 0 
7fe680776000-7fe68077e000 r-xp 00000000 08:01 5917892                    /usr/lib/jvm/java-7-openjdk-amd64/jre/lib/amd64/libzip.so
7fe68077e000-7fe68097d000 ---p 00008000 08:01 5917892                    /usr/lib/jvm/java-7-openjdk-amd64/jre/lib/amd64/libzip.so
7fe68097d000-7fe68097e000 r--p 00007000 08:01 5917892                    /usr/lib/jvm/java-7-openjdk-amd64/jre/lib/amd64/libzip.so
7fe68097e000-7fe68097f000 rw-p 00008000 08:01 5917892                    /usr/lib/jvm/java-7-openjdk-amd64/jre/lib/amd64/libzip.so
7fe68097f000-7fe68098a000 r-xp 00000000 08:01 786646                     /lib/x86_64-linux-gnu/libnss_files-2.19.so
7fe68098a000-7fe680b89000 ---p 0000b000 08:01 786646                     /lib/x86_64-linux-gnu/libnss_files-2.19.so
7fe680b89000-7fe680b8a000 r--p 0000a000 08:01 786646                     /lib/x86_64-linux-gnu/libnss_files-2.19.so
7fe680b8a000-7fe680b8b000 rw-p 0000b000 08:01 786646                     /lib/x86_64-linux-gnu/libnss_files-2.19.so
7fe680b8b000-7fe680b96000 r-xp 00000000 08:01 786638                     /lib/x86_64-linux-gnu/libnss_nis-2.19.so
7fe680b96000-7fe680d95000 ---p 0000b000 08:01 786638                     /lib/x86_64-linux-gnu/libnss_nis-2.19.so
7fe680d95000-7fe680d96000 r--p 0000a000 08:01 786638                     /lib/x86_64-linux-gnu/libnss_nis-2.19.so
7fe680d96000-7fe680d97000 rw-p 0000b000 08:01 786638                     /lib/x86_64-linux-gnu/libnss_nis-2.19.so
7fe680d97000-7fe680dae000 r-xp 00000000 08:01 786634                     /lib/x86_64-linux-gnu/libnsl-2.19.so
7fe680dae000-7fe680fad000 ---p 00017000 08:01 786634                     /lib/x86_64-linux-gnu/libnsl-2.19.so
7fe680fad000-7fe680fae000 r--p 00016000 08:01 786634                     /lib/x86_64-linux-gnu/libnsl-2.19.so
7fe680fae000-7fe680faf000 rw-p 00017000 08:01 786634                     /lib/x86_64-linux-gnu/libnsl-2.19.so
7fe680faf000-7fe680fb1000 rw-p 00000000 00:00 0 
7fe680fb1000-7fe680fba000 r-xp 00000000 08:01 786633                     /lib/x86_64-linux-gnu/libnss_compat-2.19.so
7fe680fba000-7fe6811b9000 ---p 00009000 08:01 786633                     /lib/x86_64-linux-gnu/libnss_compat-2.19.so
7fe6811b9000-7fe6811ba000 r--p 00008000 08:01 786633                     /lib/x86_64-linux-gnu/libnss_compat-2.19.so
7fe6811ba000-7fe6811bb000 rw-p 00009000 08:01 786633                     /lib/x86_64-linux-gnu/libnss_compat-2.19.so
7fe6811bb000-7fe6811e6000 r-xp 00000000 08:01 5917877                    /usr/lib/jvm/java-7-openjdk-amd64/jre/lib/amd64/libjava.so
7fe6811e6000-7fe6813e6000 ---p 0002b000 08:01 5917877                    /usr/lib/jvm/java-7-openjdk-amd64/jre/lib/amd64/libjava.so
7fe6813e6000-7fe6813e7000 r--p 0002b000 08:01 5917877                    /usr/lib/jvm/java-7-openjdk-amd64/jre/lib/amd64/libjava.so
7fe6813e7000-7fe6813e9000 rw-p 0002c000 08:01 5917877                    /usr/lib/jvm/java-7-openjdk-amd64/jre/lib/amd64/libjava.so
7fe6813e9000-7fe6813f9000 r-xp 00000000 08:01 5917878                    /usr/lib/jvm/java-7-openjdk-amd64/jre/lib/amd64/libverify.so
7fe6813f9000-7fe6815f8000 ---p 00010000 08:01 5917878                    /usr/lib/jvm/java-7-openjdk-amd64/jre/lib/amd64/libverify.so
7fe6815f8000-7fe6815fa000 r--p 0000f000 08:01 5917878                    /usr/lib/jvm/java-7-openjdk-amd64/jre/lib/amd64/libverify.so
7fe6815fa000-7fe6815fb000 rw-p 00011000 08:01 5917878                    /usr/lib/jvm/java-7-openjdk-amd64/jre/lib/amd64/libverify.so
7fe6815fb000-7fe681602000 r-xp 00000000 08:01 786642                     /lib/x86_64-linux-gnu/librt-2.19.so
7fe681602000-7fe681801000 ---p 00007000 08:01 786642                     /lib/x86_64-linux-gnu/librt-2.19.so
7fe681801000-7fe681802000 r--p 00006000 08:01 786642                     /lib/x86_64-linux-gnu/librt-2.19.so
7fe681802000-7fe681803000 rw-p 00007000 08:01 786642                     /lib/x86_64-linux-gnu/librt-2.19.so
7fe681803000-7fe681819000 r-xp 00000000 08:01 786612                     /lib/x86_64-linux-gnu/libgcc_s.so.1
7fe681819000-7fe681a18000 ---p 00016000 08:01 786612                     /lib/x86_64-linux-gnu/libgcc_s.so.1
7fe681a18000-7fe681a19000 rw-p 00015000 08:01 786612                     /lib/x86_64-linux-gnu/libgcc_s.so.1
7fe681a19000-7fe681b1e000 r-xp 00000000 08:01 786618                     /lib/x86_64-linux-gnu/libm-2.19.so
7fe681b1e000-7fe681d1d000 ---p 00105000 08:01 786618                     /lib/x86_64-linux-gnu/libm-2.19.so
7fe681d1d000-7fe681d1e000 r--p 00104000 08:01 786618                     /lib/x86_64-linux-gnu/libm-2.19.so
7fe681d1e000-7fe681d1f000 rw-p 00105000 08:01 786618                     /lib/x86_64-linux-gnu/libm-2.19.so
7fe681d1f000-7fe681e05000 r-xp 00000000 08:01 4721335                    /usr/lib/x86_64-linux-gnu/libstdc++.so.6.0.19
7fe681e05000-7fe682004000 ---p 000e6000 08:01 4721335                    /usr/lib/x86_64-linux-gnu/libstdc++.so.6.0.19
7fe682004000-7fe68200c000 r--p 000e5000 08:01 4721335                    /usr/lib/x86_64-linux-gnu/libstdc++.so.6.0.19
7fe68200c000-7fe68200e000 rw-p 000ed000 08:01 4721335                    /usr/lib/x86_64-linux-gnu/libstdc++.so.6.0.19
7fe68200e000-7fe682023000 rw-p 00000000 00:00 0 
7fe682023000-7fe682b47000 r-xp 00000000 08:01 5917890                    /usr/lib/jvm/java-7-openjdk-amd64/jre/lib/amd64/server/libjvm.so
7fe682b47000-7fe682d47000 ---p 00b24000 08:01 5917890                    /usr/lib/jvm/java-7-openjdk-amd64/jre/lib/amd64/server/libjvm.so
7fe682d47000-7fe682de1000 r--p 00b24000 08:01 5917890                    /usr/lib/jvm/java-7-openjdk-amd64/jre/lib/amd64/server/libjvm.so
7fe682de1000-7fe682e04000 rw-p 00bbe000 08:01 5917890                    /usr/lib/jvm/java-7-openjdk-amd64/jre/lib/amd64/server/libjvm.so
7fe682e04000-7fe682e32000 rw-p 00000000 00:00 0 
7fe682e32000-7fe682e4a000 r-xp 00000000 08:01 790555                     /lib/x86_64-linux-gnu/libz.so.1.2.8
7fe682e4a000-7fe683049000 ---p 00018000 08:01 790555                     /lib/x86_64-linux-gnu/libz.so.1.2.8
7fe683049000-7fe68304a000 r--p 00017000 08:01 790555                     /lib/x86_64-linux-gnu/libz.so.1.2.8
7fe68304a000-7fe68304b000 rw-p 00018000 08:01 790555                     /lib/x86_64-linux-gnu/libz.so.1.2.8
7fe68304b000-7fe683064000 r-xp 00000000 08:01 786635                     /lib/x86_64-linux-gnu/libpthread-2.19.so
7fe683064000-7fe683263000 ---p 00019000 08:01 786635                     /lib/x86_64-linux-gnu/libpthread-2.19.so
7fe683263000-7fe683264000 r--p 00018000 08:01 786635                     /lib/x86_64-linux-gnu/libpthread-2.19.so
7fe683264000-7fe683265000 rw-p 00019000 08:01 786635                     /lib/x86_64-linux-gnu/libpthread-2.19.so
7fe683265000-7fe683269000 rw-p 00000000 00:00 0 
7fe683269000-7fe68326c000 r-xp 00000000 08:01 786630                     /lib/x86_64-linux-gnu/libdl-2.19.so
7fe68326c000-7fe68346b000 ---p 00003000 08:01 786630                     /lib/x86_64-linux-gnu/libdl-2.19.so
7fe68346b000-7fe68346c000 r--p 00002000 08:01 786630                     /lib/x86_64-linux-gnu/libdl-2.19.so
7fe68346c000-7fe68346d000 rw-p 00003000 08:01 786630                     /lib/x86_64-linux-gnu/libdl-2.19.so
7fe68346d000-7fe683628000 r-xp 00000000 08:01 786643                     /lib/x86_64-linux-gnu/libc-2.19.so
7fe683628000-7fe683827000 ---p 001bb000 08:01 786643                     /lib/x86_64-linux-gnu/libc-2.19.so
7fe683827000-7fe68382b000 r--p 001ba000 08:01 786643                     /lib/x86_64-linux-gnu/libc-2.19.so
7fe68382b000-7fe68382d000 rw-p 001be000 08:01 786643                     /lib/x86_64-linux-gnu/libc-2.19.so
7fe68382d000-7fe683832000 rw-p 00000000 00:00 0 
7fe683832000-7fe68383f000 r-xp 00000000 08:01 5917907                    /usr/lib/jvm/java-7-openjdk-amd64/jre/lib/amd64/jli/libjli.so
7fe68383f000-7fe683a3e000 ---p 0000d000 08:01 5917907                    /usr/lib/jvm/java-7-openjdk-amd64/jre/lib/amd64/jli/libjli.so
7fe683a3e000-7fe683a3f000 r--p 0000c000 08:01 5917907                    /usr/lib/jvm/java-7-openjdk-amd64/jre/lib/amd64/jli/libjli.so
7fe683a3f000-7fe683a40000 rw-p 0000d000 08:01 5917907                    /usr/lib/jvm/java-7-openjdk-amd64/jre/lib/amd64/jli/libjli.so
7fe683a40000-7fe683a63000 r-xp 00000000 08:01 786636                     /lib/x86_64-linux-gnu/ld-2.19.so
7fe683a65000-7fe683a69000 r--s 00034000 08:01 5917930                    /usr/lib/jvm/java-7-openjdk-amd64/jre/lib/ext/sunjce_provider.jar
7fe683a69000-7fe683a92000 rw-p 00000000 00:00 0 
7fe683a92000-7fe683b41000 rw-p 00000000 00:00 0 
7fe683b41000-7fe683b44000 ---p 00000000 00:00 0 
7fe683b44000-7fe683c47000 rw-p 00000000 00:00 0                          [stack:4190]
7fe683c48000-7fe683c49000 rw-p 00000000 00:00 0 
7fe683c49000-7fe683c4b000 r--s 00012000 08:01 5917929                    /usr/lib/jvm/java-7-openjdk-amd64/jre/lib/ext/zipfs.jar
7fe683c4b000-7fe683c4d000 r--s 00006000 08:01 5118243                    /usr/share/java/java-atk-wrapper.jar
7fe683c4d000-7fe683c51000 r--s 0003c000 08:01 5917933                    /usr/lib/jvm/java-7-openjdk-amd64/jre/lib/ext/sunpkcs11.jar
7fe683c51000-7fe683c55000 r--s 00085000 08:01 5917932                    /usr/lib/jvm/java-7-openjdk-amd64/jre/lib/ext/localedata.jar
7fe683c55000-7fe683c56000 r--s 00002000 08:01 5917928                    /usr/lib/jvm/java-7-openjdk-amd64/jre/lib/ext/dnsns.jar
7fe683c56000-7fe683c5e000 rw-s 00000000 08:01 9688                       /tmp/hsperfdata_raihan/4186
7fe683c5e000-7fe683c5f000 rw-p 00000000 00:00 0 
7fe683c5f000-7fe683c60000 ---p 00000000 00:00 0 
7fe683c60000-7fe683c62000 rw-p 00000000 00:00 0 
7fe683c62000-7fe683c63000 r--p 00022000 08:01 786636                     /lib/x86_64-linux-gnu/ld-2.19.so
7fe683c63000-7fe683c64000 rw-p 00023000 08:01 786636                     /lib/x86_64-linux-gnu/ld-2.19.so
7fe683c64000-7fe683c65000 rw-p 00000000 00:00 0 
7fff54fd9000-7fff54ffa000 rw-p 00000000 00:00 0                          [stack]
7fff54ffe000-7fff55000000 r-xp 00000000 00:00 0                          [vdso]
ffffffffff600000-ffffffffff601000 r-xp 00000000 00:00 0                  [vsyscall]

VM Arguments:
jvm_args: -Xmx1024M -Dfile.encoding=UTF-8 -Duser.country=US -Duser.language=en -Duser.variant 
java_command: com.android.dx.command.Main --dex --multi-dex --main-dex-list /home/raihan/OpenSrpWorkSpace/opensrp-client/opensrp-mcare/build/intermediates/multi-dex/debug/maindexlist.txt --output /home/raihan/OpenSrpWorkSpace/opensrp-client/opensrp-mcare/build/intermediates/dex/debug /home/raihan/OpenSrpWorkSpace/opensrp-client/opensrp-mcare/build/intermediates/multi-dex/debug/allclasses.jar
Launcher Type: SUN_STANDARD

Environment Variables:
PATH=/usr/local/sbin:/usr/local/bin:/usr/sbin:/usr/bin:/sbin:/bin:/usr/games:/usr/local/games
SHELL=/bin/bash
DISPLAY=:0

Signal Handlers:
SIGSEGV: [libjvm.so+0x9548f0], sa_mask[0]=0x7ffbfeff, sa_flags=0x10000004
SIGBUS: [libjvm.so+0x9548f0], sa_mask[0]=0x7ffbfeff, sa_flags=0x10000004
SIGFPE: [libjvm.so+0x7cb0b0], sa_mask[0]=0x7ffbfeff, sa_flags=0x10000004
SIGPIPE: [libjvm.so+0x7cb0b0], sa_mask[0]=0x7ffbfeff, sa_flags=0x10000004
SIGXFSZ: [libjvm.so+0x7cb0b0], sa_mask[0]=0x7ffbfeff, sa_flags=0x10000004
SIGILL: [libjvm.so+0x7cb0b0], sa_mask[0]=0x7ffbfeff, sa_flags=0x10000004
SIGUSR1: SIG_DFL, sa_mask[0]=0x00000000, sa_flags=0x00000000
SIGUSR2: [libjvm.so+0x7caf50], sa_mask[0]=0x00000004, sa_flags=0x10000004
SIGHUP: [libjvm.so+0x7cb130], sa_mask[0]=0x7ffbfeff, sa_flags=0x10000004
SIGINT: [libjvm.so+0x7cb130], sa_mask[0]=0x7ffbfeff, sa_flags=0x10000004
SIGTERM: [libjvm.so+0x7cb130], sa_mask[0]=0x7ffbfeff, sa_flags=0x10000004
SIGQUIT: [libjvm.so+0x7cb130], sa_mask[0]=0x7ffbfeff, sa_flags=0x10000004
SIGTRAP: SIG_DFL, sa_mask[0]=0x00000000, sa_flags=0x00000000


---------------  S Y S T E M  ---------------

OS:Ubuntu 14.04 (trusty)
uname:Linux 3.13.0-24-generic #46-Ubuntu SMP Thu Apr 10 19:11:08 UTC 2014 x86_64
libc:glibc 2.19 NPTL 2.19 
rlimit: STACK 8192k, CORE 0k, NPROC 30570, NOFILE 4096, AS infinity
load average:2.88 1.64 1.11

/proc/meminfo:
MemTotal:        3934516 kB
MemFree:           97844 kB
Buffers:             580 kB
Cached:           529008 kB
SwapCached:        20396 kB
Active:          2049952 kB
Inactive:         729784 kB
Active(anon):    2048868 kB
Inactive(anon):   709668 kB
Active(file):       1084 kB
Inactive(file):    20116 kB
Unevictable:         108 kB
Mlocked:             108 kB
SwapTotal:       4080636 kB
SwapFree:            152 kB
Dirty:                12 kB
Writeback:             0 kB
AnonPages:       2234144 kB
Mapped:           854460 kB
Shmem:            508352 kB
Slab:              98980 kB
SReclaimable:      39388 kB
SUnreclaim:        59592 kB
KernelStack:        7720 kB
PageTables:        97328 kB
NFS_Unstable:          0 kB
Bounce:                0 kB
WritebackTmp:          0 kB
CommitLimit:     6047892 kB
Committed_AS:   27360460 kB
VmallocTotal:   34359738367 kB
VmallocUsed:      553600 kB
VmallocChunk:   34359159396 kB
HardwareCorrupted:     0 kB
AnonHugePages:    165888 kB
HugePages_Total:       0
HugePages_Free:        0
HugePages_Rsvd:        0
HugePages_Surp:        0
Hugepagesize:       2048 kB
DirectMap4k:       79360 kB
DirectMap2M:     1906688 kB
DirectMap1G:     2097152 kB


CPU:total 4 (2 cores per cpu, 2 threads per core) family 6 model 61 stepping 4, cmov, cx8, fxsr, mmx, sse, sse2, sse3, ssse3, sse4.1, sse4.2, popcnt, avx, avx2, aes, erms, ht, tsc, tscinvbit

/proc/cpuinfo:
processor	: 0
vendor_id	: GenuineIntel
cpu family	: 6
model		: 61
model name	: Intel(R) Core(TM) i5-5200U CPU @ 2.20GHz
stepping	: 4
microcode	: 0x1f
cpu MHz		: 2201.000
cache size	: 3072 KB
physical id	: 0
siblings	: 4
core id		: 0
cpu cores	: 2
apicid		: 0
initial apicid	: 0
fpu		: yes
fpu_exception	: yes
cpuid level	: 20
wp		: yes
flags		: fpu vme de pse tsc msr pae mce cx8 apic sep mtrr pge mca cmov pat pse36 clflush dts acpi mmx fxsr sse sse2 ss ht tm pbe syscall nx pdpe1gb rdtscp lm constant_tsc arch_perfmon pebs bts rep_good nopl xtopology nonstop_tsc aperfmperf eagerfpu pni pclmulqdq dtes64 monitor ds_cpl vmx est tm2 ssse3 fma cx16 xtpr pdcm pcid sse4_1 sse4_2 x2apic movbe popcnt tsc_deadline_timer aes xsave avx f16c rdrand lahf_lm abm 3dnowprefetch ida arat epb xsaveopt pln pts dtherm tpr_shadow vnmi flexpriority ept vpid fsgsbase tsc_adjust bmi1 avx2 smep bmi2 erms invpcid rdseed adx smap
bogomips	: 4389.91
clflush size	: 64
cache_alignment	: 64
address sizes	: 39 bits physical, 48 bits virtual
power management:

processor	: 1
vendor_id	: GenuineIntel
cpu family	: 6
model		: 61
model name	: Intel(R) Core(TM) i5-5200U CPU @ 2.20GHz
stepping	: 4
microcode	: 0x1f
cpu MHz		: 2201.000
cache size	: 3072 KB
physical id	: 0
siblings	: 4
core id		: 0
cpu cores	: 2
apicid		: 1
initial apicid	: 1
fpu		: yes
fpu_exception	: yes
cpuid level	: 20
wp		: yes
flags		: fpu vme de pse tsc msr pae mce cx8 apic sep mtrr pge mca cmov pat pse36 clflush dts acpi mmx fxsr sse sse2 ss ht tm pbe syscall nx pdpe1gb rdtscp lm constant_tsc arch_perfmon pebs bts rep_good nopl xtopology nonstop_tsc aperfmperf eagerfpu pni pclmulqdq dtes64 monitor ds_cpl vmx est tm2 ssse3 fma cx16 xtpr pdcm pcid sse4_1 sse4_2 x2apic movbe popcnt tsc_deadline_timer aes xsave avx f16c rdrand lahf_lm abm 3dnowprefetch ida arat epb xsaveopt pln pts dtherm tpr_shadow vnmi flexpriority ept vpid fsgsbase tsc_adjust bmi1 avx2 smep bmi2 erms invpcid rdseed adx smap
bogomips	: 4389.91
clflush size	: 64
cache_alignment	: 64
address sizes	: 39 bits physical, 48 bits virtual
power management:

processor	: 2
vendor_id	: GenuineIntel
cpu family	: 6
model		: 61
model name	: Intel(R) Core(TM) i5-5200U CPU @ 2.20GHz
stepping	: 4
microcode	: 0x1f
cpu MHz		: 1800.000
cache size	: 3072 KB
physical id	: 0
siblings	: 4
core id		: 1
cpu cores	: 2
apicid		: 2
initial apicid	: 2
fpu		: yes
fpu_exception	: yes
cpuid level	: 20
wp		: yes
flags		: fpu vme de pse tsc msr pae mce cx8 apic sep mtrr pge mca cmov pat pse36 clflush dts acpi mmx fxsr sse sse2 ss ht tm pbe syscall nx pdpe1gb rdtscp lm constant_tsc arch_perfmon pebs bts rep_good nopl xtopology nonstop_tsc aperfmperf eagerfpu pni pclmulqdq dtes64 monitor ds_cpl vmx est tm2 ssse3 fma cx16 xtpr pdcm pcid sse4_1 sse4_2 x2apic movbe popcnt tsc_deadline_timer aes xsave avx f16c rdrand lahf_lm abm 3dnowprefetch ida arat epb xsaveopt pln pts dtherm tpr_shadow vnmi flexpriority ept vpid fsgsbase tsc_adjust bmi1 avx2 smep bmi2 erms invpcid rdseed adx smap
bogomips	: 4389.91
clflush size	: 64
cache_alignment	: 64
address sizes	: 39 bits physical, 48 bits virtual
power management:

processor	: 3
vendor_id	: GenuineIntel
cpu family	: 6
model		: 61
model name	: Intel(R) Core(TM) i5-5200U CPU @ 2.20GHz
stepping	: 4
microcode	: 0x1f
cpu MHz		: 2201.000
cache size	: 3072 KB
physical id	: 0
siblings	: 4
core id		: 1
cpu cores	: 2
apicid		: 3
initial apicid	: 3
fpu		: yes
fpu_exception	: yes
cpuid level	: 20
wp		: yes
flags		: fpu vme de pse tsc msr pae mce cx8 apic sep mtrr pge mca cmov pat pse36 clflush dts acpi mmx fxsr sse sse2 ss ht tm pbe syscall nx pdpe1gb rdtscp lm constant_tsc arch_perfmon pebs bts rep_good nopl xtopology nonstop_tsc aperfmperf eagerfpu pni pclmulqdq dtes64 monitor ds_cpl vmx est tm2 ssse3 fma cx16 xtpr pdcm pcid sse4_1 sse4_2 x2apic movbe popcnt tsc_deadline_timer aes xsave avx f16c rdrand lahf_lm abm 3dnowprefetch ida arat epb xsaveopt pln pts dtherm tpr_shadow vnmi flexpriority ept vpid fsgsbase tsc_adjust bmi1 avx2 smep bmi2 erms invpcid rdseed adx smap
bogomips	: 4389.91
clflush size	: 64
cache_alignment	: 64
address sizes	: 39 bits physical, 48 bits virtual
power management:



Memory: 4k page, physical 3934516k(97844k free), swap 4080636k(152k free)

vm_info: OpenJDK 64-Bit Server VM (24.95-b01) for linux-amd64 JRE (1.7.0_95-b00), built on Mar 24 2016 06:13:32 by "buildd" with gcc 4.8.2

time: Thu Jun 23 15:25:43 2016
elapsed time: 19 seconds

