#
# There is insufficient memory for the Java Runtime Environment to continue.
# Native memory allocation (malloc) failed to allocate 155713536 bytes for committing reserved memory.
# Possible reasons:
#   The system is out of physical RAM or swap space
#   In 32 bit mode, the process size limit was hit
# Possible solutions:
#   Reduce memory load on the system
#   Increase physical memory or swap space
#   Check if swap backing store is full
#   Use 64 bit Java on a 64 bit OS
#   Decrease Java heap size (-Xmx/-Xms)
#   Decrease number of Java threads
#   Decrease Java thread stack sizes (-Xss)
#   Set larger code cache with -XX:ReservedCodeCacheSize=
# This output file may be truncated or incomplete.
#
#  Out of Memory Error (os_linux.cpp:2827), pid=27956, tid=140528050980608
#
# JRE version: OpenJDK Runtime Environment (7.0_95) (build 1.7.0_95-b00)
# Java VM: OpenJDK 64-Bit Server VM (24.95-b01 mixed mode linux-amd64 compressed oops)
# Derivative: IcedTea 2.6.4
# Distribution: Ubuntu 14.04 LTS, package 7u95-2.6.4-0ubuntu0.14.04.2
# Failed to write core dump. Core dumps have been disabled. To enable core dumping, try "ulimit -c unlimited" before starting Java again
#

---------------  T H R E A D  ---------------

Current thread (0x00007fcf48076000):  VMThread [stack: 0x00007fcf3c7f4000,0x00007fcf3c8f5000] [id=27966]

Stack: [0x00007fcf3c7f4000,0x00007fcf3c8f5000],  sp=0x00007fcf3c8f3490,  free space=1021k
Native frames: (J=compiled Java code, j=interpreted, Vv=VM code, C=native code)
V  [libjvm.so+0x953e15]
V  [libjvm.so+0x48fd94]
V  [libjvm.so+0x7cf87b]
V  [libjvm.so+0x7ca33f]
V  [libjvm.so+0x83dacb]
V  [libjvm.so+0x82d86b]
V  [libjvm.so+0x82da2b]
V  [libjvm.so+0x82e958]
V  [libjvm.so+0x8355b4]
V  [libjvm.so+0x83bc0d]
V  [libjvm.so+0x7f2083]
V  [libjvm.so+0x955814]
V  [libjvm.so+0x959917]
V  [libjvm.so+0x9583d8]
V  [libjvm.so+0x958839]
V  [libjvm.so+0x958c82]
V  [libjvm.so+0x7cc742]

VM_Operation (0x00007fcf4f001da0): ParallelGCFailedAllocation, mode: safepoint, requested by thread 0x00007fcf4800a800


---------------  P R O C E S S  ---------------

Java Threads: ( => current thread )
  0x00007fcf480af800 JavaThread "Service Thread" daemon [_thread_blocked, id=27972, stack(0x00007fcf3c1ee000,0x00007fcf3c2ef000)]
  0x00007fcf480ad000 JavaThread "C2 CompilerThread1" daemon [_thread_blocked, id=27971, stack(0x00007fcf3c2ef000,0x00007fcf3c3f0000)]
  0x00007fcf480aa000 JavaThread "C2 CompilerThread0" daemon [_thread_blocked, id=27970, stack(0x00007fcf3c3f0000,0x00007fcf3c4f1000)]
  0x00007fcf480a8000 JavaThread "Signal Dispatcher" daemon [_thread_blocked, id=27969, stack(0x00007fcf3c4f1000,0x00007fcf3c5f2000)]
  0x00007fcf4807c000 JavaThread "Finalizer" daemon [_thread_blocked, id=27968, stack(0x00007fcf3c5f2000,0x00007fcf3c6f3000)]
  0x00007fcf4807a000 JavaThread "Reference Handler" daemon [_thread_blocked, id=27967, stack(0x00007fcf3c6f3000,0x00007fcf3c7f4000)]
  0x00007fcf4800a800 JavaThread "main" [_thread_blocked, id=27961, stack(0x00007fcf4ef03000,0x00007fcf4f004000)]

Other Threads:
=>0x00007fcf48076000 VMThread [stack: 0x00007fcf3c7f4000,0x00007fcf3c8f5000] [id=27966]
  0x00007fcf480ba000 WatcherThread [stack: 0x00007fcf3c0ed000,0x00007fcf3c1ee000] [id=27973]

VM state:at safepoint (normal execution)

VM Mutex/Monitor currently owned by a thread:  ([mutex/lock_event])
[0x00007fcf48006280] ExpandHeap_lock - owner thread: 0x00007fcf48076000
[0x00007fcf48006900] Threads_lock - owner thread: 0x00007fcf48076000
[0x00007fcf48006e00] Heap_lock - owner thread: 0x00007fcf4800a800

Heap
 PSYoungGen      total 233472K, used 32273K [0x00000000eaa80000, 0x0000000100000000, 0x0000000100000000)
  eden space 117248K, 0% used [0x00000000eaa80000,0x00000000eaa80000,0x00000000f1d00000)
  from space 116224K, 27% used [0x00000000f8e80000,0x00000000fae047a8,0x0000000100000000)
  to   space 116224K, 0% used [0x00000000f1d00000,0x00000000f1d00000,0x00000000f8e80000)
 ParOldGen       total 392192K, used 391740K [0x00000000c0000000, 0x00000000d7f00000, 0x00000000eaa80000)
  object space 392192K, 99% used [0x00000000c0000000,0x00000000d7e8f250,0x00000000d7f00000)
 PSPermGen       total 21504K, used 6202K [0x00000000b5a00000, 0x00000000b6f00000, 0x00000000c0000000)
  object space 21504K, 28% used [0x00000000b5a00000,0x00000000b600eb90,0x00000000b6f00000)

Card table byte_map: [0x00007fcf4478b000,0x00007fcf449df000] byte_map_base: 0x00007fcf441de000

Polling page: 0x00007fcf4f021000

Code Cache  [0x00007fcf449df000, 0x00007fcf44ddf000, 0x00007fcf479df000)
 total_blobs=1304 nmethods=1076 adapters=181 free_code_cache=45374Kb largest_free_block=46185024

Compilation events (10 events):
Event: 17.683 Thread 0x00007fcf480ad000 nmethod 1156 0x00007fcf44d14790 code [0x00007fcf44d148c0, 0x00007fcf44d14918]
Event: 17.715 Thread 0x00007fcf480aa000 1157             com.android.dx.dex.cf.AttributeTranslator::translateInnerClasses (356 bytes)
Event: 17.729 Thread 0x00007fcf480ad000 1158             sun.util.calendar.CalendarDate::getMonth (5 bytes)
Event: 17.729 Thread 0x00007fcf480ad000 nmethod 1158 0x00007fcf44cce910 code [0x00007fcf44ccea40, 0x00007fcf44ccea98]
Event: 17.729 Thread 0x00007fcf480ad000 1159             sun.util.calendar.CalendarDate::setNormalized (6 bytes)
Event: 17.729 Thread 0x00007fcf480ad000 nmethod 1159 0x00007fcf44cce710 code [0x00007fcf44cce840, 0x00007fcf44cce898]
Event: 17.733 Thread 0x00007fcf480ad000 1160             java.util.TreeMap$Values::size (8 bytes)
Event: 17.734 Thread 0x00007fcf480ad000 nmethod 1160 0x00007fcf44ccbf90 code [0x00007fcf44ccc0c0, 0x00007fcf44ccc138]
Event: 17.761 Thread 0x00007fcf480aa000 nmethod 1157 0x00007fcf44aaf910 code [0x00007fcf44aafc80, 0x00007fcf44ab12c0]
Event: 17.765 Thread 0x00007fcf480ad000 1161   !         com.android.dx.cf.code.BytecodeArray::parseInstruction (2764 bytes)

GC Heap History (10 events):
Event: 16.349 GC heap after
Heap after GC invocations=24 (full 4):
 PSYoungGen      total 240128K, used 64039K [0x00000000eaa80000, 0x00000000ffd80000, 0x0000000100000000)
  eden space 138240K, 0% used [0x00000000eaa80000,0x00000000eaa80000,0x00000000f3180000)
  from space 101888K, 62% used [0x00000000f9a00000,0x00000000fd889d08,0x00000000ffd80000)
  to   space 104448K, 0% used [0x00000000f3180000,0x00000000f3180000,0x00000000f9780000)
 ParOldGen       total 392192K, used 283973K [0x00000000c0000000, 0x00000000d7f00000, 0x00000000eaa80000)
  object space 392192K, 72% used [0x00000000c0000000,0x00000000d15514f8,0x00000000d7f00000)
 PSPermGen       total 21504K, used 6161K [0x00000000b5a00000, 0x00000000b6f00000, 0x00000000c0000000)
  object space 21504K, 28% used [0x00000000b5a00000,0x00000000b6004598,0x00000000b6f00000)
}
Event: 16.636 GC heap before
{Heap before GC invocations=25 (full 4):
 PSYoungGen      total 240128K, used 202279K [0x00000000eaa80000, 0x00000000ffd80000, 0x0000000100000000)
  eden space 138240K, 100% used [0x00000000eaa80000,0x00000000f3180000,0x00000000f3180000)
  from space 101888K, 62% used [0x00000000f9a00000,0x00000000fd889d08,0x00000000ffd80000)
  to   space 104448K, 0% used [0x00000000f3180000,0x00000000f3180000,0x00000000f9780000)
 ParOldGen       total 392192K, used 283973K [0x00000000c0000000, 0x00000000d7f00000, 0x00000000eaa80000)
  object space 392192K, 72% used [0x00000000c0000000,0x00000000d15514f8,0x00000000d7f00000)
 PSPermGen       total 21504K, used 6161K [0x00000000b5a00000, 0x00000000b6f00000, 0x00000000c0000000)
  object space 21504K, 28% used [0x00000000b5a00000,0x00000000b6004598,0x00000000b6f00000)
Event: 16.711 GC heap after
Heap after GC invocations=25 (full 4):
 PSYoungGen      total 222208K, used 83905K [0x00000000eaa80000, 0x0000000100000000, 0x0000000100000000)
  eden space 138240K, 0% used [0x00000000eaa80000,0x00000000eaa80000,0x00000000f3180000)
  from space 83968K, 99% used [0x00000000f3180000,0x00000000f83706b8,0x00000000f8380000)
  to   space 112128K, 0% used [0x00000000f9280000,0x00000000f9280000,0x0000000100000000)
 ParOldGen       total 392192K, used 283973K [0x00000000c0000000, 0x00000000d7f00000, 0x00000000eaa80000)
  object space 392192K, 72% used [0x00000000c0000000,0x00000000d15514f8,0x00000000d7f00000)
 PSPermGen       total 21504K, used 6161K [0x00000000b5a00000, 0x00000000b6f00000, 0x00000000c0000000)
  object space 21504K, 28% used [0x00000000b5a00000,0x00000000b6004598,0x00000000b6f00000)
}
Event: 16.999 GC heap before
{Heap before GC invocations=26 (full 4):
 PSYoungGen      total 222208K, used 222145K [0x00000000eaa80000, 0x0000000100000000, 0x0000000100000000)
  eden space 138240K, 100% used [0x00000000eaa80000,0x00000000f3180000,0x00000000f3180000)
  from space 83968K, 99% used [0x00000000f3180000,0x00000000f83706b8,0x00000000f8380000)
  to   space 112128K, 0% used [0x00000000f9280000,0x00000000f9280000,0x0000000100000000)
 ParOldGen       total 392192K, used 283973K [0x00000000c0000000, 0x00000000d7f00000, 0x00000000eaa80000)
  object space 392192K, 72% used [0x00000000c0000000,0x00000000d15514f8,0x00000000d7f00000)
 PSPermGen       total 21504K, used 6167K [0x00000000b5a00000, 0x00000000b6f00000, 0x00000000c0000000)
  object space 21504K, 28% used [0x00000000b5a00000,0x00000000b6005f68,0x00000000b6f00000)
Event: 17.090 GC heap after
Heap after GC invocations=26 (full 4):
 PSYoungGen      total 229376K, used 104551K [0x00000000eaa80000, 0x0000000100000000, 0x0000000100000000)
  eden space 117248K, 0% used [0x00000000eaa80000,0x00000000eaa80000,0x00000000f1d00000)
  from space 112128K, 93% used [0x00000000f9280000,0x00000000ff899de0,0x0000000100000000)
  to   space 116224K, 0% used [0x00000000f1d00000,0x00000000f1d00000,0x00000000f8e80000)
 ParOldGen       total 392192K, used 283973K [0x00000000c0000000, 0x00000000d7f00000, 0x00000000eaa80000)
  object space 392192K, 72% used [0x00000000c0000000,0x00000000d15514f8,0x00000000d7f00000)
 PSPermGen       total 21504K, used 6167K [0x00000000b5a00000, 0x00000000b6f00000, 0x00000000c0000000)
  object space 21504K, 28% used [0x00000000b5a00000,0x00000000b6005f68,0x00000000b6f00000)
}
Event: 17.343 GC heap before
{Heap before GC invocations=27 (full 4):
 PSYoungGen      total 229376K, used 221799K [0x00000000eaa80000, 0x0000000100000000, 0x0000000100000000)
  eden space 117248K, 100% used [0x00000000eaa80000,0x00000000f1d00000,0x00000000f1d00000)
  from space 112128K, 93% used [0x00000000f9280000,0x00000000ff899de0,0x0000000100000000)
  to   space 116224K, 0% used [0x00000000f1d00000,0x00000000f1d00000,0x00000000f8e80000)
 ParOldGen       total 392192K, used 283973K [0x00000000c0000000, 0x00000000d7f00000, 0x00000000eaa80000)
  object space 392192K, 72% used [0x00000000c0000000,0x00000000d15514f8,0x00000000d7f00000)
 PSPermGen       total 21504K, used 6168K [0x00000000b5a00000, 0x00000000b6f00000, 0x00000000c0000000)
  object space 21504K, 28% used [0x00000000b5a00000,0x00000000b6006178,0x00000000b6f00000)
Event: 17.453 GC heap after
Heap after GC invocations=27 (full 4):
 PSYoungGen      total 233472K, used 91295K [0x00000000eaa80000, 0x0000000100000000, 0x0000000100000000)
  eden space 117248K, 0% used [0x00000000eaa80000,0x00000000eaa80000,0x00000000f1d00000)
  from space 116224K, 78% used [0x00000000f1d00000,0x00000000f7627f40,0x00000000f8e80000)
  to   space 116224K, 0% used [0x00000000f8e80000,0x00000000f8e80000,0x0000000100000000)
 ParOldGen       total 392192K, used 315207K [0x00000000c0000000, 0x00000000d7f00000, 0x00000000eaa80000)
  object space 392192K, 80% used [0x00000000c0000000,0x00000000d33d1dc8,0x00000000d7f00000)
 PSPermGen       total 21504K, used 6168K [0x00000000b5a00000, 0x00000000b6f00000, 0x00000000c0000000)
  object space 21504K, 28% used [0x00000000b5a00000,0x00000000b6006178,0x00000000b6f00000)
}
Event: 17.785 GC heap before
{Heap before GC invocations=28 (full 4):
 PSYoungGen      total 233472K, used 208543K [0x00000000eaa80000, 0x0000000100000000, 0x0000000100000000)
  eden space 117248K, 100% used [0x00000000eaa80000,0x00000000f1d00000,0x00000000f1d00000)
  from space 116224K, 78% used [0x00000000f1d00000,0x00000000f7627f40,0x00000000f8e80000)
  to   space 116224K, 0% used [0x00000000f8e80000,0x00000000f8e80000,0x0000000100000000)
 ParOldGen       total 392192K, used 315207K [0x00000000c0000000, 0x00000000d7f00000, 0x00000000eaa80000)
  object space 392192K, 80% used [0x00000000c0000000,0x00000000d33d1dc8,0x00000000d7f00000)
 PSPermGen       total 21504K, used 6202K [0x00000000b5a00000, 0x00000000b6f00000, 0x00000000c0000000)
  object space 21504K, 28% used [0x00000000b5a00000,0x00000000b600ebd0,0x00000000b6f00000)
Event: 17.901 GC heap after
Heap after GC invocations=28 (full 4):
 PSYoungGen      total 233472K, used 77504K [0x00000000eaa80000, 0x0000000100000000, 0x0000000100000000)
  eden space 117248K, 0% used [0x00000000eaa80000,0x00000000eaa80000,0x00000000f1d00000)
  from space 116224K, 66% used [0x00000000f8e80000,0x00000000fda30188,0x0000000100000000)
  to   space 116224K, 0% used [0x00000000f1d00000,0x00000000f1d00000,0x00000000f8e80000)
 ParOldGen       total 392192K, used 347960K [0x00000000c0000000, 0x00000000d7f00000, 0x00000000eaa80000)
  object space 392192K, 88% used [0x00000000c0000000,0x00000000d53ce1e0,0x00000000d7f00000)
 PSPermGen       total 21504K, used 6202K [0x00000000b5a00000, 0x00000000b6f00000, 0x00000000c0000000)
  object space 21504K, 28% used [0x00000000b5a00000,0x00000000b600ebd0,0x00000000b6f00000)
}
Event: 17.901 GC heap before
{Heap before GC invocations=29 (full 5):
 PSYoungGen      total 233472K, used 77504K [0x00000000eaa80000, 0x0000000100000000, 0x0000000100000000)
  eden space 117248K, 0% used [0x00000000eaa80000,0x00000000eaa80000,0x00000000f1d00000)
  from space 116224K, 66% used [0x00000000f8e80000,0x00000000fda30188,0x0000000100000000)
  to   space 116224K, 0% used [0x00000000f1d00000,0x00000000f1d00000,0x00000000f8e80000)
 ParOldGen       total 392192K, used 347960K [0x00000000c0000000, 0x00000000d7f00000, 0x00000000eaa80000)
  object space 392192K, 88% used [0x00000000c0000000,0x00000000d53ce1e0,0x00000000d7f00000)
 PSPermGen       total 21504K, used 6202K [0x00000000b5a00000, 0x00000000b6f00000, 0x00000000c0000000)
  object space 21504K, 28% used [0x00000000b5a00000,0x00000000b600ebd0,0x00000000b6f00000)

Deoptimization events (10 events):
Event: 16.045 Thread 0x00007fcf4800a800 Uncommon trap: reason=bimorphic action=maybe_recompile pc=0x00007fcf44d32e18 method=com.android.dx.cf.code.BytecodeArray.parseInstruction(ILcom/android/dx/cf/code/BytecodeArray$Visitor;)I @ 1447
Event: 16.284 Thread 0x00007fcf4800a800 Uncommon trap: reason=bimorphic action=maybe_recompile pc=0x00007fcf44b65f68 method=com.android.dx.ssa.NormalSsaInsn.changeOneSource(ILcom/android/dx/rop/code/RegisterSpec;)V @ 113
Event: 16.284 Thread 0x00007fcf4800a800 Uncommon trap: reason=bimorphic action=maybe_recompile pc=0x00007fcf44b65f68 method=com.android.dx.ssa.NormalSsaInsn.changeOneSource(ILcom/android/dx/rop/code/RegisterSpec;)V @ 113
Event: 16.284 Thread 0x00007fcf4800a800 Uncommon trap: reason=bimorphic action=maybe_recompile pc=0x00007fcf44b65f68 method=com.android.dx.ssa.NormalSsaInsn.changeOneSource(ILcom/android/dx/rop/code/RegisterSpec;)V @ 113
Event: 16.284 Thread 0x00007fcf4800a800 Uncommon trap: reason=bimorphic action=maybe_recompile pc=0x00007fcf44b65f68 method=com.android.dx.ssa.NormalSsaInsn.changeOneSource(ILcom/android/dx/rop/code/RegisterSpec;)V @ 113
Event: 16.974 Thread 0x00007fcf4800a800 Uncommon trap: reason=bimorphic action=maybe_recompile pc=0x00007fcf44aa49d4 method=com.android.dx.ssa.LiteralOpUpgrader.tryReplacingWithConstant(Lcom/android/dx/ssa/NormalSsaInsn;)Z @ 62
Event: 17.096 Thread 0x00007fcf4800a800 Uncommon trap: reason=bimorphic action=maybe_recompile pc=0x00007fcf44b3a254 method=com.android.dx.ssa.LiteralOpUpgrader.tryReplacingWithConstant(Lcom/android/dx/ssa/NormalSsaInsn;)Z @ 62
Event: 17.494 Thread 0x00007fcf4800a800 Uncommon trap: reason=unstable_if action=reinterpret pc=0x00007fcf44d111d4 method=com.android.dx.ssa.LiteralOpUpgrader$1.visitNonMoveInsn(Lcom/android/dx/ssa/NormalSsaInsn;)V @ 137
Event: 17.753 Thread 0x00007fcf4800a800 Uncommon trap: reason=bimorphic action=maybe_recompile pc=0x00007fcf44d18fe8 method=com.android.dx.cf.code.BytecodeArray.parseInstruction(ILcom/android/dx/cf/code/BytecodeArray$Visitor;)I @ 1987
Event: 17.754 Thread 0x00007fcf4800a800 Uncommon trap: reason=bimorphic action=maybe_recompile pc=0x00007fcf44d18fe8 method=com.android.dx.cf.code.BytecodeArray.parseInstruction(ILcom/android/dx/cf/code/BytecodeArray$Visitor;)I @ 1987

Internal exceptions (10 events):
Event: 6.243 Thread 0x00007fcf4800a800 Implicit null exception at 0x00007fcf44b64769 to 0x00007fcf44b65205
Event: 6.243 Thread 0x00007fcf4800a800 Implicit null exception at 0x00007fcf44ad4b27 to 0x00007fcf44ad4e21
Event: 6.243 Thread 0x00007fcf4800a800 Implicit null exception at 0x00007fcf44a92bf8 to 0x00007fcf44a92d4d
Event: 6.570 Thread 0x00007fcf4800a800 Implicit null exception at 0x00007fcf44d123e3 to 0x00007fcf44d14d99
Event: 7.745 Thread 0x00007fcf4800a800 Threw 0x00000000eb5bed20 at /build/openjdk-7-HVzwJZ/openjdk-7-7u95-2.6.4/build/openjdk/hotspot/src/share/vm/prims/jvm.cpp:1322
Event: 7.748 Thread 0x00007fcf4800a800 Implicit null exception at 0x00007fcf44b13f92 to 0x00007fcf44b142b5
Event: 8.555 Thread 0x00007fcf4800a800 Threw 0x00000000f70e0d28 at /build/openjdk-7-HVzwJZ/openjdk-7-7u95-2.6.4/build/openjdk/hotspot/src/share/vm/prims/jvm.cpp:1322
Event: 8.740 Thread 0x00007fcf4800a800 Threw 0x00000000eabc0588 at /build/openjdk-7-HVzwJZ/openjdk-7-7u95-2.6.4/build/openjdk/hotspot/src/share/vm/prims/jvm.cpp:1322
Event: 9.016 Thread 0x00007fcf4800a800 Threw 0x00000000ee1bd828 at /build/openjdk-7-HVzwJZ/openjdk-7-7u95-2.6.4/build/openjdk/hotspot/src/share/vm/prims/jvm.cpp:1322
Event: 11.739 Thread 0x00007fcf4800a800 Implicit null exception at 0x00007fcf44a9a3a7 to 0x00007fcf44a9adb9

Events (10 events):
Event: 17.494 Thread 0x00007fcf4800a800 Uncommon trap: trap_request=0xffffff75 fr.pc=0x00007fcf44d111d4
Event: 17.494 Thread 0x00007fcf4800a800 DEOPT PACKING pc=0x00007fcf44d111d4 sp=0x00007fcf4f001f80
Event: 17.494 Thread 0x00007fcf4800a800 DEOPT UNPACKING pc=0x00007fcf44a18445 sp=0x00007fcf4f001f40 mode 2
Event: 17.753 Thread 0x00007fcf4800a800 Uncommon trap: trap_request=0xffffffc6 fr.pc=0x00007fcf44d18fe8
Event: 17.753 Thread 0x00007fcf4800a800 DEOPT PACKING pc=0x00007fcf44d18fe8 sp=0x00007fcf4f001e40
Event: 17.753 Thread 0x00007fcf4800a800 DEOPT UNPACKING pc=0x00007fcf44a18445 sp=0x00007fcf4f001e00 mode 2
Event: 17.754 Thread 0x00007fcf4800a800 Uncommon trap: trap_request=0xffffffc6 fr.pc=0x00007fcf44d18fe8
Event: 17.754 Thread 0x00007fcf4800a800 DEOPT PACKING pc=0x00007fcf44d18fe8 sp=0x00007fcf4f001d60
Event: 17.754 Thread 0x00007fcf4800a800 DEOPT UNPACKING pc=0x00007fcf44a18445 sp=0x00007fcf4f001d20 mode 2
Event: 17.785 Executing VM operation: ParallelGCFailedAllocation


Dynamic libraries:
00400000-00401000 r-xp 00000000 08:01 5508137                            /usr/lib/jvm/java-7-openjdk-amd64/jre/bin/java
00600000-00601000 r--p 00000000 08:01 5508137                            /usr/lib/jvm/java-7-openjdk-amd64/jre/bin/java
00601000-00602000 rw-p 00001000 08:01 5508137                            /usr/lib/jvm/java-7-openjdk-amd64/jre/bin/java
01974000-01995000 rw-p 00000000 00:00 0                                  [heap]
b5a00000-b6f00000 rw-p 00000000 00:00 0 
b6f00000-c0000000 rw-p 00000000 00:00 0 
c0000000-d7f00000 rw-p 00000000 00:00 0 
e1380000-eaa80000 rw-p 00000000 00:00 0 
eaa80000-100000000 rw-p 00000000 00:00 0 
7fcf08000000-7fcf08021000 rw-p 00000000 00:00 0 
7fcf08021000-7fcf0c000000 ---p 00000000 00:00 0 
7fcf10000000-7fcf1186a000 rw-p 00000000 00:00 0 
7fcf1186a000-7fcf14000000 ---p 00000000 00:00 0 
7fcf14000000-7fcf14021000 rw-p 00000000 00:00 0 
7fcf14021000-7fcf18000000 ---p 00000000 00:00 0 
7fcf18000000-7fcf18021000 rw-p 00000000 00:00 0 
7fcf18021000-7fcf1c000000 ---p 00000000 00:00 0 
7fcf1c000000-7fcf1d902000 rw-p 00000000 00:00 0 
7fcf1d902000-7fcf20000000 ---p 00000000 00:00 0 
7fcf20000000-7fcf20021000 rw-p 00000000 00:00 0 
7fcf20021000-7fcf24000000 ---p 00000000 00:00 0 
7fcf24000000-7fcf24021000 rw-p 00000000 00:00 0 
7fcf24021000-7fcf28000000 ---p 00000000 00:00 0 
7fcf28000000-7fcf28021000 rw-p 00000000 00:00 0 
7fcf28021000-7fcf2c000000 ---p 00000000 00:00 0 
7fcf2c000000-7fcf2c021000 rw-p 00000000 00:00 0 
7fcf2c021000-7fcf30000000 ---p 00000000 00:00 0 
7fcf30000000-7fcf30021000 rw-p 00000000 00:00 0 
7fcf30021000-7fcf34000000 ---p 00000000 00:00 0 
7fcf3615f000-7fcf3619c000 r-xp 00000000 08:01 790495                     /lib/x86_64-linux-gnu/libpcre.so.3.13.1
7fcf3619c000-7fcf3639b000 ---p 0003d000 08:01 790495                     /lib/x86_64-linux-gnu/libpcre.so.3.13.1
7fcf3639b000-7fcf3639c000 r--p 0003c000 08:01 790495                     /lib/x86_64-linux-gnu/libpcre.so.3.13.1
7fcf3639c000-7fcf3639d000 rw-p 0003d000 08:01 790495                     /lib/x86_64-linux-gnu/libpcre.so.3.13.1
7fcf3639d000-7fcf363a4000 r-xp 00000000 08:01 4726848                    /usr/lib/x86_64-linux-gnu/libffi.so.6.0.1
7fcf363a4000-7fcf365a3000 ---p 00007000 08:01 4726848                    /usr/lib/x86_64-linux-gnu/libffi.so.6.0.1
7fcf365a3000-7fcf365a4000 r--p 00006000 08:01 4726848                    /usr/lib/x86_64-linux-gnu/libffi.so.6.0.1
7fcf365a4000-7fcf365a5000 rw-p 00007000 08:01 4726848                    /usr/lib/x86_64-linux-gnu/libffi.so.6.0.1
7fcf365a5000-7fcf365bc000 r-xp 00000000 08:01 786614                     /lib/x86_64-linux-gnu/libresolv-2.19.so
7fcf365bc000-7fcf367bc000 ---p 00017000 08:01 786614                     /lib/x86_64-linux-gnu/libresolv-2.19.so
7fcf367bc000-7fcf367bd000 r--p 00017000 08:01 786614                     /lib/x86_64-linux-gnu/libresolv-2.19.so
7fcf367bd000-7fcf367be000 rw-p 00018000 08:01 786614                     /lib/x86_64-linux-gnu/libresolv-2.19.so
7fcf367be000-7fcf367c0000 rw-p 00000000 00:00 0 
7fcf367c0000-7fcf367e0000 r-xp 00000000 08:01 790522                     /lib/x86_64-linux-gnu/libselinux.so.1
7fcf367e0000-7fcf369df000 ---p 00020000 08:01 790522                     /lib/x86_64-linux-gnu/libselinux.so.1
7fcf369df000-7fcf369e0000 r--p 0001f000 08:01 790522                     /lib/x86_64-linux-gnu/libselinux.so.1
7fcf369e0000-7fcf369e1000 rw-p 00020000 08:01 790522                     /lib/x86_64-linux-gnu/libselinux.so.1
7fcf369e1000-7fcf369e3000 rw-p 00000000 00:00 0 
7fcf369e3000-7fcf369e6000 r-xp 00000000 08:01 4726965                    /usr/lib/x86_64-linux-gnu/libgmodule-2.0.so.0.4000.0
7fcf369e6000-7fcf36be5000 ---p 00003000 08:01 4726965                    /usr/lib/x86_64-linux-gnu/libgmodule-2.0.so.0.4000.0
7fcf36be5000-7fcf36be6000 r--p 00002000 08:01 4726965                    /usr/lib/x86_64-linux-gnu/libgmodule-2.0.so.0.4000.0
7fcf36be6000-7fcf36be7000 rw-p 00003000 08:01 4726965                    /usr/lib/x86_64-linux-gnu/libgmodule-2.0.so.0.4000.0
7fcf36be7000-7fcf36ced000 r-xp 00000000 08:01 790423                     /lib/x86_64-linux-gnu/libglib-2.0.so.0.4000.0
7fcf36ced000-7fcf36eec000 ---p 00106000 08:01 790423                     /lib/x86_64-linux-gnu/libglib-2.0.so.0.4000.0
7fcf36eec000-7fcf36eed000 r--p 00105000 08:01 790423                     /lib/x86_64-linux-gnu/libglib-2.0.so.0.4000.0
7fcf36eed000-7fcf36eee000 rw-p 00106000 08:01 790423                     /lib/x86_64-linux-gnu/libglib-2.0.so.0.4000.0
7fcf36eee000-7fcf36eef000 rw-p 00000000 00:00 0 
7fcf36eef000-7fcf36f3e000 r-xp 00000000 08:01 4726981                    /usr/lib/x86_64-linux-gnu/libgobject-2.0.so.0.4000.0
7fcf36f3e000-7fcf3713e000 ---p 0004f000 08:01 4726981                    /usr/lib/x86_64-linux-gnu/libgobject-2.0.so.0.4000.0
7fcf3713e000-7fcf3713f000 r--p 0004f000 08:01 4726981                    /usr/lib/x86_64-linux-gnu/libgobject-2.0.so.0.4000.0
7fcf3713f000-7fcf37140000 rw-p 00050000 08:01 4726981                    /usr/lib/x86_64-linux-gnu/libgobject-2.0.so.0.4000.0
7fcf37140000-7fcf372ab000 r-xp 00000000 08:01 4726951                    /usr/lib/x86_64-linux-gnu/libgio-2.0.so.0.4000.0
7fcf372ab000-7fcf374ab000 ---p 0016b000 08:01 4726951                    /usr/lib/x86_64-linux-gnu/libgio-2.0.so.0.4000.0
7fcf374ab000-7fcf374af000 r--p 0016b000 08:01 4726951                    /usr/lib/x86_64-linux-gnu/libgio-2.0.so.0.4000.0
7fcf374af000-7fcf374b1000 rw-p 0016f000 08:01 4726951                    /usr/lib/x86_64-linux-gnu/libgio-2.0.so.0.4000.0
7fcf374b1000-7fcf374b3000 rw-p 00000000 00:00 0 
7fcf374b3000-7fcf374ca000 r-xp 00000000 08:01 5917886                    /usr/lib/jvm/java-7-openjdk-amd64/jre/lib/amd64/libnet.so
7fcf374ca000-7fcf376c9000 ---p 00017000 08:01 5917886                    /usr/lib/jvm/java-7-openjdk-amd64/jre/lib/amd64/libnet.so
7fcf376c9000-7fcf376ca000 r--p 00016000 08:01 5917886                    /usr/lib/jvm/java-7-openjdk-amd64/jre/lib/amd64/libnet.so
7fcf376ca000-7fcf376cb000 rw-p 00017000 08:01 5917886                    /usr/lib/jvm/java-7-openjdk-amd64/jre/lib/amd64/libnet.so
7fcf376cb000-7fcf376db000 r-xp 00000000 08:01 5917910                    /usr/lib/jvm/java-7-openjdk-amd64/jre/lib/amd64/libnio.so
7fcf376db000-7fcf378db000 ---p 00010000 08:01 5917910                    /usr/lib/jvm/java-7-openjdk-amd64/jre/lib/amd64/libnio.so
7fcf378db000-7fcf378dc000 r--p 00010000 08:01 5917910                    /usr/lib/jvm/java-7-openjdk-amd64/jre/lib/amd64/libnio.so
7fcf378dc000-7fcf378dd000 rw-p 00011000 08:01 5917910                    /usr/lib/jvm/java-7-openjdk-amd64/jre/lib/amd64/libnio.so
7fcf378dd000-7fcf38000000 r--p 00000000 08:01 4725570                    /usr/lib/locale/locale-archive
7fcf38000000-7fcf38021000 rw-p 00000000 00:00 0 
7fcf38021000-7fcf3c000000 ---p 00000000 00:00 0 
7fcf3c018000-7fcf3c049000 rw-p 00000000 00:00 0 
7fcf3c062000-7fcf3c0ed000 r--s 0077d000 08:01 10224546                   /home/raihan/OpenSrpWorkSpace/opensrp-client/opensrp-mcare/build/intermediates/multi-dex/debug/allclasses.jar
7fcf3c0ed000-7fcf3c0ee000 ---p 00000000 00:00 0 
7fcf3c0ee000-7fcf3c1ee000 rw-p 00000000 00:00 0                          [stack:27973]
7fcf3c1ee000-7fcf3c1f1000 ---p 00000000 00:00 0 
7fcf3c1f1000-7fcf3c2ef000 rw-p 00000000 00:00 0                          [stack:27972]
7fcf3c2ef000-7fcf3c2f2000 ---p 00000000 00:00 0 
7fcf3c2f2000-7fcf3c3f0000 rw-p 00000000 00:00 0                          [stack:27971]
7fcf3c3f0000-7fcf3c3f3000 ---p 00000000 00:00 0 
7fcf3c3f3000-7fcf3c4f1000 rw-p 00000000 00:00 0                          [stack:27970]
7fcf3c4f1000-7fcf3c4f4000 ---p 00000000 00:00 0 
7fcf3c4f4000-7fcf3c5f2000 rw-p 00000000 00:00 0                          [stack:27969]
7fcf3c5f2000-7fcf3c5f5000 ---p 00000000 00:00 0 
7fcf3c5f5000-7fcf3c6f3000 rw-p 00000000 00:00 0                          [stack:27968]
7fcf3c6f3000-7fcf3c6f6000 ---p 00000000 00:00 0 
7fcf3c6f6000-7fcf3c7f4000 rw-p 00000000 00:00 0                          [stack:27967]
7fcf3c7f4000-7fcf3c7f5000 ---p 00000000 00:00 0 
7fcf3c7f5000-7fcf3d8a9000 rw-p 00000000 00:00 0                          [stack:27966]
7fcf3d8a9000-7fcf3da5a000 r--s 01d30000 08:01 5508152                    /usr/lib/jvm/java-7-openjdk-amd64/jre/lib/rt.jar
7fcf3da5a000-7fcf40000000 rw-p 00000000 00:00 0 
7fcf40000000-7fcf40021000 rw-p 00000000 00:00 0 
7fcf40021000-7fcf44000000 ---p 00000000 00:00 0 
7fcf44006000-7fcf44015000 r--s 000dd000 08:01 6177003                    /home/raihan/android-sdk-linux/build-tools/21.1.2/lib/dx.jar
7fcf44015000-7fcf44334000 rw-p 00000000 00:00 0 
7fcf44334000-7fcf44335000 ---p 00000000 00:00 0 
7fcf44335000-7fcf44435000 rw-p 00000000 00:00 0                          [stack:27965]
7fcf44435000-7fcf44436000 ---p 00000000 00:00 0 
7fcf44436000-7fcf44536000 rw-p 00000000 00:00 0                          [stack:27964]
7fcf44536000-7fcf44537000 ---p 00000000 00:00 0 
7fcf44537000-7fcf44637000 rw-p 00000000 00:00 0                          [stack:27963]
7fcf44637000-7fcf44638000 ---p 00000000 00:00 0 
7fcf44638000-7fcf44743000 rw-p 00000000 00:00 0                          [stack:27962]
7fcf44743000-7fcf4478b000 rw-p 00000000 00:00 0 
7fcf4478b000-7fcf44796000 rw-p 00000000 00:00 0 
7fcf44796000-7fcf447de000 rw-p 00000000 00:00 0 
7fcf447de000-7fcf4489e000 rw-p 00000000 00:00 0 
7fcf4489e000-7fcf44933000 rw-p 00000000 00:00 0 
7fcf44933000-7fcf449de000 rw-p 00000000 00:00 0 
7fcf449de000-7fcf449df000 rw-p 00000000 00:00 0 
7fcf449df000-7fcf44ddf000 rwxp 00000000 00:00 0 
7fcf44ddf000-7fcf479df000 rw-p 00000000 00:00 0 
7fcf479df000-7fcf479e7000 r-xp 00000000 08:01 5917892                    /usr/lib/jvm/java-7-openjdk-amd64/jre/lib/amd64/libzip.so
7fcf479e7000-7fcf47be6000 ---p 00008000 08:01 5917892                    /usr/lib/jvm/java-7-openjdk-amd64/jre/lib/amd64/libzip.so
7fcf47be6000-7fcf47be7000 r--p 00007000 08:01 5917892                    /usr/lib/jvm/java-7-openjdk-amd64/jre/lib/amd64/libzip.so
7fcf47be7000-7fcf47be8000 rw-p 00008000 08:01 5917892                    /usr/lib/jvm/java-7-openjdk-amd64/jre/lib/amd64/libzip.so
7fcf47be8000-7fcf47bf3000 r-xp 00000000 08:01 786646                     /lib/x86_64-linux-gnu/libnss_files-2.19.so
7fcf47bf3000-7fcf47df2000 ---p 0000b000 08:01 786646                     /lib/x86_64-linux-gnu/libnss_files-2.19.so
7fcf47df2000-7fcf47df3000 r--p 0000a000 08:01 786646                     /lib/x86_64-linux-gnu/libnss_files-2.19.so
7fcf47df3000-7fcf47df4000 rw-p 0000b000 08:01 786646                     /lib/x86_64-linux-gnu/libnss_files-2.19.so
7fcf47df4000-7fcf47dff000 r-xp 00000000 08:01 786638                     /lib/x86_64-linux-gnu/libnss_nis-2.19.so
7fcf47dff000-7fcf47ffe000 ---p 0000b000 08:01 786638                     /lib/x86_64-linux-gnu/libnss_nis-2.19.so
7fcf47ffe000-7fcf47fff000 r--p 0000a000 08:01 786638                     /lib/x86_64-linux-gnu/libnss_nis-2.19.so
7fcf47fff000-7fcf48000000 rw-p 0000b000 08:01 786638                     /lib/x86_64-linux-gnu/libnss_nis-2.19.so
7fcf48000000-7fcf4831d000 rw-p 00000000 00:00 0 
7fcf4831d000-7fcf4c000000 ---p 00000000 00:00 0 
7fcf4c000000-7fcf4c003000 r--s 0000f000 08:01 5917931                    /usr/lib/jvm/java-7-openjdk-amd64/jre/lib/ext/icedtea-sound.jar
7fcf4c003000-7fcf4c0c3000 rw-p 00000000 00:00 0 
7fcf4c0c3000-7fcf4c159000 rw-p 00000000 00:00 0 
7fcf4c159000-7fcf4c170000 r-xp 00000000 08:01 786634                     /lib/x86_64-linux-gnu/libnsl-2.19.so
7fcf4c170000-7fcf4c36f000 ---p 00017000 08:01 786634                     /lib/x86_64-linux-gnu/libnsl-2.19.so
7fcf4c36f000-7fcf4c370000 r--p 00016000 08:01 786634                     /lib/x86_64-linux-gnu/libnsl-2.19.so
7fcf4c370000-7fcf4c371000 rw-p 00017000 08:01 786634                     /lib/x86_64-linux-gnu/libnsl-2.19.so
7fcf4c371000-7fcf4c373000 rw-p 00000000 00:00 0 
7fcf4c373000-7fcf4c37c000 r-xp 00000000 08:01 786633                     /lib/x86_64-linux-gnu/libnss_compat-2.19.so
7fcf4c37c000-7fcf4c57b000 ---p 00009000 08:01 786633                     /lib/x86_64-linux-gnu/libnss_compat-2.19.so
7fcf4c57b000-7fcf4c57c000 r--p 00008000 08:01 786633                     /lib/x86_64-linux-gnu/libnss_compat-2.19.so
7fcf4c57c000-7fcf4c57d000 rw-p 00009000 08:01 786633                     /lib/x86_64-linux-gnu/libnss_compat-2.19.so
7fcf4c57d000-7fcf4c5a8000 r-xp 00000000 08:01 5917877                    /usr/lib/jvm/java-7-openjdk-amd64/jre/lib/amd64/libjava.so
7fcf4c5a8000-7fcf4c7a8000 ---p 0002b000 08:01 5917877                    /usr/lib/jvm/java-7-openjdk-amd64/jre/lib/amd64/libjava.so
7fcf4c7a8000-7fcf4c7a9000 r--p 0002b000 08:01 5917877                    /usr/lib/jvm/java-7-openjdk-amd64/jre/lib/amd64/libjava.so
7fcf4c7a9000-7fcf4c7ab000 rw-p 0002c000 08:01 5917877                    /usr/lib/jvm/java-7-openjdk-amd64/jre/lib/amd64/libjava.so
7fcf4c7ab000-7fcf4c7bb000 r-xp 00000000 08:01 5917878                    /usr/lib/jvm/java-7-openjdk-amd64/jre/lib/amd64/libverify.so
7fcf4c7bb000-7fcf4c9ba000 ---p 00010000 08:01 5917878                    /usr/lib/jvm/java-7-openjdk-amd64/jre/lib/amd64/libverify.so
7fcf4c9ba000-7fcf4c9bc000 r--p 0000f000 08:01 5917878                    /usr/lib/jvm/java-7-openjdk-amd64/jre/lib/amd64/libverify.so
7fcf4c9bc000-7fcf4c9bd000 rw-p 00011000 08:01 5917878                    /usr/lib/jvm/java-7-openjdk-amd64/jre/lib/amd64/libverify.so
7fcf4c9bd000-7fcf4c9c4000 r-xp 00000000 08:01 786642                     /lib/x86_64-linux-gnu/librt-2.19.so
7fcf4c9c4000-7fcf4cbc3000 ---p 00007000 08:01 786642                     /lib/x86_64-linux-gnu/librt-2.19.so
7fcf4cbc3000-7fcf4cbc4000 r--p 00006000 08:01 786642                     /lib/x86_64-linux-gnu/librt-2.19.so
7fcf4cbc4000-7fcf4cbc5000 rw-p 00007000 08:01 786642                     /lib/x86_64-linux-gnu/librt-2.19.so
7fcf4cbc5000-7fcf4cbdb000 r-xp 00000000 08:01 786612                     /lib/x86_64-linux-gnu/libgcc_s.so.1
7fcf4cbdb000-7fcf4cdda000 ---p 00016000 08:01 786612                     /lib/x86_64-linux-gnu/libgcc_s.so.1
7fcf4cdda000-7fcf4cddb000 rw-p 00015000 08:01 786612                     /lib/x86_64-linux-gnu/libgcc_s.so.1
7fcf4cddb000-7fcf4cee0000 r-xp 00000000 08:01 786618                     /lib/x86_64-linux-gnu/libm-2.19.so
7fcf4cee0000-7fcf4d0df000 ---p 00105000 08:01 786618                     /lib/x86_64-linux-gnu/libm-2.19.so
7fcf4d0df000-7fcf4d0e0000 r--p 00104000 08:01 786618                     /lib/x86_64-linux-gnu/libm-2.19.so
7fcf4d0e0000-7fcf4d0e1000 rw-p 00105000 08:01 786618                     /lib/x86_64-linux-gnu/libm-2.19.so
7fcf4d0e1000-7fcf4d1c7000 r-xp 00000000 08:01 4721335                    /usr/lib/x86_64-linux-gnu/libstdc++.so.6.0.19
7fcf4d1c7000-7fcf4d3c6000 ---p 000e6000 08:01 4721335                    /usr/lib/x86_64-linux-gnu/libstdc++.so.6.0.19
7fcf4d3c6000-7fcf4d3ce000 r--p 000e5000 08:01 4721335                    /usr/lib/x86_64-linux-gnu/libstdc++.so.6.0.19
7fcf4d3ce000-7fcf4d3d0000 rw-p 000ed000 08:01 4721335                    /usr/lib/x86_64-linux-gnu/libstdc++.so.6.0.19
7fcf4d3d0000-7fcf4d3e5000 rw-p 00000000 00:00 0 
7fcf4d3e5000-7fcf4df09000 r-xp 00000000 08:01 5917890                    /usr/lib/jvm/java-7-openjdk-amd64/jre/lib/amd64/server/libjvm.so
7fcf4df09000-7fcf4e109000 ---p 00b24000 08:01 5917890                    /usr/lib/jvm/java-7-openjdk-amd64/jre/lib/amd64/server/libjvm.so
7fcf4e109000-7fcf4e1a3000 r--p 00b24000 08:01 5917890                    /usr/lib/jvm/java-7-openjdk-amd64/jre/lib/amd64/server/libjvm.so
7fcf4e1a3000-7fcf4e1c6000 rw-p 00bbe000 08:01 5917890                    /usr/lib/jvm/java-7-openjdk-amd64/jre/lib/amd64/server/libjvm.so
7fcf4e1c6000-7fcf4e1f4000 rw-p 00000000 00:00 0 
7fcf4e1f4000-7fcf4e20c000 r-xp 00000000 08:01 790555                     /lib/x86_64-linux-gnu/libz.so.1.2.8
7fcf4e20c000-7fcf4e40b000 ---p 00018000 08:01 790555                     /lib/x86_64-linux-gnu/libz.so.1.2.8
7fcf4e40b000-7fcf4e40c000 r--p 00017000 08:01 790555                     /lib/x86_64-linux-gnu/libz.so.1.2.8
7fcf4e40c000-7fcf4e40d000 rw-p 00018000 08:01 790555                     /lib/x86_64-linux-gnu/libz.so.1.2.8
7fcf4e40d000-7fcf4e426000 r-xp 00000000 08:01 786635                     /lib/x86_64-linux-gnu/libpthread-2.19.so
7fcf4e426000-7fcf4e625000 ---p 00019000 08:01 786635                     /lib/x86_64-linux-gnu/libpthread-2.19.so
7fcf4e625000-7fcf4e626000 r--p 00018000 08:01 786635                     /lib/x86_64-linux-gnu/libpthread-2.19.so
7fcf4e626000-7fcf4e627000 rw-p 00019000 08:01 786635                     /lib/x86_64-linux-gnu/libpthread-2.19.so
7fcf4e627000-7fcf4e62b000 rw-p 00000000 00:00 0 
7fcf4e62b000-7fcf4e62e000 r-xp 00000000 08:01 786630                     /lib/x86_64-linux-gnu/libdl-2.19.so
7fcf4e62e000-7fcf4e82d000 ---p 00003000 08:01 786630                     /lib/x86_64-linux-gnu/libdl-2.19.so
7fcf4e82d000-7fcf4e82e000 r--p 00002000 08:01 786630                     /lib/x86_64-linux-gnu/libdl-2.19.so
7fcf4e82e000-7fcf4e82f000 rw-p 00003000 08:01 786630                     /lib/x86_64-linux-gnu/libdl-2.19.so
7fcf4e82f000-7fcf4e9ea000 r-xp 00000000 08:01 786643                     /lib/x86_64-linux-gnu/libc-2.19.so
7fcf4e9ea000-7fcf4ebe9000 ---p 001bb000 08:01 786643                     /lib/x86_64-linux-gnu/libc-2.19.so
7fcf4ebe9000-7fcf4ebed000 r--p 001ba000 08:01 786643                     /lib/x86_64-linux-gnu/libc-2.19.so
7fcf4ebed000-7fcf4ebef000 rw-p 001be000 08:01 786643                     /lib/x86_64-linux-gnu/libc-2.19.so
7fcf4ebef000-7fcf4ebf4000 rw-p 00000000 00:00 0 
7fcf4ebf4000-7fcf4ec01000 r-xp 00000000 08:01 5917907                    /usr/lib/jvm/java-7-openjdk-amd64/jre/lib/amd64/jli/libjli.so
7fcf4ec01000-7fcf4ee00000 ---p 0000d000 08:01 5917907                    /usr/lib/jvm/java-7-openjdk-amd64/jre/lib/amd64/jli/libjli.so
7fcf4ee00000-7fcf4ee01000 r--p 0000c000 08:01 5917907                    /usr/lib/jvm/java-7-openjdk-amd64/jre/lib/amd64/jli/libjli.so
7fcf4ee01000-7fcf4ee02000 rw-p 0000d000 08:01 5917907                    /usr/lib/jvm/java-7-openjdk-amd64/jre/lib/amd64/jli/libjli.so
7fcf4ee02000-7fcf4ee25000 r-xp 00000000 08:01 786636                     /lib/x86_64-linux-gnu/ld-2.19.so
7fcf4ee27000-7fcf4ee2b000 r--s 00034000 08:01 5917930                    /usr/lib/jvm/java-7-openjdk-amd64/jre/lib/ext/sunjce_provider.jar
7fcf4ee2b000-7fcf4ee53000 rw-p 00000000 00:00 0 
7fcf4ee53000-7fcf4ef03000 rw-p 00000000 00:00 0 
7fcf4ef03000-7fcf4ef06000 ---p 00000000 00:00 0 
7fcf4ef06000-7fcf4f009000 rw-p 00000000 00:00 0                          [stack:27961]
7fcf4f00a000-7fcf4f00b000 rw-p 00000000 00:00 0 
7fcf4f00b000-7fcf4f00d000 r--s 00012000 08:01 5917929                    /usr/lib/jvm/java-7-openjdk-amd64/jre/lib/ext/zipfs.jar
7fcf4f00d000-7fcf4f00f000 r--s 00006000 08:01 5118243                    /usr/share/java/java-atk-wrapper.jar
7fcf4f00f000-7fcf4f013000 r--s 0003c000 08:01 5917933                    /usr/lib/jvm/java-7-openjdk-amd64/jre/lib/ext/sunpkcs11.jar
7fcf4f013000-7fcf4f017000 r--s 00085000 08:01 5917932                    /usr/lib/jvm/java-7-openjdk-amd64/jre/lib/ext/localedata.jar
7fcf4f017000-7fcf4f018000 r--s 00002000 08:01 5917928                    /usr/lib/jvm/java-7-openjdk-amd64/jre/lib/ext/dnsns.jar
7fcf4f018000-7fcf4f020000 rw-s 00000000 08:01 1190813                    /tmp/hsperfdata_raihan/27956
7fcf4f020000-7fcf4f021000 rw-p 00000000 00:00 0 
7fcf4f021000-7fcf4f022000 ---p 00000000 00:00 0 
7fcf4f022000-7fcf4f024000 rw-p 00000000 00:00 0 
7fcf4f024000-7fcf4f025000 r--p 00022000 08:01 786636                     /lib/x86_64-linux-gnu/ld-2.19.so
7fcf4f025000-7fcf4f026000 rw-p 00023000 08:01 786636                     /lib/x86_64-linux-gnu/ld-2.19.so
7fcf4f026000-7fcf4f027000 rw-p 00000000 00:00 0 
7fff67b92000-7fff67bb3000 rw-p 00000000 00:00 0                          [stack]
7fff67bfe000-7fff67c00000 r-xp 00000000 00:00 0                          [vdso]
ffffffffff600000-ffffffffff601000 r-xp 00000000 00:00 0                  [vsyscall]

VM Arguments:
jvm_args: -Xmx1024M -Dfile.encoding=UTF-8 -Duser.country=US -Duser.language=en -Duser.variant 
java_command: com.android.dx.command.Main --dex --multi-dex --main-dex-list /home/raihan/OpenSrpWorkSpace/opensrp-client/opensrp-mcare/build/intermediates/multi-dex/debug/maindexlist.txt --output /home/raihan/OpenSrpWorkSpace/opensrp-client/opensrp-mcare/build/intermediates/dex/debug /home/raihan/OpenSrpWorkSpace/opensrp-client/opensrp-mcare/build/intermediates/multi-dex/debug/allclasses.jar
Launcher Type: SUN_STANDARD

Environment Variables:
PATH=/usr/local/sbin:/usr/local/bin:/usr/sbin:/usr/bin:/sbin:/bin:/usr/games:/usr/local/games
SHELL=/bin/bash
DISPLAY=:0

Signal Handlers:
SIGSEGV: [libjvm.so+0x9548f0], sa_mask[0]=0x7ffbfeff, sa_flags=0x10000004
SIGBUS: [libjvm.so+0x9548f0], sa_mask[0]=0x7ffbfeff, sa_flags=0x10000004
SIGFPE: [libjvm.so+0x7cb0b0], sa_mask[0]=0x7ffbfeff, sa_flags=0x10000004
SIGPIPE: [libjvm.so+0x7cb0b0], sa_mask[0]=0x7ffbfeff, sa_flags=0x10000004
SIGXFSZ: [libjvm.so+0x7cb0b0], sa_mask[0]=0x7ffbfeff, sa_flags=0x10000004
SIGILL: [libjvm.so+0x7cb0b0], sa_mask[0]=0x7ffbfeff, sa_flags=0x10000004
SIGUSR1: SIG_DFL, sa_mask[0]=0x00000000, sa_flags=0x00000000
SIGUSR2: [libjvm.so+0x7caf50], sa_mask[0]=0x00000004, sa_flags=0x10000004
SIGHUP: [libjvm.so+0x7cb130], sa_mask[0]=0x7ffbfeff, sa_flags=0x10000004
SIGINT: [libjvm.so+0x7cb130], sa_mask[0]=0x7ffbfeff, sa_flags=0x10000004
SIGTERM: [libjvm.so+0x7cb130], sa_mask[0]=0x7ffbfeff, sa_flags=0x10000004
SIGQUIT: [libjvm.so+0x7cb130], sa_mask[0]=0x7ffbfeff, sa_flags=0x10000004
SIGTRAP: SIG_DFL, sa_mask[0]=0x00000000, sa_flags=0x00000000


---------------  S Y S T E M  ---------------

OS:Ubuntu 14.04 (trusty)
uname:Linux 3.13.0-24-generic #46-Ubuntu SMP Thu Apr 10 19:11:08 UTC 2014 x86_64
libc:glibc 2.19 NPTL 2.19 
rlimit: STACK 8192k, CORE 0k, NPROC 30570, NOFILE 4096, AS infinity
load average:1.89 1.04 0.76

/proc/meminfo:
MemTotal:        3934516 kB
MemFree:          146200 kB
Buffers:            1108 kB
Cached:           678660 kB
SwapCached:        15596 kB
Active:          1931444 kB
Inactive:         888108 kB
Active(anon):    1913860 kB
Inactive(anon):   873228 kB
Active(file):      17584 kB
Inactive(file):    14880 kB
Unevictable:          84 kB
Mlocked:              84 kB
SwapTotal:       4080636 kB
SwapFree:          27656 kB
Dirty:               384 kB
Writeback:             0 kB
AnonPages:       2127672 kB
Mapped:           733512 kB
Shmem:            646624 kB
Slab:              89096 kB
SReclaimable:      37440 kB
SUnreclaim:        51656 kB
KernelStack:        6032 kB
PageTables:        72916 kB
NFS_Unstable:          0 kB
Bounce:                0 kB
WritebackTmp:          0 kB
CommitLimit:     6047892 kB
Committed_AS:   13398144 kB
VmallocTotal:   34359738367 kB
VmallocUsed:      553472 kB
VmallocChunk:   34359174780 kB
HardwareCorrupted:     0 kB
AnonHugePages:     88064 kB
HugePages_Total:       0
HugePages_Free:        0
HugePages_Rsvd:        0
HugePages_Surp:        0
Hugepagesize:       2048 kB
DirectMap4k:       73216 kB
DirectMap2M:     1912832 kB
DirectMap1G:     2097152 kB


CPU:total 4 (2 cores per cpu, 2 threads per core) family 6 model 61 stepping 4, cmov, cx8, fxsr, mmx, sse, sse2, sse3, ssse3, sse4.1, sse4.2, popcnt, avx, avx2, aes, erms, ht, tsc, tscinvbit

/proc/cpuinfo:
processor	: 0
vendor_id	: GenuineIntel
cpu family	: 6
model		: 61
model name	: Intel(R) Core(TM) i5-5200U CPU @ 2.20GHz
stepping	: 4
microcode	: 0x1f
cpu MHz		: 2201.000
cache size	: 3072 KB
physical id	: 0
siblings	: 4
core id		: 0
cpu cores	: 2
apicid		: 0
initial apicid	: 0
fpu		: yes
fpu_exception	: yes
cpuid level	: 20
wp		: yes
flags		: fpu vme de pse tsc msr pae mce cx8 apic sep mtrr pge mca cmov pat pse36 clflush dts acpi mmx fxsr sse sse2 ss ht tm pbe syscall nx pdpe1gb rdtscp lm constant_tsc arch_perfmon pebs bts rep_good nopl xtopology nonstop_tsc aperfmperf eagerfpu pni pclmulqdq dtes64 monitor ds_cpl vmx est tm2 ssse3 fma cx16 xtpr pdcm pcid sse4_1 sse4_2 x2apic movbe popcnt tsc_deadline_timer aes xsave avx f16c rdrand lahf_lm abm 3dnowprefetch ida arat epb xsaveopt pln pts dtherm tpr_shadow vnmi flexpriority ept vpid fsgsbase tsc_adjust bmi1 avx2 smep bmi2 erms invpcid rdseed adx smap
bogomips	: 4389.69
clflush size	: 64
cache_alignment	: 64
address sizes	: 39 bits physical, 48 bits virtual
power management:

processor	: 1
vendor_id	: GenuineIntel
cpu family	: 6
model		: 61
model name	: Intel(R) Core(TM) i5-5200U CPU @ 2.20GHz
stepping	: 4
microcode	: 0x1f
cpu MHz		: 500.000
cache size	: 3072 KB
physical id	: 0
siblings	: 4
core id		: 0
cpu cores	: 2
apicid		: 1
initial apicid	: 1
fpu		: yes
fpu_exception	: yes
cpuid level	: 20
wp		: yes
flags		: fpu vme de pse tsc msr pae mce cx8 apic sep mtrr pge mca cmov pat pse36 clflush dts acpi mmx fxsr sse sse2 ss ht tm pbe syscall nx pdpe1gb rdtscp lm constant_tsc arch_perfmon pebs bts rep_good nopl xtopology nonstop_tsc aperfmperf eagerfpu pni pclmulqdq dtes64 monitor ds_cpl vmx est tm2 ssse3 fma cx16 xtpr pdcm pcid sse4_1 sse4_2 x2apic movbe popcnt tsc_deadline_timer aes xsave avx f16c rdrand lahf_lm abm 3dnowprefetch ida arat epb xsaveopt pln pts dtherm tpr_shadow vnmi flexpriority ept vpid fsgsbase tsc_adjust bmi1 avx2 smep bmi2 erms invpcid rdseed adx smap
bogomips	: 4389.69
clflush size	: 64
cache_alignment	: 64
address sizes	: 39 bits physical, 48 bits virtual
power management:

processor	: 2
vendor_id	: GenuineIntel
cpu family	: 6
model		: 61
model name	: Intel(R) Core(TM) i5-5200U CPU @ 2.20GHz
stepping	: 4
microcode	: 0x1f
cpu MHz		: 900.000
cache size	: 3072 KB
physical id	: 0
siblings	: 4
core id		: 1
cpu cores	: 2
apicid		: 2
initial apicid	: 2
fpu		: yes
fpu_exception	: yes
cpuid level	: 20
wp		: yes
flags		: fpu vme de pse tsc msr pae mce cx8 apic sep mtrr pge mca cmov pat pse36 clflush dts acpi mmx fxsr sse sse2 ss ht tm pbe syscall nx pdpe1gb rdtscp lm constant_tsc arch_perfmon pebs bts rep_good nopl xtopology nonstop_tsc aperfmperf eagerfpu pni pclmulqdq dtes64 monitor ds_cpl vmx est tm2 ssse3 fma cx16 xtpr pdcm pcid sse4_1 sse4_2 x2apic movbe popcnt tsc_deadline_timer aes xsave avx f16c rdrand lahf_lm abm 3dnowprefetch ida arat epb xsaveopt pln pts dtherm tpr_shadow vnmi flexpriority ept vpid fsgsbase tsc_adjust bmi1 avx2 smep bmi2 erms invpcid rdseed adx smap
bogomips	: 4389.69
clflush size	: 64
cache_alignment	: 64
address sizes	: 39 bits physical, 48 bits virtual
power management:

processor	: 3
vendor_id	: GenuineIntel
cpu family	: 6
model		: 61
model name	: Intel(R) Core(TM) i5-5200U CPU @ 2.20GHz
stepping	: 4
microcode	: 0x1f
cpu MHz		: 2000.000
cache size	: 3072 KB
physical id	: 0
siblings	: 4
core id		: 1
cpu cores	: 2
apicid		: 3
initial apicid	: 3
fpu		: yes
fpu_exception	: yes
cpuid level	: 20
wp		: yes
flags		: fpu vme de pse tsc msr pae mce cx8 apic sep mtrr pge mca cmov pat pse36 clflush dts acpi mmx fxsr sse sse2 ss ht tm pbe syscall nx pdpe1gb rdtscp lm constant_tsc arch_perfmon pebs bts rep_good nopl xtopology nonstop_tsc aperfmperf eagerfpu pni pclmulqdq dtes64 monitor ds_cpl vmx est tm2 ssse3 fma cx16 xtpr pdcm pcid sse4_1 sse4_2 x2apic movbe popcnt tsc_deadline_timer aes xsave avx f16c rdrand lahf_lm abm 3dnowprefetch ida arat epb xsaveopt pln pts dtherm tpr_shadow vnmi flexpriority ept vpid fsgsbase tsc_adjust bmi1 avx2 smep bmi2 erms invpcid rdseed adx smap
bogomips	: 4389.69
clflush size	: 64
cache_alignment	: 64
address sizes	: 39 bits physical, 48 bits virtual
power management:



Memory: 4k page, physical 3934516k(145704k free), swap 4080636k(27660k free)

vm_info: OpenJDK 64-Bit Server VM (24.95-b01) for linux-amd64 JRE (1.7.0_95-b00), built on Mar 24 2016 06:13:32 by "buildd" with gcc 4.8.2

time: Tue Jun  7 17:52:18 2016
elapsed time: 19 seconds

